2022-06-13 16:59:39,426 - train.py[line:205] - INFO: max_iter: 300000
2022-06-13 16:59:39,426 - train.py[line:208] - INFO: {'ISCS': True,
 'batch_size': 128,
 'begin_time': '2022-06-13_16:59:37',
 'best_recall': 0.0,
 'coef': 0.0,
 'data_path': 'data',
 'dataset': 'ml_nf',
 'domain_index': 1,
 'domain_num': 1,
 'dropout': 0.3,
 'embedding_dim': 64,
 'embedding_num': 64,
 'exp_name': 'ISCS-vqvae_DNN-ml_nf-1',
 'item_count': 5579,
 'lower_boundary': -1,
 'lr': 0.001,
 'max_len': 20,
 'max_step': 300000,
 'model': 'DNN',
 'only_test_last_one': False,
 'patience': 3,
 'restore_path': 'save_bias_false/ISCS-vqvae_DNN-ml_nf-0/model.ckpt',
 'save_path': 'save_bias_false/ISCS-vqvae_DNN-ml_nf-1',
 'seed': 19,
 'stddev': 0.1,
 'test_iter': 500,
 'topN': 50,
 'upper_boundary': 1,
 'vqvae': True}
2022-06-13 16:59:41,352 - train.py[line:249] - INFO: train begin
2022-06-13 16:59:41,352 - train.py[line:253] - INFO: restore model from save_bias_false/ISCS-vqvae_DNN-ml_nf-0/model.ckpt
2022-06-13 16:59:51,218 - train.py[line:95] - INFO: step:500
2022-06-13 16:59:56,133 - train.py[line:106] - INFO: val_recall: 0.352055, val_ndcg: 0.289785, val_hit_rate: 0.664798, train_loss: 5.812882, ce_loss: 0.000000, vqvae_loss: 0.000000
2022-06-13 16:59:56,133 - train.py[line:107] - INFO: lowerboundary:-1  upperboundary:1 stddev:0.2871323525905609
2022-06-13 17:00:05,843 - train.py[line:95] - INFO: step:1000
2022-06-13 17:00:10,354 - train.py[line:106] - INFO: val_recall: 0.369559, val_ndcg: 0.311377, val_hit_rate: 0.694668, train_loss: 5.325773, ce_loss: 0.000000, vqvae_loss: 0.000000
2022-06-13 17:00:10,354 - train.py[line:107] - INFO: lowerboundary:-1  upperboundary:1 stddev:0.3357619345188141
2022-06-13 17:00:19,680 - train.py[line:95] - INFO: step:1500
2022-06-13 17:00:24,242 - train.py[line:106] - INFO: val_recall: 0.380396, val_ndcg: 0.322865, val_hit_rate: 0.713397, train_loss: 5.154499, ce_loss: 0.000000, vqvae_loss: 0.000000
2022-06-13 17:00:24,242 - train.py[line:107] - INFO: lowerboundary:-1  upperboundary:1 stddev:0.3619864881038666
2022-06-13 17:00:33,548 - train.py[line:95] - INFO: step:2000
2022-06-13 17:00:38,112 - train.py[line:106] - INFO: val_recall: 0.386235, val_ndcg: 0.334700, val_hit_rate: 0.726247, train_loss: 5.044590, ce_loss: 0.000000, vqvae_loss: 0.000000
2022-06-13 17:00:38,112 - train.py[line:107] - INFO: lowerboundary:-1  upperboundary:1 stddev:0.3862752318382263
2022-06-13 17:00:47,573 - train.py[line:95] - INFO: step:2500
2022-06-13 17:00:52,192 - train.py[line:106] - INFO: val_recall: 0.391037, val_ndcg: 0.341553, val_hit_rate: 0.734655, train_loss: 4.948590, ce_loss: 0.000000, vqvae_loss: 0.000000
2022-06-13 17:00:52,192 - train.py[line:107] - INFO: lowerboundary:-1  upperboundary:1 stddev:0.4027665853500366
2022-06-13 17:01:01,806 - train.py[line:95] - INFO: step:3000
2022-06-13 17:01:06,340 - train.py[line:106] - INFO: val_recall: 0.395637, val_ndcg: 0.349458, val_hit_rate: 0.743404, train_loss: 4.854958, ce_loss: 0.000000, vqvae_loss: 0.000000
2022-06-13 17:01:06,341 - train.py[line:107] - INFO: lowerboundary:-1  upperboundary:1 stddev:0.41868045926094055
2022-06-13 17:01:15,732 - train.py[line:95] - INFO: step:3500
2022-06-13 17:01:20,166 - train.py[line:106] - INFO: val_recall: 0.400563, val_ndcg: 0.354209, val_hit_rate: 0.752427, train_loss: 4.814610, ce_loss: 0.000000, vqvae_loss: 0.000000
2022-06-13 17:01:20,166 - train.py[line:107] - INFO: lowerboundary:-1  upperboundary:1 stddev:0.42810192704200745
2022-06-13 17:01:29,720 - train.py[line:95] - INFO: step:4000
2022-06-13 17:01:34,222 - train.py[line:106] - INFO: val_recall: 0.404386, val_ndcg: 0.362150, val_hit_rate: 0.760629, train_loss: 4.724064, ce_loss: 0.000000, vqvae_loss: 0.000000
2022-06-13 17:01:34,222 - train.py[line:107] - INFO: lowerboundary:-1  upperboundary:1 stddev:0.4429537355899811
2022-06-13 17:01:43,796 - train.py[line:95] - INFO: step:4500
2022-06-13 17:01:48,320 - train.py[line:106] - INFO: val_recall: 0.405376, val_ndcg: 0.362854, val_hit_rate: 0.764046, train_loss: 4.669537, ce_loss: 0.000000, vqvae_loss: 0.000000
2022-06-13 17:01:48,320 - train.py[line:107] - INFO: lowerboundary:-1  upperboundary:1.0057597160339355 stddev:0.45581257343292236
2022-06-13 17:01:57,742 - train.py[line:95] - INFO: step:5000
2022-06-13 17:02:02,286 - train.py[line:106] - INFO: val_recall: 0.411353, val_ndcg: 0.373708, val_hit_rate: 0.775461, train_loss: 4.616167, ce_loss: 0.000000, vqvae_loss: 0.000000
2022-06-13 17:02:02,286 - train.py[line:107] - INFO: lowerboundary:-1  upperboundary:1.0312256813049316 stddev:0.4626540541648865
2022-06-13 17:02:11,931 - train.py[line:95] - INFO: step:5500
2022-06-13 17:02:16,634 - train.py[line:106] - INFO: val_recall: 0.416341, val_ndcg: 0.382684, val_hit_rate: 0.784757, train_loss: 4.572356, ce_loss: 0.000000, vqvae_loss: 0.000000
2022-06-13 17:02:16,634 - train.py[line:107] - INFO: lowerboundary:-1.0183900594711304  upperboundary:1.0833121538162231 stddev:0.47306978702545166
2022-06-13 17:02:26,148 - train.py[line:95] - INFO: step:6000
2022-06-13 17:02:30,667 - train.py[line:106] - INFO: val_recall: 0.419295, val_ndcg: 0.391146, val_hit_rate: 0.789815, train_loss: 4.520419, ce_loss: 0.000000, vqvae_loss: 0.000000
2022-06-13 17:02:30,667 - train.py[line:107] - INFO: lowerboundary:-1.0183900594711304  upperboundary:1.1184881925582886 stddev:0.4824713170528412
2022-06-13 17:02:40,158 - train.py[line:95] - INFO: step:6500
2022-06-13 17:02:44,847 - train.py[line:106] - INFO: val_recall: 0.419494, val_ndcg: 0.390227, val_hit_rate: 0.791114, train_loss: 4.484708, ce_loss: 0.000000, vqvae_loss: 0.000000
2022-06-13 17:02:44,847 - train.py[line:107] - INFO: lowerboundary:-1.0225881338119507  upperboundary:1.1348674297332764 stddev:0.49114614725112915
2022-06-13 17:02:54,296 - train.py[line:95] - INFO: step:7000
2022-06-13 17:02:58,839 - train.py[line:106] - INFO: val_recall: 0.421240, val_ndcg: 0.392501, val_hit_rate: 0.795967, train_loss: 4.449254, ce_loss: 0.000000, vqvae_loss: 0.000000
2022-06-13 17:02:58,839 - train.py[line:107] - INFO: lowerboundary:-1.0661358833312988  upperboundary:1.1576001644134521 stddev:0.4983522295951843
2022-06-13 17:03:08,327 - train.py[line:95] - INFO: step:7500
2022-06-13 17:03:12,948 - train.py[line:106] - INFO: val_recall: 0.424640, val_ndcg: 0.396520, val_hit_rate: 0.800410, train_loss: 4.408519, ce_loss: 0.000000, vqvae_loss: 0.000000
2022-06-13 17:03:12,949 - train.py[line:107] - INFO: lowerboundary:-1.0738385915756226  upperboundary:1.1776139736175537 stddev:0.5084287524223328
2022-06-13 17:03:22,294 - train.py[line:95] - INFO: step:8000
2022-06-13 17:03:26,959 - train.py[line:106] - INFO: val_recall: 0.425370, val_ndcg: 0.401953, val_hit_rate: 0.804785, train_loss: 4.367247, ce_loss: 0.000000, vqvae_loss: 0.000000
2022-06-13 17:03:26,959 - train.py[line:107] - INFO: lowerboundary:-1.0738385915756226  upperboundary:1.2026987075805664 stddev:0.5160864591598511
2022-06-13 17:03:36,523 - train.py[line:95] - INFO: step:8500
2022-06-13 17:03:41,323 - train.py[line:106] - INFO: val_recall: 0.429882, val_ndcg: 0.404570, val_hit_rate: 0.809638, train_loss: 4.349579, ce_loss: 0.000000, vqvae_loss: 0.000000
2022-06-13 17:03:41,324 - train.py[line:107] - INFO: lowerboundary:-1.0738385915756226  upperboundary:1.2243345975875854 stddev:0.5275440812110901
2022-06-13 17:03:50,793 - train.py[line:95] - INFO: step:9000
2022-06-13 17:03:55,445 - train.py[line:106] - INFO: val_recall: 0.431087, val_ndcg: 0.411340, val_hit_rate: 0.813465, train_loss: 4.318932, ce_loss: 0.000000, vqvae_loss: 0.000000
2022-06-13 17:03:55,446 - train.py[line:107] - INFO: lowerboundary:-1.0783195495605469  upperboundary:1.2404289245605469 stddev:0.5334274172782898
2022-06-13 17:04:05,021 - train.py[line:95] - INFO: step:9500
2022-06-13 17:04:09,731 - train.py[line:106] - INFO: val_recall: 0.433610, val_ndcg: 0.411211, val_hit_rate: 0.816610, train_loss: 4.288437, ce_loss: 0.000000, vqvae_loss: 0.000000
2022-06-13 17:04:09,731 - train.py[line:107] - INFO: lowerboundary:-1.1140735149383545  upperboundary:1.2601656913757324 stddev:0.540492594242096
2022-06-13 17:04:19,268 - train.py[line:95] - INFO: step:10000
2022-06-13 17:04:23,874 - train.py[line:106] - INFO: val_recall: 0.434869, val_ndcg: 0.414146, val_hit_rate: 0.818592, train_loss: 4.257203, ce_loss: 0.000000, vqvae_loss: 0.000000
2022-06-13 17:04:23,874 - train.py[line:107] - INFO: lowerboundary:-1.147153377532959  upperboundary:1.2723305225372314 stddev:0.5524675250053406
2022-06-13 17:04:33,347 - train.py[line:95] - INFO: step:10500
2022-06-13 17:04:38,041 - train.py[line:106] - INFO: val_recall: 0.435053, val_ndcg: 0.413965, val_hit_rate: 0.820301, train_loss: 4.235809, ce_loss: 0.000000, vqvae_loss: 0.000000
2022-06-13 17:04:38,042 - train.py[line:107] - INFO: lowerboundary:-1.147153377532959  upperboundary:1.2753355503082275 stddev:0.5552552938461304
2022-06-13 17:04:47,594 - train.py[line:95] - INFO: step:11000
2022-06-13 17:04:52,130 - train.py[line:106] - INFO: val_recall: 0.438778, val_ndcg: 0.421864, val_hit_rate: 0.824334, train_loss: 4.210372, ce_loss: 0.000000, vqvae_loss: 0.000000
2022-06-13 17:04:52,130 - train.py[line:107] - INFO: lowerboundary:-1.147153377532959  upperboundary:1.280942678451538 stddev:0.5634943842887878
2022-06-13 17:05:01,662 - train.py[line:95] - INFO: step:11500
2022-06-13 17:05:06,265 - train.py[line:106] - INFO: val_recall: 0.439287, val_ndcg: 0.418396, val_hit_rate: 0.827068, train_loss: 4.177036, ce_loss: 0.000000, vqvae_loss: 0.000000
2022-06-13 17:05:06,265 - train.py[line:107] - INFO: lowerboundary:-1.1613507270812988  upperboundary:1.2897480726242065 stddev:0.5712902545928955
2022-06-13 17:05:15,847 - train.py[line:95] - INFO: step:12000
2022-06-13 17:05:20,654 - train.py[line:106] - INFO: val_recall: 0.440852, val_ndcg: 0.421988, val_hit_rate: 0.828776, train_loss: 4.166331, ce_loss: 0.000000, vqvae_loss: 0.000000
2022-06-13 17:05:20,655 - train.py[line:107] - INFO: lowerboundary:-1.1671499013900757  upperboundary:1.2995669841766357 stddev:0.5782974362373352
2022-06-13 17:05:30,142 - train.py[line:95] - INFO: step:12500
2022-06-13 17:05:35,094 - train.py[line:106] - INFO: val_recall: 0.443064, val_ndcg: 0.428873, val_hit_rate: 0.833561, train_loss: 4.133855, ce_loss: 0.000000, vqvae_loss: 0.000000
2022-06-13 17:05:35,094 - train.py[line:107] - INFO: lowerboundary:-1.1806221008300781  upperboundary:1.3062989711761475 stddev:0.5811384320259094
2022-06-13 17:05:44,559 - train.py[line:95] - INFO: step:13000
2022-06-13 17:05:49,226 - train.py[line:106] - INFO: val_recall: 0.443638, val_ndcg: 0.432529, val_hit_rate: 0.838072, train_loss: 4.105439, ce_loss: 0.000000, vqvae_loss: 0.000000
2022-06-13 17:05:49,227 - train.py[line:107] - INFO: lowerboundary:-1.1942218542099  upperboundary:1.3119711875915527 stddev:0.588988184928894
2022-06-13 17:05:58,769 - train.py[line:95] - INFO: step:13500
2022-06-13 17:06:03,357 - train.py[line:106] - INFO: val_recall: 0.447115, val_ndcg: 0.435030, val_hit_rate: 0.841490, train_loss: 4.106175, ce_loss: 0.000000, vqvae_loss: 0.000000
2022-06-13 17:06:03,357 - train.py[line:107] - INFO: lowerboundary:-1.216644048690796  upperboundary:1.3218445777893066 stddev:0.5948619842529297
2022-06-13 17:06:12,899 - train.py[line:95] - INFO: step:14000
2022-06-13 17:06:17,511 - train.py[line:106] - INFO: val_recall: 0.448344, val_ndcg: 0.436112, val_hit_rate: 0.842652, train_loss: 4.086693, ce_loss: 0.000000, vqvae_loss: 0.000000
2022-06-13 17:06:17,511 - train.py[line:107] - INFO: lowerboundary:-1.2321223020553589  upperboundary:1.3320244550704956 stddev:0.6012904047966003
2022-06-13 17:06:27,147 - train.py[line:95] - INFO: step:14500
2022-06-13 17:06:31,786 - train.py[line:106] - INFO: val_recall: 0.448589, val_ndcg: 0.436794, val_hit_rate: 0.844634, train_loss: 4.071757, ce_loss: 0.000000, vqvae_loss: 0.000000
2022-06-13 17:06:31,787 - train.py[line:107] - INFO: lowerboundary:-1.2387266159057617  upperboundary:1.3412522077560425 stddev:0.6044467687606812
2022-06-13 17:06:41,498 - train.py[line:95] - INFO: step:15000
2022-06-13 17:06:46,046 - train.py[line:106] - INFO: val_recall: 0.449578, val_ndcg: 0.441922, val_hit_rate: 0.846138, train_loss: 4.061125, ce_loss: 0.000000, vqvae_loss: 0.000000
2022-06-13 17:06:46,046 - train.py[line:107] - INFO: lowerboundary:-1.2473466396331787  upperboundary:1.3474336862564087 stddev:0.607910692691803
2022-06-13 17:06:55,664 - train.py[line:95] - INFO: step:15500
2022-06-13 17:07:00,474 - train.py[line:106] - INFO: val_recall: 0.451638, val_ndcg: 0.436065, val_hit_rate: 0.848052, train_loss: 4.022622, ce_loss: 0.000000, vqvae_loss: 0.000000
2022-06-13 17:07:00,474 - train.py[line:107] - INFO: lowerboundary:-1.2567716836929321  upperboundary:1.3509939908981323 stddev:0.6103473901748657
2022-06-13 17:07:10,262 - train.py[line:95] - INFO: step:16000
2022-06-13 17:07:15,105 - train.py[line:106] - INFO: val_recall: 0.452952, val_ndcg: 0.449562, val_hit_rate: 0.851675, train_loss: 4.000436, ce_loss: 0.000000, vqvae_loss: 0.000000
2022-06-13 17:07:15,105 - train.py[line:107] - INFO: lowerboundary:-1.2665166854858398  upperboundary:1.3583145141601562 stddev:0.6148064732551575
2022-06-13 17:07:24,646 - train.py[line:95] - INFO: step:16500
2022-06-13 17:07:29,456 - train.py[line:106] - INFO: val_recall: 0.453465, val_ndcg: 0.448737, val_hit_rate: 0.854682, train_loss: 3.994165, ce_loss: 0.000000, vqvae_loss: 0.000000
2022-06-13 17:07:29,456 - train.py[line:107] - INFO: lowerboundary:-1.279515266418457  upperboundary:1.3678752183914185 stddev:0.6190813779830933
2022-06-13 17:07:39,151 - train.py[line:95] - INFO: step:17000
2022-06-13 17:07:43,733 - train.py[line:106] - INFO: val_recall: 0.453042, val_ndcg: 0.448553, val_hit_rate: 0.852632, train_loss: 3.970824, ce_loss: 0.000000, vqvae_loss: 0.000000
2022-06-13 17:07:43,734 - train.py[line:107] - INFO: lowerboundary:-1.2864338159561157  upperboundary:1.3767461776733398 stddev:0.6224824786186218
2022-06-13 17:07:52,990 - train.py[line:95] - INFO: step:17500
2022-06-13 17:07:57,549 - train.py[line:106] - INFO: val_recall: 0.454509, val_ndcg: 0.455083, val_hit_rate: 0.855913, train_loss: 3.957333, ce_loss: 0.000000, vqvae_loss: 0.000000
2022-06-13 17:07:57,549 - train.py[line:107] - INFO: lowerboundary:-1.2925658226013184  upperboundary:1.3800280094146729 stddev:0.6226943135261536
2022-06-13 17:08:07,174 - train.py[line:95] - INFO: step:18000
2022-06-13 17:08:11,775 - train.py[line:106] - INFO: val_recall: 0.455916, val_ndcg: 0.453379, val_hit_rate: 0.855776, train_loss: 3.947855, ce_loss: 0.000000, vqvae_loss: 0.000000
2022-06-13 17:08:11,776 - train.py[line:107] - INFO: lowerboundary:-1.2972831726074219  upperboundary:1.3844554424285889 stddev:0.6267638802528381
2022-06-13 17:08:21,536 - train.py[line:95] - INFO: step:18500
2022-06-13 17:08:26,123 - train.py[line:106] - INFO: val_recall: 0.457448, val_ndcg: 0.457457, val_hit_rate: 0.858031, train_loss: 3.926181, ce_loss: 0.000000, vqvae_loss: 0.000000
2022-06-13 17:08:26,123 - train.py[line:107] - INFO: lowerboundary:-1.3033342361450195  upperboundary:1.387453556060791 stddev:0.6291214227676392
2022-06-13 17:08:35,885 - train.py[line:95] - INFO: step:19000
2022-06-13 17:08:40,697 - train.py[line:106] - INFO: val_recall: 0.459406, val_ndcg: 0.463631, val_hit_rate: 0.864320, train_loss: 3.914525, ce_loss: 0.000000, vqvae_loss: 0.000000
2022-06-13 17:08:40,698 - train.py[line:107] - INFO: lowerboundary:-1.3094815015792847  upperboundary:1.3906699419021606 stddev:0.6330938339233398
2022-06-13 17:08:50,371 - train.py[line:95] - INFO: step:19500
2022-06-13 17:08:55,004 - train.py[line:106] - INFO: val_recall: 0.457643, val_ndcg: 0.459532, val_hit_rate: 0.861176, train_loss: 3.900435, ce_loss: 0.000000, vqvae_loss: 0.000000
2022-06-13 17:08:55,005 - train.py[line:107] - INFO: lowerboundary:-1.3135106563568115  upperboundary:1.3947972059249878 stddev:0.634554386138916
2022-06-13 17:09:04,280 - train.py[line:95] - INFO: step:20000
2022-06-13 17:09:09,009 - train.py[line:106] - INFO: val_recall: 0.459060, val_ndcg: 0.458453, val_hit_rate: 0.862748, train_loss: 3.891978, ce_loss: 0.000000, vqvae_loss: 0.000000
2022-06-13 17:09:09,009 - train.py[line:107] - INFO: lowerboundary:-1.3197013139724731  upperboundary:1.4009571075439453 stddev:0.6378658413887024
2022-06-13 17:09:18,438 - train.py[line:95] - INFO: step:20500
2022-06-13 17:09:23,088 - train.py[line:106] - INFO: val_recall: 0.461074, val_ndcg: 0.466363, val_hit_rate: 0.867191, train_loss: 3.884421, ce_loss: 0.000000, vqvae_loss: 0.000000
2022-06-13 17:09:23,088 - train.py[line:107] - INFO: lowerboundary:-1.325311541557312  upperboundary:1.4054415225982666 stddev:0.6381270885467529
2022-06-13 17:09:32,936 - train.py[line:95] - INFO: step:21000
2022-06-13 17:09:37,820 - train.py[line:106] - INFO: val_recall: 0.461113, val_ndcg: 0.463458, val_hit_rate: 0.866712, train_loss: 3.880600, ce_loss: 0.000000, vqvae_loss: 0.000000
2022-06-13 17:09:37,821 - train.py[line:107] - INFO: lowerboundary:-1.3291091918945312  upperboundary:1.4090352058410645 stddev:0.6389139890670776
2022-06-13 17:09:47,691 - train.py[line:95] - INFO: step:21500
2022-06-13 17:09:52,466 - train.py[line:106] - INFO: val_recall: 0.460093, val_ndcg: 0.463485, val_hit_rate: 0.865208, train_loss: 3.848326, ce_loss: 0.000000, vqvae_loss: 0.000000
2022-06-13 17:09:52,466 - train.py[line:107] - INFO: lowerboundary:-1.3330177068710327  upperboundary:1.4216268062591553 stddev:0.6401037573814392
2022-06-13 17:10:01,830 - train.py[line:95] - INFO: step:22000
2022-06-13 17:10:06,622 - train.py[line:106] - INFO: val_recall: 0.464171, val_ndcg: 0.473477, val_hit_rate: 0.869788, train_loss: 3.854660, ce_loss: 0.000000, vqvae_loss: 0.000000
2022-06-13 17:10:06,622 - train.py[line:107] - INFO: lowerboundary:-1.3365577459335327  upperboundary:1.4216268062591553 stddev:0.6447718739509583
2022-06-13 17:10:16,285 - train.py[line:95] - INFO: step:22500
2022-06-13 17:10:20,832 - train.py[line:106] - INFO: val_recall: 0.463282, val_ndcg: 0.470912, val_hit_rate: 0.868216, train_loss: 3.828764, ce_loss: 0.000000, vqvae_loss: 0.000000
2022-06-13 17:10:20,833 - train.py[line:107] - INFO: lowerboundary:-1.3402395248413086  upperboundary:1.4411457777023315 stddev:0.6447718739509583
2022-06-13 17:10:30,166 - train.py[line:95] - INFO: step:23000
2022-06-13 17:10:34,650 - train.py[line:106] - INFO: val_recall: 0.462585, val_ndcg: 0.465132, val_hit_rate: 0.869651, train_loss: 3.818649, ce_loss: 0.000000, vqvae_loss: 0.000000
2022-06-13 17:10:34,651 - train.py[line:107] - INFO: lowerboundary:-1.344808578491211  upperboundary:1.506057858467102 stddev:0.6449360251426697
2022-06-13 17:10:43,856 - train.py[line:95] - INFO: step:23500
2022-06-13 17:10:48,504 - train.py[line:106] - INFO: val_recall: 0.466582, val_ndcg: 0.476851, val_hit_rate: 0.876213, train_loss: 3.821091, ce_loss: 0.000000, vqvae_loss: 0.000000
2022-06-13 17:10:48,504 - train.py[line:107] - INFO: lowerboundary:-1.3489887714385986  upperboundary:1.5208367109298706 stddev:0.6467384696006775
2022-06-13 17:10:58,470 - train.py[line:95] - INFO: step:24000
2022-06-13 17:11:03,073 - train.py[line:106] - INFO: val_recall: 0.466025, val_ndcg: 0.476899, val_hit_rate: 0.875051, train_loss: 3.805870, ce_loss: 0.000000, vqvae_loss: 0.000000
2022-06-13 17:11:03,073 - train.py[line:107] - INFO: lowerboundary:-1.3575111627578735  upperboundary:1.5208367109298706 stddev:0.6484233140945435
2022-06-13 17:11:12,345 - train.py[line:95] - INFO: step:24500
2022-06-13 17:11:17,032 - train.py[line:106] - INFO: val_recall: 0.465847, val_ndcg: 0.475878, val_hit_rate: 0.874368, train_loss: 3.796872, ce_loss: 0.000000, vqvae_loss: 0.000000
2022-06-13 17:11:17,032 - train.py[line:107] - INFO: lowerboundary:-1.360372543334961  upperboundary:1.5208367109298706 stddev:0.6484233140945435
2022-06-13 17:11:26,257 - train.py[line:95] - INFO: step:25000
2022-06-13 17:11:30,913 - train.py[line:106] - INFO: val_recall: 0.466401, val_ndcg: 0.475497, val_hit_rate: 0.875051, train_loss: 3.788679, ce_loss: 0.000000, vqvae_loss: 0.000000
2022-06-13 17:11:30,913 - train.py[line:107] - INFO: lowerboundary:-1.3642463684082031  upperboundary:1.5343163013458252 stddev:0.651218831539154
2022-06-13 17:11:40,078 - train.py[line:95] - INFO: step:25500
2022-06-13 17:11:44,793 - train.py[line:106] - INFO: val_recall: 0.467728, val_ndcg: 0.482129, val_hit_rate: 0.876897, train_loss: 3.789524, ce_loss: 0.000000, vqvae_loss: 0.000000
2022-06-13 17:11:44,793 - train.py[line:107] - INFO: lowerboundary:-1.3691000938415527  upperboundary:1.5417026281356812 stddev:0.6531068086624146
2022-06-13 17:11:54,483 - train.py[line:95] - INFO: step:26000
2022-06-13 17:11:59,115 - train.py[line:106] - INFO: val_recall: 0.468395, val_ndcg: 0.481885, val_hit_rate: 0.879152, train_loss: 3.788977, ce_loss: 0.000000, vqvae_loss: 0.000000
2022-06-13 17:11:59,116 - train.py[line:107] - INFO: lowerboundary:-1.3704675436019897  upperboundary:1.547725796699524 stddev:0.6535564064979553
2022-06-13 17:12:08,986 - train.py[line:95] - INFO: step:26500
2022-06-13 17:12:13,722 - train.py[line:106] - INFO: val_recall: 0.469212, val_ndcg: 0.486363, val_hit_rate: 0.880588, train_loss: 3.775697, ce_loss: 0.000000, vqvae_loss: 0.000000
2022-06-13 17:12:13,722 - train.py[line:107] - INFO: lowerboundary:-1.376355767250061  upperboundary:1.549931287765503 stddev:0.6537233591079712
2022-06-13 17:12:23,396 - train.py[line:95] - INFO: step:27000
2022-06-13 17:12:28,331 - train.py[line:106] - INFO: val_recall: 0.468258, val_ndcg: 0.480157, val_hit_rate: 0.876828, train_loss: 3.755803, ce_loss: 0.000000, vqvae_loss: 0.000000
2022-06-13 17:12:28,331 - train.py[line:107] - INFO: lowerboundary:-1.3912580013275146  upperboundary:1.5806877613067627 stddev:0.6549557447433472
2022-06-13 17:12:37,471 - train.py[line:95] - INFO: step:27500
2022-06-13 17:12:42,175 - train.py[line:106] - INFO: val_recall: 0.470199, val_ndcg: 0.488995, val_hit_rate: 0.880861, train_loss: 3.747312, ce_loss: 0.000000, vqvae_loss: 0.000000
2022-06-13 17:12:42,175 - train.py[line:107] - INFO: lowerboundary:-1.4125555753707886  upperboundary:1.5806877613067627 stddev:0.6556342244148254
2022-06-13 17:12:51,976 - train.py[line:95] - INFO: step:28000
2022-06-13 17:12:56,615 - train.py[line:106] - INFO: val_recall: 0.470396, val_ndcg: 0.482865, val_hit_rate: 0.879973, train_loss: 3.745004, ce_loss: 0.000000, vqvae_loss: 0.000000
2022-06-13 17:12:56,615 - train.py[line:107] - INFO: lowerboundary:-1.433929204940796  upperboundary:1.5806877613067627 stddev:0.6579806208610535
2022-06-13 17:13:06,391 - train.py[line:95] - INFO: step:28500
2022-06-13 17:13:10,992 - train.py[line:106] - INFO: val_recall: 0.470830, val_ndcg: 0.487139, val_hit_rate: 0.882365, train_loss: 3.738483, ce_loss: 0.000000, vqvae_loss: 0.000000
2022-06-13 17:13:10,992 - train.py[line:107] - INFO: lowerboundary:-1.433929204940796  upperboundary:1.5866693258285522 stddev:0.6602556705474854
2022-06-13 17:13:20,467 - train.py[line:95] - INFO: step:29000
2022-06-13 17:13:25,385 - train.py[line:106] - INFO: val_recall: 0.469709, val_ndcg: 0.486539, val_hit_rate: 0.880725, train_loss: 3.712358, ce_loss: 0.000000, vqvae_loss: 0.000000
2022-06-13 17:13:25,385 - train.py[line:107] - INFO: lowerboundary:-1.433929204940796  upperboundary:1.5866693258285522 stddev:0.6602556705474854
2022-06-13 17:13:34,527 - train.py[line:95] - INFO: step:29500
2022-06-13 17:13:39,272 - train.py[line:106] - INFO: val_recall: 0.471918, val_ndcg: 0.493451, val_hit_rate: 0.885031, train_loss: 3.728426, ce_loss: 0.000000, vqvae_loss: 0.000000
2022-06-13 17:13:39,273 - train.py[line:107] - INFO: lowerboundary:-1.433929204940796  upperboundary:1.5866693258285522 stddev:0.6602556705474854
2022-06-13 17:13:49,119 - train.py[line:95] - INFO: step:30000
2022-06-13 17:13:53,814 - train.py[line:106] - INFO: val_recall: 0.472924, val_ndcg: 0.492710, val_hit_rate: 0.885236, train_loss: 3.701964, ce_loss: 0.000000, vqvae_loss: 0.000000
2022-06-13 17:13:53,814 - train.py[line:107] - INFO: lowerboundary:-1.433929204940796  upperboundary:1.5866693258285522 stddev:0.6605014801025391
2022-06-13 17:14:03,498 - train.py[line:95] - INFO: step:30500
2022-06-13 17:14:08,177 - train.py[line:106] - INFO: val_recall: 0.472507, val_ndcg: 0.494583, val_hit_rate: 0.884962, train_loss: 3.709149, ce_loss: 0.000000, vqvae_loss: 0.000000
2022-06-13 17:14:08,177 - train.py[line:107] - INFO: lowerboundary:-1.433929204940796  upperboundary:1.5866693258285522 stddev:0.6605014801025391
2022-06-13 17:14:17,271 - train.py[line:95] - INFO: step:31000
2022-06-13 17:14:21,908 - train.py[line:106] - INFO: val_recall: 0.472709, val_ndcg: 0.494228, val_hit_rate: 0.886329, train_loss: 3.702926, ce_loss: 0.000000, vqvae_loss: 0.000000
2022-06-13 17:14:21,909 - train.py[line:107] - INFO: lowerboundary:-1.4485771656036377  upperboundary:1.595380187034607 stddev:0.6659915447235107
2022-06-13 17:14:31,154 - train.py[line:95] - INFO: step:31500
2022-06-13 17:14:35,826 - train.py[line:106] - INFO: val_recall: 0.473908, val_ndcg: 0.496384, val_hit_rate: 0.887355, train_loss: 3.712581, ce_loss: 0.000000, vqvae_loss: 0.000000
2022-06-13 17:14:35,826 - train.py[line:107] - INFO: lowerboundary:-1.4854393005371094  upperboundary:1.595380187034607 stddev:0.6659915447235107
2022-06-13 17:14:45,607 - train.py[line:95] - INFO: step:32000
2022-06-13 17:14:50,183 - train.py[line:106] - INFO: val_recall: 0.474470, val_ndcg: 0.497585, val_hit_rate: 0.888175, train_loss: 3.684444, ce_loss: 0.000000, vqvae_loss: 0.000000
2022-06-13 17:14:50,183 - train.py[line:107] - INFO: lowerboundary:-1.5118117332458496  upperboundary:1.595380187034607 stddev:0.6659915447235107
2022-06-13 17:14:59,909 - train.py[line:95] - INFO: step:32500
2022-06-13 17:15:04,618 - train.py[line:106] - INFO: val_recall: 0.474480, val_ndcg: 0.500366, val_hit_rate: 0.890226, train_loss: 3.677975, ce_loss: 0.000000, vqvae_loss: 0.000000
2022-06-13 17:15:04,618 - train.py[line:107] - INFO: lowerboundary:-1.5118117332458496  upperboundary:1.5984467267990112 stddev:0.6659915447235107
2022-06-13 17:15:14,433 - train.py[line:95] - INFO: step:33000
2022-06-13 17:15:19,073 - train.py[line:106] - INFO: val_recall: 0.474638, val_ndcg: 0.498942, val_hit_rate: 0.889405, train_loss: 3.661403, ce_loss: 0.000000, vqvae_loss: 0.000000
2022-06-13 17:15:19,073 - train.py[line:107] - INFO: lowerboundary:-1.5118117332458496  upperboundary:1.6058330535888672 stddev:0.6659915447235107
2022-06-13 17:15:29,044 - train.py[line:95] - INFO: step:33500
2022-06-13 17:15:33,653 - train.py[line:106] - INFO: val_recall: 0.473975, val_ndcg: 0.498440, val_hit_rate: 0.888312, train_loss: 3.675511, ce_loss: 0.000000, vqvae_loss: 0.000000
2022-06-13 17:15:33,653 - train.py[line:107] - INFO: lowerboundary:-1.5303977727890015  upperboundary:1.6370606422424316 stddev:0.6673106551170349
2022-06-13 17:15:42,802 - train.py[line:95] - INFO: step:34000
2022-06-13 17:15:47,336 - train.py[line:106] - INFO: val_recall: 0.474365, val_ndcg: 0.502155, val_hit_rate: 0.891388, train_loss: 3.655222, ce_loss: 0.000000, vqvae_loss: 0.000000
2022-06-13 17:15:47,336 - train.py[line:107] - INFO: lowerboundary:-1.5387704372406006  upperboundary:1.645987629890442 stddev:0.6673106551170349
2022-06-13 17:15:56,612 - train.py[line:95] - INFO: step:34500
2022-06-13 17:16:01,295 - train.py[line:106] - INFO: val_recall: 0.474347, val_ndcg: 0.501213, val_hit_rate: 0.890362, train_loss: 3.671976, ce_loss: 0.000000, vqvae_loss: 0.000000
2022-06-13 17:16:01,295 - train.py[line:107] - INFO: lowerboundary:-1.5418347120285034  upperboundary:1.645987629890442 stddev:0.6673106551170349
2022-06-13 17:16:10,491 - train.py[line:95] - INFO: step:35000
2022-06-13 17:16:15,139 - train.py[line:106] - INFO: val_recall: 0.475084, val_ndcg: 0.504506, val_hit_rate: 0.892071, train_loss: 3.650918, ce_loss: 0.000000, vqvae_loss: 0.000000
2022-06-13 17:16:15,140 - train.py[line:107] - INFO: lowerboundary:-1.5563323497772217  upperboundary:1.645987629890442 stddev:0.6673106551170349
2022-06-13 17:16:25,104 - train.py[line:95] - INFO: step:35500
2022-06-13 17:16:29,777 - train.py[line:106] - INFO: val_recall: 0.475857, val_ndcg: 0.502676, val_hit_rate: 0.893096, train_loss: 3.633355, ce_loss: 0.000000, vqvae_loss: 0.000000
2022-06-13 17:16:29,777 - train.py[line:107] - INFO: lowerboundary:-1.584242343902588  upperboundary:1.6482101678848267 stddev:0.6683651208877563
2022-06-13 17:16:39,597 - train.py[line:95] - INFO: step:36000
2022-06-13 17:16:44,228 - train.py[line:106] - INFO: val_recall: 0.476706, val_ndcg: 0.503040, val_hit_rate: 0.893506, train_loss: 3.636640, ce_loss: 0.000000, vqvae_loss: 0.000000
2022-06-13 17:16:44,228 - train.py[line:107] - INFO: lowerboundary:-1.584242343902588  upperboundary:1.6526583433151245 stddev:0.6683651208877563
2022-06-13 17:16:54,124 - train.py[line:95] - INFO: step:36500
2022-06-13 17:16:58,836 - train.py[line:106] - INFO: val_recall: 0.478643, val_ndcg: 0.509449, val_hit_rate: 0.895830, train_loss: 3.610653, ce_loss: 0.000000, vqvae_loss: 0.000000
2022-06-13 17:16:58,836 - train.py[line:107] - INFO: lowerboundary:-1.584242343902588  upperboundary:1.6526583433151245 stddev:0.6687902212142944
2022-06-13 17:17:08,858 - train.py[line:95] - INFO: step:37000
2022-06-13 17:17:13,646 - train.py[line:106] - INFO: val_recall: 0.476864, val_ndcg: 0.507113, val_hit_rate: 0.893917, train_loss: 3.608303, ce_loss: 0.000000, vqvae_loss: 0.000000
2022-06-13 17:17:13,647 - train.py[line:107] - INFO: lowerboundary:-1.584242343902588  upperboundary:1.6526583433151245 stddev:0.6687902212142944
2022-06-13 17:17:22,842 - train.py[line:95] - INFO: step:37500
2022-06-13 17:17:27,520 - train.py[line:106] - INFO: val_recall: 0.476830, val_ndcg: 0.512445, val_hit_rate: 0.894258, train_loss: 3.628013, ce_loss: 0.000000, vqvae_loss: 0.000000
2022-06-13 17:17:27,520 - train.py[line:107] - INFO: lowerboundary:-1.584242343902588  upperboundary:1.6530977487564087 stddev:0.6694114208221436
2022-06-13 17:17:36,842 - train.py[line:95] - INFO: step:38000
2022-06-13 17:17:41,702 - train.py[line:106] - INFO: val_recall: 0.476633, val_ndcg: 0.508580, val_hit_rate: 0.894463, train_loss: 3.603517, ce_loss: 0.000000, vqvae_loss: 0.000000
2022-06-13 17:17:41,702 - train.py[line:107] - INFO: lowerboundary:-1.584242343902588  upperboundary:1.6636221408843994 stddev:0.669856071472168
2022-06-13 17:17:51,162 - train.py[line:95] - INFO: step:38500
2022-06-13 17:17:55,882 - train.py[line:106] - INFO: val_recall: 0.477595, val_ndcg: 0.508558, val_hit_rate: 0.894805, train_loss: 3.601772, ce_loss: 0.000000, vqvae_loss: 0.000000
2022-06-13 17:17:55,882 - train.py[line:107] - INFO: lowerboundary:-1.584242343902588  upperboundary:1.675325870513916 stddev:0.6710390448570251
2022-06-13 17:17:55,883 - train.py[line:132] - INFO: testing!
2022-06-13 17:18:00,761 - train.py[line:138] - INFO: test_num: 14630.000000, test_recall: 0.478643, test_ndcg: 0.509449, test_hit_rate: 0.895830
