2022-06-10 00:09:57,854 - train.py[line:211] - INFO: max_iter: 300000
2022-06-10 00:09:57,855 - train.py[line:214] - INFO: {'ISCS': True,
 'batch_size': 128,
 'begin_time': '2022-06-10_00:09:55',
 'best_recall': 0.0,
 'coef': 0.0,
 'data_path': 'data',
 'dataset': 'ml_nf',
 'domain_index': 1,
 'domain_num': 1,
 'dropout': 0.3,
 'embedding_dim': 64,
 'embedding_num': 64,
 'exp_name': 'DNN-ml_nf-1-vqvae-ISCS-self_attn-new',
 'item_count': 5579,
 'lower_boundary': -1,
 'lr': 0.001,
 'max_len': 20,
 'max_step': 300000,
 'model': 'DNN',
 'only_test_last_one': False,
 'patience': 3,
 'restore_path': 'save/DNN-ml_nf-0-vqvae-ISCS-self_attn-new/model.ckpt',
 'save_path': 'save/DNN-ml_nf-1-vqvae-ISCS-self_attn-new',
 'seed': 19,
 'self_attn': True,
 'stddev': 0.1,
 'test_iter': 500,
 'topN': 50,
 'upper_boundary': 1,
 'vqvae': True}
2022-06-10 00:10:00,301 - train.py[line:255] - INFO: train begin
2022-06-10 00:10:00,301 - train.py[line:259] - INFO: restore model from save/DNN-ml_nf-0-vqvae-ISCS-self_attn-new/model.ckpt
2022-06-10 00:10:12,348 - train.py[line:96] - INFO: step:500
2022-06-10 00:10:17,310 - train.py[line:105] - INFO: val_recall: 0.356559, val_ndcg: 0.299531, val_hit_rate: 0.673342, train_loss: 5.802811
2022-06-10 00:10:17,310 - train.py[line:106] - INFO: lowerboundary:-1  upperboundary:1 stddev:0.2740729749202728
2022-06-10 00:10:28,331 - train.py[line:96] - INFO: step:1000
2022-06-10 00:10:33,229 - train.py[line:105] - INFO: val_recall: 0.372737, val_ndcg: 0.319973, val_hit_rate: 0.702392, train_loss: 5.312181
2022-06-10 00:10:33,229 - train.py[line:106] - INFO: lowerboundary:-1  upperboundary:1 stddev:0.3056803345680237
2022-06-10 00:10:44,122 - train.py[line:96] - INFO: step:1500
2022-06-10 00:10:48,934 - train.py[line:105] - INFO: val_recall: 0.381766, val_ndcg: 0.333341, val_hit_rate: 0.719617, train_loss: 5.126210
2022-06-10 00:10:48,935 - train.py[line:106] - INFO: lowerboundary:-1  upperboundary:1 stddev:0.320766419172287
2022-06-10 00:10:59,177 - train.py[line:96] - INFO: step:2000
2022-06-10 00:11:04,273 - train.py[line:105] - INFO: val_recall: 0.387229, val_ndcg: 0.340688, val_hit_rate: 0.729802, train_loss: 4.995324
2022-06-10 00:11:04,273 - train.py[line:106] - INFO: lowerboundary:-1  upperboundary:1 stddev:0.33471840620040894
2022-06-10 00:11:14,743 - train.py[line:96] - INFO: step:2500
2022-06-10 00:11:19,821 - train.py[line:105] - INFO: val_recall: 0.396081, val_ndcg: 0.357858, val_hit_rate: 0.746070, train_loss: 4.881458
2022-06-10 00:11:19,821 - train.py[line:106] - INFO: lowerboundary:-1  upperboundary:1 stddev:0.3445037603378296
2022-06-10 00:11:30,076 - train.py[line:96] - INFO: step:3000
2022-06-10 00:11:35,640 - train.py[line:105] - INFO: val_recall: 0.403020, val_ndcg: 0.371152, val_hit_rate: 0.756391, train_loss: 4.773721
2022-06-10 00:11:35,640 - train.py[line:106] - INFO: lowerboundary:-1  upperboundary:1 stddev:0.3540121018886566
2022-06-10 00:11:46,424 - train.py[line:96] - INFO: step:3500
2022-06-10 00:11:52,847 - train.py[line:105] - INFO: val_recall: 0.409184, val_ndcg: 0.378062, val_hit_rate: 0.770403, train_loss: 4.710454
2022-06-10 00:11:52,847 - train.py[line:106] - INFO: lowerboundary:-1  upperboundary:1 stddev:0.35834306478500366
2022-06-10 00:12:03,729 - train.py[line:96] - INFO: step:4000
2022-06-10 00:12:10,038 - train.py[line:105] - INFO: val_recall: 0.413731, val_ndcg: 0.388187, val_hit_rate: 0.781066, train_loss: 4.614369
2022-06-10 00:12:10,038 - train.py[line:106] - INFO: lowerboundary:-1  upperboundary:1 stddev:0.3653545379638672
2022-06-10 00:12:20,323 - train.py[line:96] - INFO: step:4500
2022-06-10 00:12:25,470 - train.py[line:105] - INFO: val_recall: 0.417173, val_ndcg: 0.392624, val_hit_rate: 0.787697, train_loss: 4.549450
2022-06-10 00:12:25,470 - train.py[line:106] - INFO: lowerboundary:-1  upperboundary:1 stddev:0.3731755316257477
2022-06-10 00:12:35,658 - train.py[line:96] - INFO: step:5000
2022-06-10 00:12:41,194 - train.py[line:105] - INFO: val_recall: 0.421534, val_ndcg: 0.397410, val_hit_rate: 0.794532, train_loss: 4.477841
2022-06-10 00:12:41,195 - train.py[line:106] - INFO: lowerboundary:-1  upperboundary:1 stddev:0.3772563338279724
2022-06-10 00:12:51,461 - train.py[line:96] - INFO: step:5500
2022-06-10 00:12:57,805 - train.py[line:105] - INFO: val_recall: 0.425856, val_ndcg: 0.405945, val_hit_rate: 0.804443, train_loss: 4.427899
2022-06-10 00:12:57,805 - train.py[line:106] - INFO: lowerboundary:-1  upperboundary:1 stddev:0.38112497329711914
2022-06-10 00:13:08,772 - train.py[line:96] - INFO: step:6000
2022-06-10 00:13:15,190 - train.py[line:105] - INFO: val_recall: 0.427419, val_ndcg: 0.415163, val_hit_rate: 0.807519, train_loss: 4.365724
2022-06-10 00:13:15,190 - train.py[line:106] - INFO: lowerboundary:-1  upperboundary:1 stddev:0.3868384063243866
2022-06-10 00:13:25,492 - train.py[line:96] - INFO: step:6500
2022-06-10 00:13:30,806 - train.py[line:105] - INFO: val_recall: 0.431020, val_ndcg: 0.420282, val_hit_rate: 0.814969, train_loss: 4.327873
2022-06-10 00:13:30,807 - train.py[line:106] - INFO: lowerboundary:-1  upperboundary:1 stddev:0.3932725489139557
2022-06-10 00:13:40,962 - train.py[line:96] - INFO: step:7000
2022-06-10 00:13:46,405 - train.py[line:105] - INFO: val_recall: 0.432863, val_ndcg: 0.420034, val_hit_rate: 0.817908, train_loss: 4.292305
2022-06-10 00:13:46,405 - train.py[line:106] - INFO: lowerboundary:-1  upperboundary:1 stddev:0.39858487248420715
2022-06-10 00:13:56,901 - train.py[line:96] - INFO: step:7500
2022-06-10 00:14:02,906 - train.py[line:105] - INFO: val_recall: 0.434435, val_ndcg: 0.423402, val_hit_rate: 0.819549, train_loss: 4.247201
2022-06-10 00:14:02,906 - train.py[line:106] - INFO: lowerboundary:-1  upperboundary:1 stddev:0.4061863124370575
2022-06-10 00:14:13,233 - train.py[line:96] - INFO: step:8000
2022-06-10 00:14:19,794 - train.py[line:105] - INFO: val_recall: 0.436298, val_ndcg: 0.433620, val_hit_rate: 0.827478, train_loss: 4.198946
2022-06-10 00:14:19,794 - train.py[line:106] - INFO: lowerboundary:-1.0240187644958496  upperboundary:1 stddev:0.4124985933303833
2022-06-10 00:14:30,065 - train.py[line:96] - INFO: step:8500
2022-06-10 00:14:36,280 - train.py[line:105] - INFO: val_recall: 0.440079, val_ndcg: 0.437753, val_hit_rate: 0.831511, train_loss: 4.177076
2022-06-10 00:14:36,280 - train.py[line:106] - INFO: lowerboundary:-1.0407789945602417  upperboundary:1 stddev:0.41991719603538513
2022-06-10 00:14:46,814 - train.py[line:96] - INFO: step:9000
2022-06-10 00:14:52,001 - train.py[line:105] - INFO: val_recall: 0.444090, val_ndcg: 0.440859, val_hit_rate: 0.838209, train_loss: 4.153260
2022-06-10 00:14:52,001 - train.py[line:106] - INFO: lowerboundary:-1.0517120361328125  upperboundary:1 stddev:0.42190852761268616
2022-06-10 00:15:02,285 - train.py[line:96] - INFO: step:9500
2022-06-10 00:15:07,741 - train.py[line:105] - INFO: val_recall: 0.444528, val_ndcg: 0.449218, val_hit_rate: 0.837799, train_loss: 4.111285
2022-06-10 00:15:07,741 - train.py[line:106] - INFO: lowerboundary:-1.0517120361328125  upperboundary:1 stddev:0.42586109042167664
2022-06-10 00:15:18,486 - train.py[line:96] - INFO: step:10000
2022-06-10 00:15:24,739 - train.py[line:105] - INFO: val_recall: 0.446364, val_ndcg: 0.446136, val_hit_rate: 0.841012, train_loss: 4.085337
2022-06-10 00:15:24,739 - train.py[line:106] - INFO: lowerboundary:-1.055719256401062  upperboundary:1 stddev:0.43404409289360046
2022-06-10 00:15:35,014 - train.py[line:96] - INFO: step:10500
2022-06-10 00:15:41,531 - train.py[line:105] - INFO: val_recall: 0.448463, val_ndcg: 0.443753, val_hit_rate: 0.846206, train_loss: 4.064477
2022-06-10 00:15:41,531 - train.py[line:106] - INFO: lowerboundary:-1.0660717487335205  upperboundary:1 stddev:0.43519166111946106
2022-06-10 00:15:52,143 - train.py[line:96] - INFO: step:11000
2022-06-10 00:15:57,744 - train.py[line:105] - INFO: val_recall: 0.448920, val_ndcg: 0.457283, val_hit_rate: 0.848462, train_loss: 4.043801
2022-06-10 00:15:57,745 - train.py[line:106] - INFO: lowerboundary:-1.085205078125  upperboundary:1 stddev:0.43606022000312805
2022-06-10 00:16:08,068 - train.py[line:96] - INFO: step:11500
2022-06-10 00:16:13,245 - train.py[line:105] - INFO: val_recall: 0.450530, val_ndcg: 0.459097, val_hit_rate: 0.852495, train_loss: 4.005847
2022-06-10 00:16:13,245 - train.py[line:106] - INFO: lowerboundary:-1.0913997888565063  upperboundary:1 stddev:0.43772006034851074
2022-06-10 00:16:23,806 - train.py[line:96] - INFO: step:12000
2022-06-10 00:16:29,757 - train.py[line:105] - INFO: val_recall: 0.452132, val_ndcg: 0.466026, val_hit_rate: 0.853930, train_loss: 3.990203
2022-06-10 00:16:29,757 - train.py[line:106] - INFO: lowerboundary:-1.0913997888565063  upperboundary:1 stddev:0.4417218565940857
2022-06-10 00:16:40,798 - train.py[line:96] - INFO: step:12500
2022-06-10 00:16:47,266 - train.py[line:105] - INFO: val_recall: 0.453306, val_ndcg: 0.462767, val_hit_rate: 0.856186, train_loss: 3.960290
2022-06-10 00:16:47,267 - train.py[line:106] - INFO: lowerboundary:-1.0913997888565063  upperboundary:1.017145037651062 stddev:0.44233909249305725
2022-06-10 00:16:57,929 - train.py[line:96] - INFO: step:13000
2022-06-10 00:17:04,156 - train.py[line:105] - INFO: val_recall: 0.456190, val_ndcg: 0.469878, val_hit_rate: 0.862406, train_loss: 3.945034
2022-06-10 00:17:04,156 - train.py[line:106] - INFO: lowerboundary:-1.100850224494934  upperboundary:1.0370688438415527 stddev:0.4459950625896454
2022-06-10 00:17:14,807 - train.py[line:96] - INFO: step:13500
2022-06-10 00:17:20,089 - train.py[line:105] - INFO: val_recall: 0.456891, val_ndcg: 0.468697, val_hit_rate: 0.863158, train_loss: 3.935500
2022-06-10 00:17:20,089 - train.py[line:106] - INFO: lowerboundary:-1.1153804063796997  upperboundary:1.0617969036102295 stddev:0.4498921036720276
2022-06-10 00:17:30,664 - train.py[line:96] - INFO: step:14000
2022-06-10 00:17:35,828 - train.py[line:105] - INFO: val_recall: 0.458957, val_ndcg: 0.474452, val_hit_rate: 0.864593, train_loss: 3.920061
2022-06-10 00:17:35,828 - train.py[line:106] - INFO: lowerboundary:-1.1166807413101196  upperboundary:1.0617969036102295 stddev:0.45210185647010803
2022-06-10 00:17:46,446 - train.py[line:96] - INFO: step:14500
2022-06-10 00:17:52,656 - train.py[line:105] - INFO: val_recall: 0.458782, val_ndcg: 0.475800, val_hit_rate: 0.867738, train_loss: 3.906650
2022-06-10 00:17:52,657 - train.py[line:106] - INFO: lowerboundary:-1.1216505765914917  upperboundary:1.0659754276275635 stddev:0.45464417338371277
2022-06-10 00:18:03,015 - train.py[line:96] - INFO: step:15000
2022-06-10 00:18:09,508 - train.py[line:105] - INFO: val_recall: 0.458864, val_ndcg: 0.480760, val_hit_rate: 0.867874, train_loss: 3.896081
2022-06-10 00:18:09,508 - train.py[line:106] - INFO: lowerboundary:-1.1276968717575073  upperboundary:1.0659754276275635 stddev:0.4575745165348053
2022-06-10 00:18:19,605 - train.py[line:96] - INFO: step:15500
2022-06-10 00:18:25,347 - train.py[line:105] - INFO: val_recall: 0.459241, val_ndcg: 0.478604, val_hit_rate: 0.868079, train_loss: 3.862577
2022-06-10 00:18:25,348 - train.py[line:106] - INFO: lowerboundary:-1.1383564472198486  upperboundary:1.0690670013427734 stddev:0.4603835642337799
2022-06-10 00:18:35,804 - train.py[line:96] - INFO: step:16000
2022-06-10 00:18:40,923 - train.py[line:105] - INFO: val_recall: 0.462640, val_ndcg: 0.488600, val_hit_rate: 0.870608, train_loss: 3.843876
2022-06-10 00:18:40,923 - train.py[line:106] - INFO: lowerboundary:-1.1665889024734497  upperboundary:1.1173193454742432 stddev:0.46305906772613525
2022-06-10 00:18:51,383 - train.py[line:96] - INFO: step:16500
2022-06-10 00:18:57,329 - train.py[line:105] - INFO: val_recall: 0.463482, val_ndcg: 0.486540, val_hit_rate: 0.874231, train_loss: 3.846084
2022-06-10 00:18:57,329 - train.py[line:106] - INFO: lowerboundary:-1.1710426807403564  upperboundary:1.121908187866211 stddev:0.4655084013938904
2022-06-10 00:19:08,168 - train.py[line:96] - INFO: step:17000
2022-06-10 00:19:14,686 - train.py[line:105] - INFO: val_recall: 0.464165, val_ndcg: 0.491904, val_hit_rate: 0.876282, train_loss: 3.820451
2022-06-10 00:19:14,686 - train.py[line:106] - INFO: lowerboundary:-1.1710426807403564  upperboundary:1.121908187866211 stddev:0.46911120414733887
2022-06-10 00:19:25,780 - train.py[line:96] - INFO: step:17500
2022-06-10 00:19:32,484 - train.py[line:105] - INFO: val_recall: 0.462667, val_ndcg: 0.488597, val_hit_rate: 0.874299, train_loss: 3.802619
2022-06-10 00:19:32,484 - train.py[line:106] - INFO: lowerboundary:-1.1710426807403564  upperboundary:1.121908187866211 stddev:0.46982845664024353
2022-06-10 00:19:42,640 - train.py[line:96] - INFO: step:18000
2022-06-10 00:19:47,784 - train.py[line:105] - INFO: val_recall: 0.465534, val_ndcg: 0.495496, val_hit_rate: 0.877922, train_loss: 3.791910
2022-06-10 00:19:47,784 - train.py[line:106] - INFO: lowerboundary:-1.1710426807403564  upperboundary:1.121908187866211 stddev:0.47372087836265564
2022-06-10 00:19:58,392 - train.py[line:96] - INFO: step:18500
2022-06-10 00:20:03,570 - train.py[line:105] - INFO: val_recall: 0.466555, val_ndcg: 0.491344, val_hit_rate: 0.879152, train_loss: 3.770444
2022-06-10 00:20:03,570 - train.py[line:106] - INFO: lowerboundary:-1.175571084022522  upperboundary:1.121908187866211 stddev:0.4757218062877655
2022-06-10 00:20:14,256 - train.py[line:96] - INFO: step:19000
2022-06-10 00:20:20,514 - train.py[line:105] - INFO: val_recall: 0.466273, val_ndcg: 0.499301, val_hit_rate: 0.881955, train_loss: 3.761930
2022-06-10 00:20:20,514 - train.py[line:106] - INFO: lowerboundary:-1.1807551383972168  upperboundary:1.121908187866211 stddev:0.4792273938655853
2022-06-10 00:20:31,007 - train.py[line:96] - INFO: step:19500
2022-06-10 00:20:37,466 - train.py[line:105] - INFO: val_recall: 0.467427, val_ndcg: 0.498663, val_hit_rate: 0.883185, train_loss: 3.743584
2022-06-10 00:20:37,467 - train.py[line:106] - INFO: lowerboundary:-1.1895365715026855  upperboundary:1.121908187866211 stddev:0.47935521602630615
2022-06-10 00:20:48,429 - train.py[line:96] - INFO: step:20000
2022-06-10 00:20:54,275 - train.py[line:105] - INFO: val_recall: 0.467880, val_ndcg: 0.502344, val_hit_rate: 0.883185, train_loss: 3.746651
2022-06-10 00:20:54,275 - train.py[line:106] - INFO: lowerboundary:-1.1971802711486816  upperboundary:1.121908187866211 stddev:0.48190802335739136
2022-06-10 00:21:04,666 - train.py[line:96] - INFO: step:20500
2022-06-10 00:21:09,825 - train.py[line:105] - INFO: val_recall: 0.467711, val_ndcg: 0.495544, val_hit_rate: 0.883390, train_loss: 3.731449
2022-06-10 00:21:09,825 - train.py[line:106] - INFO: lowerboundary:-1.205706000328064  upperboundary:1.121908187866211 stddev:0.482095330953598
2022-06-10 00:21:19,890 - train.py[line:96] - INFO: step:21000
2022-06-10 00:21:25,779 - train.py[line:105] - INFO: val_recall: 0.467833, val_ndcg: 0.503055, val_hit_rate: 0.884552, train_loss: 3.732610
2022-06-10 00:21:25,779 - train.py[line:106] - INFO: lowerboundary:-1.205706000328064  upperboundary:1.121908187866211 stddev:0.482095330953598
2022-06-10 00:21:36,313 - train.py[line:96] - INFO: step:21500
2022-06-10 00:21:42,759 - train.py[line:105] - INFO: val_recall: 0.466977, val_ndcg: 0.504612, val_hit_rate: 0.884826, train_loss: 3.706458
2022-06-10 00:21:42,760 - train.py[line:106] - INFO: lowerboundary:-1.205706000328064  upperboundary:1.1384412050247192 stddev:0.4829312264919281
2022-06-10 00:21:52,866 - train.py[line:96] - INFO: step:22000
2022-06-10 00:21:58,910 - train.py[line:105] - INFO: val_recall: 0.471757, val_ndcg: 0.511197, val_hit_rate: 0.888517, train_loss: 3.705679
2022-06-10 00:21:58,910 - train.py[line:106] - INFO: lowerboundary:-1.205706000328064  upperboundary:1.163535714149475 stddev:0.4867151379585266
2022-06-10 00:22:09,554 - train.py[line:96] - INFO: step:22500
2022-06-10 00:22:14,738 - train.py[line:105] - INFO: val_recall: 0.472259, val_ndcg: 0.509586, val_hit_rate: 0.890431, train_loss: 3.690847
2022-06-10 00:22:14,738 - train.py[line:106] - INFO: lowerboundary:-1.2193318605422974  upperboundary:1.1690237522125244 stddev:0.4867151379585266
2022-06-10 00:22:25,383 - train.py[line:96] - INFO: step:23000
2022-06-10 00:22:30,995 - train.py[line:105] - INFO: val_recall: 0.473496, val_ndcg: 0.508458, val_hit_rate: 0.893438, train_loss: 3.672657
2022-06-10 00:22:30,995 - train.py[line:106] - INFO: lowerboundary:-1.2193318605422974  upperboundary:1.1690237522125244 stddev:0.4869842827320099
2022-06-10 00:22:42,246 - train.py[line:96] - INFO: step:23500
2022-06-10 00:22:48,608 - train.py[line:105] - INFO: val_recall: 0.472439, val_ndcg: 0.508636, val_hit_rate: 0.893780, train_loss: 3.686876
2022-06-10 00:22:48,608 - train.py[line:106] - INFO: lowerboundary:-1.2193318605422974  upperboundary:1.2124360799789429 stddev:0.4885251224040985
2022-06-10 00:22:59,097 - train.py[line:96] - INFO: step:24000
2022-06-10 00:23:05,774 - train.py[line:105] - INFO: val_recall: 0.474810, val_ndcg: 0.513263, val_hit_rate: 0.894463, train_loss: 3.675937
2022-06-10 00:23:05,774 - train.py[line:106] - INFO: lowerboundary:-1.2318511009216309  upperboundary:1.2247127294540405 stddev:0.4904479682445526
2022-06-10 00:23:16,550 - train.py[line:96] - INFO: step:24500
2022-06-10 00:23:21,990 - train.py[line:105] - INFO: val_recall: 0.474392, val_ndcg: 0.514410, val_hit_rate: 0.895147, train_loss: 3.662992
2022-06-10 00:23:21,991 - train.py[line:106] - INFO: lowerboundary:-1.2574745416641235  upperboundary:1.2247127294540405 stddev:0.49126505851745605
2022-06-10 00:23:31,726 - train.py[line:96] - INFO: step:25000
2022-06-10 00:23:37,020 - train.py[line:105] - INFO: val_recall: 0.475581, val_ndcg: 0.516097, val_hit_rate: 0.895215, train_loss: 3.647647
2022-06-10 00:23:37,020 - train.py[line:106] - INFO: lowerboundary:-1.2752068042755127  upperboundary:1.2247127294540405 stddev:0.4933595359325409
2022-06-10 00:23:47,890 - train.py[line:96] - INFO: step:25500
2022-06-10 00:23:54,297 - train.py[line:105] - INFO: val_recall: 0.475050, val_ndcg: 0.517938, val_hit_rate: 0.894668, train_loss: 3.650468
2022-06-10 00:23:54,298 - train.py[line:106] - INFO: lowerboundary:-1.2942917346954346  upperboundary:1.2247127294540405 stddev:0.49461495876312256
2022-06-10 00:24:04,324 - train.py[line:96] - INFO: step:26000
2022-06-10 00:24:10,852 - train.py[line:105] - INFO: val_recall: 0.474987, val_ndcg: 0.518022, val_hit_rate: 0.895967, train_loss: 3.662746
2022-06-10 00:24:10,852 - train.py[line:106] - INFO: lowerboundary:-1.3073108196258545  upperboundary:1.2247127294540405 stddev:0.4960678517818451
2022-06-10 00:24:21,126 - train.py[line:96] - INFO: step:26500
2022-06-10 00:24:26,837 - train.py[line:105] - INFO: val_recall: 0.475959, val_ndcg: 0.521729, val_hit_rate: 0.897539, train_loss: 3.648043
2022-06-10 00:24:26,837 - train.py[line:106] - INFO: lowerboundary:-1.3111944198608398  upperboundary:1.2299405336380005 stddev:0.49616894125938416
2022-06-10 00:24:37,477 - train.py[line:96] - INFO: step:27000
2022-06-10 00:24:42,665 - train.py[line:105] - INFO: val_recall: 0.475598, val_ndcg: 0.516596, val_hit_rate: 0.896241, train_loss: 3.629609
2022-06-10 00:24:42,665 - train.py[line:106] - INFO: lowerboundary:-1.316224217414856  upperboundary:1.2579309940338135 stddev:0.4973444938659668
2022-06-10 00:24:52,883 - train.py[line:96] - INFO: step:27500
2022-06-10 00:24:58,955 - train.py[line:105] - INFO: val_recall: 0.477625, val_ndcg: 0.522556, val_hit_rate: 0.899043, train_loss: 3.614173
2022-06-10 00:24:58,956 - train.py[line:106] - INFO: lowerboundary:-1.3352861404418945  upperboundary:1.2579309940338135 stddev:0.49763885140419006
2022-06-10 00:25:09,964 - train.py[line:96] - INFO: step:28000
2022-06-10 00:25:16,395 - train.py[line:105] - INFO: val_recall: 0.473749, val_ndcg: 0.519727, val_hit_rate: 0.894805, train_loss: 3.619534
2022-06-10 00:25:16,395 - train.py[line:106] - INFO: lowerboundary:-1.3354685306549072  upperboundary:1.2579309940338135 stddev:0.4998670220375061
2022-06-10 00:25:26,767 - train.py[line:96] - INFO: step:28500
2022-06-10 00:25:32,974 - train.py[line:105] - INFO: val_recall: 0.478273, val_ndcg: 0.526042, val_hit_rate: 0.900205, train_loss: 3.614566
2022-06-10 00:25:32,974 - train.py[line:106] - INFO: lowerboundary:-1.3547477722167969  upperboundary:1.2606090307235718 stddev:0.5015649795532227
2022-06-10 00:25:43,739 - train.py[line:96] - INFO: step:29000
2022-06-10 00:25:49,019 - train.py[line:105] - INFO: val_recall: 0.474309, val_ndcg: 0.524695, val_hit_rate: 0.896514, train_loss: 3.578627
2022-06-10 00:25:49,019 - train.py[line:106] - INFO: lowerboundary:-1.3630955219268799  upperboundary:1.2624802589416504 stddev:0.5015649795532227
2022-06-10 00:25:58,795 - train.py[line:96] - INFO: step:29500
2022-06-10 00:26:04,239 - train.py[line:105] - INFO: val_recall: 0.477022, val_ndcg: 0.524321, val_hit_rate: 0.900273, train_loss: 3.603613
2022-06-10 00:26:04,240 - train.py[line:106] - INFO: lowerboundary:-1.374139428138733  upperboundary:1.292245626449585 stddev:0.5015649795532227
2022-06-10 00:26:14,229 - train.py[line:96] - INFO: step:30000
2022-06-10 00:26:20,874 - train.py[line:105] - INFO: val_recall: 0.480048, val_ndcg: 0.531422, val_hit_rate: 0.903349, train_loss: 3.578600
2022-06-10 00:26:20,874 - train.py[line:106] - INFO: lowerboundary:-1.374139428138733  upperboundary:1.292245626449585 stddev:0.5018706321716309
2022-06-10 00:26:32,018 - train.py[line:96] - INFO: step:30500
2022-06-10 00:26:38,402 - train.py[line:105] - INFO: val_recall: 0.478692, val_ndcg: 0.525408, val_hit_rate: 0.901367, train_loss: 3.573543
2022-06-10 00:26:38,402 - train.py[line:106] - INFO: lowerboundary:-1.374139428138733  upperboundary:1.292245626449585 stddev:0.5018706321716309
2022-06-10 00:26:48,767 - train.py[line:96] - INFO: step:31000
2022-06-10 00:26:54,360 - train.py[line:105] - INFO: val_recall: 0.478079, val_ndcg: 0.533455, val_hit_rate: 0.903144, train_loss: 3.581929
2022-06-10 00:26:54,361 - train.py[line:106] - INFO: lowerboundary:-1.374139428138733  upperboundary:1.313387393951416 stddev:0.505873441696167
2022-06-10 00:27:04,250 - train.py[line:96] - INFO: step:31500
2022-06-10 00:27:09,409 - train.py[line:105] - INFO: val_recall: 0.478014, val_ndcg: 0.528777, val_hit_rate: 0.901230, train_loss: 3.596393
2022-06-10 00:27:09,409 - train.py[line:106] - INFO: lowerboundary:-1.3993664979934692  upperboundary:1.3343393802642822 stddev:0.505873441696167
2022-06-10 00:27:19,632 - train.py[line:96] - INFO: step:32000
2022-06-10 00:27:25,960 - train.py[line:105] - INFO: val_recall: 0.476963, val_ndcg: 0.532711, val_hit_rate: 0.900615, train_loss: 3.560091
2022-06-10 00:27:25,960 - train.py[line:106] - INFO: lowerboundary:-1.3993664979934692  upperboundary:1.3651483058929443 stddev:0.505873441696167
2022-06-10 00:27:25,961 - train.py[line:138] - INFO: testing!
2022-06-10 00:27:31,429 - train.py[line:144] - INFO: test_num: 14630.000000, test_recall: 0.480048, test_ndcg: 0.531422, test_hit_rate: 0.903349
