2022-06-10 08:20:59,267 - train.py[line:211] - INFO: max_iter: 300000
2022-06-10 08:20:59,268 - train.py[line:214] - INFO: {'ISCS': True,
 'batch_size': 128,
 'begin_time': '2022-06-10_08:20:57',
 'best_recall': 0.0,
 'coef': 0.0,
 'data_path': 'data',
 'dataset': 'ml_nf',
 'domain_index': 1,
 'domain_num': 1,
 'dropout': 0.3,
 'embedding_dim': 64,
 'embedding_num': 64,
 'exp_name': 'DNN-ml_nf-1-vqvae-ISCS-new',
 'item_count': 5579,
 'lower_boundary': -1,
 'lr': 0.001,
 'max_len': 20,
 'max_step': 300000,
 'model': 'DNN',
 'only_test_last_one': False,
 'patience': 3,
 'restore_path': 'save/DNN-ml_nf-0-vqvae-ISCS-new/model.ckpt',
 'save_path': 'save/DNN-ml_nf-1-vqvae-ISCS-new',
 'seed': 19,
 'self_attn': False,
 'stddev': 0.1,
 'test_iter': 500,
 'topN': 50,
 'upper_boundary': 1,
 'vqvae': True}
2022-06-10 08:21:01,187 - train.py[line:255] - INFO: train begin
2022-06-10 08:21:01,187 - train.py[line:259] - INFO: restore model from save/DNN-ml_nf-0-vqvae-ISCS-new/model.ckpt
2022-06-10 08:21:11,211 - train.py[line:96] - INFO: step:500
2022-06-10 08:21:16,027 - train.py[line:105] - INFO: val_recall: 0.355094, val_ndcg: 0.292773, val_hit_rate: 0.671907, train_loss: 5.814426
2022-06-10 08:21:16,027 - train.py[line:106] - INFO: lowerboundary:-1  upperboundary:1 stddev:0.27761760354042053
2022-06-10 08:21:26,074 - train.py[line:96] - INFO: step:1000
2022-06-10 08:21:30,734 - train.py[line:105] - INFO: val_recall: 0.371139, val_ndcg: 0.312436, val_hit_rate: 0.698018, train_loss: 5.330108
2022-06-10 08:21:30,735 - train.py[line:106] - INFO: lowerboundary:-1  upperboundary:1 stddev:0.32532402873039246
2022-06-10 08:21:40,425 - train.py[line:96] - INFO: step:1500
2022-06-10 08:21:45,580 - train.py[line:105] - INFO: val_recall: 0.380852, val_ndcg: 0.327086, val_hit_rate: 0.715858, train_loss: 5.156587
2022-06-10 08:21:45,580 - train.py[line:106] - INFO: lowerboundary:-1  upperboundary:1 stddev:0.35036149621009827
2022-06-10 08:21:55,237 - train.py[line:96] - INFO: step:2000
2022-06-10 08:21:59,805 - train.py[line:105] - INFO: val_recall: 0.386989, val_ndcg: 0.335936, val_hit_rate: 0.729460, train_loss: 5.040707
2022-06-10 08:21:59,806 - train.py[line:106] - INFO: lowerboundary:-1.0235981941223145  upperboundary:1 stddev:0.3760773837566376
2022-06-10 08:22:09,378 - train.py[line:96] - INFO: step:2500
2022-06-10 08:22:14,004 - train.py[line:105] - INFO: val_recall: 0.391610, val_ndcg: 0.343142, val_hit_rate: 0.736842, train_loss: 4.941011
2022-06-10 08:22:14,004 - train.py[line:106] - INFO: lowerboundary:-1.0235981941223145  upperboundary:1 stddev:0.39363113045692444
2022-06-10 08:22:23,742 - train.py[line:96] - INFO: step:3000
2022-06-10 08:22:28,477 - train.py[line:105] - INFO: val_recall: 0.397150, val_ndcg: 0.358795, val_hit_rate: 0.748530, train_loss: 4.842742
2022-06-10 08:22:28,477 - train.py[line:106] - INFO: lowerboundary:-1.0235981941223145  upperboundary:1 stddev:0.4110313951969147
2022-06-10 08:22:38,129 - train.py[line:96] - INFO: step:3500
2022-06-10 08:22:42,709 - train.py[line:105] - INFO: val_recall: 0.400938, val_ndcg: 0.358042, val_hit_rate: 0.756459, train_loss: 4.800881
2022-06-10 08:22:42,709 - train.py[line:106] - INFO: lowerboundary:-1.0501457452774048  upperboundary:1 stddev:0.4207988381385803
2022-06-10 08:22:52,449 - train.py[line:96] - INFO: step:4000
2022-06-10 08:22:57,045 - train.py[line:105] - INFO: val_recall: 0.404998, val_ndcg: 0.367309, val_hit_rate: 0.764183, train_loss: 4.711752
2022-06-10 08:22:57,045 - train.py[line:106] - INFO: lowerboundary:-1.068805456161499  upperboundary:1.0200892686843872 stddev:0.435677707195282
2022-06-10 08:23:06,589 - train.py[line:96] - INFO: step:4500
2022-06-10 08:23:11,563 - train.py[line:105] - INFO: val_recall: 0.407567, val_ndcg: 0.372359, val_hit_rate: 0.770472, train_loss: 4.663252
2022-06-10 08:23:11,564 - train.py[line:106] - INFO: lowerboundary:-1.087177038192749  upperboundary:1.0675442218780518 stddev:0.44782301783561707
2022-06-10 08:23:21,380 - train.py[line:96] - INFO: step:5000
2022-06-10 08:23:26,188 - train.py[line:105] - INFO: val_recall: 0.411252, val_ndcg: 0.381541, val_hit_rate: 0.778264, train_loss: 4.604497
2022-06-10 08:23:26,188 - train.py[line:106] - INFO: lowerboundary:-1.09615957736969  upperboundary:1.1072914600372314 stddev:0.45519647002220154
2022-06-10 08:23:35,860 - train.py[line:96] - INFO: step:5500
2022-06-10 08:23:40,684 - train.py[line:105] - INFO: val_recall: 0.417331, val_ndcg: 0.385527, val_hit_rate: 0.788585, train_loss: 4.554542
2022-06-10 08:23:40,684 - train.py[line:106] - INFO: lowerboundary:-1.09615957736969  upperboundary:1.1548711061477661 stddev:0.4653994143009186
2022-06-10 08:23:50,635 - train.py[line:96] - INFO: step:6000
2022-06-10 08:23:55,505 - train.py[line:105] - INFO: val_recall: 0.417996, val_ndcg: 0.392766, val_hit_rate: 0.789679, train_loss: 4.508793
2022-06-10 08:23:55,505 - train.py[line:106] - INFO: lowerboundary:-1.1068328619003296  upperboundary:1.1829885244369507 stddev:0.4753347635269165
2022-06-10 08:24:05,134 - train.py[line:96] - INFO: step:6500
2022-06-10 08:24:09,945 - train.py[line:105] - INFO: val_recall: 0.418276, val_ndcg: 0.390721, val_hit_rate: 0.792003, train_loss: 4.475477
2022-06-10 08:24:09,945 - train.py[line:106] - INFO: lowerboundary:-1.1068328619003296  upperboundary:1.2012866735458374 stddev:0.48435884714126587
2022-06-10 08:24:19,736 - train.py[line:96] - INFO: step:7000
2022-06-10 08:24:24,454 - train.py[line:105] - INFO: val_recall: 0.421104, val_ndcg: 0.396307, val_hit_rate: 0.797129, train_loss: 4.441042
2022-06-10 08:24:24,454 - train.py[line:106] - INFO: lowerboundary:-1.110464096069336  upperboundary:1.2272281646728516 stddev:0.4924614131450653
2022-06-10 08:24:34,135 - train.py[line:96] - INFO: step:7500
2022-06-10 08:24:38,827 - train.py[line:105] - INFO: val_recall: 0.423631, val_ndcg: 0.399700, val_hit_rate: 0.800342, train_loss: 4.397701
2022-06-10 08:24:38,828 - train.py[line:106] - INFO: lowerboundary:-1.1206982135772705  upperboundary:1.2508577108383179 stddev:0.5029604434967041
2022-06-10 08:24:48,647 - train.py[line:96] - INFO: step:8000
2022-06-10 08:24:53,311 - train.py[line:105] - INFO: val_recall: 0.424991, val_ndcg: 0.405472, val_hit_rate: 0.804785, train_loss: 4.350217
2022-06-10 08:24:53,311 - train.py[line:106] - INFO: lowerboundary:-1.131280541419983  upperboundary:1.2723865509033203 stddev:0.5101420879364014
2022-06-10 08:25:03,065 - train.py[line:96] - INFO: step:8500
2022-06-10 08:25:07,777 - train.py[line:105] - INFO: val_recall: 0.428447, val_ndcg: 0.410805, val_hit_rate: 0.809228, train_loss: 4.336376
2022-06-10 08:25:07,777 - train.py[line:106] - INFO: lowerboundary:-1.131280541419983  upperboundary:1.2988474369049072 stddev:0.5205450057983398
2022-06-10 08:25:17,609 - train.py[line:96] - INFO: step:9000
2022-06-10 08:25:22,226 - train.py[line:105] - INFO: val_recall: 0.429468, val_ndcg: 0.411266, val_hit_rate: 0.809774, train_loss: 4.309775
2022-06-10 08:25:22,226 - train.py[line:106] - INFO: lowerboundary:-1.131280541419983  upperboundary:1.3227449655532837 stddev:0.5269288420677185
2022-06-10 08:25:32,107 - train.py[line:96] - INFO: step:9500
2022-06-10 08:25:36,781 - train.py[line:105] - INFO: val_recall: 0.430741, val_ndcg: 0.414677, val_hit_rate: 0.812167, train_loss: 4.267824
2022-06-10 08:25:36,781 - train.py[line:106] - INFO: lowerboundary:-1.131280541419983  upperboundary:1.3470731973648071 stddev:0.5336080193519592
2022-06-10 08:25:46,580 - train.py[line:96] - INFO: step:10000
2022-06-10 08:25:51,145 - train.py[line:105] - INFO: val_recall: 0.433016, val_ndcg: 0.417089, val_hit_rate: 0.816336, train_loss: 4.241321
2022-06-10 08:25:51,146 - train.py[line:106] - INFO: lowerboundary:-1.144144058227539  upperboundary:1.360977292060852 stddev:0.5448355674743652
2022-06-10 08:26:00,955 - train.py[line:96] - INFO: step:10500
2022-06-10 08:26:05,716 - train.py[line:105] - INFO: val_recall: 0.433149, val_ndcg: 0.416912, val_hit_rate: 0.817977, train_loss: 4.218537
2022-06-10 08:26:05,717 - train.py[line:106] - INFO: lowerboundary:-1.1475332975387573  upperboundary:1.37217116355896 stddev:0.5471549034118652
2022-06-10 08:26:15,773 - train.py[line:96] - INFO: step:11000
2022-06-10 08:26:20,433 - train.py[line:105] - INFO: val_recall: 0.435803, val_ndcg: 0.422967, val_hit_rate: 0.823718, train_loss: 4.201270
2022-06-10 08:26:20,433 - train.py[line:106] - INFO: lowerboundary:-1.1475332975387573  upperboundary:1.3820137977600098 stddev:0.5552306771278381
2022-06-10 08:26:30,374 - train.py[line:96] - INFO: step:11500
2022-06-10 08:26:35,216 - train.py[line:105] - INFO: val_recall: 0.437413, val_ndcg: 0.421797, val_hit_rate: 0.825564, train_loss: 4.163945
2022-06-10 08:26:35,216 - train.py[line:106] - INFO: lowerboundary:-1.1475332975387573  upperboundary:1.3920587301254272 stddev:0.5624143481254578
2022-06-10 08:26:44,918 - train.py[line:96] - INFO: step:12000
2022-06-10 08:26:49,773 - train.py[line:105] - INFO: val_recall: 0.438610, val_ndcg: 0.429297, val_hit_rate: 0.828366, train_loss: 4.149763
2022-06-10 08:26:49,773 - train.py[line:106] - INFO: lowerboundary:-1.1475332975387573  upperboundary:1.406919240951538 stddev:0.568727433681488
2022-06-10 08:26:59,589 - train.py[line:96] - INFO: step:12500
2022-06-10 08:27:04,310 - train.py[line:105] - INFO: val_recall: 0.439513, val_ndcg: 0.431980, val_hit_rate: 0.832262, train_loss: 4.112511
2022-06-10 08:27:04,310 - train.py[line:106] - INFO: lowerboundary:-1.1475332975387573  upperboundary:1.4134448766708374 stddev:0.57167649269104
2022-06-10 08:27:14,050 - train.py[line:96] - INFO: step:13000
2022-06-10 08:27:19,135 - train.py[line:105] - INFO: val_recall: 0.440402, val_ndcg: 0.435818, val_hit_rate: 0.832604, train_loss: 4.089753
2022-06-10 08:27:19,135 - train.py[line:106] - INFO: lowerboundary:-1.1475332975387573  upperboundary:1.4273719787597656 stddev:0.5790410041809082
2022-06-10 08:27:29,109 - train.py[line:96] - INFO: step:13500
2022-06-10 08:27:33,829 - train.py[line:105] - INFO: val_recall: 0.442220, val_ndcg: 0.435300, val_hit_rate: 0.835065, train_loss: 4.083635
2022-06-10 08:27:33,829 - train.py[line:106] - INFO: lowerboundary:-1.1475332975387573  upperboundary:1.443055272102356 stddev:0.58414626121521
2022-06-10 08:27:43,756 - train.py[line:96] - INFO: step:14000
2022-06-10 08:27:48,632 - train.py[line:105] - INFO: val_recall: 0.445700, val_ndcg: 0.438262, val_hit_rate: 0.841832, train_loss: 4.068147
2022-06-10 08:27:48,632 - train.py[line:106] - INFO: lowerboundary:-1.1475332975387573  upperboundary:1.4515445232391357 stddev:0.589823842048645
2022-06-10 08:27:58,560 - train.py[line:96] - INFO: step:14500
2022-06-10 08:28:03,229 - train.py[line:105] - INFO: val_recall: 0.446844, val_ndcg: 0.439926, val_hit_rate: 0.842584, train_loss: 4.048034
2022-06-10 08:28:03,229 - train.py[line:106] - INFO: lowerboundary:-1.1475332975387573  upperboundary:1.4561970233917236 stddev:0.5927836894989014
2022-06-10 08:28:13,144 - train.py[line:96] - INFO: step:15000
2022-06-10 08:28:17,771 - train.py[line:105] - INFO: val_recall: 0.446526, val_ndcg: 0.444745, val_hit_rate: 0.843882, train_loss: 4.035305
2022-06-10 08:28:17,771 - train.py[line:106] - INFO: lowerboundary:-1.1475332975387573  upperboundary:1.4599487781524658 stddev:0.5966183543205261
2022-06-10 08:28:27,102 - train.py[line:96] - INFO: step:15500
2022-06-10 08:28:31,870 - train.py[line:105] - INFO: val_recall: 0.447485, val_ndcg: 0.442470, val_hit_rate: 0.844224, train_loss: 4.002834
2022-06-10 08:28:31,870 - train.py[line:106] - INFO: lowerboundary:-1.1475332975387573  upperboundary:1.466583013534546 stddev:0.5986352562904358
2022-06-10 08:28:41,818 - train.py[line:96] - INFO: step:16000
2022-06-10 08:28:46,407 - train.py[line:105] - INFO: val_recall: 0.449568, val_ndcg: 0.451855, val_hit_rate: 0.847710, train_loss: 3.982258
2022-06-10 08:28:46,407 - train.py[line:106] - INFO: lowerboundary:-1.1498901844024658  upperboundary:1.4758079051971436 stddev:0.6025286912918091
2022-06-10 08:28:56,642 - train.py[line:96] - INFO: step:16500
2022-06-10 08:29:01,361 - train.py[line:105] - INFO: val_recall: 0.451016, val_ndcg: 0.449054, val_hit_rate: 0.852221, train_loss: 3.972183
2022-06-10 08:29:01,361 - train.py[line:106] - INFO: lowerboundary:-1.163658857345581  upperboundary:1.4790538549423218 stddev:0.6060259342193604
2022-06-10 08:29:11,267 - train.py[line:96] - INFO: step:17000
2022-06-10 08:29:15,912 - train.py[line:105] - INFO: val_recall: 0.450717, val_ndcg: 0.452980, val_hit_rate: 0.851675, train_loss: 3.955571
2022-06-10 08:29:15,913 - train.py[line:106] - INFO: lowerboundary:-1.163658857345581  upperboundary:1.4804303646087646 stddev:0.609084963798523
2022-06-10 08:29:25,309 - train.py[line:96] - INFO: step:17500
2022-06-10 08:29:29,994 - train.py[line:105] - INFO: val_recall: 0.451830, val_ndcg: 0.458373, val_hit_rate: 0.853315, train_loss: 3.930898
2022-06-10 08:29:29,994 - train.py[line:106] - INFO: lowerboundary:-1.1678398847579956  upperboundary:1.484863042831421 stddev:0.609084963798523
2022-06-10 08:29:39,751 - train.py[line:96] - INFO: step:18000
2022-06-10 08:29:44,358 - train.py[line:105] - INFO: val_recall: 0.452253, val_ndcg: 0.458129, val_hit_rate: 0.853589, train_loss: 3.918592
2022-06-10 08:29:44,358 - train.py[line:106] - INFO: lowerboundary:-1.1731762886047363  upperboundary:1.4869863986968994 stddev:0.6122739911079407
2022-06-10 08:29:54,254 - train.py[line:96] - INFO: step:18500
2022-06-10 08:29:59,298 - train.py[line:105] - INFO: val_recall: 0.453704, val_ndcg: 0.459530, val_hit_rate: 0.855502, train_loss: 3.901046
2022-06-10 08:29:59,299 - train.py[line:106] - INFO: lowerboundary:-1.1997785568237305  upperboundary:1.4881664514541626 stddev:0.6143153309822083
2022-06-10 08:30:09,373 - train.py[line:96] - INFO: step:19000
2022-06-10 08:30:14,007 - train.py[line:105] - INFO: val_recall: 0.456032, val_ndcg: 0.468177, val_hit_rate: 0.859877, train_loss: 3.888056
2022-06-10 08:30:14,007 - train.py[line:106] - INFO: lowerboundary:-1.2096905708312988  upperboundary:1.4881664514541626 stddev:0.61741042137146
2022-06-10 08:30:23,925 - train.py[line:96] - INFO: step:19500
2022-06-10 08:30:28,611 - train.py[line:105] - INFO: val_recall: 0.454061, val_ndcg: 0.460678, val_hit_rate: 0.857553, train_loss: 3.863906
2022-06-10 08:30:28,611 - train.py[line:106] - INFO: lowerboundary:-1.2096905708312988  upperboundary:1.4881664514541626 stddev:0.6185214519500732
2022-06-10 08:30:38,165 - train.py[line:96] - INFO: step:20000
2022-06-10 08:30:43,031 - train.py[line:105] - INFO: val_recall: 0.457525, val_ndcg: 0.465540, val_hit_rate: 0.862953, train_loss: 3.873175
2022-06-10 08:30:43,032 - train.py[line:106] - INFO: lowerboundary:-1.2136366367340088  upperboundary:1.4923217296600342 stddev:0.6208103895187378
2022-06-10 08:30:53,089 - train.py[line:96] - INFO: step:20500
2022-06-10 08:30:57,867 - train.py[line:105] - INFO: val_recall: 0.457607, val_ndcg: 0.470160, val_hit_rate: 0.863500, train_loss: 3.849466
2022-06-10 08:30:57,867 - train.py[line:106] - INFO: lowerboundary:-1.2308475971221924  upperboundary:1.4949244260787964 stddev:0.6210403442382812
2022-06-10 08:31:07,792 - train.py[line:96] - INFO: step:21000
2022-06-10 08:31:12,357 - train.py[line:105] - INFO: val_recall: 0.458392, val_ndcg: 0.467950, val_hit_rate: 0.864457, train_loss: 3.854874
2022-06-10 08:31:12,358 - train.py[line:106] - INFO: lowerboundary:-1.2308475971221924  upperboundary:1.4949244260787964 stddev:0.6213372945785522
2022-06-10 08:31:22,341 - train.py[line:96] - INFO: step:21500
2022-06-10 08:31:27,435 - train.py[line:105] - INFO: val_recall: 0.457828, val_ndcg: 0.468335, val_hit_rate: 0.864388, train_loss: 3.823508
2022-06-10 08:31:27,435 - train.py[line:106] - INFO: lowerboundary:-1.2376235723495483  upperboundary:1.4949244260787964 stddev:0.6218891739845276
2022-06-10 08:31:37,039 - train.py[line:96] - INFO: step:22000
2022-06-10 08:31:41,799 - train.py[line:105] - INFO: val_recall: 0.459276, val_ndcg: 0.475882, val_hit_rate: 0.864662, train_loss: 3.823407
2022-06-10 08:31:41,799 - train.py[line:106] - INFO: lowerboundary:-1.272731900215149  upperboundary:1.4949244260787964 stddev:0.6257352232933044
2022-06-10 08:31:51,744 - train.py[line:96] - INFO: step:22500
2022-06-10 08:31:56,490 - train.py[line:105] - INFO: val_recall: 0.461406, val_ndcg: 0.479137, val_hit_rate: 0.867874, train_loss: 3.805709
2022-06-10 08:31:56,491 - train.py[line:106] - INFO: lowerboundary:-1.3018991947174072  upperboundary:1.496443271636963 stddev:0.6257352232933044
2022-06-10 08:32:06,558 - train.py[line:96] - INFO: step:23000
2022-06-10 08:32:11,268 - train.py[line:105] - INFO: val_recall: 0.460922, val_ndcg: 0.474825, val_hit_rate: 0.868421, train_loss: 3.790143
2022-06-10 08:32:11,268 - train.py[line:106] - INFO: lowerboundary:-1.3127493858337402  upperboundary:1.4989508390426636 stddev:0.625857412815094
2022-06-10 08:32:20,771 - train.py[line:96] - INFO: step:23500
2022-06-10 08:32:25,576 - train.py[line:105] - INFO: val_recall: 0.462748, val_ndcg: 0.476996, val_hit_rate: 0.870813, train_loss: 3.805250
2022-06-10 08:32:25,577 - train.py[line:106] - INFO: lowerboundary:-1.3508877754211426  upperboundary:1.5026341676712036 stddev:0.6269766688346863
2022-06-10 08:32:35,592 - train.py[line:96] - INFO: step:24000
2022-06-10 08:32:40,448 - train.py[line:105] - INFO: val_recall: 0.462560, val_ndcg: 0.478990, val_hit_rate: 0.870198, train_loss: 3.782783
2022-06-10 08:32:40,448 - train.py[line:106] - INFO: lowerboundary:-1.3653706312179565  upperboundary:1.505211591720581 stddev:0.6282684803009033
2022-06-10 08:32:49,952 - train.py[line:96] - INFO: step:24500
2022-06-10 08:32:55,257 - train.py[line:105] - INFO: val_recall: 0.462057, val_ndcg: 0.479509, val_hit_rate: 0.870062, train_loss: 3.771278
2022-06-10 08:32:55,258 - train.py[line:106] - INFO: lowerboundary:-1.3653706312179565  upperboundary:1.50906503200531 stddev:0.6282684803009033
2022-06-10 08:33:04,761 - train.py[line:96] - INFO: step:25000
2022-06-10 08:33:09,369 - train.py[line:105] - INFO: val_recall: 0.462865, val_ndcg: 0.480468, val_hit_rate: 0.871224, train_loss: 3.758112
2022-06-10 08:33:09,369 - train.py[line:106] - INFO: lowerboundary:-1.3874691724777222  upperboundary:1.5113554000854492 stddev:0.6304391026496887
2022-06-10 08:33:19,432 - train.py[line:96] - INFO: step:25500
2022-06-10 08:33:24,103 - train.py[line:105] - INFO: val_recall: 0.464031, val_ndcg: 0.484908, val_hit_rate: 0.872796, train_loss: 3.763295
2022-06-10 08:33:24,103 - train.py[line:106] - INFO: lowerboundary:-1.4067517518997192  upperboundary:1.5149868726730347 stddev:0.6318703293800354
2022-06-10 08:33:34,076 - train.py[line:96] - INFO: step:26000
2022-06-10 08:33:38,778 - train.py[line:105] - INFO: val_recall: 0.464291, val_ndcg: 0.486181, val_hit_rate: 0.872932, train_loss: 3.762452
2022-06-10 08:33:38,779 - train.py[line:106] - INFO: lowerboundary:-1.4067517518997192  upperboundary:1.5176880359649658 stddev:0.6319300532341003
2022-06-10 08:33:48,839 - train.py[line:96] - INFO: step:26500
2022-06-10 08:33:53,679 - train.py[line:105] - INFO: val_recall: 0.465475, val_ndcg: 0.487191, val_hit_rate: 0.876350, train_loss: 3.749853
2022-06-10 08:33:53,679 - train.py[line:106] - INFO: lowerboundary:-1.4067517518997192  upperboundary:1.521101951599121 stddev:0.6319300532341003
2022-06-10 08:34:03,671 - train.py[line:96] - INFO: step:27000
2022-06-10 08:34:08,293 - train.py[line:105] - INFO: val_recall: 0.465988, val_ndcg: 0.485876, val_hit_rate: 0.876487, train_loss: 3.727085
2022-06-10 08:34:08,293 - train.py[line:106] - INFO: lowerboundary:-1.4580254554748535  upperboundary:1.523196816444397 stddev:0.6323769688606262
2022-06-10 08:34:18,283 - train.py[line:96] - INFO: step:27500
2022-06-10 08:34:23,051 - train.py[line:105] - INFO: val_recall: 0.466525, val_ndcg: 0.490260, val_hit_rate: 0.877717, train_loss: 3.717607
2022-06-10 08:34:23,051 - train.py[line:106] - INFO: lowerboundary:-1.4580254554748535  upperboundary:1.5238680839538574 stddev:0.6326969861984253
2022-06-10 08:34:33,105 - train.py[line:96] - INFO: step:28000
2022-06-10 08:34:37,674 - train.py[line:105] - INFO: val_recall: 0.466502, val_ndcg: 0.485887, val_hit_rate: 0.877444, train_loss: 3.721900
2022-06-10 08:34:37,674 - train.py[line:106] - INFO: lowerboundary:-1.4580254554748535  upperboundary:1.5247802734375 stddev:0.6347679495811462
2022-06-10 08:34:47,295 - train.py[line:96] - INFO: step:28500
2022-06-10 08:34:52,194 - train.py[line:105] - INFO: val_recall: 0.466079, val_ndcg: 0.490632, val_hit_rate: 0.877375, train_loss: 3.712144
2022-06-10 08:34:52,194 - train.py[line:106] - INFO: lowerboundary:-1.4823085069656372  upperboundary:1.5259896516799927 stddev:0.636674165725708
2022-06-10 08:35:01,926 - train.py[line:96] - INFO: step:29000
2022-06-10 08:35:06,750 - train.py[line:105] - INFO: val_recall: 0.467625, val_ndcg: 0.496266, val_hit_rate: 0.879016, train_loss: 3.677695
2022-06-10 08:35:06,750 - train.py[line:106] - INFO: lowerboundary:-1.5011537075042725  upperboundary:1.5283517837524414 stddev:0.636674165725708
2022-06-10 08:35:16,903 - train.py[line:96] - INFO: step:29500
2022-06-10 08:35:21,826 - train.py[line:105] - INFO: val_recall: 0.467970, val_ndcg: 0.499046, val_hit_rate: 0.881135, train_loss: 3.703501
2022-06-10 08:35:21,826 - train.py[line:106] - INFO: lowerboundary:-1.5166749954223633  upperboundary:1.5289777517318726 stddev:0.636674165725708
2022-06-10 08:35:31,827 - train.py[line:96] - INFO: step:30000
2022-06-10 08:35:36,647 - train.py[line:105] - INFO: val_recall: 0.468317, val_ndcg: 0.496510, val_hit_rate: 0.880588, train_loss: 3.664268
2022-06-10 08:35:36,647 - train.py[line:106] - INFO: lowerboundary:-1.5338852405548096  upperboundary:1.5313644409179688 stddev:0.636674165725708
2022-06-10 08:35:46,905 - train.py[line:96] - INFO: step:30500
2022-06-10 08:35:51,563 - train.py[line:105] - INFO: val_recall: 0.468523, val_ndcg: 0.496093, val_hit_rate: 0.881340, train_loss: 3.679627
2022-06-10 08:35:51,564 - train.py[line:106] - INFO: lowerboundary:-1.5405182838439941  upperboundary:1.5327324867248535 stddev:0.636674165725708
2022-06-10 08:36:01,796 - train.py[line:96] - INFO: step:31000
2022-06-10 08:36:06,388 - train.py[line:105] - INFO: val_recall: 0.469225, val_ndcg: 0.494712, val_hit_rate: 0.882160, train_loss: 3.671963
2022-06-10 08:36:06,388 - train.py[line:106] - INFO: lowerboundary:-1.5468194484710693  upperboundary:1.5345499515533447 stddev:0.640287458896637
2022-06-10 08:36:16,540 - train.py[line:96] - INFO: step:31500
2022-06-10 08:36:21,320 - train.py[line:105] - INFO: val_recall: 0.469347, val_ndcg: 0.499335, val_hit_rate: 0.882433, train_loss: 3.681778
2022-06-10 08:36:21,321 - train.py[line:106] - INFO: lowerboundary:-1.5533075332641602  upperboundary:1.5381572246551514 stddev:0.640287458896637
2022-06-10 08:36:31,552 - train.py[line:96] - INFO: step:32000
2022-06-10 08:36:36,321 - train.py[line:105] - INFO: val_recall: 0.470652, val_ndcg: 0.501343, val_hit_rate: 0.883664, train_loss: 3.658318
2022-06-10 08:36:36,321 - train.py[line:106] - INFO: lowerboundary:-1.570308804512024  upperboundary:1.5403997898101807 stddev:0.640287458896637
2022-06-10 08:36:46,536 - train.py[line:96] - INFO: step:32500
2022-06-10 08:36:51,329 - train.py[line:105] - INFO: val_recall: 0.471397, val_ndcg: 0.500758, val_hit_rate: 0.885373, train_loss: 3.651401
2022-06-10 08:36:51,329 - train.py[line:106] - INFO: lowerboundary:-1.5737009048461914  upperboundary:1.5403997898101807 stddev:0.640287458896637
2022-06-10 08:37:01,518 - train.py[line:96] - INFO: step:33000
2022-06-10 08:37:06,282 - train.py[line:105] - INFO: val_recall: 0.470716, val_ndcg: 0.499467, val_hit_rate: 0.885031, train_loss: 3.639055
2022-06-10 08:37:06,282 - train.py[line:106] - INFO: lowerboundary:-1.5776252746582031  upperboundary:1.5462753772735596 stddev:0.640287458896637
2022-06-10 08:37:16,012 - train.py[line:96] - INFO: step:33500
2022-06-10 08:37:20,780 - train.py[line:105] - INFO: val_recall: 0.471718, val_ndcg: 0.501559, val_hit_rate: 0.884894, train_loss: 3.644458
2022-06-10 08:37:20,780 - train.py[line:106] - INFO: lowerboundary:-1.5776252746582031  upperboundary:1.5705413818359375 stddev:0.640287458896637
2022-06-10 08:37:30,975 - train.py[line:96] - INFO: step:34000
2022-06-10 08:37:35,837 - train.py[line:105] - INFO: val_recall: 0.472043, val_ndcg: 0.503297, val_hit_rate: 0.886740, train_loss: 3.633690
2022-06-10 08:37:35,837 - train.py[line:106] - INFO: lowerboundary:-1.6145554780960083  upperboundary:1.6007121801376343 stddev:0.640287458896637
2022-06-10 08:37:45,973 - train.py[line:96] - INFO: step:34500
2022-06-10 08:37:50,436 - train.py[line:105] - INFO: val_recall: 0.472634, val_ndcg: 0.504416, val_hit_rate: 0.886261, train_loss: 3.641674
2022-06-10 08:37:50,436 - train.py[line:106] - INFO: lowerboundary:-1.6145554780960083  upperboundary:1.6161776781082153 stddev:0.640287458896637
2022-06-10 08:38:01,144 - train.py[line:96] - INFO: step:35000
2022-06-10 08:38:06,100 - train.py[line:105] - INFO: val_recall: 0.471980, val_ndcg: 0.505497, val_hit_rate: 0.886808, train_loss: 3.622179
2022-06-10 08:38:06,100 - train.py[line:106] - INFO: lowerboundary:-1.6145554780960083  upperboundary:1.6161776781082153 stddev:0.640287458896637
2022-06-10 08:38:15,628 - train.py[line:96] - INFO: step:35500
2022-06-10 08:38:20,453 - train.py[line:105] - INFO: val_recall: 0.473366, val_ndcg: 0.507207, val_hit_rate: 0.888448, train_loss: 3.607177
2022-06-10 08:38:20,453 - train.py[line:106] - INFO: lowerboundary:-1.6145554780960083  upperboundary:1.6161776781082153 stddev:0.640671968460083
2022-06-10 08:38:30,732 - train.py[line:96] - INFO: step:36000
2022-06-10 08:38:35,482 - train.py[line:105] - INFO: val_recall: 0.473008, val_ndcg: 0.505325, val_hit_rate: 0.888175, train_loss: 3.606198
2022-06-10 08:38:35,482 - train.py[line:106] - INFO: lowerboundary:-1.6145554780960083  upperboundary:1.6161776781082153 stddev:0.640671968460083
2022-06-10 08:38:45,045 - train.py[line:96] - INFO: step:36500
2022-06-10 08:38:50,153 - train.py[line:105] - INFO: val_recall: 0.475534, val_ndcg: 0.507482, val_hit_rate: 0.890499, train_loss: 3.588717
2022-06-10 08:38:50,154 - train.py[line:106] - INFO: lowerboundary:-1.6663923263549805  upperboundary:1.622770071029663 stddev:0.6407067775726318
2022-06-10 08:39:00,272 - train.py[line:96] - INFO: step:37000
2022-06-10 08:39:05,004 - train.py[line:105] - INFO: val_recall: 0.473677, val_ndcg: 0.506321, val_hit_rate: 0.889542, train_loss: 3.582851
2022-06-10 08:39:05,004 - train.py[line:106] - INFO: lowerboundary:-1.6840174198150635  upperboundary:1.6237382888793945 stddev:0.6407067775726318
2022-06-10 08:39:14,450 - train.py[line:96] - INFO: step:37500
2022-06-10 08:39:19,312 - train.py[line:105] - INFO: val_recall: 0.474147, val_ndcg: 0.510365, val_hit_rate: 0.890909, train_loss: 3.599353
2022-06-10 08:39:19,312 - train.py[line:106] - INFO: lowerboundary:-1.6840174198150635  upperboundary:1.6321561336517334 stddev:0.6409575343132019
2022-06-10 08:39:28,675 - train.py[line:96] - INFO: step:38000
2022-06-10 08:39:33,514 - train.py[line:105] - INFO: val_recall: 0.473104, val_ndcg: 0.510035, val_hit_rate: 0.888517, train_loss: 3.581466
2022-06-10 08:39:33,514 - train.py[line:106] - INFO: lowerboundary:-1.6840174198150635  upperboundary:1.6734381914138794 stddev:0.6412909626960754
2022-06-10 08:39:43,005 - train.py[line:96] - INFO: step:38500
2022-06-10 08:39:48,081 - train.py[line:105] - INFO: val_recall: 0.473412, val_ndcg: 0.513040, val_hit_rate: 0.891593, train_loss: 3.573617
2022-06-10 08:39:48,081 - train.py[line:106] - INFO: lowerboundary:-1.7021236419677734  upperboundary:1.685694694519043 stddev:0.6419444680213928
2022-06-10 08:39:48,082 - train.py[line:138] - INFO: testing!
2022-06-10 08:39:53,239 - train.py[line:144] - INFO: test_num: 14630.000000, test_recall: 0.475534, test_ndcg: 0.507482, test_hit_rate: 0.890499
