2022-06-13 14:45:12,033 - train.py[line:95] - INFO: step:31000
2022-06-13 14:45:26,057 - train.py[line:205] - INFO: max_iter: 300000
2022-06-13 14:45:26,058 - train.py[line:208] - INFO: {'ISCS': False,
 'batch_size': 128,
 'begin_time': '2022-06-13_14:45:25',
 'best_recall': 0.0,
 'coef': 0.0,
 'data_path': 'data',
 'dataset': 'ml_nf',
 'domain_index': 0,
 'domain_num': 1,
 'dropout': 0.3,
 'embedding_dim': 64,
 'embedding_num': 64,
 'exp_name': 'vqvae_DNN-ml_nf-0',
 'item_count': 5579,
 'lower_boundary': -1,
 'lr': 0.001,
 'max_len': 20,
 'max_step': 300000,
 'model': 'DNN',
 'only_test_last_one': False,
 'patience': 3,
 'restore_path': '',
 'save_path': 'save_bias_false/vqvae_DNN-ml_nf-0',
 'seed': 19,
 'stddev': 0.1,
 'test_iter': 500,
 'topN': 50,
 'upper_boundary': 1,
 'vqvae': True}
2022-06-13 14:45:28,589 - train.py[line:249] - INFO: train begin
2022-06-13 14:45:36,384 - train.py[line:95] - INFO: step:500
2022-06-13 14:45:45,714 - train.py[line:106] - INFO: val_recall: 0.172889, val_ndcg: 0.213264, val_hit_rate: 0.596559, train_loss: 7.064882, ce_loss: 0.000000, vqvae_loss: 0.000000
2022-06-13 14:45:45,715 - train.py[line:107] - INFO: lowerboundary:-1  upperboundary:1 stddev:0.18680177628993988
2022-06-13 14:45:53,162 - train.py[line:95] - INFO: step:1000
2022-06-13 14:46:02,417 - train.py[line:106] - INFO: val_recall: 0.225687, val_ndcg: 0.238589, val_hit_rate: 0.672079, train_loss: 6.483224, ce_loss: 0.000000, vqvae_loss: 0.000000
2022-06-13 14:46:02,417 - train.py[line:107] - INFO: lowerboundary:-1  upperboundary:1 stddev:0.22142070531845093
2022-06-13 14:46:09,913 - train.py[line:95] - INFO: step:1500
2022-06-13 14:46:19,315 - train.py[line:106] - INFO: val_recall: 0.248160, val_ndcg: 0.258900, val_hit_rate: 0.719312, train_loss: 6.270722, ce_loss: 0.000000, vqvae_loss: 0.000000
2022-06-13 14:46:19,315 - train.py[line:107] - INFO: lowerboundary:-1  upperboundary:1 stddev:0.24473516643047333
2022-06-13 14:46:26,941 - train.py[line:95] - INFO: step:2000
2022-06-13 14:46:36,502 - train.py[line:106] - INFO: val_recall: 0.262430, val_ndcg: 0.270363, val_hit_rate: 0.744539, train_loss: 6.134343, ce_loss: 0.000000, vqvae_loss: 0.000000
2022-06-13 14:46:36,503 - train.py[line:107] - INFO: lowerboundary:-1  upperboundary:1.0575543642044067 stddev:0.2685253918170929
2022-06-13 14:46:43,824 - train.py[line:95] - INFO: step:2500
2022-06-13 14:46:53,162 - train.py[line:106] - INFO: val_recall: 0.271199, val_ndcg: 0.276864, val_hit_rate: 0.753012, train_loss: 6.058041, ce_loss: 0.000000, vqvae_loss: 0.000000
2022-06-13 14:46:53,163 - train.py[line:107] - INFO: lowerboundary:-1  upperboundary:1.1448642015457153 stddev:0.2884657084941864
2022-06-13 14:47:00,381 - train.py[line:95] - INFO: step:3000
2022-06-13 14:47:09,649 - train.py[line:106] - INFO: val_recall: 0.278736, val_ndcg: 0.283026, val_hit_rate: 0.759198, train_loss: 5.994397, ce_loss: 0.000000, vqvae_loss: 0.000000
2022-06-13 14:47:09,649 - train.py[line:107] - INFO: lowerboundary:-1.1002225875854492  upperboundary:1.2170301675796509 stddev:0.2987477481365204
2022-06-13 14:47:17,218 - train.py[line:95] - INFO: step:3500
2022-06-13 14:47:26,752 - train.py[line:106] - INFO: val_recall: 0.283636, val_ndcg: 0.286261, val_hit_rate: 0.764160, train_loss: 5.926941, ce_loss: 0.000000, vqvae_loss: 0.000000
2022-06-13 14:47:26,752 - train.py[line:107] - INFO: lowerboundary:-1.1426273584365845  upperboundary:1.293832540512085 stddev:0.3068297803401947
2022-06-13 14:47:34,141 - train.py[line:95] - INFO: step:4000
2022-06-13 14:47:43,551 - train.py[line:106] - INFO: val_recall: 0.288934, val_ndcg: 0.291016, val_hit_rate: 0.771731, train_loss: 5.884737, ce_loss: 0.000000, vqvae_loss: 0.000000
2022-06-13 14:47:43,551 - train.py[line:107] - INFO: lowerboundary:-1.2248129844665527  upperboundary:1.3723145723342896 stddev:0.3278823494911194
2022-06-13 14:47:50,813 - train.py[line:95] - INFO: step:4500
2022-06-13 14:48:00,336 - train.py[line:106] - INFO: val_recall: 0.293678, val_ndcg: 0.295331, val_hit_rate: 0.776983, train_loss: 5.848215, ce_loss: 0.000000, vqvae_loss: 0.000000
2022-06-13 14:48:00,336 - train.py[line:107] - INFO: lowerboundary:-1.3048667907714844  upperboundary:1.4465153217315674 stddev:0.3455895185470581
2022-06-13 14:48:07,699 - train.py[line:95] - INFO: step:5000
2022-06-13 14:48:17,019 - train.py[line:106] - INFO: val_recall: 0.296908, val_ndcg: 0.300239, val_hit_rate: 0.782364, train_loss: 5.808155, ce_loss: 0.000000, vqvae_loss: 0.000000
2022-06-13 14:48:17,019 - train.py[line:107] - INFO: lowerboundary:-1.3963507413864136  upperboundary:1.528327465057373 stddev:0.35676905512809753
2022-06-13 14:48:24,689 - train.py[line:95] - INFO: step:5500
2022-06-13 14:48:34,238 - train.py[line:106] - INFO: val_recall: 0.302740, val_ndcg: 0.304309, val_hit_rate: 0.788324, train_loss: 5.791595, ce_loss: 0.000000, vqvae_loss: 0.000000
2022-06-13 14:48:34,238 - train.py[line:107] - INFO: lowerboundary:-1.4751967191696167  upperboundary:1.5946120023727417 stddev:0.3705049157142639
2022-06-13 14:48:41,742 - train.py[line:95] - INFO: step:6000
2022-06-13 14:48:51,379 - train.py[line:106] - INFO: val_recall: 0.305286, val_ndcg: 0.307079, val_hit_rate: 0.793157, train_loss: 5.768089, ce_loss: 0.000000, vqvae_loss: 0.000000
2022-06-13 14:48:51,380 - train.py[line:107] - INFO: lowerboundary:-1.5408501625061035  upperboundary:1.6569194793701172 stddev:0.387574166059494
2022-06-13 14:48:58,895 - train.py[line:95] - INFO: step:6500
2022-06-13 14:49:08,474 - train.py[line:106] - INFO: val_recall: 0.308351, val_ndcg: 0.311360, val_hit_rate: 0.795509, train_loss: 5.725814, ce_loss: 0.000000, vqvae_loss: 0.000000
2022-06-13 14:49:08,474 - train.py[line:107] - INFO: lowerboundary:-1.6101207733154297  upperboundary:1.7194527387619019 stddev:0.4011918008327484
2022-06-13 14:49:15,715 - train.py[line:95] - INFO: step:7000
2022-06-13 14:49:25,298 - train.py[line:106] - INFO: val_recall: 0.312590, val_ndcg: 0.314290, val_hit_rate: 0.801501, train_loss: 5.724119, ce_loss: 0.000000, vqvae_loss: 0.000000
2022-06-13 14:49:25,298 - train.py[line:107] - INFO: lowerboundary:-1.689263939857483  upperboundary:1.7888556718826294 stddev:0.4098980128765106
2022-06-13 14:49:32,699 - train.py[line:95] - INFO: step:7500
2022-06-13 14:49:42,010 - train.py[line:106] - INFO: val_recall: 0.314891, val_ndcg: 0.317489, val_hit_rate: 0.804755, train_loss: 5.683616, ce_loss: 0.000000, vqvae_loss: 0.000000
2022-06-13 14:49:42,010 - train.py[line:107] - INFO: lowerboundary:-1.763519525527954  upperboundary:1.8568072319030762 stddev:0.42207303643226624
2022-06-13 14:49:49,301 - train.py[line:95] - INFO: step:8000
2022-06-13 14:49:58,809 - train.py[line:106] - INFO: val_recall: 0.319245, val_ndcg: 0.320854, val_hit_rate: 0.810490, train_loss: 5.671257, ce_loss: 0.000000, vqvae_loss: 0.000000
2022-06-13 14:49:58,809 - train.py[line:107] - INFO: lowerboundary:-1.8163871765136719  upperboundary:1.9143874645233154 stddev:0.4333420991897583
2022-06-13 14:50:06,128 - train.py[line:95] - INFO: step:8500
2022-06-13 14:50:15,546 - train.py[line:106] - INFO: val_recall: 0.322634, val_ndcg: 0.324261, val_hit_rate: 0.814872, train_loss: 5.650412, ce_loss: 0.000000, vqvae_loss: 0.000000
2022-06-13 14:50:15,546 - train.py[line:107] - INFO: lowerboundary:-1.86848783493042  upperboundary:1.9650481939315796 stddev:0.44614240527153015
2022-06-13 14:50:23,120 - train.py[line:95] - INFO: step:9000
2022-06-13 14:50:32,586 - train.py[line:106] - INFO: val_recall: 0.324724, val_ndcg: 0.327051, val_hit_rate: 0.820575, train_loss: 5.647575, ce_loss: 0.000000, vqvae_loss: 0.000000
2022-06-13 14:50:32,586 - train.py[line:107] - INFO: lowerboundary:-1.9150701761245728  upperboundary:2.0182273387908936 stddev:0.45074987411499023
2022-06-13 14:50:40,197 - train.py[line:95] - INFO: step:9500
2022-06-13 14:50:49,629 - train.py[line:106] - INFO: val_recall: 0.327674, val_ndcg: 0.329942, val_hit_rate: 0.822959, train_loss: 5.609441, ce_loss: 0.000000, vqvae_loss: 0.000000
2022-06-13 14:50:49,629 - train.py[line:107] - INFO: lowerboundary:-1.9550979137420654  upperboundary:2.0728790760040283 stddev:0.47450849413871765
2022-06-13 14:50:57,017 - train.py[line:95] - INFO: step:10000
2022-06-13 14:51:06,449 - train.py[line:106] - INFO: val_recall: 0.331347, val_ndcg: 0.331592, val_hit_rate: 0.826084, train_loss: 5.598010, ce_loss: 0.000000, vqvae_loss: 0.000000
2022-06-13 14:51:06,449 - train.py[line:107] - INFO: lowerboundary:-1.9948559999465942  upperboundary:2.1264896392822266 stddev:0.4835980534553528
2022-06-13 14:51:13,876 - train.py[line:95] - INFO: step:10500
2022-06-13 14:51:23,338 - train.py[line:106] - INFO: val_recall: 0.333118, val_ndcg: 0.334427, val_hit_rate: 0.829499, train_loss: 5.587715, ce_loss: 0.000000, vqvae_loss: 0.000000
2022-06-13 14:51:23,338 - train.py[line:107] - INFO: lowerboundary:-2.0272395610809326  upperboundary:2.18428111076355 stddev:0.49847111105918884
2022-06-13 14:51:30,727 - train.py[line:95] - INFO: step:11000
2022-06-13 14:51:40,155 - train.py[line:106] - INFO: val_recall: 0.334589, val_ndcg: 0.334453, val_hit_rate: 0.828694, train_loss: 5.566448, ce_loss: 0.000000, vqvae_loss: 0.000000
2022-06-13 14:51:40,155 - train.py[line:107] - INFO: lowerboundary:-2.262063980102539  upperboundary:2.2399144172668457 stddev:0.5164669156074524
2022-06-13 14:51:47,392 - train.py[line:95] - INFO: step:11500
2022-06-13 14:51:56,813 - train.py[line:106] - INFO: val_recall: 0.338742, val_ndcg: 0.338046, val_hit_rate: 0.834139, train_loss: 5.551526, ce_loss: 0.000000, vqvae_loss: 0.000000
2022-06-13 14:51:56,813 - train.py[line:107] - INFO: lowerboundary:-2.262063980102539  upperboundary:2.6139211654663086 stddev:0.5378414392471313
2022-06-13 14:52:04,193 - train.py[line:95] - INFO: step:12000
2022-06-13 14:52:13,822 - train.py[line:106] - INFO: val_recall: 0.340513, val_ndcg: 0.340720, val_hit_rate: 0.836136, train_loss: 5.539394, ce_loss: 0.000000, vqvae_loss: 0.000000
2022-06-13 14:52:13,822 - train.py[line:107] - INFO: lowerboundary:-2.262063980102539  upperboundary:2.6139211654663086 stddev:0.5378414392471313
2022-06-13 14:52:21,133 - train.py[line:95] - INFO: step:12500
2022-06-13 14:52:30,833 - train.py[line:106] - INFO: val_recall: 0.341564, val_ndcg: 0.340982, val_hit_rate: 0.837747, train_loss: 5.542370, ce_loss: 0.000000, vqvae_loss: 0.000000
2022-06-13 14:52:30,833 - train.py[line:107] - INFO: lowerboundary:-2.2823987007141113  upperboundary:2.6139211654663086 stddev:0.5378414392471313
2022-06-13 14:52:38,299 - train.py[line:95] - INFO: step:13000
2022-06-13 14:52:47,884 - train.py[line:106] - INFO: val_recall: 0.342517, val_ndcg: 0.343306, val_hit_rate: 0.838231, train_loss: 5.514526, ce_loss: 0.000000, vqvae_loss: 0.000000
2022-06-13 14:52:47,884 - train.py[line:107] - INFO: lowerboundary:-2.5459659099578857  upperboundary:2.6139211654663086 stddev:0.5426633954048157
2022-06-13 14:52:55,259 - train.py[line:95] - INFO: step:13500
2022-06-13 14:53:04,825 - train.py[line:106] - INFO: val_recall: 0.344951, val_ndcg: 0.345155, val_hit_rate: 0.841227, train_loss: 5.508070, ce_loss: 0.000000, vqvae_loss: 0.000000
2022-06-13 14:53:04,825 - train.py[line:107] - INFO: lowerboundary:-2.5459659099578857  upperboundary:2.6139211654663086 stddev:0.5592530965805054
2022-06-13 14:53:12,080 - train.py[line:95] - INFO: step:14000
2022-06-13 14:53:21,606 - train.py[line:106] - INFO: val_recall: 0.344416, val_ndcg: 0.346347, val_hit_rate: 0.841710, train_loss: 5.504042, ce_loss: 0.000000, vqvae_loss: 0.000000
2022-06-13 14:53:21,606 - train.py[line:107] - INFO: lowerboundary:-2.5459659099578857  upperboundary:2.6139211654663086 stddev:0.5697061419487
2022-06-13 14:53:28,749 - train.py[line:95] - INFO: step:14500
2022-06-13 14:53:38,407 - train.py[line:106] - INFO: val_recall: 0.346202, val_ndcg: 0.347859, val_hit_rate: 0.842419, train_loss: 5.494750, ce_loss: 0.000000, vqvae_loss: 0.000000
2022-06-13 14:53:38,407 - train.py[line:107] - INFO: lowerboundary:-2.5459659099578857  upperboundary:2.6139211654663086 stddev:0.5715050101280212
2022-06-13 14:53:45,746 - train.py[line:95] - INFO: step:15000
2022-06-13 14:53:55,352 - train.py[line:106] - INFO: val_recall: 0.347625, val_ndcg: 0.348744, val_hit_rate: 0.843096, train_loss: 5.495739, ce_loss: 0.000000, vqvae_loss: 0.000000
2022-06-13 14:53:55,352 - train.py[line:107] - INFO: lowerboundary:-2.5459659099578857  upperboundary:2.664921522140503 stddev:0.575506865978241
2022-06-13 14:54:02,602 - train.py[line:95] - INFO: step:15500
2022-06-13 14:54:12,162 - train.py[line:106] - INFO: val_recall: 0.349689, val_ndcg: 0.350589, val_hit_rate: 0.845963, train_loss: 5.494937, ce_loss: 0.000000, vqvae_loss: 0.000000
2022-06-13 14:54:12,162 - train.py[line:107] - INFO: lowerboundary:-2.5459659099578857  upperboundary:2.664921522140503 stddev:0.5920870900154114
2022-06-13 14:54:19,454 - train.py[line:95] - INFO: step:16000
2022-06-13 14:54:28,923 - train.py[line:106] - INFO: val_recall: 0.350172, val_ndcg: 0.351564, val_hit_rate: 0.845899, train_loss: 5.462159, ce_loss: 0.000000, vqvae_loss: 0.000000
2022-06-13 14:54:28,923 - train.py[line:107] - INFO: lowerboundary:-2.5459659099578857  upperboundary:2.6975252628326416 stddev:0.5920870900154114
2022-06-13 14:54:36,275 - train.py[line:95] - INFO: step:16500
2022-06-13 14:54:45,679 - train.py[line:106] - INFO: val_recall: 0.350705, val_ndcg: 0.352869, val_hit_rate: 0.847832, train_loss: 5.464026, ce_loss: 0.000000, vqvae_loss: 0.000000
2022-06-13 14:54:45,679 - train.py[line:107] - INFO: lowerboundary:-2.5459659099578857  upperboundary:2.6975252628326416 stddev:0.6024382710456848
2022-06-13 14:54:53,179 - train.py[line:95] - INFO: step:17000
2022-06-13 14:55:02,625 - train.py[line:106] - INFO: val_recall: 0.351477, val_ndcg: 0.354448, val_hit_rate: 0.847348, train_loss: 5.467471, ce_loss: 0.000000, vqvae_loss: 0.000000
2022-06-13 14:55:02,625 - train.py[line:107] - INFO: lowerboundary:-2.703010082244873  upperboundary:2.6975252628326416 stddev:0.6183836460113525
2022-06-13 14:55:09,993 - train.py[line:95] - INFO: step:17500
2022-06-13 14:55:19,778 - train.py[line:106] - INFO: val_recall: 0.352562, val_ndcg: 0.354851, val_hit_rate: 0.849282, train_loss: 5.462708, ce_loss: 0.000000, vqvae_loss: 0.000000
2022-06-13 14:55:19,778 - train.py[line:107] - INFO: lowerboundary:-2.703010082244873  upperboundary:2.6975252628326416 stddev:0.6183836460113525
2022-06-13 14:55:27,425 - train.py[line:95] - INFO: step:18000
2022-06-13 14:55:36,709 - train.py[line:106] - INFO: val_recall: 0.352917, val_ndcg: 0.356497, val_hit_rate: 0.848637, train_loss: 5.448134, ce_loss: 0.000000, vqvae_loss: 0.000000
2022-06-13 14:55:36,709 - train.py[line:107] - INFO: lowerboundary:-3.0206549167633057  upperboundary:2.6975252628326416 stddev:0.6183836460113525
2022-06-13 14:55:44,282 - train.py[line:95] - INFO: step:18500
2022-06-13 14:55:53,660 - train.py[line:106] - INFO: val_recall: 0.353748, val_ndcg: 0.356834, val_hit_rate: 0.850441, train_loss: 5.447776, ce_loss: 0.000000, vqvae_loss: 0.000000
2022-06-13 14:55:53,660 - train.py[line:107] - INFO: lowerboundary:-3.0206549167633057  upperboundary:2.6975252628326416 stddev:0.6237987279891968
2022-06-13 14:56:01,242 - train.py[line:95] - INFO: step:19000
2022-06-13 14:56:10,846 - train.py[line:106] - INFO: val_recall: 0.354184, val_ndcg: 0.358019, val_hit_rate: 0.849990, train_loss: 5.439898, ce_loss: 0.000000, vqvae_loss: 0.000000
2022-06-13 14:56:10,846 - train.py[line:107] - INFO: lowerboundary:-3.0206549167633057  upperboundary:2.9682812690734863 stddev:0.6382911801338196
2022-06-13 14:56:18,280 - train.py[line:95] - INFO: step:19500
2022-06-13 14:56:27,888 - train.py[line:106] - INFO: val_recall: 0.354634, val_ndcg: 0.357905, val_hit_rate: 0.852213, train_loss: 5.420786, ce_loss: 0.000000, vqvae_loss: 0.000000
2022-06-13 14:56:27,889 - train.py[line:107] - INFO: lowerboundary:-3.0206549167633057  upperboundary:3.0876288414001465 stddev:0.6382911801338196
2022-06-13 14:56:35,307 - train.py[line:95] - INFO: step:20000
2022-06-13 14:56:44,685 - train.py[line:106] - INFO: val_recall: 0.356938, val_ndcg: 0.359227, val_hit_rate: 0.854114, train_loss: 5.431585, ce_loss: 0.000000, vqvae_loss: 0.000000
2022-06-13 14:56:44,685 - train.py[line:107] - INFO: lowerboundary:-3.0206549167633057  upperboundary:3.2170751094818115 stddev:0.6396753787994385
2022-06-13 14:56:52,144 - train.py[line:95] - INFO: step:20500
2022-06-13 14:57:01,545 - train.py[line:106] - INFO: val_recall: 0.356770, val_ndcg: 0.361692, val_hit_rate: 0.855951, train_loss: 5.425571, ce_loss: 0.000000, vqvae_loss: 0.000000
2022-06-13 14:57:01,545 - train.py[line:107] - INFO: lowerboundary:-3.0206549167633057  upperboundary:3.2170751094818115 stddev:0.6396753787994385
2022-06-13 14:57:08,733 - train.py[line:95] - INFO: step:21000
2022-06-13 14:57:18,659 - train.py[line:106] - INFO: val_recall: 0.357352, val_ndcg: 0.361308, val_hit_rate: 0.854565, train_loss: 5.421492, ce_loss: 0.000000, vqvae_loss: 0.000000
2022-06-13 14:57:18,659 - train.py[line:107] - INFO: lowerboundary:-3.0206549167633057  upperboundary:3.2170751094818115 stddev:0.6669527888298035
2022-06-13 14:57:26,069 - train.py[line:95] - INFO: step:21500
2022-06-13 14:57:35,596 - train.py[line:106] - INFO: val_recall: 0.357207, val_ndcg: 0.361920, val_hit_rate: 0.854855, train_loss: 5.419518, ce_loss: 0.000000, vqvae_loss: 0.000000
2022-06-13 14:57:35,596 - train.py[line:107] - INFO: lowerboundary:-3.0206549167633057  upperboundary:3.2170751094818115 stddev:0.6669527888298035
2022-06-13 14:57:42,780 - train.py[line:95] - INFO: step:22000
2022-06-13 14:57:52,683 - train.py[line:106] - INFO: val_recall: 0.358469, val_ndcg: 0.363073, val_hit_rate: 0.855500, train_loss: 5.427563, ce_loss: 0.000000, vqvae_loss: 0.000000
2022-06-13 14:57:52,683 - train.py[line:107] - INFO: lowerboundary:-3.0528953075408936  upperboundary:3.2170751094818115 stddev:0.6669527888298035
2022-06-13 14:58:00,163 - train.py[line:95] - INFO: step:22500
2022-06-13 14:58:09,703 - train.py[line:106] - INFO: val_recall: 0.358349, val_ndcg: 0.362070, val_hit_rate: 0.854823, train_loss: 5.412389, ce_loss: 0.000000, vqvae_loss: 0.000000
2022-06-13 14:58:09,704 - train.py[line:107] - INFO: lowerboundary:-3.0528953075408936  upperboundary:3.2170751094818115 stddev:0.6669527888298035
2022-06-13 14:58:16,933 - train.py[line:95] - INFO: step:23000
2022-06-13 14:58:26,725 - train.py[line:106] - INFO: val_recall: 0.360553, val_ndcg: 0.364120, val_hit_rate: 0.856466, train_loss: 5.403114, ce_loss: 0.000000, vqvae_loss: 0.000000
2022-06-13 14:58:26,725 - train.py[line:107] - INFO: lowerboundary:-3.0528953075408936  upperboundary:3.2170751094818115 stddev:0.6755703091621399
2022-06-13 14:58:34,246 - train.py[line:95] - INFO: step:23500
2022-06-13 14:58:43,833 - train.py[line:106] - INFO: val_recall: 0.360953, val_ndcg: 0.364553, val_hit_rate: 0.856885, train_loss: 5.386786, ce_loss: 0.000000, vqvae_loss: 0.000000
2022-06-13 14:58:43,833 - train.py[line:107] - INFO: lowerboundary:-3.0528953075408936  upperboundary:3.2170751094818115 stddev:0.6755703091621399
2022-06-13 14:58:51,219 - train.py[line:95] - INFO: step:24000
2022-06-13 14:59:00,733 - train.py[line:106] - INFO: val_recall: 0.361721, val_ndcg: 0.364944, val_hit_rate: 0.857465, train_loss: 5.406305, ce_loss: 0.000000, vqvae_loss: 0.000000
2022-06-13 14:59:00,733 - train.py[line:107] - INFO: lowerboundary:-3.0528953075408936  upperboundary:3.2170751094818115 stddev:0.6755703091621399
2022-06-13 14:59:07,957 - train.py[line:95] - INFO: step:24500
2022-06-13 14:59:17,569 - train.py[line:106] - INFO: val_recall: 0.362193, val_ndcg: 0.366117, val_hit_rate: 0.858947, train_loss: 5.391776, ce_loss: 0.000000, vqvae_loss: 0.000000
2022-06-13 14:59:17,570 - train.py[line:107] - INFO: lowerboundary:-3.0528953075408936  upperboundary:3.2170751094818115 stddev:0.6818197965621948
2022-06-13 14:59:25,034 - train.py[line:95] - INFO: step:25000
2022-06-13 14:59:34,547 - train.py[line:106] - INFO: val_recall: 0.363692, val_ndcg: 0.366524, val_hit_rate: 0.861170, train_loss: 5.384159, ce_loss: 0.000000, vqvae_loss: 0.000000
2022-06-13 14:59:34,547 - train.py[line:107] - INFO: lowerboundary:-3.0528953075408936  upperboundary:3.2170751094818115 stddev:0.7042090892791748
2022-06-13 14:59:42,013 - train.py[line:95] - INFO: step:25500
2022-06-13 14:59:51,411 - train.py[line:106] - INFO: val_recall: 0.364208, val_ndcg: 0.367520, val_hit_rate: 0.861009, train_loss: 5.373795, ce_loss: 0.000000, vqvae_loss: 0.000000
2022-06-13 14:59:51,411 - train.py[line:107] - INFO: lowerboundary:-3.0528953075408936  upperboundary:3.2170751094818115 stddev:0.7042090892791748
2022-06-13 14:59:58,990 - train.py[line:95] - INFO: step:26000
2022-06-13 15:00:08,676 - train.py[line:106] - INFO: val_recall: 0.363514, val_ndcg: 0.368207, val_hit_rate: 0.860719, train_loss: 5.378831, ce_loss: 0.000000, vqvae_loss: 0.000000
2022-06-13 15:00:08,676 - train.py[line:107] - INFO: lowerboundary:-3.0528953075408936  upperboundary:3.2170751094818115 stddev:0.7042090892791748
2022-06-13 15:00:15,882 - train.py[line:95] - INFO: step:26500
2022-06-13 15:00:25,145 - train.py[line:106] - INFO: val_recall: 0.365731, val_ndcg: 0.369699, val_hit_rate: 0.863683, train_loss: 5.371394, ce_loss: 0.000000, vqvae_loss: 0.000000
2022-06-13 15:00:25,146 - train.py[line:107] - INFO: lowerboundary:-3.0528953075408936  upperboundary:3.2170751094818115 stddev:0.7113845944404602
2022-06-13 15:00:32,696 - train.py[line:95] - INFO: step:27000
2022-06-13 15:00:42,297 - train.py[line:106] - INFO: val_recall: 0.365871, val_ndcg: 0.369585, val_hit_rate: 0.863458, train_loss: 5.365106, ce_loss: 0.000000, vqvae_loss: 0.000000
2022-06-13 15:00:42,297 - train.py[line:107] - INFO: lowerboundary:-3.0528953075408936  upperboundary:3.2170751094818115 stddev:0.7113845944404602
2022-06-13 15:00:49,710 - train.py[line:95] - INFO: step:27500
2022-06-13 15:00:59,220 - train.py[line:106] - INFO: val_recall: 0.366218, val_ndcg: 0.369780, val_hit_rate: 0.862910, train_loss: 5.375488, ce_loss: 0.000000, vqvae_loss: 0.000000
2022-06-13 15:00:59,221 - train.py[line:107] - INFO: lowerboundary:-3.0528953075408936  upperboundary:3.2170751094818115 stddev:0.7113845944404602
2022-06-13 15:01:06,735 - train.py[line:95] - INFO: step:28000
2022-06-13 15:01:16,221 - train.py[line:106] - INFO: val_recall: 0.366916, val_ndcg: 0.370614, val_hit_rate: 0.864682, train_loss: 5.339726, ce_loss: 0.000000, vqvae_loss: 0.000000
2022-06-13 15:01:16,221 - train.py[line:107] - INFO: lowerboundary:-3.0528953075408936  upperboundary:3.2170751094818115 stddev:0.7113845944404602
2022-06-13 15:01:23,762 - train.py[line:95] - INFO: step:28500
2022-06-13 15:01:33,218 - train.py[line:106] - INFO: val_recall: 0.367794, val_ndcg: 0.371351, val_hit_rate: 0.864714, train_loss: 5.362823, ce_loss: 0.000000, vqvae_loss: 0.000000
2022-06-13 15:01:33,218 - train.py[line:107] - INFO: lowerboundary:-3.0528953075408936  upperboundary:3.2170751094818115 stddev:0.7113845944404602
2022-06-13 15:01:40,700 - train.py[line:95] - INFO: step:29000
2022-06-13 15:01:50,870 - train.py[line:106] - INFO: val_recall: 0.367819, val_ndcg: 0.372861, val_hit_rate: 0.865036, train_loss: 5.354660, ce_loss: 0.000000, vqvae_loss: 0.000000
2022-06-13 15:01:50,870 - train.py[line:107] - INFO: lowerboundary:-3.0528953075408936  upperboundary:3.2170751094818115 stddev:0.731537938117981
2022-06-13 15:01:58,270 - train.py[line:95] - INFO: step:29500
2022-06-13 15:02:08,042 - train.py[line:106] - INFO: val_recall: 0.368523, val_ndcg: 0.372948, val_hit_rate: 0.866228, train_loss: 5.355020, ce_loss: 0.000000, vqvae_loss: 0.000000
2022-06-13 15:02:08,042 - train.py[line:107] - INFO: lowerboundary:-3.0600638389587402  upperboundary:3.2170751094818115 stddev:0.731537938117981
2022-06-13 15:02:15,451 - train.py[line:95] - INFO: step:30000
2022-06-13 15:02:24,854 - train.py[line:106] - INFO: val_recall: 0.368893, val_ndcg: 0.372766, val_hit_rate: 0.864940, train_loss: 5.343832, ce_loss: 0.000000, vqvae_loss: 0.000000
2022-06-13 15:02:24,854 - train.py[line:107] - INFO: lowerboundary:-3.0600638389587402  upperboundary:3.2170751094818115 stddev:0.731537938117981
2022-06-13 15:02:32,600 - train.py[line:95] - INFO: step:30500
2022-06-13 15:02:42,082 - train.py[line:106] - INFO: val_recall: 0.369133, val_ndcg: 0.373243, val_hit_rate: 0.865810, train_loss: 5.344479, ce_loss: 0.000000, vqvae_loss: 0.000000
2022-06-13 15:02:42,082 - train.py[line:107] - INFO: lowerboundary:-3.0600638389587402  upperboundary:3.2170751094818115 stddev:0.731537938117981
2022-06-13 15:02:49,601 - train.py[line:95] - INFO: step:31000
2022-06-13 15:02:59,025 - train.py[line:106] - INFO: val_recall: 0.369711, val_ndcg: 0.374181, val_hit_rate: 0.867711, train_loss: 5.346264, ce_loss: 0.000000, vqvae_loss: 0.000000
2022-06-13 15:02:59,026 - train.py[line:107] - INFO: lowerboundary:-3.0600638389587402  upperboundary:3.2170751094818115 stddev:0.7506576180458069
2022-06-13 15:03:06,697 - train.py[line:95] - INFO: step:31500
2022-06-13 15:03:16,234 - train.py[line:106] - INFO: val_recall: 0.370418, val_ndcg: 0.374261, val_hit_rate: 0.868935, train_loss: 5.326194, ce_loss: 0.000000, vqvae_loss: 0.000000
2022-06-13 15:03:16,234 - train.py[line:107] - INFO: lowerboundary:-3.0600638389587402  upperboundary:3.2170751094818115 stddev:0.7506576180458069
2022-06-13 15:03:23,797 - train.py[line:95] - INFO: step:32000
2022-06-13 15:03:33,428 - train.py[line:106] - INFO: val_recall: 0.371415, val_ndcg: 0.375897, val_hit_rate: 0.869611, train_loss: 5.333787, ce_loss: 0.000000, vqvae_loss: 0.000000
2022-06-13 15:03:33,429 - train.py[line:107] - INFO: lowerboundary:-3.0600638389587402  upperboundary:3.2170751094818115 stddev:0.7506576180458069
2022-06-13 15:03:41,064 - train.py[line:95] - INFO: step:32500
2022-06-13 15:03:50,412 - train.py[line:106] - INFO: val_recall: 0.370187, val_ndcg: 0.375048, val_hit_rate: 0.869515, train_loss: 5.324972, ce_loss: 0.000000, vqvae_loss: 0.000000
2022-06-13 15:03:50,412 - train.py[line:107] - INFO: lowerboundary:-3.0600638389587402  upperboundary:3.4107203483581543 stddev:0.7507531046867371
2022-06-13 15:03:57,565 - train.py[line:95] - INFO: step:33000
2022-06-13 15:04:07,077 - train.py[line:106] - INFO: val_recall: 0.371931, val_ndcg: 0.376260, val_hit_rate: 0.869354, train_loss: 5.336398, ce_loss: 0.000000, vqvae_loss: 0.000000
2022-06-13 15:04:07,078 - train.py[line:107] - INFO: lowerboundary:-3.0600638389587402  upperboundary:3.4107203483581543 stddev:0.7661280035972595
2022-06-13 15:04:14,366 - train.py[line:95] - INFO: step:33500
2022-06-13 15:04:24,072 - train.py[line:106] - INFO: val_recall: 0.372586, val_ndcg: 0.376108, val_hit_rate: 0.870320, train_loss: 5.326853, ce_loss: 0.000000, vqvae_loss: 0.000000
2022-06-13 15:04:24,072 - train.py[line:107] - INFO: lowerboundary:-3.0600638389587402  upperboundary:3.4107203483581543 stddev:0.7661280035972595
2022-06-13 15:04:31,502 - train.py[line:95] - INFO: step:34000
2022-06-13 15:04:41,260 - train.py[line:106] - INFO: val_recall: 0.373297, val_ndcg: 0.377571, val_hit_rate: 0.871545, train_loss: 5.319506, ce_loss: 0.000000, vqvae_loss: 0.000000
2022-06-13 15:04:41,261 - train.py[line:107] - INFO: lowerboundary:-3.0600638389587402  upperboundary:3.4107203483581543 stddev:0.7701179385185242
2022-06-13 15:04:48,987 - train.py[line:95] - INFO: step:34500
2022-06-13 15:04:58,351 - train.py[line:106] - INFO: val_recall: 0.373479, val_ndcg: 0.378396, val_hit_rate: 0.871577, train_loss: 5.319417, ce_loss: 0.000000, vqvae_loss: 0.000000
2022-06-13 15:04:58,351 - train.py[line:107] - INFO: lowerboundary:-3.0600638389587402  upperboundary:3.4107203483581543 stddev:0.7701179385185242
2022-06-13 15:05:05,841 - train.py[line:95] - INFO: step:35000
2022-06-13 15:05:15,314 - train.py[line:106] - INFO: val_recall: 0.373424, val_ndcg: 0.378137, val_hit_rate: 0.871835, train_loss: 5.311596, ce_loss: 0.000000, vqvae_loss: 0.000000
2022-06-13 15:05:15,314 - train.py[line:107] - INFO: lowerboundary:-3.0600638389587402  upperboundary:3.4107203483581543 stddev:0.7701179385185242
2022-06-13 15:05:22,500 - train.py[line:95] - INFO: step:35500
2022-06-13 15:05:31,853 - train.py[line:106] - INFO: val_recall: 0.374312, val_ndcg: 0.378689, val_hit_rate: 0.873123, train_loss: 5.305924, ce_loss: 0.000000, vqvae_loss: 0.000000
2022-06-13 15:05:31,853 - train.py[line:107] - INFO: lowerboundary:-3.0600638389587402  upperboundary:3.4107203483581543 stddev:0.793811559677124
2022-06-13 15:05:39,328 - train.py[line:95] - INFO: step:36000
2022-06-13 15:05:48,858 - train.py[line:106] - INFO: val_recall: 0.373780, val_ndcg: 0.379442, val_hit_rate: 0.873768, train_loss: 5.312894, ce_loss: 0.000000, vqvae_loss: 0.000000
2022-06-13 15:05:48,858 - train.py[line:107] - INFO: lowerboundary:-3.0600638389587402  upperboundary:3.4107203483581543 stddev:0.793811559677124
2022-06-13 15:05:55,930 - train.py[line:95] - INFO: step:36500
2022-06-13 15:06:05,520 - train.py[line:106] - INFO: val_recall: 0.373260, val_ndcg: 0.378955, val_hit_rate: 0.871867, train_loss: 5.315171, ce_loss: 0.000000, vqvae_loss: 0.000000
2022-06-13 15:06:05,520 - train.py[line:107] - INFO: lowerboundary:-3.0600638389587402  upperboundary:3.4107203483581543 stddev:0.793811559677124
2022-06-13 15:06:12,668 - train.py[line:95] - INFO: step:37000
2022-06-13 15:06:22,062 - train.py[line:106] - INFO: val_recall: 0.374842, val_ndcg: 0.379825, val_hit_rate: 0.872608, train_loss: 5.315864, ce_loss: 0.000000, vqvae_loss: 0.000000
2022-06-13 15:06:22,062 - train.py[line:107] - INFO: lowerboundary:-3.0600638389587402  upperboundary:3.4107203483581543 stddev:0.793811559677124
2022-06-13 15:06:29,714 - train.py[line:95] - INFO: step:37500
2022-06-13 15:06:39,078 - train.py[line:106] - INFO: val_recall: 0.374069, val_ndcg: 0.380811, val_hit_rate: 0.873349, train_loss: 5.308242, ce_loss: 0.000000, vqvae_loss: 0.000000
2022-06-13 15:06:39,078 - train.py[line:107] - INFO: lowerboundary:-3.0600638389587402  upperboundary:3.4107203483581543 stddev:0.7989926934242249
2022-06-13 15:06:46,133 - train.py[line:95] - INFO: step:38000
2022-06-13 15:06:55,574 - train.py[line:106] - INFO: val_recall: 0.374891, val_ndcg: 0.380315, val_hit_rate: 0.874315, train_loss: 5.295505, ce_loss: 0.000000, vqvae_loss: 0.000000
2022-06-13 15:06:55,574 - train.py[line:107] - INFO: lowerboundary:-3.0600638389587402  upperboundary:3.4107203483581543 stddev:0.7989926934242249
2022-06-13 15:07:03,259 - train.py[line:95] - INFO: step:38500
2022-06-13 15:07:12,662 - train.py[line:106] - INFO: val_recall: 0.375456, val_ndcg: 0.380571, val_hit_rate: 0.874509, train_loss: 5.304784, ce_loss: 0.000000, vqvae_loss: 0.000000
2022-06-13 15:07:12,662 - train.py[line:107] - INFO: lowerboundary:-3.0600638389587402  upperboundary:3.4107203483581543 stddev:0.8060244917869568
2022-06-13 15:07:20,199 - train.py[line:95] - INFO: step:39000
2022-06-13 15:07:29,708 - train.py[line:106] - INFO: val_recall: 0.376119, val_ndcg: 0.381245, val_hit_rate: 0.875959, train_loss: 5.285412, ce_loss: 0.000000, vqvae_loss: 0.000000
2022-06-13 15:07:29,708 - train.py[line:107] - INFO: lowerboundary:-3.0600638389587402  upperboundary:3.4107203483581543 stddev:0.8060244917869568
2022-06-13 15:07:37,168 - train.py[line:95] - INFO: step:39500
2022-06-13 15:07:46,610 - train.py[line:106] - INFO: val_recall: 0.376284, val_ndcg: 0.380937, val_hit_rate: 0.874831, train_loss: 5.288757, ce_loss: 0.000000, vqvae_loss: 0.000000
2022-06-13 15:07:46,610 - train.py[line:107] - INFO: lowerboundary:-3.0600638389587402  upperboundary:3.4107203483581543 stddev:0.8060244917869568
2022-06-13 15:07:54,078 - train.py[line:95] - INFO: step:40000
2022-06-13 15:08:03,775 - train.py[line:106] - INFO: val_recall: 0.375518, val_ndcg: 0.380815, val_hit_rate: 0.874799, train_loss: 5.292389, ce_loss: 0.000000, vqvae_loss: 0.000000
2022-06-13 15:08:03,775 - train.py[line:107] - INFO: lowerboundary:-3.0600638389587402  upperboundary:3.4107203483581543 stddev:0.8060244917869568
2022-06-13 15:08:10,976 - train.py[line:95] - INFO: step:40500
2022-06-13 15:08:20,522 - train.py[line:106] - INFO: val_recall: 0.376823, val_ndcg: 0.381771, val_hit_rate: 0.875636, train_loss: 5.304082, ce_loss: 0.000000, vqvae_loss: 0.000000
2022-06-13 15:08:20,522 - train.py[line:107] - INFO: lowerboundary:-3.0600638389587402  upperboundary:3.4107203483581543 stddev:0.8158078789710999
2022-06-13 15:08:28,141 - train.py[line:95] - INFO: step:41000
2022-06-13 15:08:37,677 - train.py[line:106] - INFO: val_recall: 0.376335, val_ndcg: 0.380371, val_hit_rate: 0.875024, train_loss: 5.297180, ce_loss: 0.000000, vqvae_loss: 0.000000
2022-06-13 15:08:37,677 - train.py[line:107] - INFO: lowerboundary:-3.0600638389587402  upperboundary:3.4107203483581543 stddev:0.8171916604042053
2022-06-13 15:08:44,918 - train.py[line:95] - INFO: step:41500
2022-06-13 15:08:54,492 - train.py[line:106] - INFO: val_recall: 0.376616, val_ndcg: 0.382475, val_hit_rate: 0.876216, train_loss: 5.295861, ce_loss: 0.000000, vqvae_loss: 0.000000
2022-06-13 15:08:54,492 - train.py[line:107] - INFO: lowerboundary:-3.0600638389587402  upperboundary:3.4107203483581543 stddev:0.821966826915741
2022-06-13 15:09:01,592 - train.py[line:95] - INFO: step:42000
2022-06-13 15:09:11,164 - train.py[line:106] - INFO: val_recall: 0.377660, val_ndcg: 0.382050, val_hit_rate: 0.876571, train_loss: 5.286242, ce_loss: 0.000000, vqvae_loss: 0.000000
2022-06-13 15:09:11,164 - train.py[line:107] - INFO: lowerboundary:-3.0600638389587402  upperboundary:3.4107203483581543 stddev:0.8305679559707642
2022-06-13 15:09:18,913 - train.py[line:95] - INFO: step:42500
2022-06-13 15:09:28,559 - train.py[line:106] - INFO: val_recall: 0.377461, val_ndcg: 0.382091, val_hit_rate: 0.876442, train_loss: 5.282835, ce_loss: 0.000000, vqvae_loss: 0.000000
2022-06-13 15:09:28,559 - train.py[line:107] - INFO: lowerboundary:-3.0600638389587402  upperboundary:3.4107203483581543 stddev:0.8400386571884155
2022-06-13 15:09:35,528 - train.py[line:95] - INFO: step:43000
2022-06-13 15:09:45,159 - train.py[line:106] - INFO: val_recall: 0.376484, val_ndcg: 0.382725, val_hit_rate: 0.876120, train_loss: 5.281273, ce_loss: 0.000000, vqvae_loss: 0.000000
2022-06-13 15:09:45,159 - train.py[line:107] - INFO: lowerboundary:-3.0600638389587402  upperboundary:3.4107203483581543 stddev:0.8400386571884155
2022-06-13 15:09:52,510 - train.py[line:95] - INFO: step:43500
2022-06-13 15:10:02,078 - train.py[line:106] - INFO: val_recall: 0.376773, val_ndcg: 0.382970, val_hit_rate: 0.876957, train_loss: 5.274462, ce_loss: 0.000000, vqvae_loss: 0.000000
2022-06-13 15:10:02,078 - train.py[line:107] - INFO: lowerboundary:-3.0600638389587402  upperboundary:3.4107203483581543 stddev:0.8400386571884155
2022-06-13 15:10:09,276 - train.py[line:95] - INFO: step:44000
2022-06-13 15:10:18,784 - train.py[line:106] - INFO: val_recall: 0.377863, val_ndcg: 0.384045, val_hit_rate: 0.875959, train_loss: 5.282891, ce_loss: 0.000000, vqvae_loss: 0.000000
2022-06-13 15:10:18,784 - train.py[line:107] - INFO: lowerboundary:-3.0600638389587402  upperboundary:4.096739768981934 stddev:0.8400386571884155
2022-06-13 15:10:26,345 - train.py[line:95] - INFO: step:44500
2022-06-13 15:10:36,160 - train.py[line:106] - INFO: val_recall: 0.378003, val_ndcg: 0.383735, val_hit_rate: 0.876410, train_loss: 5.269308, ce_loss: 0.000000, vqvae_loss: 0.000000
2022-06-13 15:10:36,160 - train.py[line:107] - INFO: lowerboundary:-3.0600638389587402  upperboundary:4.096739768981934 stddev:0.8450783491134644
2022-06-13 15:10:43,709 - train.py[line:95] - INFO: step:45000
2022-06-13 15:10:53,124 - train.py[line:106] - INFO: val_recall: 0.379240, val_ndcg: 0.383954, val_hit_rate: 0.878504, train_loss: 5.268184, ce_loss: 0.000000, vqvae_loss: 0.000000
2022-06-13 15:10:53,124 - train.py[line:107] - INFO: lowerboundary:-3.0600638389587402  upperboundary:4.096739768981934 stddev:0.8450783491134644
2022-06-13 15:11:00,745 - train.py[line:95] - INFO: step:45500
2022-06-13 15:11:10,228 - train.py[line:106] - INFO: val_recall: 0.378880, val_ndcg: 0.384460, val_hit_rate: 0.876120, train_loss: 5.283476, ce_loss: 0.000000, vqvae_loss: 0.000000
2022-06-13 15:11:10,228 - train.py[line:107] - INFO: lowerboundary:-3.0600638389587402  upperboundary:4.096739768981934 stddev:0.8450783491134644
2022-06-13 15:11:17,603 - train.py[line:95] - INFO: step:46000
2022-06-13 15:11:27,275 - train.py[line:106] - INFO: val_recall: 0.379509, val_ndcg: 0.384242, val_hit_rate: 0.877279, train_loss: 5.268648, ce_loss: 0.000000, vqvae_loss: 0.000000
2022-06-13 15:11:27,275 - train.py[line:107] - INFO: lowerboundary:-3.0600638389587402  upperboundary:4.096739768981934 stddev:0.8450783491134644
2022-06-13 15:11:35,020 - train.py[line:95] - INFO: step:46500
2022-06-13 15:11:44,498 - train.py[line:106] - INFO: val_recall: 0.379525, val_ndcg: 0.384194, val_hit_rate: 0.878053, train_loss: 5.273533, ce_loss: 0.000000, vqvae_loss: 0.000000
2022-06-13 15:11:44,498 - train.py[line:107] - INFO: lowerboundary:-3.0600638389587402  upperboundary:4.096739768981934 stddev:0.8450783491134644
2022-06-13 15:11:52,075 - train.py[line:95] - INFO: step:47000
2022-06-13 15:12:01,765 - train.py[line:106] - INFO: val_recall: 0.379584, val_ndcg: 0.384313, val_hit_rate: 0.877698, train_loss: 5.269701, ce_loss: 0.000000, vqvae_loss: 0.000000
2022-06-13 15:12:01,766 - train.py[line:107] - INFO: lowerboundary:-3.0600638389587402  upperboundary:4.096739768981934 stddev:0.8553177714347839
2022-06-13 15:12:09,369 - train.py[line:95] - INFO: step:47500
2022-06-13 15:12:18,853 - train.py[line:106] - INFO: val_recall: 0.379835, val_ndcg: 0.384953, val_hit_rate: 0.878955, train_loss: 5.274601, ce_loss: 0.000000, vqvae_loss: 0.000000
2022-06-13 15:12:18,854 - train.py[line:107] - INFO: lowerboundary:-3.0600638389587402  upperboundary:4.096739768981934 stddev:0.8556293249130249
2022-06-13 15:12:26,401 - train.py[line:95] - INFO: step:48000
2022-06-13 15:12:36,197 - train.py[line:106] - INFO: val_recall: 0.380949, val_ndcg: 0.384854, val_hit_rate: 0.879696, train_loss: 5.265181, ce_loss: 0.000000, vqvae_loss: 0.000000
2022-06-13 15:12:36,197 - train.py[line:107] - INFO: lowerboundary:-3.0600638389587402  upperboundary:4.096739768981934 stddev:0.8556293249130249
2022-06-13 15:12:43,704 - train.py[line:95] - INFO: step:48500
2022-06-13 15:12:53,326 - train.py[line:106] - INFO: val_recall: 0.380357, val_ndcg: 0.384670, val_hit_rate: 0.879470, train_loss: 5.264443, ce_loss: 0.000000, vqvae_loss: 0.000000
2022-06-13 15:12:53,326 - train.py[line:107] - INFO: lowerboundary:-3.0600638389587402  upperboundary:4.096739768981934 stddev:0.8623843789100647
2022-06-13 15:13:00,675 - train.py[line:95] - INFO: step:49000
2022-06-13 15:13:10,222 - train.py[line:106] - INFO: val_recall: 0.381090, val_ndcg: 0.385119, val_hit_rate: 0.880340, train_loss: 5.262089, ce_loss: 0.000000, vqvae_loss: 0.000000
2022-06-13 15:13:10,222 - train.py[line:107] - INFO: lowerboundary:-3.0600638389587402  upperboundary:4.096739768981934 stddev:0.862733781337738
2022-06-13 15:13:17,958 - train.py[line:95] - INFO: step:49500
2022-06-13 15:13:27,514 - train.py[line:106] - INFO: val_recall: 0.381231, val_ndcg: 0.386031, val_hit_rate: 0.879954, train_loss: 5.268108, ce_loss: 0.000000, vqvae_loss: 0.000000
2022-06-13 15:13:27,514 - train.py[line:107] - INFO: lowerboundary:-3.0600638389587402  upperboundary:4.096739768981934 stddev:0.8708003759384155
2022-06-13 15:13:35,214 - train.py[line:95] - INFO: step:50000
2022-06-13 15:13:44,807 - train.py[line:106] - INFO: val_recall: 0.382013, val_ndcg: 0.386520, val_hit_rate: 0.880662, train_loss: 5.259676, ce_loss: 0.000000, vqvae_loss: 0.000000
2022-06-13 15:13:44,808 - train.py[line:107] - INFO: lowerboundary:-3.0600638389587402  upperboundary:4.096739768981934 stddev:0.8708003759384155
2022-06-13 15:13:52,505 - train.py[line:95] - INFO: step:50500
2022-06-13 15:14:02,094 - train.py[line:106] - INFO: val_recall: 0.382494, val_ndcg: 0.386725, val_hit_rate: 0.881339, train_loss: 5.249556, ce_loss: 0.000000, vqvae_loss: 0.000000
2022-06-13 15:14:02,094 - train.py[line:107] - INFO: lowerboundary:-3.0600638389587402  upperboundary:4.096739768981934 stddev:0.8748063445091248
2022-06-13 15:14:09,756 - train.py[line:95] - INFO: step:51000
2022-06-13 15:14:19,479 - train.py[line:106] - INFO: val_recall: 0.381511, val_ndcg: 0.386582, val_hit_rate: 0.880147, train_loss: 5.259811, ce_loss: 0.000000, vqvae_loss: 0.000000
2022-06-13 15:14:19,479 - train.py[line:107] - INFO: lowerboundary:-3.0600638389587402  upperboundary:4.096739768981934 stddev:0.8748063445091248
2022-06-13 15:14:26,523 - train.py[line:95] - INFO: step:51500
2022-06-13 15:14:36,123 - train.py[line:106] - INFO: val_recall: 0.381499, val_ndcg: 0.386409, val_hit_rate: 0.881403, train_loss: 5.259823, ce_loss: 0.000000, vqvae_loss: 0.000000
2022-06-13 15:14:36,124 - train.py[line:107] - INFO: lowerboundary:-3.0600638389587402  upperboundary:4.096739768981934 stddev:0.8748063445091248
2022-06-13 15:14:43,404 - train.py[line:95] - INFO: step:52000
2022-06-13 15:14:53,426 - train.py[line:106] - INFO: val_recall: 0.381928, val_ndcg: 0.387096, val_hit_rate: 0.881758, train_loss: 5.261809, ce_loss: 0.000000, vqvae_loss: 0.000000
2022-06-13 15:14:53,426 - train.py[line:107] - INFO: lowerboundary:-3.0600638389587402  upperboundary:4.096739768981934 stddev:0.8748063445091248
2022-06-13 15:15:00,665 - train.py[line:95] - INFO: step:52500
2022-06-13 15:15:10,142 - train.py[line:106] - INFO: val_recall: 0.382203, val_ndcg: 0.386707, val_hit_rate: 0.880372, train_loss: 5.260646, ce_loss: 0.000000, vqvae_loss: 0.000000
2022-06-13 15:15:10,142 - train.py[line:107] - INFO: lowerboundary:-3.0600638389587402  upperboundary:4.096739768981934 stddev:0.8748063445091248
2022-06-13 15:15:10,144 - train.py[line:132] - INFO: testing!
2022-06-13 15:15:20,679 - train.py[line:138] - INFO: test_num: 31038.000000, test_recall: 0.382494, test_ndcg: 0.386725, test_hit_rate: 0.881339
