2022-06-09 20:37:22,523 - train.py[line:211] - INFO: max_iter: 300000
2022-06-09 20:37:22,524 - train.py[line:214] - INFO: {'ISCS': False,
 'batch_size': 128,
 'begin_time': '2022-06-09_20:37:21',
 'best_recall': 0.0,
 'coef': 0.0,
 'data_path': 'data',
 'dataset': 'ml_nf',
 'domain_index': 0,
 'domain_num': 1,
 'dropout': 0.3,
 'embedding_dim': 64,
 'embedding_num': 64,
 'exp_name': 'DNN-ml_nf-0-vqvae',
 'item_count': 5579,
 'lower_boundary': -1,
 'lr': 0.001,
 'max_len': 20,
 'max_step': 300000,
 'model': 'DNN',
 'only_test_last_one': False,
 'patience': 3,
 'restore_path': '',
 'save_path': 'save/DNN-ml_nf-0-vqvae',
 'seed': 19,
 'self_attn': False,
 'stddev': 0.1,
 'test_iter': 500,
 'topN': 50,
 'upper_boundary': 1,
 'vqvae': True}
2022-06-09 20:37:25,065 - train.py[line:255] - INFO: train begin
2022-06-09 20:37:31,455 - train.py[line:96] - INFO: step:500
2022-06-09 20:37:42,753 - train.py[line:105] - INFO: val_recall: 0.173684, val_ndcg: 0.213405, val_hit_rate: 0.600715, train_loss: 7.045444
2022-06-09 20:37:42,754 - train.py[line:106] - INFO: lowerboundary:-1  upperboundary:1 stddev:0.17489182949066162
2022-06-09 20:37:49,328 - train.py[line:96] - INFO: step:1000
2022-06-09 20:38:00,161 - train.py[line:105] - INFO: val_recall: 0.232131, val_ndcg: 0.245419, val_hit_rate: 0.688124, train_loss: 6.445124
2022-06-09 20:38:00,161 - train.py[line:106] - INFO: lowerboundary:-1  upperboundary:1 stddev:0.20946963131427765
2022-06-09 20:38:06,995 - train.py[line:96] - INFO: step:1500
2022-06-09 20:38:18,804 - train.py[line:105] - INFO: val_recall: 0.248345, val_ndcg: 0.260369, val_hit_rate: 0.723887, train_loss: 6.240555
2022-06-09 20:38:18,804 - train.py[line:106] - INFO: lowerboundary:-1  upperboundary:1 stddev:0.23270070552825928
2022-06-09 20:38:25,909 - train.py[line:96] - INFO: step:2000
2022-06-09 20:38:38,328 - train.py[line:105] - INFO: val_recall: 0.262157, val_ndcg: 0.269811, val_hit_rate: 0.746730, train_loss: 6.119682
2022-06-09 20:38:38,329 - train.py[line:106] - INFO: lowerboundary:-1  upperboundary:1 stddev:0.2560855746269226
2022-06-09 20:38:45,456 - train.py[line:96] - INFO: step:2500
2022-06-09 20:38:58,848 - train.py[line:105] - INFO: val_recall: 0.271005, val_ndcg: 0.277079, val_hit_rate: 0.754333, train_loss: 6.047300
2022-06-09 20:38:58,848 - train.py[line:106] - INFO: lowerboundary:-1  upperboundary:1 stddev:0.27636122703552246
2022-06-09 20:39:06,475 - train.py[line:96] - INFO: step:3000
2022-06-09 20:39:19,620 - train.py[line:105] - INFO: val_recall: 0.277615, val_ndcg: 0.282114, val_hit_rate: 0.759939, train_loss: 5.987127
2022-06-09 20:39:19,620 - train.py[line:106] - INFO: lowerboundary:-1  upperboundary:1 stddev:0.2875310182571411
2022-06-09 20:39:26,697 - train.py[line:96] - INFO: step:3500
2022-06-09 20:39:39,046 - train.py[line:105] - INFO: val_recall: 0.282440, val_ndcg: 0.284694, val_hit_rate: 0.762130, train_loss: 5.922093
2022-06-09 20:39:39,046 - train.py[line:106] - INFO: lowerboundary:-1.0528203248977661  upperboundary:1.238060474395752 stddev:0.2964814007282257
2022-06-09 20:39:45,395 - train.py[line:96] - INFO: step:4000
2022-06-09 20:39:56,413 - train.py[line:105] - INFO: val_recall: 0.287870, val_ndcg: 0.289194, val_hit_rate: 0.768155, train_loss: 5.879520
2022-06-09 20:39:56,413 - train.py[line:106] - INFO: lowerboundary:-1.120646595954895  upperboundary:1.238060474395752 stddev:0.31736549735069275
2022-06-09 20:40:02,682 - train.py[line:96] - INFO: step:4500
2022-06-09 20:40:12,612 - train.py[line:105] - INFO: val_recall: 0.292004, val_ndcg: 0.293776, val_hit_rate: 0.774696, train_loss: 5.846235
2022-06-09 20:40:12,612 - train.py[line:106] - INFO: lowerboundary:-1.2236533164978027  upperboundary:1.238060474395752 stddev:0.3345106244087219
2022-06-09 20:40:18,971 - train.py[line:96] - INFO: step:5000
2022-06-09 20:40:30,023 - train.py[line:105] - INFO: val_recall: 0.296024, val_ndcg: 0.297945, val_hit_rate: 0.779754, train_loss: 5.806195
2022-06-09 20:40:30,023 - train.py[line:106] - INFO: lowerboundary:-1.2236533164978027  upperboundary:1.2488288879394531 stddev:0.34555622935295105
2022-06-09 20:40:36,502 - train.py[line:96] - INFO: step:5500
2022-06-09 20:40:48,753 - train.py[line:105] - INFO: val_recall: 0.299138, val_ndcg: 0.301743, val_hit_rate: 0.783427, train_loss: 5.788751
2022-06-09 20:40:48,753 - train.py[line:106] - INFO: lowerboundary:-1.2236533164978027  upperboundary:1.534276008605957 stddev:0.3588847517967224
2022-06-09 20:40:55,106 - train.py[line:96] - INFO: step:6000
2022-06-09 20:41:08,395 - train.py[line:105] - INFO: val_recall: 0.301944, val_ndcg: 0.304964, val_hit_rate: 0.789387, train_loss: 5.768539
2022-06-09 20:41:08,395 - train.py[line:106] - INFO: lowerboundary:-1.4319806098937988  upperboundary:1.534276008605957 stddev:0.3757786452770233
2022-06-09 20:41:14,501 - train.py[line:96] - INFO: step:6500
2022-06-09 20:41:27,406 - train.py[line:105] - INFO: val_recall: 0.304770, val_ndcg: 0.308948, val_hit_rate: 0.793511, train_loss: 5.727096
2022-06-09 20:41:27,407 - train.py[line:106] - INFO: lowerboundary:-1.4464733600616455  upperboundary:1.534276008605957 stddev:0.38919374346733093
2022-06-09 20:41:33,932 - train.py[line:96] - INFO: step:7000
2022-06-09 20:41:45,900 - train.py[line:105] - INFO: val_recall: 0.309055, val_ndcg: 0.311271, val_hit_rate: 0.797925, train_loss: 5.727383
2022-06-09 20:41:45,900 - train.py[line:106] - INFO: lowerboundary:-1.4464733600616455  upperboundary:1.534276008605957 stddev:0.3984183371067047
2022-06-09 20:41:52,195 - train.py[line:96] - INFO: step:7500
2022-06-09 20:42:02,942 - train.py[line:105] - INFO: val_recall: 0.311101, val_ndcg: 0.314628, val_hit_rate: 0.801147, train_loss: 5.687210
2022-06-09 20:42:02,943 - train.py[line:106] - INFO: lowerboundary:-1.617330551147461  upperboundary:1.534276008605957 stddev:0.41109544038772583
2022-06-09 20:42:09,257 - train.py[line:96] - INFO: step:8000
2022-06-09 20:42:19,488 - train.py[line:105] - INFO: val_recall: 0.314623, val_ndcg: 0.317618, val_hit_rate: 0.804562, train_loss: 5.677019
2022-06-09 20:42:19,488 - train.py[line:106] - INFO: lowerboundary:-1.6781493425369263  upperboundary:1.7234307527542114 stddev:0.4222591519355774
2022-06-09 20:42:25,874 - train.py[line:96] - INFO: step:8500
2022-06-09 20:42:38,732 - train.py[line:105] - INFO: val_recall: 0.318314, val_ndcg: 0.322300, val_hit_rate: 0.810426, train_loss: 5.657172
2022-06-09 20:42:38,732 - train.py[line:106] - INFO: lowerboundary:-1.6781493425369263  upperboundary:1.7234307527542114 stddev:0.43574413657188416
2022-06-09 20:42:45,148 - train.py[line:96] - INFO: step:9000
2022-06-09 20:42:55,384 - train.py[line:105] - INFO: val_recall: 0.320059, val_ndcg: 0.324838, val_hit_rate: 0.813261, train_loss: 5.652863
2022-06-09 20:42:55,385 - train.py[line:106] - INFO: lowerboundary:-1.937663197517395  upperboundary:1.7234307527542114 stddev:0.44030457735061646
2022-06-09 20:43:02,697 - train.py[line:96] - INFO: step:9500
2022-06-09 20:43:12,769 - train.py[line:105] - INFO: val_recall: 0.322551, val_ndcg: 0.326940, val_hit_rate: 0.815484, train_loss: 5.616952
2022-06-09 20:43:12,769 - train.py[line:106] - INFO: lowerboundary:-1.937663197517395  upperboundary:1.7234307527542114 stddev:0.4645460247993469
2022-06-09 20:43:19,788 - train.py[line:96] - INFO: step:10000
2022-06-09 20:43:29,826 - train.py[line:105] - INFO: val_recall: 0.325376, val_ndcg: 0.328573, val_hit_rate: 0.819802, train_loss: 5.608106
2022-06-09 20:43:29,827 - train.py[line:106] - INFO: lowerboundary:-1.937663197517395  upperboundary:1.7477083206176758 stddev:0.4745434522628784
2022-06-09 20:43:36,943 - train.py[line:96] - INFO: step:10500
2022-06-09 20:43:46,921 - train.py[line:105] - INFO: val_recall: 0.326568, val_ndcg: 0.331071, val_hit_rate: 0.821735, train_loss: 5.598384
2022-06-09 20:43:46,921 - train.py[line:106] - INFO: lowerboundary:-1.9832191467285156  upperboundary:2.061286449432373 stddev:0.49136239290237427
2022-06-09 20:43:54,247 - train.py[line:96] - INFO: step:11000
2022-06-09 20:44:04,604 - train.py[line:105] - INFO: val_recall: 0.328770, val_ndcg: 0.331128, val_hit_rate: 0.820961, train_loss: 5.578326
2022-06-09 20:44:04,604 - train.py[line:106] - INFO: lowerboundary:-2.0675394535064697  upperboundary:2.061286449432373 stddev:0.510509729385376
2022-06-09 20:44:12,080 - train.py[line:96] - INFO: step:11500
2022-06-09 20:44:22,245 - train.py[line:105] - INFO: val_recall: 0.331496, val_ndcg: 0.334228, val_hit_rate: 0.824828, train_loss: 5.562456
2022-06-09 20:44:22,245 - train.py[line:106] - INFO: lowerboundary:-2.3568503856658936  upperboundary:2.061286449432373 stddev:0.5322410464286804
2022-06-09 20:44:29,331 - train.py[line:96] - INFO: step:12000
2022-06-09 20:44:39,438 - train.py[line:105] - INFO: val_recall: 0.334378, val_ndcg: 0.336710, val_hit_rate: 0.828339, train_loss: 5.549249
2022-06-09 20:44:39,438 - train.py[line:106] - INFO: lowerboundary:-2.3568503856658936  upperboundary:2.1963951587677 stddev:0.5322410464286804
2022-06-09 20:44:46,845 - train.py[line:96] - INFO: step:12500
2022-06-09 20:44:56,672 - train.py[line:105] - INFO: val_recall: 0.334977, val_ndcg: 0.337296, val_hit_rate: 0.829242, train_loss: 5.556296
2022-06-09 20:44:56,672 - train.py[line:106] - INFO: lowerboundary:-2.3568503856658936  upperboundary:2.1963951587677 stddev:0.5328174829483032
2022-06-09 20:45:03,860 - train.py[line:96] - INFO: step:13000
2022-06-09 20:45:13,929 - train.py[line:105] - INFO: val_recall: 0.336920, val_ndcg: 0.340516, val_hit_rate: 0.831980, train_loss: 5.523819
2022-06-09 20:45:13,929 - train.py[line:106] - INFO: lowerboundary:-2.466439723968506  upperboundary:2.1963951587677 stddev:0.5429869890213013
2022-06-09 20:45:21,193 - train.py[line:96] - INFO: step:13500
2022-06-09 20:45:31,204 - train.py[line:105] - INFO: val_recall: 0.339196, val_ndcg: 0.341330, val_hit_rate: 0.832496, train_loss: 5.516526
2022-06-09 20:45:31,205 - train.py[line:106] - INFO: lowerboundary:-2.522054433822632  upperboundary:2.1963951587677 stddev:0.5611364245414734
2022-06-09 20:45:38,528 - train.py[line:96] - INFO: step:14000
2022-06-09 20:45:48,434 - train.py[line:105] - INFO: val_recall: 0.339284, val_ndcg: 0.342640, val_hit_rate: 0.833527, train_loss: 5.512864
2022-06-09 20:45:48,434 - train.py[line:106] - INFO: lowerboundary:-2.765817642211914  upperboundary:2.1963951587677 stddev:0.5726620554924011
2022-06-09 20:45:56,060 - train.py[line:96] - INFO: step:14500
2022-06-09 20:46:06,117 - train.py[line:105] - INFO: val_recall: 0.341436, val_ndcg: 0.345429, val_hit_rate: 0.836749, train_loss: 5.503357
2022-06-09 20:46:06,117 - train.py[line:106] - INFO: lowerboundary:-2.7903571128845215  upperboundary:2.1963951587677 stddev:0.5762813091278076
2022-06-09 20:46:13,202 - train.py[line:96] - INFO: step:15000
2022-06-09 20:46:23,006 - train.py[line:105] - INFO: val_recall: 0.343088, val_ndcg: 0.345805, val_hit_rate: 0.837651, train_loss: 5.499660
2022-06-09 20:46:23,006 - train.py[line:106] - INFO: lowerboundary:-2.7997853755950928  upperboundary:2.216313362121582 stddev:0.5809258818626404
2022-06-09 20:46:30,203 - train.py[line:96] - INFO: step:15500
2022-06-09 20:46:40,312 - train.py[line:105] - INFO: val_recall: 0.345090, val_ndcg: 0.347930, val_hit_rate: 0.840840, train_loss: 5.499145
2022-06-09 20:46:40,312 - train.py[line:106] - INFO: lowerboundary:-2.7997853755950928  upperboundary:2.2631583213806152 stddev:0.5991478562355042
2022-06-09 20:46:47,645 - train.py[line:96] - INFO: step:16000
2022-06-09 20:46:57,639 - train.py[line:105] - INFO: val_recall: 0.346141, val_ndcg: 0.349592, val_hit_rate: 0.841710, train_loss: 5.463903
2022-06-09 20:46:57,639 - train.py[line:106] - INFO: lowerboundary:-3.4131064414978027  upperboundary:2.2631583213806152 stddev:0.5991478562355042
2022-06-09 20:47:04,967 - train.py[line:96] - INFO: step:16500
2022-06-09 20:47:14,705 - train.py[line:105] - INFO: val_recall: 0.347392, val_ndcg: 0.350682, val_hit_rate: 0.842226, train_loss: 5.467802
2022-06-09 20:47:14,705 - train.py[line:106] - INFO: lowerboundary:-3.4131064414978027  upperboundary:2.292926073074341 stddev:0.6093404293060303
2022-06-09 20:47:21,752 - train.py[line:96] - INFO: step:17000
2022-06-09 20:47:31,869 - train.py[line:105] - INFO: val_recall: 0.347872, val_ndcg: 0.352391, val_hit_rate: 0.843933, train_loss: 5.467865
2022-06-09 20:47:31,870 - train.py[line:106] - INFO: lowerboundary:-3.4131064414978027  upperboundary:2.4746737480163574 stddev:0.6259430646896362
2022-06-09 20:47:38,845 - train.py[line:96] - INFO: step:17500
2022-06-09 20:47:48,760 - train.py[line:105] - INFO: val_recall: 0.348398, val_ndcg: 0.352945, val_hit_rate: 0.844223, train_loss: 5.464059
2022-06-09 20:47:48,761 - train.py[line:106] - INFO: lowerboundary:-3.4131064414978027  upperboundary:2.4746737480163574 stddev:0.6259430646896362
2022-06-09 20:47:56,210 - train.py[line:96] - INFO: step:18000
2022-06-09 20:48:06,246 - train.py[line:105] - INFO: val_recall: 0.348838, val_ndcg: 0.353746, val_hit_rate: 0.843965, train_loss: 5.448389
2022-06-09 20:48:06,246 - train.py[line:106] - INFO: lowerboundary:-3.4131064414978027  upperboundary:2.4746737480163574 stddev:0.6259430646896362
2022-06-09 20:48:13,509 - train.py[line:96] - INFO: step:18500
2022-06-09 20:48:23,467 - train.py[line:105] - INFO: val_recall: 0.349984, val_ndcg: 0.354540, val_hit_rate: 0.845351, train_loss: 5.446118
2022-06-09 20:48:23,467 - train.py[line:106] - INFO: lowerboundary:-3.4131064414978027  upperboundary:2.4746737480163574 stddev:0.6290103197097778
2022-06-09 20:48:30,804 - train.py[line:96] - INFO: step:19000
2022-06-09 20:48:41,185 - train.py[line:105] - INFO: val_recall: 0.351331, val_ndcg: 0.355771, val_hit_rate: 0.846027, train_loss: 5.440353
2022-06-09 20:48:41,185 - train.py[line:106] - INFO: lowerboundary:-3.4131064414978027  upperboundary:2.560930013656616 stddev:0.6434905529022217
2022-06-09 20:48:48,706 - train.py[line:96] - INFO: step:19500
2022-06-09 20:48:59,026 - train.py[line:105] - INFO: val_recall: 0.352171, val_ndcg: 0.356303, val_hit_rate: 0.848186, train_loss: 5.418958
2022-06-09 20:48:59,026 - train.py[line:106] - INFO: lowerboundary:-3.4131064414978027  upperboundary:2.560930013656616 stddev:0.6434905529022217
2022-06-09 20:49:06,094 - train.py[line:96] - INFO: step:20000
2022-06-09 20:49:16,394 - train.py[line:105] - INFO: val_recall: 0.353795, val_ndcg: 0.356918, val_hit_rate: 0.849249, train_loss: 5.426840
2022-06-09 20:49:16,394 - train.py[line:106] - INFO: lowerboundary:-3.4131064414978027  upperboundary:2.560930013656616 stddev:0.6434905529022217
2022-06-09 20:49:23,617 - train.py[line:96] - INFO: step:20500
2022-06-09 20:49:33,900 - train.py[line:105] - INFO: val_recall: 0.353525, val_ndcg: 0.359005, val_hit_rate: 0.850764, train_loss: 5.423936
2022-06-09 20:49:33,900 - train.py[line:106] - INFO: lowerboundary:-3.4131064414978027  upperboundary:2.560930013656616 stddev:0.6434905529022217
2022-06-09 20:49:40,888 - train.py[line:96] - INFO: step:21000
2022-06-09 20:49:50,789 - train.py[line:105] - INFO: val_recall: 0.354043, val_ndcg: 0.359006, val_hit_rate: 0.851472, train_loss: 5.421577
2022-06-09 20:49:50,789 - train.py[line:106] - INFO: lowerboundary:-3.4131064414978027  upperboundary:2.560930013656616 stddev:0.6688275337219238
2022-06-09 20:49:57,865 - train.py[line:96] - INFO: step:21500
2022-06-09 20:50:08,192 - train.py[line:105] - INFO: val_recall: 0.354864, val_ndcg: 0.359160, val_hit_rate: 0.850280, train_loss: 5.414339
2022-06-09 20:50:08,192 - train.py[line:106] - INFO: lowerboundary:-3.4131064414978027  upperboundary:2.560930013656616 stddev:0.6688275337219238
2022-06-09 20:50:15,261 - train.py[line:96] - INFO: step:22000
2022-06-09 20:50:25,750 - train.py[line:105] - INFO: val_recall: 0.355758, val_ndcg: 0.361028, val_hit_rate: 0.852471, train_loss: 5.427841
2022-06-09 20:50:25,750 - train.py[line:106] - INFO: lowerboundary:-3.4131064414978027  upperboundary:2.560930013656616 stddev:0.6688275337219238
2022-06-09 20:50:32,924 - train.py[line:96] - INFO: step:22500
2022-06-09 20:50:42,918 - train.py[line:105] - INFO: val_recall: 0.356010, val_ndcg: 0.358858, val_hit_rate: 0.851505, train_loss: 5.409505
2022-06-09 20:50:42,919 - train.py[line:106] - INFO: lowerboundary:-3.4131064414978027  upperboundary:2.560930013656616 stddev:0.6688275337219238
2022-06-09 20:50:50,409 - train.py[line:96] - INFO: step:23000
2022-06-09 20:51:00,283 - train.py[line:105] - INFO: val_recall: 0.357287, val_ndcg: 0.361586, val_hit_rate: 0.852761, train_loss: 5.401590
2022-06-09 20:51:00,284 - train.py[line:106] - INFO: lowerboundary:-3.4131064414978027  upperboundary:2.560930013656616 stddev:0.6739439368247986
2022-06-09 20:51:07,485 - train.py[line:96] - INFO: step:23500
2022-06-09 20:51:17,509 - train.py[line:105] - INFO: val_recall: 0.357576, val_ndcg: 0.362918, val_hit_rate: 0.855016, train_loss: 5.385705
2022-06-09 20:51:17,509 - train.py[line:106] - INFO: lowerboundary:-3.4576826095581055  upperboundary:2.678903102874756 stddev:0.6739439368247986
2022-06-09 20:51:24,735 - train.py[line:96] - INFO: step:24000
2022-06-09 20:51:34,612 - train.py[line:105] - INFO: val_recall: 0.357589, val_ndcg: 0.362180, val_hit_rate: 0.854082, train_loss: 5.402047
2022-06-09 20:51:34,612 - train.py[line:106] - INFO: lowerboundary:-3.4576826095581055  upperboundary:2.678903102874756 stddev:0.6739439368247986
2022-06-09 20:51:41,974 - train.py[line:96] - INFO: step:24500
2022-06-09 20:51:52,278 - train.py[line:105] - INFO: val_recall: 0.359160, val_ndcg: 0.364299, val_hit_rate: 0.856917, train_loss: 5.387312
2022-06-09 20:51:52,278 - train.py[line:106] - INFO: lowerboundary:-3.4576826095581055  upperboundary:2.678903102874756 stddev:0.6761490106582642
2022-06-09 20:51:59,735 - train.py[line:96] - INFO: step:25000
2022-06-09 20:52:10,029 - train.py[line:105] - INFO: val_recall: 0.359759, val_ndcg: 0.364480, val_hit_rate: 0.854984, train_loss: 5.378533
2022-06-09 20:52:10,029 - train.py[line:106] - INFO: lowerboundary:-3.4576826095581055  upperboundary:2.678903102874756 stddev:0.6968029141426086
2022-06-09 20:52:17,385 - train.py[line:96] - INFO: step:25500
2022-06-09 20:52:27,155 - train.py[line:105] - INFO: val_recall: 0.361020, val_ndcg: 0.364297, val_hit_rate: 0.857014, train_loss: 5.370741
2022-06-09 20:52:27,156 - train.py[line:106] - INFO: lowerboundary:-3.5107383728027344  upperboundary:2.678903102874756 stddev:0.6968029141426086
2022-06-09 20:52:34,398 - train.py[line:96] - INFO: step:26000
2022-06-09 20:52:44,404 - train.py[line:105] - INFO: val_recall: 0.359600, val_ndcg: 0.364550, val_hit_rate: 0.857014, train_loss: 5.376905
2022-06-09 20:52:44,405 - train.py[line:106] - INFO: lowerboundary:-3.5108747482299805  upperboundary:2.678903102874756 stddev:0.6968029141426086
2022-06-09 20:52:51,633 - train.py[line:96] - INFO: step:26500
2022-06-09 20:53:01,692 - train.py[line:105] - INFO: val_recall: 0.361847, val_ndcg: 0.365158, val_hit_rate: 0.858850, train_loss: 5.367303
2022-06-09 20:53:01,692 - train.py[line:106] - INFO: lowerboundary:-4.119308948516846  upperboundary:2.678903102874756 stddev:0.6988227963447571
2022-06-09 20:53:09,218 - train.py[line:96] - INFO: step:27000
2022-06-09 20:53:19,288 - train.py[line:105] - INFO: val_recall: 0.362265, val_ndcg: 0.366617, val_hit_rate: 0.859430, train_loss: 5.365048
2022-06-09 20:53:19,288 - train.py[line:106] - INFO: lowerboundary:-4.119308948516846  upperboundary:2.678903102874756 stddev:0.6988227963447571
2022-06-09 20:53:26,507 - train.py[line:96] - INFO: step:27500
2022-06-09 20:53:36,608 - train.py[line:105] - INFO: val_recall: 0.363475, val_ndcg: 0.366897, val_hit_rate: 0.860397, train_loss: 5.372125
2022-06-09 20:53:36,608 - train.py[line:106] - INFO: lowerboundary:-4.151345252990723  upperboundary:2.7104618549346924 stddev:0.6988227963447571
2022-06-09 20:53:43,945 - train.py[line:96] - INFO: step:28000
2022-06-09 20:53:53,955 - train.py[line:105] - INFO: val_recall: 0.363740, val_ndcg: 0.367452, val_hit_rate: 0.862008, train_loss: 5.336895
2022-06-09 20:53:53,956 - train.py[line:106] - INFO: lowerboundary:-4.151345252990723  upperboundary:2.7104618549346924 stddev:0.6988227963447571
2022-06-09 20:54:01,103 - train.py[line:96] - INFO: step:28500
2022-06-09 20:54:11,286 - train.py[line:105] - INFO: val_recall: 0.364783, val_ndcg: 0.368607, val_hit_rate: 0.862233, train_loss: 5.360054
2022-06-09 20:54:11,287 - train.py[line:106] - INFO: lowerboundary:-4.151345252990723  upperboundary:2.7104618549346924 stddev:0.6988227963447571
2022-06-09 20:54:18,811 - train.py[line:96] - INFO: step:29000
2022-06-09 20:54:29,132 - train.py[line:105] - INFO: val_recall: 0.364645, val_ndcg: 0.368583, val_hit_rate: 0.861847, train_loss: 5.352135
2022-06-09 20:54:29,132 - train.py[line:106] - INFO: lowerboundary:-4.151345252990723  upperboundary:2.7104618549346924 stddev:0.7121585011482239
2022-06-09 20:54:35,938 - train.py[line:96] - INFO: step:29500
2022-06-09 20:54:46,089 - train.py[line:105] - INFO: val_recall: 0.364371, val_ndcg: 0.368998, val_hit_rate: 0.861202, train_loss: 5.351755
2022-06-09 20:54:46,090 - train.py[line:106] - INFO: lowerboundary:-4.151345252990723  upperboundary:2.7104618549346924 stddev:0.7121585011482239
2022-06-09 20:54:53,084 - train.py[line:96] - INFO: step:30000
2022-06-09 20:55:03,247 - train.py[line:105] - INFO: val_recall: 0.364683, val_ndcg: 0.369852, val_hit_rate: 0.862201, train_loss: 5.341615
2022-06-09 20:55:03,247 - train.py[line:106] - INFO: lowerboundary:-4.151345252990723  upperboundary:2.7104618549346924 stddev:0.7121585011482239
2022-06-09 20:55:10,423 - train.py[line:96] - INFO: step:30500
2022-06-09 20:55:20,448 - train.py[line:105] - INFO: val_recall: 0.365664, val_ndcg: 0.369849, val_hit_rate: 0.863587, train_loss: 5.343194
2022-06-09 20:55:20,448 - train.py[line:106] - INFO: lowerboundary:-4.151345252990723  upperboundary:2.7104618549346924 stddev:0.7121585011482239
2022-06-09 20:55:28,300 - train.py[line:96] - INFO: step:31000
2022-06-09 20:55:38,523 - train.py[line:105] - INFO: val_recall: 0.366700, val_ndcg: 0.370291, val_hit_rate: 0.863297, train_loss: 5.341968
2022-06-09 20:55:38,523 - train.py[line:106] - INFO: lowerboundary:-4.151345252990723  upperboundary:2.7104618549346924 stddev:0.7240676879882812
2022-06-09 20:55:46,103 - train.py[line:96] - INFO: step:31500
2022-06-09 20:55:56,205 - train.py[line:105] - INFO: val_recall: 0.367012, val_ndcg: 0.370066, val_hit_rate: 0.864102, train_loss: 5.321012
2022-06-09 20:55:56,205 - train.py[line:106] - INFO: lowerboundary:-4.151345252990723  upperboundary:2.7104618549346924 stddev:0.7240676879882812
2022-06-09 20:56:03,633 - train.py[line:96] - INFO: step:32000
2022-06-09 20:56:13,600 - train.py[line:105] - INFO: val_recall: 0.367569, val_ndcg: 0.371541, val_hit_rate: 0.864908, train_loss: 5.333855
2022-06-09 20:56:13,600 - train.py[line:106] - INFO: lowerboundary:-4.151345252990723  upperboundary:2.7104618549346924 stddev:0.7240676879882812
2022-06-09 20:56:20,873 - train.py[line:96] - INFO: step:32500
2022-06-09 20:56:31,020 - train.py[line:105] - INFO: val_recall: 0.366400, val_ndcg: 0.369902, val_hit_rate: 0.863264, train_loss: 5.320068
2022-06-09 20:56:31,020 - train.py[line:106] - INFO: lowerboundary:-4.151345252990723  upperboundary:2.7104618549346924 stddev:0.7240676879882812
2022-06-09 20:56:37,062 - train.py[line:96] - INFO: step:33000
2022-06-09 20:56:47,562 - train.py[line:105] - INFO: val_recall: 0.367229, val_ndcg: 0.372251, val_hit_rate: 0.865326, train_loss: 5.335315
2022-06-09 20:56:47,562 - train.py[line:106] - INFO: lowerboundary:-4.151345252990723  upperboundary:2.7104618549346924 stddev:0.7335084080696106
2022-06-09 20:56:54,060 - train.py[line:96] - INFO: step:33500
2022-06-09 20:57:04,364 - train.py[line:105] - INFO: val_recall: 0.368258, val_ndcg: 0.372493, val_hit_rate: 0.867324, train_loss: 5.326469
2022-06-09 20:57:04,365 - train.py[line:106] - INFO: lowerboundary:-4.151345252990723  upperboundary:2.869795560836792 stddev:0.7335084080696106
2022-06-09 20:57:12,053 - train.py[line:96] - INFO: step:34000
2022-06-09 20:57:22,300 - train.py[line:105] - INFO: val_recall: 0.369044, val_ndcg: 0.373427, val_hit_rate: 0.867614, train_loss: 5.317575
2022-06-09 20:57:22,300 - train.py[line:106] - INFO: lowerboundary:-4.151345252990723  upperboundary:2.869795560836792 stddev:0.7350223660469055
2022-06-09 20:57:29,341 - train.py[line:96] - INFO: step:34500
2022-06-09 20:57:39,335 - train.py[line:105] - INFO: val_recall: 0.368114, val_ndcg: 0.373684, val_hit_rate: 0.867453, train_loss: 5.319390
2022-06-09 20:57:39,335 - train.py[line:106] - INFO: lowerboundary:-4.151345252990723  upperboundary:3.129091501235962 stddev:0.7350223660469055
2022-06-09 20:57:46,614 - train.py[line:96] - INFO: step:35000
2022-06-09 20:57:56,859 - train.py[line:105] - INFO: val_recall: 0.368729, val_ndcg: 0.373579, val_hit_rate: 0.866551, train_loss: 5.312193
2022-06-09 20:57:56,859 - train.py[line:106] - INFO: lowerboundary:-4.151345252990723  upperboundary:3.160828113555908 stddev:0.7350223660469055
2022-06-09 20:58:03,922 - train.py[line:96] - INFO: step:35500
2022-06-09 20:58:13,783 - train.py[line:105] - INFO: val_recall: 0.369142, val_ndcg: 0.374403, val_hit_rate: 0.866712, train_loss: 5.304793
2022-06-09 20:58:13,783 - train.py[line:106] - INFO: lowerboundary:-4.151345252990723  upperboundary:3.160828113555908 stddev:0.750917375087738
2022-06-09 20:58:21,421 - train.py[line:96] - INFO: step:36000
2022-06-09 20:58:32,006 - train.py[line:105] - INFO: val_recall: 0.369206, val_ndcg: 0.373966, val_hit_rate: 0.867388, train_loss: 5.313517
2022-06-09 20:58:32,006 - train.py[line:106] - INFO: lowerboundary:-4.151345252990723  upperboundary:3.160828113555908 stddev:0.750917375087738
2022-06-09 20:58:39,241 - train.py[line:96] - INFO: step:36500
2022-06-09 20:58:49,229 - train.py[line:105] - INFO: val_recall: 0.369713, val_ndcg: 0.373976, val_hit_rate: 0.866712, train_loss: 5.314780
2022-06-09 20:58:49,229 - train.py[line:106] - INFO: lowerboundary:-4.151345252990723  upperboundary:3.160828113555908 stddev:0.750917375087738
2022-06-09 20:58:56,525 - train.py[line:96] - INFO: step:37000
2022-06-09 20:59:06,554 - train.py[line:105] - INFO: val_recall: 0.369740, val_ndcg: 0.374597, val_hit_rate: 0.867485, train_loss: 5.311259
2022-06-09 20:59:06,555 - train.py[line:106] - INFO: lowerboundary:-4.151345252990723  upperboundary:3.18609619140625 stddev:0.750917375087738
2022-06-09 20:59:14,431 - train.py[line:96] - INFO: step:37500
2022-06-09 20:59:24,246 - train.py[line:105] - INFO: val_recall: 0.369672, val_ndcg: 0.375017, val_hit_rate: 0.867388, train_loss: 5.311272
2022-06-09 20:59:24,246 - train.py[line:106] - INFO: lowerboundary:-4.151345252990723  upperboundary:3.18609619140625 stddev:0.750917375087738
2022-06-09 20:59:31,847 - train.py[line:96] - INFO: step:38000
2022-06-09 20:59:41,680 - train.py[line:105] - INFO: val_recall: 0.369447, val_ndcg: 0.374449, val_hit_rate: 0.868001, train_loss: 5.295722
2022-06-09 20:59:41,680 - train.py[line:106] - INFO: lowerboundary:-4.151345252990723  upperboundary:3.18609619140625 stddev:0.750917375087738
2022-06-09 20:59:49,024 - train.py[line:96] - INFO: step:38500
2022-06-09 20:59:59,057 - train.py[line:105] - INFO: val_recall: 0.370979, val_ndcg: 0.374558, val_hit_rate: 0.867743, train_loss: 5.306534
2022-06-09 20:59:59,057 - train.py[line:106] - INFO: lowerboundary:-4.151345252990723  upperboundary:3.18609619140625 stddev:0.7545615434646606
2022-06-09 21:00:06,319 - train.py[line:96] - INFO: step:39000
2022-06-09 21:00:16,787 - train.py[line:105] - INFO: val_recall: 0.370460, val_ndcg: 0.374809, val_hit_rate: 0.868033, train_loss: 5.284411
2022-06-09 21:00:16,788 - train.py[line:106] - INFO: lowerboundary:-4.151345252990723  upperboundary:3.18609619140625 stddev:0.7545615434646606
2022-06-09 21:00:23,784 - train.py[line:96] - INFO: step:39500
2022-06-09 21:00:33,972 - train.py[line:105] - INFO: val_recall: 0.369453, val_ndcg: 0.373798, val_hit_rate: 0.867227, train_loss: 5.289162
2022-06-09 21:00:33,973 - train.py[line:106] - INFO: lowerboundary:-4.151345252990723  upperboundary:3.18609619140625 stddev:0.7545615434646606
2022-06-09 21:00:41,113 - train.py[line:96] - INFO: step:40000
2022-06-09 21:00:51,284 - train.py[line:105] - INFO: val_recall: 0.371319, val_ndcg: 0.375293, val_hit_rate: 0.870352, train_loss: 5.291772
2022-06-09 21:00:51,284 - train.py[line:106] - INFO: lowerboundary:-4.151345252990723  upperboundary:3.18609619140625 stddev:0.7545615434646606
2022-06-09 21:00:58,543 - train.py[line:96] - INFO: step:40500
2022-06-09 21:01:08,933 - train.py[line:105] - INFO: val_recall: 0.370863, val_ndcg: 0.374941, val_hit_rate: 0.868774, train_loss: 5.303728
2022-06-09 21:01:08,933 - train.py[line:106] - INFO: lowerboundary:-4.151345252990723  upperboundary:3.18609619140625 stddev:0.7583452463150024
2022-06-09 21:01:15,808 - train.py[line:96] - INFO: step:41000
2022-06-09 21:01:25,707 - train.py[line:105] - INFO: val_recall: 0.370522, val_ndcg: 0.374873, val_hit_rate: 0.868709, train_loss: 5.296361
2022-06-09 21:01:25,707 - train.py[line:106] - INFO: lowerboundary:-4.151345252990723  upperboundary:3.18609619140625 stddev:0.7583452463150024
2022-06-09 21:01:32,528 - train.py[line:96] - INFO: step:41500
2022-06-09 21:01:42,615 - train.py[line:105] - INFO: val_recall: 0.370491, val_ndcg: 0.375001, val_hit_rate: 0.868097, train_loss: 5.295069
2022-06-09 21:01:42,615 - train.py[line:106] - INFO: lowerboundary:-4.151345252990723  upperboundary:3.18609619140625 stddev:0.7614030838012695
2022-06-09 21:01:49,662 - train.py[line:96] - INFO: step:42000
2022-06-09 21:01:59,705 - train.py[line:105] - INFO: val_recall: 0.371602, val_ndcg: 0.376030, val_hit_rate: 0.870256, train_loss: 5.286406
2022-06-09 21:01:59,705 - train.py[line:106] - INFO: lowerboundary:-4.151345252990723  upperboundary:3.18609619140625 stddev:0.7674906253814697
2022-06-09 21:02:07,290 - train.py[line:96] - INFO: step:42500
2022-06-09 21:02:17,627 - train.py[line:105] - INFO: val_recall: 0.371658, val_ndcg: 0.376128, val_hit_rate: 0.870191, train_loss: 5.281341
2022-06-09 21:02:17,627 - train.py[line:106] - INFO: lowerboundary:-4.151345252990723  upperboundary:3.18609619140625 stddev:0.7745010852813721
2022-06-09 21:02:25,180 - train.py[line:96] - INFO: step:43000
2022-06-09 21:02:35,013 - train.py[line:105] - INFO: val_recall: 0.370549, val_ndcg: 0.376136, val_hit_rate: 0.868838, train_loss: 5.277115
2022-06-09 21:02:35,013 - train.py[line:106] - INFO: lowerboundary:-4.151345252990723  upperboundary:3.18609619140625 stddev:0.7745010852813721
2022-06-09 21:02:42,393 - train.py[line:96] - INFO: step:43500
2022-06-09 21:02:52,582 - train.py[line:105] - INFO: val_recall: 0.371515, val_ndcg: 0.376701, val_hit_rate: 0.871190, train_loss: 5.271815
2022-06-09 21:02:52,582 - train.py[line:106] - INFO: lowerboundary:-4.151345252990723  upperboundary:3.18609619140625 stddev:0.7745010852813721
2022-06-09 21:02:59,568 - train.py[line:96] - INFO: step:44000
2022-06-09 21:03:09,607 - train.py[line:105] - INFO: val_recall: 0.372114, val_ndcg: 0.376302, val_hit_rate: 0.869805, train_loss: 5.279655
2022-06-09 21:03:09,607 - train.py[line:106] - INFO: lowerboundary:-4.151345252990723  upperboundary:3.18609619140625 stddev:0.7745010852813721
2022-06-09 21:03:16,933 - train.py[line:96] - INFO: step:44500
2022-06-09 21:03:26,743 - train.py[line:105] - INFO: val_recall: 0.371995, val_ndcg: 0.375700, val_hit_rate: 0.868387, train_loss: 5.269242
2022-06-09 21:03:26,743 - train.py[line:106] - INFO: lowerboundary:-4.151345252990723  upperboundary:3.18609619140625 stddev:0.7755036354064941
2022-06-09 21:03:33,638 - train.py[line:96] - INFO: step:45000
2022-06-09 21:03:43,965 - train.py[line:105] - INFO: val_recall: 0.372619, val_ndcg: 0.376805, val_hit_rate: 0.870932, train_loss: 5.267092
2022-06-09 21:03:43,966 - train.py[line:106] - INFO: lowerboundary:-4.151345252990723  upperboundary:3.18609619140625 stddev:0.7755036354064941
2022-06-09 21:03:51,159 - train.py[line:96] - INFO: step:45500
2022-06-09 21:04:01,190 - train.py[line:105] - INFO: val_recall: 0.373060, val_ndcg: 0.376583, val_hit_rate: 0.870610, train_loss: 5.279148
2022-06-09 21:04:01,190 - train.py[line:106] - INFO: lowerboundary:-4.151345252990723  upperboundary:3.18609619140625 stddev:0.7755036354064941
2022-06-09 21:04:08,996 - train.py[line:96] - INFO: step:46000
2022-06-09 21:04:18,970 - train.py[line:105] - INFO: val_recall: 0.373129, val_ndcg: 0.376298, val_hit_rate: 0.870385, train_loss: 5.270430
2022-06-09 21:04:18,970 - train.py[line:106] - INFO: lowerboundary:-4.180808067321777  upperboundary:3.18609619140625 stddev:0.7755036354064941
2022-06-09 21:04:26,159 - train.py[line:96] - INFO: step:46500
2022-06-09 21:04:36,187 - train.py[line:105] - INFO: val_recall: 0.372982, val_ndcg: 0.376677, val_hit_rate: 0.870610, train_loss: 5.275199
2022-06-09 21:04:36,188 - train.py[line:106] - INFO: lowerboundary:-4.180808067321777  upperboundary:3.18609619140625 stddev:0.7755036354064941
2022-06-09 21:04:43,139 - train.py[line:96] - INFO: step:47000
2022-06-09 21:04:53,067 - train.py[line:105] - INFO: val_recall: 0.373340, val_ndcg: 0.377672, val_hit_rate: 0.872028, train_loss: 5.268609
2022-06-09 21:04:53,067 - train.py[line:106] - INFO: lowerboundary:-4.180808067321777  upperboundary:3.18609619140625 stddev:0.7776651978492737
2022-06-09 21:05:00,486 - train.py[line:96] - INFO: step:47500
2022-06-09 21:05:10,910 - train.py[line:105] - INFO: val_recall: 0.371859, val_ndcg: 0.377012, val_hit_rate: 0.869193, train_loss: 5.275358
2022-06-09 21:05:10,910 - train.py[line:106] - INFO: lowerboundary:-4.180808067321777  upperboundary:3.18609619140625 stddev:0.7776651978492737
2022-06-09 21:05:18,000 - train.py[line:96] - INFO: step:48000
2022-06-09 21:05:28,022 - train.py[line:105] - INFO: val_recall: 0.373609, val_ndcg: 0.377984, val_hit_rate: 0.871351, train_loss: 5.264399
2022-06-09 21:05:28,022 - train.py[line:106] - INFO: lowerboundary:-4.180808067321777  upperboundary:3.18609619140625 stddev:0.7776651978492737
2022-06-09 21:05:35,313 - train.py[line:96] - INFO: step:48500
2022-06-09 21:05:45,702 - train.py[line:105] - INFO: val_recall: 0.373447, val_ndcg: 0.377299, val_hit_rate: 0.871416, train_loss: 5.266706
2022-06-09 21:05:45,702 - train.py[line:106] - INFO: lowerboundary:-4.180808067321777  upperboundary:3.18609619140625 stddev:0.7783260345458984
2022-06-09 21:05:52,776 - train.py[line:96] - INFO: step:49000
2022-06-09 21:06:02,957 - train.py[line:105] - INFO: val_recall: 0.373948, val_ndcg: 0.377667, val_hit_rate: 0.872221, train_loss: 5.266179
2022-06-09 21:06:02,957 - train.py[line:106] - INFO: lowerboundary:-4.180808067321777  upperboundary:3.18609619140625 stddev:0.7783260345458984
2022-06-09 21:06:10,594 - train.py[line:96] - INFO: step:49500
2022-06-09 21:06:20,579 - train.py[line:105] - INFO: val_recall: 0.373766, val_ndcg: 0.377075, val_hit_rate: 0.871126, train_loss: 5.268836
2022-06-09 21:06:20,579 - train.py[line:106] - INFO: lowerboundary:-4.180808067321777  upperboundary:3.18609619140625 stddev:0.7842617034912109
2022-06-09 21:06:27,777 - train.py[line:96] - INFO: step:50000
2022-06-09 21:06:38,285 - train.py[line:105] - INFO: val_recall: 0.375199, val_ndcg: 0.379002, val_hit_rate: 0.873478, train_loss: 5.259828
2022-06-09 21:06:38,285 - train.py[line:106] - INFO: lowerboundary:-4.2174553871154785  upperboundary:3.18609619140625 stddev:0.7842617034912109
2022-06-09 21:06:46,006 - train.py[line:96] - INFO: step:50500
2022-06-09 21:06:56,124 - train.py[line:105] - INFO: val_recall: 0.374617, val_ndcg: 0.378181, val_hit_rate: 0.872189, train_loss: 5.251119
2022-06-09 21:06:56,124 - train.py[line:106] - INFO: lowerboundary:-4.2174553871154785  upperboundary:3.18609619140625 stddev:0.7856816053390503
2022-06-09 21:07:03,481 - train.py[line:96] - INFO: step:51000
2022-06-09 21:07:13,339 - train.py[line:105] - INFO: val_recall: 0.373920, val_ndcg: 0.377477, val_hit_rate: 0.869901, train_loss: 5.259226
2022-06-09 21:07:13,339 - train.py[line:106] - INFO: lowerboundary:-4.22162389755249  upperboundary:3.18609619140625 stddev:0.7856816053390503
2022-06-09 21:07:20,604 - train.py[line:96] - INFO: step:51500
2022-06-09 21:07:30,855 - train.py[line:105] - INFO: val_recall: 0.373928, val_ndcg: 0.377704, val_hit_rate: 0.871867, train_loss: 5.262291
2022-06-09 21:07:30,855 - train.py[line:106] - INFO: lowerboundary:-4.235692024230957  upperboundary:3.18609619140625 stddev:0.7856816053390503
2022-06-09 21:07:38,177 - train.py[line:96] - INFO: step:52000
2022-06-09 21:07:48,071 - train.py[line:105] - INFO: val_recall: 0.374365, val_ndcg: 0.378796, val_hit_rate: 0.873607, train_loss: 5.263059
2022-06-09 21:07:48,071 - train.py[line:106] - INFO: lowerboundary:-4.251451015472412  upperboundary:3.18609619140625 stddev:0.7856816053390503
2022-06-09 21:07:48,073 - train.py[line:138] - INFO: testing!
2022-06-09 21:07:59,319 - train.py[line:144] - INFO: test_num: 31038.000000, test_recall: 0.375199, test_ndcg: 0.379002, test_hit_rate: 0.873478