2022-06-10 00:11:09,898 - train.py[line:211] - INFO: max_iter: 300000
2022-06-10 00:11:09,899 - train.py[line:214] - INFO: {'ISCS': True,
 'batch_size': 128,
 'begin_time': '2022-06-10_00:11:07',
 'best_recall': 0.0,
 'coef': 0.0,
 'data_path': 'data',
 'dataset': 'ml_nf',
 'domain_index': 0,
 'domain_num': 1,
 'dropout': 0.3,
 'embedding_dim': 64,
 'embedding_num': 64,
 'exp_name': 'DNN-ml_nf-0-vqvae-ISCS-new',
 'item_count': 5579,
 'lower_boundary': -1,
 'lr': 0.001,
 'max_len': 20,
 'max_step': 300000,
 'model': 'DNN',
 'only_test_last_one': False,
 'patience': 3,
 'restore_path': '',
 'save_path': 'save/DNN-ml_nf-0-vqvae-ISCS-new',
 'seed': 19,
 'self_attn': False,
 'stddev': 0.1,
 'test_iter': 500,
 'topN': 50,
 'upper_boundary': 1,
 'vqvae': True}
2022-06-10 00:11:12,419 - train.py[line:255] - INFO: train begin
2022-06-10 00:11:21,353 - train.py[line:96] - INFO: step:500
2022-06-10 00:11:33,154 - train.py[line:105] - INFO: val_recall: 0.199670, val_ndcg: 0.227211, val_hit_rate: 0.642503, train_loss: 7.171205
2022-06-10 00:11:33,155 - train.py[line:106] - INFO: lowerboundary:-1  upperboundary:1 stddev:0.12685830891132355
2022-06-10 00:11:42,902 - train.py[line:96] - INFO: step:1000
2022-06-10 00:11:55,297 - train.py[line:105] - INFO: val_recall: 0.240015, val_ndcg: 0.254388, val_hit_rate: 0.709904, train_loss: 6.412287
2022-06-10 00:11:55,298 - train.py[line:106] - INFO: lowerboundary:-1  upperboundary:1 stddev:0.1460648626089096
2022-06-10 00:12:05,031 - train.py[line:96] - INFO: step:1500
2022-06-10 00:12:17,161 - train.py[line:105] - INFO: val_recall: 0.257001, val_ndcg: 0.270046, val_hit_rate: 0.741317, train_loss: 6.208516
2022-06-10 00:12:17,161 - train.py[line:106] - INFO: lowerboundary:-1  upperboundary:1 stddev:0.1616068035364151
2022-06-10 00:12:25,986 - train.py[line:96] - INFO: step:2000
2022-06-10 00:12:37,682 - train.py[line:105] - INFO: val_recall: 0.265286, val_ndcg: 0.273377, val_hit_rate: 0.747857, train_loss: 6.094926
2022-06-10 00:12:37,682 - train.py[line:106] - INFO: lowerboundary:-1  upperboundary:1 stddev:0.17976471781730652
2022-06-10 00:12:46,245 - train.py[line:96] - INFO: step:2500
2022-06-10 00:12:58,508 - train.py[line:105] - INFO: val_recall: 0.272109, val_ndcg: 0.278118, val_hit_rate: 0.750757, train_loss: 6.034891
2022-06-10 00:12:58,508 - train.py[line:106] - INFO: lowerboundary:-1  upperboundary:1 stddev:0.19428598880767822
2022-06-10 00:13:08,003 - train.py[line:96] - INFO: step:3000
2022-06-10 00:13:20,387 - train.py[line:105] - INFO: val_recall: 0.280670, val_ndcg: 0.284493, val_hit_rate: 0.758941, train_loss: 5.984286
2022-06-10 00:13:20,387 - train.py[line:106] - INFO: lowerboundary:-1  upperboundary:1 stddev:0.20411397516727448
2022-06-10 00:13:29,358 - train.py[line:96] - INFO: step:3500
2022-06-10 00:13:40,824 - train.py[line:105] - INFO: val_recall: 0.283859, val_ndcg: 0.288353, val_hit_rate: 0.767285, train_loss: 5.930629
2022-06-10 00:13:40,825 - train.py[line:106] - INFO: lowerboundary:-1  upperboundary:1 stddev:0.21203088760375977
2022-06-10 00:13:49,447 - train.py[line:96] - INFO: step:4000
2022-06-10 00:14:01,466 - train.py[line:105] - INFO: val_recall: 0.289921, val_ndcg: 0.293355, val_hit_rate: 0.776242, train_loss: 5.893008
2022-06-10 00:14:01,466 - train.py[line:106] - INFO: lowerboundary:-1  upperboundary:1 stddev:0.22849391400814056
2022-06-10 00:14:10,231 - train.py[line:96] - INFO: step:4500
2022-06-10 00:14:22,877 - train.py[line:105] - INFO: val_recall: 0.295317, val_ndcg: 0.297507, val_hit_rate: 0.782235, train_loss: 5.856065
2022-06-10 00:14:22,877 - train.py[line:106] - INFO: lowerboundary:-1  upperboundary:1 stddev:0.24326863884925842
2022-06-10 00:14:31,480 - train.py[line:96] - INFO: step:5000
2022-06-10 00:14:43,540 - train.py[line:105] - INFO: val_recall: 0.299324, val_ndcg: 0.303345, val_hit_rate: 0.787615, train_loss: 5.814461
2022-06-10 00:14:43,540 - train.py[line:106] - INFO: lowerboundary:-1  upperboundary:1 stddev:0.25320616364479065
2022-06-10 00:14:52,435 - train.py[line:96] - INFO: step:5500
2022-06-10 00:15:04,090 - train.py[line:105] - INFO: val_recall: 0.300170, val_ndcg: 0.302826, val_hit_rate: 0.789162, train_loss: 5.799351
2022-06-10 00:15:04,091 - train.py[line:106] - INFO: lowerboundary:-1  upperboundary:1 stddev:0.26461440324783325
2022-06-10 00:15:13,059 - train.py[line:96] - INFO: step:6000
2022-06-10 00:15:25,439 - train.py[line:105] - INFO: val_recall: 0.306458, val_ndcg: 0.307557, val_hit_rate: 0.797506, train_loss: 5.779448
2022-06-10 00:15:25,440 - train.py[line:106] - INFO: lowerboundary:-1  upperboundary:1 stddev:0.2795093357563019
2022-06-10 00:15:34,674 - train.py[line:96] - INFO: step:6500
2022-06-10 00:15:47,186 - train.py[line:105] - INFO: val_recall: 0.306651, val_ndcg: 0.308956, val_hit_rate: 0.795638, train_loss: 5.739884
2022-06-10 00:15:47,186 - train.py[line:106] - INFO: lowerboundary:-1  upperboundary:1 stddev:0.29118311405181885
2022-06-10 00:15:56,099 - train.py[line:96] - INFO: step:7000
2022-06-10 00:16:07,453 - train.py[line:105] - INFO: val_recall: 0.310163, val_ndcg: 0.311960, val_hit_rate: 0.802339, train_loss: 5.739359
2022-06-10 00:16:07,453 - train.py[line:106] - INFO: lowerboundary:-1  upperboundary:1 stddev:0.2998318076133728
2022-06-10 00:16:16,285 - train.py[line:96] - INFO: step:7500
2022-06-10 00:16:28,298 - train.py[line:105] - INFO: val_recall: 0.313759, val_ndcg: 0.314812, val_hit_rate: 0.807494, train_loss: 5.698097
2022-06-10 00:16:28,298 - train.py[line:106] - INFO: lowerboundary:-1.0856266021728516  upperboundary:1.0085737705230713 stddev:0.3106820583343506
2022-06-10 00:16:37,820 - train.py[line:96] - INFO: step:8000
2022-06-10 00:16:50,422 - train.py[line:105] - INFO: val_recall: 0.318646, val_ndcg: 0.318461, val_hit_rate: 0.812971, train_loss: 5.686222
2022-06-10 00:16:50,422 - train.py[line:106] - INFO: lowerboundary:-1.089739441871643  upperboundary:1.0475246906280518 stddev:0.3209281861782074
2022-06-10 00:16:59,595 - train.py[line:96] - INFO: step:8500
2022-06-10 00:17:11,416 - train.py[line:105] - INFO: val_recall: 0.321426, val_ndcg: 0.321092, val_hit_rate: 0.816902, train_loss: 5.667449
2022-06-10 00:17:11,417 - train.py[line:106] - INFO: lowerboundary:-1.2412992715835571  upperboundary:1.0813699960708618 stddev:0.33349356055259705
2022-06-10 00:17:20,195 - train.py[line:96] - INFO: step:9000
2022-06-10 00:17:31,267 - train.py[line:105] - INFO: val_recall: 0.323039, val_ndcg: 0.322634, val_hit_rate: 0.818835, train_loss: 5.663324
2022-06-10 00:17:31,267 - train.py[line:106] - INFO: lowerboundary:-1.2412992715835571  upperboundary:1.1376152038574219 stddev:0.33726391196250916
2022-06-10 00:17:39,910 - train.py[line:96] - INFO: step:9500
2022-06-10 00:17:52,159 - train.py[line:105] - INFO: val_recall: 0.324524, val_ndcg: 0.324406, val_hit_rate: 0.819737, train_loss: 5.631043
2022-06-10 00:17:52,159 - train.py[line:106] - INFO: lowerboundary:-1.305424690246582  upperboundary:1.1376152038574219 stddev:0.3571334481239319
2022-06-10 00:18:01,513 - train.py[line:96] - INFO: step:10000
2022-06-10 00:18:13,890 - train.py[line:105] - INFO: val_recall: 0.330166, val_ndcg: 0.328035, val_hit_rate: 0.825698, train_loss: 5.615390
2022-06-10 00:18:13,890 - train.py[line:106] - INFO: lowerboundary:-1.305424690246582  upperboundary:1.1543495655059814 stddev:0.3667304813861847
2022-06-10 00:18:22,975 - train.py[line:96] - INFO: step:10500
2022-06-10 00:18:34,935 - train.py[line:105] - INFO: val_recall: 0.328697, val_ndcg: 0.328084, val_hit_rate: 0.824763, train_loss: 5.607288
2022-06-10 00:18:34,935 - train.py[line:106] - INFO: lowerboundary:-1.305424690246582  upperboundary:1.236739158630371 stddev:0.3809548616409302
2022-06-10 00:18:43,387 - train.py[line:96] - INFO: step:11000
2022-06-10 00:18:55,555 - train.py[line:105] - INFO: val_recall: 0.329780, val_ndcg: 0.328526, val_hit_rate: 0.824570, train_loss: 5.588041
2022-06-10 00:18:55,555 - train.py[line:106] - INFO: lowerboundary:-1.305424690246582  upperboundary:1.236739158630371 stddev:0.39756008982658386
2022-06-10 00:19:04,204 - train.py[line:96] - INFO: step:11500
2022-06-10 00:19:16,594 - train.py[line:105] - INFO: val_recall: 0.332685, val_ndcg: 0.330311, val_hit_rate: 0.827663, train_loss: 5.574464
2022-06-10 00:19:16,594 - train.py[line:106] - INFO: lowerboundary:-1.3709036111831665  upperboundary:1.2449159622192383 stddev:0.41519781947135925
2022-06-10 00:19:26,200 - train.py[line:96] - INFO: step:12000
2022-06-10 00:19:38,693 - train.py[line:105] - INFO: val_recall: 0.334199, val_ndcg: 0.332479, val_hit_rate: 0.828629, train_loss: 5.563303
2022-06-10 00:19:38,693 - train.py[line:106] - INFO: lowerboundary:-1.4026886224746704  upperboundary:1.2668168544769287 stddev:0.41519781947135925
2022-06-10 00:19:47,792 - train.py[line:96] - INFO: step:12500
2022-06-10 00:19:58,584 - train.py[line:105] - INFO: val_recall: 0.334465, val_ndcg: 0.333904, val_hit_rate: 0.830820, train_loss: 5.565214
2022-06-10 00:19:58,585 - train.py[line:106] - INFO: lowerboundary:-1.4026886224746704  upperboundary:1.299009084701538 stddev:0.4186866581439972
2022-06-10 00:20:07,643 - train.py[line:96] - INFO: step:13000
2022-06-10 00:20:20,130 - train.py[line:105] - INFO: val_recall: 0.336331, val_ndcg: 0.335665, val_hit_rate: 0.831046, train_loss: 5.537822
2022-06-10 00:20:20,130 - train.py[line:106] - INFO: lowerboundary:-1.4026886224746704  upperboundary:1.3305416107177734 stddev:0.42837652564048767
2022-06-10 00:20:29,669 - train.py[line:96] - INFO: step:13500
2022-06-10 00:20:42,523 - train.py[line:105] - INFO: val_recall: 0.339016, val_ndcg: 0.337877, val_hit_rate: 0.834944, train_loss: 5.530891
2022-06-10 00:20:42,523 - train.py[line:106] - INFO: lowerboundary:-1.7779659032821655  upperboundary:1.376734733581543 stddev:0.4445154666900635
2022-06-10 00:20:51,824 - train.py[line:96] - INFO: step:14000
2022-06-10 00:21:03,340 - train.py[line:105] - INFO: val_recall: 0.339206, val_ndcg: 0.338697, val_hit_rate: 0.836104, train_loss: 5.528870
2022-06-10 00:21:03,340 - train.py[line:106] - INFO: lowerboundary:-1.7779659032821655  upperboundary:1.4187376499176025 stddev:0.45498836040496826
2022-06-10 00:21:12,008 - train.py[line:96] - INFO: step:14500
2022-06-10 00:21:23,963 - train.py[line:105] - INFO: val_recall: 0.340780, val_ndcg: 0.340881, val_hit_rate: 0.838392, train_loss: 5.517278
2022-06-10 00:21:23,963 - train.py[line:106] - INFO: lowerboundary:-1.7779659032821655  upperboundary:1.4382978677749634 stddev:0.46041592955589294
2022-06-10 00:21:33,460 - train.py[line:96] - INFO: step:15000
2022-06-10 00:21:45,848 - train.py[line:105] - INFO: val_recall: 0.341947, val_ndcg: 0.340424, val_hit_rate: 0.838746, train_loss: 5.519382
2022-06-10 00:21:45,848 - train.py[line:106] - INFO: lowerboundary:-1.7779659032821655  upperboundary:1.4606467485427856 stddev:0.4643917679786682
2022-06-10 00:21:55,262 - train.py[line:96] - INFO: step:15500
2022-06-10 00:22:07,120 - train.py[line:105] - INFO: val_recall: 0.344654, val_ndcg: 0.344174, val_hit_rate: 0.841807, train_loss: 5.515303
2022-06-10 00:22:07,121 - train.py[line:106] - INFO: lowerboundary:-1.7779659032821655  upperboundary:1.519921898841858 stddev:0.4811446964740753
2022-06-10 00:22:15,784 - train.py[line:96] - INFO: step:16000
2022-06-10 00:22:27,418 - train.py[line:105] - INFO: val_recall: 0.344795, val_ndcg: 0.344477, val_hit_rate: 0.841968, train_loss: 5.481878
2022-06-10 00:22:27,418 - train.py[line:106] - INFO: lowerboundary:-1.7779659032821655  upperboundary:1.519921898841858 stddev:0.4811446964740753
2022-06-10 00:22:36,830 - train.py[line:96] - INFO: step:16500
2022-06-10 00:22:49,764 - train.py[line:105] - INFO: val_recall: 0.345352, val_ndcg: 0.346085, val_hit_rate: 0.842999, train_loss: 5.487916
2022-06-10 00:22:49,764 - train.py[line:106] - INFO: lowerboundary:-1.7779659032821655  upperboundary:1.6172106266021729 stddev:0.49296194314956665
2022-06-10 00:22:59,517 - train.py[line:96] - INFO: step:17000
2022-06-10 00:23:11,891 - train.py[line:105] - INFO: val_recall: 0.345728, val_ndcg: 0.347395, val_hit_rate: 0.842934, train_loss: 5.487407
2022-06-10 00:23:11,891 - train.py[line:106] - INFO: lowerboundary:-1.7779659032821655  upperboundary:1.7365014553070068 stddev:0.5064775347709656
2022-06-10 00:23:20,964 - train.py[line:96] - INFO: step:17500
2022-06-10 00:23:32,627 - train.py[line:105] - INFO: val_recall: 0.347016, val_ndcg: 0.347842, val_hit_rate: 0.842516, train_loss: 5.483038
2022-06-10 00:23:32,627 - train.py[line:106] - INFO: lowerboundary:-1.7779659032821655  upperboundary:1.7365014553070068 stddev:0.5064775347709656
2022-06-10 00:23:41,596 - train.py[line:96] - INFO: step:18000
2022-06-10 00:23:54,215 - train.py[line:105] - INFO: val_recall: 0.346641, val_ndcg: 0.347904, val_hit_rate: 0.841485, train_loss: 5.466847
2022-06-10 00:23:54,215 - train.py[line:106] - INFO: lowerboundary:-1.7779659032821655  upperboundary:1.7365014553070068 stddev:0.5064775347709656
2022-06-10 00:24:02,548 - train.py[line:96] - INFO: step:18500
2022-06-10 00:24:15,095 - train.py[line:105] - INFO: val_recall: 0.348406, val_ndcg: 0.350083, val_hit_rate: 0.844449, train_loss: 5.466454
2022-06-10 00:24:15,095 - train.py[line:106] - INFO: lowerboundary:-1.7779659032821655  upperboundary:1.7365014553070068 stddev:0.5151258111000061
2022-06-10 00:24:24,363 - train.py[line:96] - INFO: step:19000
2022-06-10 00:24:35,969 - train.py[line:105] - INFO: val_recall: 0.349460, val_ndcg: 0.350648, val_hit_rate: 0.847542, train_loss: 5.456436
2022-06-10 00:24:35,969 - train.py[line:106] - INFO: lowerboundary:-1.7779659032821655  upperboundary:1.9628111124038696 stddev:0.5285819172859192
2022-06-10 00:24:45,075 - train.py[line:96] - INFO: step:19500
2022-06-10 00:24:57,429 - train.py[line:105] - INFO: val_recall: 0.351040, val_ndcg: 0.351867, val_hit_rate: 0.846543, train_loss: 5.436840
2022-06-10 00:24:57,429 - train.py[line:106] - INFO: lowerboundary:-1.7779659032821655  upperboundary:1.9628111124038696 stddev:0.5285819172859192
2022-06-10 00:25:06,675 - train.py[line:96] - INFO: step:20000
2022-06-10 00:25:19,327 - train.py[line:105] - INFO: val_recall: 0.352522, val_ndcg: 0.351996, val_hit_rate: 0.848057, train_loss: 5.446033
2022-06-10 00:25:19,327 - train.py[line:106] - INFO: lowerboundary:-2.0459036827087402  upperboundary:2.0096933841705322 stddev:0.5347486138343811
2022-06-10 00:25:28,876 - train.py[line:96] - INFO: step:20500
2022-06-10 00:25:40,857 - train.py[line:105] - INFO: val_recall: 0.351821, val_ndcg: 0.354789, val_hit_rate: 0.850667, train_loss: 5.439562
2022-06-10 00:25:40,857 - train.py[line:106] - INFO: lowerboundary:-2.0459036827087402  upperboundary:2.0096933841705322 stddev:0.5347486138343811
2022-06-10 00:25:49,510 - train.py[line:96] - INFO: step:21000
2022-06-10 00:26:01,129 - train.py[line:105] - INFO: val_recall: 0.351766, val_ndcg: 0.354221, val_hit_rate: 0.850151, train_loss: 5.435150
2022-06-10 00:26:01,129 - train.py[line:106] - INFO: lowerboundary:-2.0459036827087402  upperboundary:2.0096933841705322 stddev:0.5557764768600464
2022-06-10 00:26:09,355 - train.py[line:96] - INFO: step:21500
2022-06-10 00:26:21,904 - train.py[line:105] - INFO: val_recall: 0.352700, val_ndcg: 0.354812, val_hit_rate: 0.849990, train_loss: 5.434556
2022-06-10 00:26:21,904 - train.py[line:106] - INFO: lowerboundary:-2.0459036827087402  upperboundary:2.0096933841705322 stddev:0.5557764768600464
2022-06-10 00:26:31,066 - train.py[line:96] - INFO: step:22000
2022-06-10 00:26:43,701 - train.py[line:105] - INFO: val_recall: 0.353749, val_ndcg: 0.357217, val_hit_rate: 0.851666, train_loss: 5.443369
2022-06-10 00:26:43,701 - train.py[line:106] - INFO: lowerboundary:-2.0459036827087402  upperboundary:2.0096933841705322 stddev:0.5557764768600464
2022-06-10 00:26:53,222 - train.py[line:96] - INFO: step:22500
2022-06-10 00:27:04,954 - train.py[line:105] - INFO: val_recall: 0.351656, val_ndcg: 0.353296, val_hit_rate: 0.848025, train_loss: 5.424142
2022-06-10 00:27:04,954 - train.py[line:106] - INFO: lowerboundary:-2.0459036827087402  upperboundary:2.0096933841705322 stddev:0.5557764768600464
2022-06-10 00:27:13,633 - train.py[line:96] - INFO: step:23000
2022-06-10 00:27:26,117 - train.py[line:105] - INFO: val_recall: 0.355354, val_ndcg: 0.357670, val_hit_rate: 0.853599, train_loss: 5.419263
2022-06-10 00:27:26,117 - train.py[line:106] - INFO: lowerboundary:-2.0459036827087402  upperboundary:2.0096933841705322 stddev:0.5625567436218262
2022-06-10 00:27:35,351 - train.py[line:96] - INFO: step:23500
2022-06-10 00:27:47,108 - train.py[line:105] - INFO: val_recall: 0.355855, val_ndcg: 0.358312, val_hit_rate: 0.853985, train_loss: 5.401581
2022-06-10 00:27:47,108 - train.py[line:106] - INFO: lowerboundary:-2.0459036827087402  upperboundary:2.0096933841705322 stddev:0.5625567436218262
2022-06-10 00:27:57,252 - train.py[line:96] - INFO: step:24000
2022-06-10 00:28:08,226 - train.py[line:105] - INFO: val_recall: 0.355669, val_ndcg: 0.358235, val_hit_rate: 0.855854, train_loss: 5.420492
2022-06-10 00:28:08,226 - train.py[line:106] - INFO: lowerboundary:-2.0459036827087402  upperboundary:2.0096933841705322 stddev:0.5631773471832275
2022-06-10 00:28:17,878 - train.py[line:96] - INFO: step:24500
2022-06-10 00:28:29,810 - train.py[line:105] - INFO: val_recall: 0.357577, val_ndcg: 0.359002, val_hit_rate: 0.855661, train_loss: 5.401910
2022-06-10 00:28:29,811 - train.py[line:106] - INFO: lowerboundary:-2.0459036827087402  upperboundary:2.0096933841705322 stddev:0.5686361789703369
2022-06-10 00:28:39,795 - train.py[line:96] - INFO: step:25000
2022-06-10 00:28:51,060 - train.py[line:105] - INFO: val_recall: 0.359046, val_ndcg: 0.359536, val_hit_rate: 0.856982, train_loss: 5.395994
2022-06-10 00:28:51,060 - train.py[line:106] - INFO: lowerboundary:-2.0459036827087402  upperboundary:2.0096933841705322 stddev:0.5876035690307617
2022-06-10 00:29:01,138 - train.py[line:96] - INFO: step:25500
2022-06-10 00:29:12,269 - train.py[line:105] - INFO: val_recall: 0.358932, val_ndcg: 0.359202, val_hit_rate: 0.855951, train_loss: 5.388262
2022-06-10 00:29:12,269 - train.py[line:106] - INFO: lowerboundary:-2.0459036827087402  upperboundary:2.0096933841705322 stddev:0.5876035690307617
2022-06-10 00:29:21,842 - train.py[line:96] - INFO: step:26000
2022-06-10 00:29:33,624 - train.py[line:105] - INFO: val_recall: 0.358311, val_ndcg: 0.359616, val_hit_rate: 0.855467, train_loss: 5.393368
2022-06-10 00:29:33,624 - train.py[line:106] - INFO: lowerboundary:-2.0459036827087402  upperboundary:2.0096933841705322 stddev:0.5876035690307617
2022-06-10 00:29:43,274 - train.py[line:96] - INFO: step:26500
2022-06-10 00:29:54,739 - train.py[line:105] - INFO: val_recall: 0.360529, val_ndcg: 0.361845, val_hit_rate: 0.857852, train_loss: 5.382981
2022-06-10 00:29:54,739 - train.py[line:106] - INFO: lowerboundary:-2.0459036827087402  upperboundary:2.0096933841705322 stddev:0.5926517844200134
2022-06-10 00:30:04,923 - train.py[line:96] - INFO: step:27000
2022-06-10 00:30:16,098 - train.py[line:105] - INFO: val_recall: 0.359544, val_ndcg: 0.361631, val_hit_rate: 0.858271, train_loss: 5.379588
2022-06-10 00:30:16,098 - train.py[line:106] - INFO: lowerboundary:-2.0459036827087402  upperboundary:2.0096933841705322 stddev:0.5926517844200134
2022-06-10 00:30:25,749 - train.py[line:96] - INFO: step:27500
2022-06-10 00:30:37,415 - train.py[line:105] - INFO: val_recall: 0.360716, val_ndcg: 0.361738, val_hit_rate: 0.857787, train_loss: 5.386075
2022-06-10 00:30:37,415 - train.py[line:106] - INFO: lowerboundary:-2.0459036827087402  upperboundary:2.0096933841705322 stddev:0.5926517844200134
2022-06-10 00:30:47,563 - train.py[line:96] - INFO: step:28000
2022-06-10 00:30:58,424 - train.py[line:105] - INFO: val_recall: 0.361680, val_ndcg: 0.363117, val_hit_rate: 0.861589, train_loss: 5.352178
2022-06-10 00:30:58,425 - train.py[line:106] - INFO: lowerboundary:-2.0459036827087402  upperboundary:2.0096933841705322 stddev:0.5926517844200134
2022-06-10 00:31:08,575 - train.py[line:96] - INFO: step:28500
2022-06-10 00:31:20,101 - train.py[line:105] - INFO: val_recall: 0.362556, val_ndcg: 0.364738, val_hit_rate: 0.861976, train_loss: 5.372343
2022-06-10 00:31:20,101 - train.py[line:106] - INFO: lowerboundary:-2.0459036827087402  upperboundary:2.0683646202087402 stddev:0.5926517844200134
2022-06-10 00:31:30,212 - train.py[line:96] - INFO: step:29000
2022-06-10 00:31:41,300 - train.py[line:105] - INFO: val_recall: 0.362094, val_ndcg: 0.364988, val_hit_rate: 0.861041, train_loss: 5.370377
2022-06-10 00:31:41,300 - train.py[line:106] - INFO: lowerboundary:-2.0459036827087402  upperboundary:2.0683646202087402 stddev:0.6062341332435608
2022-06-10 00:31:50,936 - train.py[line:96] - INFO: step:29500
2022-06-10 00:32:02,736 - train.py[line:105] - INFO: val_recall: 0.363006, val_ndcg: 0.365528, val_hit_rate: 0.862201, train_loss: 5.363591
2022-06-10 00:32:02,736 - train.py[line:106] - INFO: lowerboundary:-2.0459036827087402  upperboundary:2.0683646202087402 stddev:0.6062341332435608
2022-06-10 00:32:12,997 - train.py[line:96] - INFO: step:30000
2022-06-10 00:32:24,779 - train.py[line:105] - INFO: val_recall: 0.361908, val_ndcg: 0.364100, val_hit_rate: 0.860945, train_loss: 5.356883
2022-06-10 00:32:24,779 - train.py[line:106] - INFO: lowerboundary:-2.0459036827087402  upperboundary:2.0683646202087402 stddev:0.6062341332435608
2022-06-10 00:32:34,274 - train.py[line:96] - INFO: step:30500
2022-06-10 00:32:45,574 - train.py[line:105] - INFO: val_recall: 0.362616, val_ndcg: 0.365351, val_hit_rate: 0.859463, train_loss: 5.356470
2022-06-10 00:32:45,574 - train.py[line:106] - INFO: lowerboundary:-2.0459036827087402  upperboundary:2.0683646202087402 stddev:0.6062341332435608
2022-06-10 00:32:55,151 - train.py[line:96] - INFO: step:31000
2022-06-10 00:33:06,695 - train.py[line:105] - INFO: val_recall: 0.365083, val_ndcg: 0.366288, val_hit_rate: 0.861653, train_loss: 5.357581
2022-06-10 00:33:06,695 - train.py[line:106] - INFO: lowerboundary:-2.0459036827087402  upperboundary:2.0683646202087402 stddev:0.6209309697151184
2022-06-10 00:33:16,801 - train.py[line:96] - INFO: step:31500
2022-06-10 00:33:27,704 - train.py[line:105] - INFO: val_recall: 0.364060, val_ndcg: 0.366255, val_hit_rate: 0.860687, train_loss: 5.332698
2022-06-10 00:33:27,704 - train.py[line:106] - INFO: lowerboundary:-2.0459036827087402  upperboundary:2.0683646202087402 stddev:0.6209309697151184
2022-06-10 00:33:37,229 - train.py[line:96] - INFO: step:32000
2022-06-10 00:33:48,795 - train.py[line:105] - INFO: val_recall: 0.365808, val_ndcg: 0.367452, val_hit_rate: 0.862201, train_loss: 5.346155
2022-06-10 00:33:48,795 - train.py[line:106] - INFO: lowerboundary:-2.0459036827087402  upperboundary:2.0683646202087402 stddev:0.6209309697151184
2022-06-10 00:33:58,997 - train.py[line:96] - INFO: step:32500
2022-06-10 00:34:11,460 - train.py[line:105] - INFO: val_recall: 0.363876, val_ndcg: 0.365412, val_hit_rate: 0.861879, train_loss: 5.332247
2022-06-10 00:34:11,460 - train.py[line:106] - INFO: lowerboundary:-2.0459036827087402  upperboundary:2.0683646202087402 stddev:0.6209309697151184
2022-06-10 00:34:20,930 - train.py[line:96] - INFO: step:33000
2022-06-10 00:34:31,355 - train.py[line:105] - INFO: val_recall: 0.365644, val_ndcg: 0.368107, val_hit_rate: 0.862556, train_loss: 5.346722
2022-06-10 00:34:31,355 - train.py[line:106] - INFO: lowerboundary:-2.0459036827087402  upperboundary:2.0683646202087402 stddev:0.6333195567131042
2022-06-10 00:34:40,942 - train.py[line:96] - INFO: step:33500
2022-06-10 00:34:52,703 - train.py[line:105] - INFO: val_recall: 0.366208, val_ndcg: 0.367716, val_hit_rate: 0.863877, train_loss: 5.339786
2022-06-10 00:34:52,703 - train.py[line:106] - INFO: lowerboundary:-2.0459036827087402  upperboundary:2.0683646202087402 stddev:0.6333195567131042
2022-06-10 00:35:02,858 - train.py[line:96] - INFO: step:34000
2022-06-10 00:35:14,009 - train.py[line:105] - INFO: val_recall: 0.367860, val_ndcg: 0.369991, val_hit_rate: 0.865745, train_loss: 5.331594
2022-06-10 00:35:14,010 - train.py[line:106] - INFO: lowerboundary:-2.0459036827087402  upperboundary:2.0683646202087402 stddev:0.635542631149292
2022-06-10 00:35:24,209 - train.py[line:96] - INFO: step:34500
2022-06-10 00:35:34,778 - train.py[line:105] - INFO: val_recall: 0.366012, val_ndcg: 0.369483, val_hit_rate: 0.864456, train_loss: 5.329068
2022-06-10 00:35:34,779 - train.py[line:106] - INFO: lowerboundary:-2.0459036827087402  upperboundary:2.0683646202087402 stddev:0.635542631149292
2022-06-10 00:35:44,364 - train.py[line:96] - INFO: step:35000
2022-06-10 00:35:55,627 - train.py[line:105] - INFO: val_recall: 0.367804, val_ndcg: 0.369383, val_hit_rate: 0.864811, train_loss: 5.324008
2022-06-10 00:35:55,627 - train.py[line:106] - INFO: lowerboundary:-2.0459036827087402  upperboundary:2.0683646202087402 stddev:0.635542631149292
2022-06-10 00:36:05,060 - train.py[line:96] - INFO: step:35500
2022-06-10 00:36:15,987 - train.py[line:105] - INFO: val_recall: 0.368196, val_ndcg: 0.370651, val_hit_rate: 0.866486, train_loss: 5.311457
2022-06-10 00:36:15,988 - train.py[line:106] - INFO: lowerboundary:-2.0459036827087402  upperboundary:2.0683646202087402 stddev:0.6520764827728271
2022-06-10 00:36:26,083 - train.py[line:96] - INFO: step:36000
2022-06-10 00:36:37,809 - train.py[line:105] - INFO: val_recall: 0.367440, val_ndcg: 0.369647, val_hit_rate: 0.864746, train_loss: 5.323556
2022-06-10 00:36:37,809 - train.py[line:106] - INFO: lowerboundary:-2.0459036827087402  upperboundary:2.0683646202087402 stddev:0.6520764827728271
2022-06-10 00:36:47,371 - train.py[line:96] - INFO: step:36500
2022-06-10 00:36:58,458 - train.py[line:105] - INFO: val_recall: 0.368557, val_ndcg: 0.370369, val_hit_rate: 0.865487, train_loss: 5.321296
2022-06-10 00:36:58,458 - train.py[line:106] - INFO: lowerboundary:-2.0459036827087402  upperboundary:2.0683646202087402 stddev:0.6520764827728271
2022-06-10 00:37:08,661 - train.py[line:96] - INFO: step:37000
2022-06-10 00:37:20,816 - train.py[line:105] - INFO: val_recall: 0.368141, val_ndcg: 0.369881, val_hit_rate: 0.865036, train_loss: 5.323885
2022-06-10 00:37:20,816 - train.py[line:106] - INFO: lowerboundary:-2.0459036827087402  upperboundary:2.0683646202087402 stddev:0.6520764827728271
2022-06-10 00:37:30,389 - train.py[line:96] - INFO: step:37500
2022-06-10 00:37:41,182 - train.py[line:105] - INFO: val_recall: 0.368670, val_ndcg: 0.370919, val_hit_rate: 0.865616, train_loss: 5.317796
2022-06-10 00:37:41,183 - train.py[line:106] - INFO: lowerboundary:-2.0459036827087402  upperboundary:2.0683646202087402 stddev:0.6520764827728271
2022-06-10 00:37:51,334 - train.py[line:96] - INFO: step:38000
2022-06-10 00:38:03,081 - train.py[line:105] - INFO: val_recall: 0.367726, val_ndcg: 0.370546, val_hit_rate: 0.865294, train_loss: 5.304681
2022-06-10 00:38:03,082 - train.py[line:106] - INFO: lowerboundary:-2.0459036827087402  upperboundary:2.0683646202087402 stddev:0.6520764827728271
2022-06-10 00:38:12,694 - train.py[line:96] - INFO: step:38500
2022-06-10 00:38:25,052 - train.py[line:105] - INFO: val_recall: 0.368301, val_ndcg: 0.370542, val_hit_rate: 0.867388, train_loss: 5.311701
2022-06-10 00:38:25,053 - train.py[line:106] - INFO: lowerboundary:-2.0459036827087402  upperboundary:2.0683646202087402 stddev:0.6520764827728271
2022-06-10 00:38:34,537 - train.py[line:96] - INFO: step:39000
2022-06-10 00:38:45,690 - train.py[line:105] - INFO: val_recall: 0.369270, val_ndcg: 0.371417, val_hit_rate: 0.866228, train_loss: 5.291298
2022-06-10 00:38:45,690 - train.py[line:106] - INFO: lowerboundary:-2.0459036827087402  upperboundary:2.0683646202087402 stddev:0.6520764827728271
2022-06-10 00:38:55,948 - train.py[line:96] - INFO: step:39500
2022-06-10 00:39:07,107 - train.py[line:105] - INFO: val_recall: 0.369300, val_ndcg: 0.370892, val_hit_rate: 0.865971, train_loss: 5.298997
2022-06-10 00:39:07,107 - train.py[line:106] - INFO: lowerboundary:-2.0459036827087402  upperboundary:2.0683646202087402 stddev:0.6520764827728271
2022-06-10 00:39:17,301 - train.py[line:96] - INFO: step:40000
2022-06-10 00:39:28,283 - train.py[line:105] - INFO: val_recall: 0.369683, val_ndcg: 0.372696, val_hit_rate: 0.867904, train_loss: 5.297993
2022-06-10 00:39:28,284 - train.py[line:106] - INFO: lowerboundary:-2.10565185546875  upperboundary:2.0683646202087402 stddev:0.6520764827728271
2022-06-10 00:39:38,333 - train.py[line:96] - INFO: step:40500
2022-06-10 00:39:49,515 - train.py[line:105] - INFO: val_recall: 0.370249, val_ndcg: 0.371620, val_hit_rate: 0.868806, train_loss: 5.309543
2022-06-10 00:39:49,515 - train.py[line:106] - INFO: lowerboundary:-2.10565185546875  upperboundary:2.0683646202087402 stddev:0.653434693813324
2022-06-10 00:39:59,627 - train.py[line:96] - INFO: step:41000
2022-06-10 00:40:10,547 - train.py[line:105] - INFO: val_recall: 0.368828, val_ndcg: 0.371810, val_hit_rate: 0.867614, train_loss: 5.301830
2022-06-10 00:40:10,547 - train.py[line:106] - INFO: lowerboundary:-2.10565185546875  upperboundary:2.2347779273986816 stddev:0.653434693813324
2022-06-10 00:40:20,193 - train.py[line:96] - INFO: step:41500
2022-06-10 00:40:32,452 - train.py[line:105] - INFO: val_recall: 0.368065, val_ndcg: 0.370729, val_hit_rate: 0.865810, train_loss: 5.302975
2022-06-10 00:40:32,452 - train.py[line:106] - INFO: lowerboundary:-2.10565185546875  upperboundary:2.2347779273986816 stddev:0.6552870273590088
2022-06-10 00:40:42,100 - train.py[line:96] - INFO: step:42000
2022-06-10 00:40:53,577 - train.py[line:105] - INFO: val_recall: 0.370573, val_ndcg: 0.372991, val_hit_rate: 0.868903, train_loss: 5.291294
2022-06-10 00:40:53,577 - train.py[line:106] - INFO: lowerboundary:-2.10565185546875  upperboundary:2.2347779273986816 stddev:0.6602463722229004
2022-06-10 00:41:03,989 - train.py[line:96] - INFO: step:42500
2022-06-10 00:41:14,837 - train.py[line:105] - INFO: val_recall: 0.370293, val_ndcg: 0.372870, val_hit_rate: 0.868903, train_loss: 5.291697
2022-06-10 00:41:14,838 - train.py[line:106] - INFO: lowerboundary:-2.10565185546875  upperboundary:2.2347779273986816 stddev:0.666959285736084
2022-06-10 00:41:24,401 - train.py[line:96] - INFO: step:43000
2022-06-10 00:41:35,801 - train.py[line:105] - INFO: val_recall: 0.370305, val_ndcg: 0.372557, val_hit_rate: 0.868162, train_loss: 5.283947
2022-06-10 00:41:35,801 - train.py[line:106] - INFO: lowerboundary:-2.10565185546875  upperboundary:2.2347779273986816 stddev:0.666959285736084
2022-06-10 00:41:45,311 - train.py[line:96] - INFO: step:43500
2022-06-10 00:41:56,392 - train.py[line:105] - INFO: val_recall: 0.370621, val_ndcg: 0.372848, val_hit_rate: 0.869515, train_loss: 5.279595
2022-06-10 00:41:56,393 - train.py[line:106] - INFO: lowerboundary:-2.10565185546875  upperboundary:2.2347779273986816 stddev:0.666959285736084
2022-06-10 00:42:06,700 - train.py[line:96] - INFO: step:44000
2022-06-10 00:42:17,271 - train.py[line:105] - INFO: val_recall: 0.370235, val_ndcg: 0.373110, val_hit_rate: 0.868097, train_loss: 5.283730
2022-06-10 00:42:17,271 - train.py[line:106] - INFO: lowerboundary:-2.10565185546875  upperboundary:2.2347779273986816 stddev:0.666959285736084
2022-06-10 00:42:26,807 - train.py[line:96] - INFO: step:44500
2022-06-10 00:42:38,462 - train.py[line:105] - INFO: val_recall: 0.370226, val_ndcg: 0.372176, val_hit_rate: 0.865391, train_loss: 5.272607
2022-06-10 00:42:38,462 - train.py[line:106] - INFO: lowerboundary:-2.1164379119873047  upperboundary:2.2347779273986816 stddev:0.6704692840576172
2022-06-10 00:42:48,045 - train.py[line:96] - INFO: step:45000
2022-06-10 00:42:58,460 - train.py[line:105] - INFO: val_recall: 0.370777, val_ndcg: 0.372751, val_hit_rate: 0.868870, train_loss: 5.272070
2022-06-10 00:42:58,461 - train.py[line:106] - INFO: lowerboundary:-2.1164379119873047  upperboundary:2.2347779273986816 stddev:0.6704692840576172
2022-06-10 00:43:08,670 - train.py[line:96] - INFO: step:45500
2022-06-10 00:43:19,815 - train.py[line:105] - INFO: val_recall: 0.371409, val_ndcg: 0.373697, val_hit_rate: 0.867968, train_loss: 5.282596
2022-06-10 00:43:19,815 - train.py[line:106] - INFO: lowerboundary:-2.1164379119873047  upperboundary:2.2347779273986816 stddev:0.6704692840576172
2022-06-10 00:43:30,059 - train.py[line:96] - INFO: step:46000
2022-06-10 00:43:41,109 - train.py[line:105] - INFO: val_recall: 0.371832, val_ndcg: 0.373938, val_hit_rate: 0.868709, train_loss: 5.276153
2022-06-10 00:43:41,109 - train.py[line:106] - INFO: lowerboundary:-2.1164379119873047  upperboundary:2.2347779273986816 stddev:0.6704692840576172
2022-06-10 00:43:51,323 - train.py[line:96] - INFO: step:46500
2022-06-10 00:44:02,075 - train.py[line:105] - INFO: val_recall: 0.371427, val_ndcg: 0.373486, val_hit_rate: 0.869032, train_loss: 5.282944
2022-06-10 00:44:02,075 - train.py[line:106] - INFO: lowerboundary:-2.1164379119873047  upperboundary:2.2347779273986816 stddev:0.6704692840576172
2022-06-10 00:44:11,438 - train.py[line:96] - INFO: step:47000
2022-06-10 00:44:22,682 - train.py[line:105] - INFO: val_recall: 0.371773, val_ndcg: 0.374606, val_hit_rate: 0.868226, train_loss: 5.274745
2022-06-10 00:44:22,682 - train.py[line:106] - INFO: lowerboundary:-2.1164379119873047  upperboundary:2.2347779273986816 stddev:0.6769623756408691
2022-06-10 00:44:32,151 - train.py[line:96] - INFO: step:47500
2022-06-10 00:44:43,738 - train.py[line:105] - INFO: val_recall: 0.370669, val_ndcg: 0.373656, val_hit_rate: 0.867324, train_loss: 5.278964
2022-06-10 00:44:43,738 - train.py[line:106] - INFO: lowerboundary:-2.1164379119873047  upperboundary:2.2347779273986816 stddev:0.6769623756408691
2022-06-10 00:44:53,241 - train.py[line:96] - INFO: step:48000
2022-06-10 00:45:03,845 - train.py[line:105] - INFO: val_recall: 0.372548, val_ndcg: 0.375123, val_hit_rate: 0.871738, train_loss: 5.269528
2022-06-10 00:45:03,845 - train.py[line:106] - INFO: lowerboundary:-2.1164379119873047  upperboundary:2.267821788787842 stddev:0.6769623756408691
2022-06-10 00:45:14,183 - train.py[line:96] - INFO: step:48500
2022-06-10 00:45:25,259 - train.py[line:105] - INFO: val_recall: 0.370995, val_ndcg: 0.374272, val_hit_rate: 0.869032, train_loss: 5.268096
2022-06-10 00:45:25,259 - train.py[line:106] - INFO: lowerboundary:-2.1164379119873047  upperboundary:2.267821788787842 stddev:0.6811971068382263
2022-06-10 00:45:34,809 - train.py[line:96] - INFO: step:49000
2022-06-10 00:45:45,729 - train.py[line:105] - INFO: val_recall: 0.371913, val_ndcg: 0.374309, val_hit_rate: 0.870320, train_loss: 5.266297
2022-06-10 00:45:45,729 - train.py[line:106] - INFO: lowerboundary:-2.1164379119873047  upperboundary:2.267821788787842 stddev:0.6811971068382263
2022-06-10 00:45:55,213 - train.py[line:96] - INFO: step:49500
2022-06-10 00:46:06,783 - train.py[line:105] - INFO: val_recall: 0.370789, val_ndcg: 0.373676, val_hit_rate: 0.867775, train_loss: 5.270324
2022-06-10 00:46:06,784 - train.py[line:106] - INFO: lowerboundary:-2.34079647064209  upperboundary:2.267821788787842 stddev:0.6858522295951843
2022-06-10 00:46:16,481 - train.py[line:96] - INFO: step:50000
2022-06-10 00:46:28,616 - train.py[line:105] - INFO: val_recall: 0.373371, val_ndcg: 0.375097, val_hit_rate: 0.870191, train_loss: 5.261358
2022-06-10 00:46:28,616 - train.py[line:106] - INFO: lowerboundary:-2.34079647064209  upperboundary:2.267821788787842 stddev:0.6858522295951843
2022-06-10 00:46:38,921 - train.py[line:96] - INFO: step:50500
2022-06-10 00:46:50,377 - train.py[line:105] - INFO: val_recall: 0.372253, val_ndcg: 0.374148, val_hit_rate: 0.870997, train_loss: 5.252944
2022-06-10 00:46:50,377 - train.py[line:106] - INFO: lowerboundary:-2.34079647064209  upperboundary:2.267821788787842 stddev:0.6878012418746948
2022-06-10 00:46:59,802 - train.py[line:96] - INFO: step:51000
2022-06-10 00:47:11,888 - train.py[line:105] - INFO: val_recall: 0.370669, val_ndcg: 0.373245, val_hit_rate: 0.868709, train_loss: 5.263946
2022-06-10 00:47:11,888 - train.py[line:106] - INFO: lowerboundary:-2.34079647064209  upperboundary:2.267821788787842 stddev:0.6878012418746948
2022-06-10 00:47:21,456 - train.py[line:96] - INFO: step:51500
2022-06-10 00:47:32,277 - train.py[line:105] - INFO: val_recall: 0.371295, val_ndcg: 0.374036, val_hit_rate: 0.869901, train_loss: 5.262542
2022-06-10 00:47:32,278 - train.py[line:106] - INFO: lowerboundary:-2.34079647064209  upperboundary:2.267821788787842 stddev:0.6878012418746948
2022-06-10 00:47:42,025 - train.py[line:96] - INFO: step:52000
2022-06-10 00:47:53,455 - train.py[line:105] - INFO: val_recall: 0.371692, val_ndcg: 0.373953, val_hit_rate: 0.869740, train_loss: 5.264226
2022-06-10 00:47:53,456 - train.py[line:106] - INFO: lowerboundary:-2.34079647064209  upperboundary:2.267821788787842 stddev:0.6878012418746948
2022-06-10 00:47:53,457 - train.py[line:138] - INFO: testing!
2022-06-10 00:48:06,187 - train.py[line:144] - INFO: test_num: 31038.000000, test_recall: 0.373371, test_ndcg: 0.375097, test_hit_rate: 0.870191
2022-06-10 08:20:43,708 - train.py[line:211] - INFO: max_iter: 300000
2022-06-10 08:20:43,709 - train.py[line:214] - INFO: {'ISCS': True,
 'batch_size': 128,
 'begin_time': '2022-06-10_08:20:41',
 'best_recall': 0.0,
 'coef': 0.0,
 'data_path': 'data',
 'dataset': 'ml_nf',
 'domain_index': 0,
 'domain_num': 1,
 'dropout': 0.3,
 'embedding_dim': 64,
 'embedding_num': 64,
 'exp_name': 'DNN-ml_nf-0-vqvae-ISCS-new',
 'item_count': 5579,
 'lower_boundary': -1,
 'lr': 0.001,
 'max_len': 20,
 'max_step': 300000,
 'model': 'DNN',
 'only_test_last_one': False,
 'patience': 3,
 'restore_path': 'save/DNN-ml_nf-0-vqvae-ISCS-new/model.ckpt',
 'save_path': 'save/DNN-ml_nf-0-vqvae-ISCS-new',
 'seed': 19,
 'self_attn': False,
 'stddev': 0.1,
 'test_iter': 500,
 'topN': 50,
 'upper_boundary': 1,
 'vqvae': True}
2022-06-10 08:20:45,903 - train.py[line:255] - INFO: train begin
2022-06-10 08:20:45,903 - train.py[line:259] - INFO: restore model from save/DNN-ml_nf-0-vqvae-ISCS-new/model.ckpt
