2022-06-09 22:23:19,512 - train.py[line:211] - INFO: max_iter: 300000
2022-06-09 22:23:19,513 - train.py[line:214] - INFO: {'ISCS': False,
 'batch_size': 128,
 'begin_time': '2022-06-09_22:23:18',
 'best_recall': 0.0,
 'coef': 0.0,
 'data_path': 'data',
 'dataset': 'ml_nf',
 'domain_index': 1,
 'domain_num': 1,
 'dropout': 0.3,
 'embedding_dim': 64,
 'embedding_num': 64,
 'exp_name': 'DNN-ml_nf-1-vqvae',
 'item_count': 5579,
 'lower_boundary': -1,
 'lr': 0.001,
 'max_len': 20,
 'max_step': 300000,
 'model': 'DNN',
 'only_test_last_one': False,
 'patience': 3,
 'restore_path': 'save/DNN-ml_nf-0-vqvae/model.ckpt',
 'save_path': 'save/DNN-ml_nf-1-vqvae',
 'seed': 19,
 'self_attn': False,
 'stddev': 0.1,
 'test_iter': 500,
 'topN': 50,
 'upper_boundary': 1,
 'vqvae': True}
2022-06-09 22:23:21,857 - train.py[line:255] - INFO: train begin
2022-06-09 22:23:21,857 - train.py[line:259] - INFO: restore model from save/DNN-ml_nf-0-vqvae/model.ckpt
2022-06-09 22:23:30,048 - train.py[line:96] - INFO: step:500
2022-06-09 22:23:34,899 - train.py[line:105] - INFO: val_recall: 0.327145, val_ndcg: 0.250249, val_hit_rate: 0.620779, train_loss: 6.001985
2022-06-09 22:23:34,900 - train.py[line:106] - INFO: lowerboundary:-1  upperboundary:1 stddev:0.23172497749328613
2022-06-09 22:23:41,904 - train.py[line:96] - INFO: step:1000
2022-06-09 22:23:48,215 - train.py[line:105] - INFO: val_recall: 0.340958, val_ndcg: 0.264245, val_hit_rate: 0.644703, train_loss: 5.582648
2022-06-09 22:23:48,216 - train.py[line:106] - INFO: lowerboundary:-1  upperboundary:1 stddev:0.27739885449409485
2022-06-09 22:23:56,268 - train.py[line:96] - INFO: step:1500
2022-06-09 22:24:02,202 - train.py[line:105] - INFO: val_recall: 0.350436, val_ndcg: 0.277653, val_hit_rate: 0.663636, train_loss: 5.461130
2022-06-09 22:24:02,202 - train.py[line:106] - INFO: lowerboundary:-1  upperboundary:1 stddev:0.303091436624527
2022-06-09 22:24:08,768 - train.py[line:96] - INFO: step:2000
2022-06-09 22:24:14,125 - train.py[line:105] - INFO: val_recall: 0.353278, val_ndcg: 0.280518, val_hit_rate: 0.669310, train_loss: 5.382700
2022-06-09 22:24:14,126 - train.py[line:106] - INFO: lowerboundary:-1  upperboundary:1 stddev:0.3295571804046631
2022-06-09 22:24:22,253 - train.py[line:96] - INFO: step:2500
2022-06-09 22:24:28,832 - train.py[line:105] - INFO: val_recall: 0.361953, val_ndcg: 0.293094, val_hit_rate: 0.680519, train_loss: 5.302459
2022-06-09 22:24:28,832 - train.py[line:106] - INFO: lowerboundary:-1  upperboundary:1.032597541809082 stddev:0.3500925898551941
2022-06-09 22:24:35,597 - train.py[line:96] - INFO: step:3000
2022-06-09 22:24:40,549 - train.py[line:105] - INFO: val_recall: 0.366707, val_ndcg: 0.302689, val_hit_rate: 0.688380, train_loss: 5.223763
2022-06-09 22:24:40,549 - train.py[line:106] - INFO: lowerboundary:-1  upperboundary:1.1895560026168823 stddev:0.37030458450317383
2022-06-09 22:24:48,542 - train.py[line:96] - INFO: step:3500
2022-06-09 22:24:57,143 - train.py[line:105] - INFO: val_recall: 0.370977, val_ndcg: 0.304437, val_hit_rate: 0.697266, train_loss: 5.189653
2022-06-09 22:24:57,143 - train.py[line:106] - INFO: lowerboundary:-1.0308960676193237  upperboundary:1.336171269416809 stddev:0.3847390413284302
2022-06-09 22:25:05,253 - train.py[line:96] - INFO: step:4000
2022-06-09 22:25:10,699 - train.py[line:105] - INFO: val_recall: 0.373404, val_ndcg: 0.308544, val_hit_rate: 0.702392, train_loss: 5.109123
2022-06-09 22:25:10,699 - train.py[line:106] - INFO: lowerboundary:-1.0435101985931396  upperboundary:1.4588027000427246 stddev:0.40341895818710327
2022-06-09 22:25:17,631 - train.py[line:96] - INFO: step:4500
2022-06-09 22:25:25,573 - train.py[line:105] - INFO: val_recall: 0.378512, val_ndcg: 0.317946, val_hit_rate: 0.711005, train_loss: 5.068316
2022-06-09 22:25:25,574 - train.py[line:106] - INFO: lowerboundary:-1.0593756437301636  upperboundary:1.563693642616272 stddev:0.42043519020080566
2022-06-09 22:25:32,912 - train.py[line:96] - INFO: step:5000
2022-06-09 22:25:39,458 - train.py[line:105] - INFO: val_recall: 0.381653, val_ndcg: 0.324150, val_hit_rate: 0.718250, train_loss: 5.017363
2022-06-09 22:25:39,458 - train.py[line:106] - INFO: lowerboundary:-1.0684317350387573  upperboundary:1.6538230180740356 stddev:0.4307851493358612
2022-06-09 22:25:46,065 - train.py[line:96] - INFO: step:5500
2022-06-09 22:25:52,387 - train.py[line:105] - INFO: val_recall: 0.384778, val_ndcg: 0.327082, val_hit_rate: 0.723308, train_loss: 4.983266
2022-06-09 22:25:52,387 - train.py[line:106] - INFO: lowerboundary:-1.0684317350387573  upperboundary:1.7396600246429443 stddev:0.4450097978115082
2022-06-09 22:26:00,430 - train.py[line:96] - INFO: step:6000
2022-06-09 22:26:07,501 - train.py[line:105] - INFO: val_recall: 0.387809, val_ndcg: 0.336869, val_hit_rate: 0.728230, train_loss: 4.932626
2022-06-09 22:26:07,501 - train.py[line:106] - INFO: lowerboundary:-1.0770176649093628  upperboundary:1.8093605041503906 stddev:0.4579828977584839
2022-06-09 22:26:14,780 - train.py[line:96] - INFO: step:6500
2022-06-09 22:26:20,668 - train.py[line:105] - INFO: val_recall: 0.389310, val_ndcg: 0.335753, val_hit_rate: 0.731032, train_loss: 4.899579
2022-06-09 22:26:20,668 - train.py[line:106] - INFO: lowerboundary:-1.0770176649093628  upperboundary:1.8760548830032349 stddev:0.47071927785873413
2022-06-09 22:26:29,185 - train.py[line:96] - INFO: step:7000
2022-06-09 22:26:36,861 - train.py[line:105] - INFO: val_recall: 0.389920, val_ndcg: 0.341713, val_hit_rate: 0.733493, train_loss: 4.870368
2022-06-09 22:26:36,861 - train.py[line:106] - INFO: lowerboundary:-1.1013433933258057  upperboundary:1.9408111572265625 stddev:0.4830780327320099
2022-06-09 22:26:45,018 - train.py[line:96] - INFO: step:7500
2022-06-09 22:26:51,801 - train.py[line:105] - INFO: val_recall: 0.392817, val_ndcg: 0.345142, val_hit_rate: 0.736705, train_loss: 4.831486
2022-06-09 22:26:51,801 - train.py[line:106] - INFO: lowerboundary:-1.1387606859207153  upperboundary:2.002298355102539 stddev:0.49748584628105164
2022-06-09 22:27:00,244 - train.py[line:96] - INFO: step:8000
2022-06-09 22:27:06,710 - train.py[line:105] - INFO: val_recall: 0.395477, val_ndcg: 0.349440, val_hit_rate: 0.744498, train_loss: 4.779326
2022-06-09 22:27:06,710 - train.py[line:106] - INFO: lowerboundary:-1.1734788417816162  upperboundary:2.0588290691375732 stddev:0.5084595680236816
2022-06-09 22:27:13,985 - train.py[line:96] - INFO: step:8500
2022-06-09 22:27:20,735 - train.py[line:105] - INFO: val_recall: 0.396887, val_ndcg: 0.350879, val_hit_rate: 0.744566, train_loss: 4.768790
2022-06-09 22:27:20,735 - train.py[line:106] - INFO: lowerboundary:-1.2323795557022095  upperboundary:2.1079695224761963 stddev:0.522998034954071
2022-06-09 22:27:28,476 - train.py[line:96] - INFO: step:9000
2022-06-09 22:27:35,011 - train.py[line:105] - INFO: val_recall: 0.400360, val_ndcg: 0.354451, val_hit_rate: 0.750786, train_loss: 4.736293
2022-06-09 22:27:35,011 - train.py[line:106] - INFO: lowerboundary:-1.2838585376739502  upperboundary:2.16005277633667 stddev:0.5332927107810974
2022-06-09 22:27:42,068 - train.py[line:96] - INFO: step:9500
2022-06-09 22:27:48,570 - train.py[line:105] - INFO: val_recall: 0.399268, val_ndcg: 0.357899, val_hit_rate: 0.750239, train_loss: 4.689845
2022-06-09 22:27:48,570 - train.py[line:106] - INFO: lowerboundary:-1.3373037576675415  upperboundary:2.2041561603546143 stddev:0.5437633991241455
2022-06-09 22:27:56,153 - train.py[line:96] - INFO: step:10000
2022-06-09 22:28:04,110 - train.py[line:105] - INFO: val_recall: 0.402072, val_ndcg: 0.358647, val_hit_rate: 0.755092, train_loss: 4.664105
2022-06-09 22:28:04,110 - train.py[line:106] - INFO: lowerboundary:-1.3884644508361816  upperboundary:2.25225830078125 stddev:0.5592419505119324
2022-06-09 22:28:11,860 - train.py[line:96] - INFO: step:10500
2022-06-09 22:28:17,115 - train.py[line:105] - INFO: val_recall: 0.403793, val_ndcg: 0.358430, val_hit_rate: 0.758988, train_loss: 4.633012
2022-06-09 22:28:17,115 - train.py[line:106] - INFO: lowerboundary:-1.4157774448394775  upperboundary:2.2906227111816406 stddev:0.5654224157333374
2022-06-09 22:28:25,224 - train.py[line:96] - INFO: step:11000
2022-06-09 22:28:33,835 - train.py[line:105] - INFO: val_recall: 0.406941, val_ndcg: 0.365043, val_hit_rate: 0.766576, train_loss: 4.611124
2022-06-09 22:28:33,835 - train.py[line:106] - INFO: lowerboundary:-1.434267520904541  upperboundary:2.3286917209625244 stddev:0.576486349105835
2022-06-09 22:28:41,995 - train.py[line:96] - INFO: step:11500
2022-06-09 22:28:46,832 - train.py[line:105] - INFO: val_recall: 0.408010, val_ndcg: 0.365371, val_hit_rate: 0.766712, train_loss: 4.568440
2022-06-09 22:28:46,832 - train.py[line:106] - INFO: lowerboundary:-1.4633680582046509  upperboundary:2.360985040664673 stddev:0.5870178937911987
2022-06-09 22:28:53,893 - train.py[line:96] - INFO: step:12000
2022-06-09 22:29:02,302 - train.py[line:105] - INFO: val_recall: 0.409513, val_ndcg: 0.373472, val_hit_rate: 0.771839, train_loss: 4.551168
2022-06-09 22:29:02,303 - train.py[line:106] - INFO: lowerboundary:-1.4888991117477417  upperboundary:2.3873696327209473 stddev:0.5957759022712708
2022-06-09 22:29:10,207 - train.py[line:96] - INFO: step:12500
2022-06-09 22:29:16,044 - train.py[line:105] - INFO: val_recall: 0.411421, val_ndcg: 0.377790, val_hit_rate: 0.775393, train_loss: 4.510817
2022-06-09 22:29:16,044 - train.py[line:106] - INFO: lowerboundary:-1.5108031034469604  upperboundary:2.4185123443603516 stddev:0.6024268269538879
2022-06-09 22:29:22,638 - train.py[line:96] - INFO: step:13000
2022-06-09 22:29:29,039 - train.py[line:105] - INFO: val_recall: 0.410783, val_ndcg: 0.378578, val_hit_rate: 0.776350, train_loss: 4.484576
2022-06-09 22:29:29,039 - train.py[line:106] - INFO: lowerboundary:-1.5364466905593872  upperboundary:2.445230484008789 stddev:0.6127753853797913
2022-06-09 22:29:36,614 - train.py[line:96] - INFO: step:13500
2022-06-09 22:29:44,576 - train.py[line:105] - INFO: val_recall: 0.414192, val_ndcg: 0.379782, val_hit_rate: 0.780725, train_loss: 4.473023
2022-06-09 22:29:44,576 - train.py[line:106] - INFO: lowerboundary:-1.5535707473754883  upperboundary:2.466167688369751 stddev:0.6211740970611572
2022-06-09 22:29:51,314 - train.py[line:96] - INFO: step:14000
2022-06-09 22:29:56,198 - train.py[line:105] - INFO: val_recall: 0.417750, val_ndcg: 0.385685, val_hit_rate: 0.787560, train_loss: 4.450613
2022-06-09 22:29:56,199 - train.py[line:106] - INFO: lowerboundary:-1.5708986520767212  upperboundary:2.481240749359131 stddev:0.6293421983718872
2022-06-09 22:30:04,421 - train.py[line:96] - INFO: step:14500
2022-06-09 22:30:13,080 - train.py[line:105] - INFO: val_recall: 0.420263, val_ndcg: 0.386058, val_hit_rate: 0.793917, train_loss: 4.423418
2022-06-09 22:30:13,081 - train.py[line:106] - INFO: lowerboundary:-1.5853835344314575  upperboundary:2.4958231449127197 stddev:0.6343235373497009
2022-06-09 22:30:20,620 - train.py[line:96] - INFO: step:15000
2022-06-09 22:30:25,545 - train.py[line:105] - INFO: val_recall: 0.419415, val_ndcg: 0.389167, val_hit_rate: 0.791319, train_loss: 4.402235
2022-06-09 22:30:25,545 - train.py[line:106] - INFO: lowerboundary:-1.5986751317977905  upperboundary:2.5066728591918945 stddev:0.6410696506500244
2022-06-09 22:30:32,984 - train.py[line:96] - INFO: step:15500
2022-06-09 22:30:41,380 - train.py[line:105] - INFO: val_recall: 0.420853, val_ndcg: 0.387897, val_hit_rate: 0.793438, train_loss: 4.366094
2022-06-09 22:30:41,380 - train.py[line:106] - INFO: lowerboundary:-1.6143985986709595  upperboundary:2.5184855461120605 stddev:0.6453962326049805
2022-06-09 22:30:49,331 - train.py[line:96] - INFO: step:16000
2022-06-09 22:30:55,638 - train.py[line:105] - INFO: val_recall: 0.424431, val_ndcg: 0.397351, val_hit_rate: 0.800342, train_loss: 4.328007
2022-06-09 22:30:55,638 - train.py[line:106] - INFO: lowerboundary:-1.6243664026260376  upperboundary:2.527428150177002 stddev:0.6506721377372742
2022-06-09 22:31:02,689 - train.py[line:96] - INFO: step:16500
2022-06-09 22:31:09,566 - train.py[line:105] - INFO: val_recall: 0.425610, val_ndcg: 0.394097, val_hit_rate: 0.802939, train_loss: 4.318925
2022-06-09 22:31:09,566 - train.py[line:106] - INFO: lowerboundary:-1.6327470541000366  upperboundary:2.5379652976989746 stddev:0.6565079092979431
2022-06-09 22:31:17,108 - train.py[line:96] - INFO: step:17000
2022-06-09 22:31:23,595 - train.py[line:105] - INFO: val_recall: 0.427924, val_ndcg: 0.397949, val_hit_rate: 0.805673, train_loss: 4.286948
2022-06-09 22:31:23,596 - train.py[line:106] - INFO: lowerboundary:-1.6397993564605713  upperboundary:2.54445743560791 stddev:0.6616105437278748
2022-06-09 22:31:30,427 - train.py[line:96] - INFO: step:17500
2022-06-09 22:31:36,931 - train.py[line:105] - INFO: val_recall: 0.428769, val_ndcg: 0.403684, val_hit_rate: 0.809228, train_loss: 4.269647
2022-06-09 22:31:36,931 - train.py[line:106] - INFO: lowerboundary:-1.646845817565918  upperboundary:2.5498228073120117 stddev:0.6631508469581604
2022-06-09 22:31:45,413 - train.py[line:96] - INFO: step:18000
2022-06-09 22:31:52,284 - train.py[line:105] - INFO: val_recall: 0.429345, val_ndcg: 0.403475, val_hit_rate: 0.809364, train_loss: 4.252244
2022-06-09 22:31:52,284 - train.py[line:106] - INFO: lowerboundary:-1.6527127027511597  upperboundary:2.551442861557007 stddev:0.6680986881256104
2022-06-09 22:32:00,163 - train.py[line:96] - INFO: step:18500
2022-06-09 22:32:06,991 - train.py[line:105] - INFO: val_recall: 0.430665, val_ndcg: 0.407486, val_hit_rate: 0.811688, train_loss: 4.214504
2022-06-09 22:32:06,992 - train.py[line:106] - INFO: lowerboundary:-1.6527127027511597  upperboundary:2.553388833999634 stddev:0.670784592628479
2022-06-09 22:32:15,969 - train.py[line:96] - INFO: step:19000
2022-06-09 22:32:22,286 - train.py[line:105] - INFO: val_recall: 0.433363, val_ndcg: 0.413502, val_hit_rate: 0.816951, train_loss: 4.206946
2022-06-09 22:32:22,287 - train.py[line:106] - INFO: lowerboundary:-1.653540849685669  upperboundary:2.5563576221466064 stddev:0.6756188273429871
2022-06-09 22:32:30,038 - train.py[line:96] - INFO: step:19500
2022-06-09 22:32:37,268 - train.py[line:105] - INFO: val_recall: 0.433999, val_ndcg: 0.410342, val_hit_rate: 0.817567, train_loss: 4.170609
2022-06-09 22:32:37,268 - train.py[line:106] - INFO: lowerboundary:-1.6557090282440186  upperboundary:2.5607964992523193 stddev:0.6775988936424255
2022-06-09 22:32:45,588 - train.py[line:96] - INFO: step:20000
2022-06-09 22:32:51,677 - train.py[line:105] - INFO: val_recall: 0.435876, val_ndcg: 0.413187, val_hit_rate: 0.820916, train_loss: 4.163550
2022-06-09 22:32:51,677 - train.py[line:106] - INFO: lowerboundary:-1.657457947731018  upperboundary:2.5626163482666016 stddev:0.6814782619476318
2022-06-09 22:32:58,675 - train.py[line:96] - INFO: step:20500
2022-06-09 22:33:05,255 - train.py[line:105] - INFO: val_recall: 0.436833, val_ndcg: 0.418320, val_hit_rate: 0.823103, train_loss: 4.153790
2022-06-09 22:33:05,255 - train.py[line:106] - INFO: lowerboundary:-1.660248875617981  upperboundary:2.564094066619873 stddev:0.6818578243255615
2022-06-09 22:33:13,095 - train.py[line:96] - INFO: step:21000
2022-06-09 22:33:20,209 - train.py[line:105] - INFO: val_recall: 0.437374, val_ndcg: 0.419433, val_hit_rate: 0.824607, train_loss: 4.146688
2022-06-09 22:33:20,209 - train.py[line:106] - INFO: lowerboundary:-1.6627229452133179  upperboundary:2.567352533340454 stddev:0.6832563877105713
2022-06-09 22:33:27,119 - train.py[line:96] - INFO: step:21500
2022-06-09 22:33:33,087 - train.py[line:105] - INFO: val_recall: 0.439362, val_ndcg: 0.419945, val_hit_rate: 0.827683, train_loss: 4.106227
2022-06-09 22:33:33,087 - train.py[line:106] - INFO: lowerboundary:-1.6644755601882935  upperboundary:2.5682647228240967 stddev:0.6844605803489685
2022-06-09 22:33:40,550 - train.py[line:96] - INFO: step:22000
2022-06-09 22:33:48,899 - train.py[line:105] - INFO: val_recall: 0.440428, val_ndcg: 0.424980, val_hit_rate: 0.829255, train_loss: 4.094422
2022-06-09 22:33:48,899 - train.py[line:106] - INFO: lowerboundary:-1.6662918329238892  upperboundary:2.5690579414367676 stddev:0.6897719502449036
2022-06-09 22:33:56,828 - train.py[line:96] - INFO: step:22500
2022-06-09 22:34:01,572 - train.py[line:105] - INFO: val_recall: 0.441161, val_ndcg: 0.429525, val_hit_rate: 0.830007, train_loss: 4.078645
2022-06-09 22:34:01,572 - train.py[line:106] - INFO: lowerboundary:-1.6678428649902344  upperboundary:2.5702085494995117 stddev:0.6897719502449036
2022-06-09 22:34:09,323 - train.py[line:96] - INFO: step:23000
2022-06-09 22:34:17,989 - train.py[line:105] - INFO: val_recall: 0.442298, val_ndcg: 0.426078, val_hit_rate: 0.833493, train_loss: 4.050990
2022-06-09 22:34:17,989 - train.py[line:106] - INFO: lowerboundary:-1.668559193611145  upperboundary:2.571211338043213 stddev:0.690081775188446
2022-06-09 22:34:26,130 - train.py[line:96] - INFO: step:23500
2022-06-09 22:34:31,054 - train.py[line:105] - INFO: val_recall: 0.442944, val_ndcg: 0.431839, val_hit_rate: 0.835407, train_loss: 4.051016
2022-06-09 22:34:31,054 - train.py[line:106] - INFO: lowerboundary:-1.6698496341705322  upperboundary:2.5734262466430664 stddev:0.692310094833374
2022-06-09 22:34:37,860 - train.py[line:96] - INFO: step:24000
2022-06-09 22:34:45,874 - train.py[line:105] - INFO: val_recall: 0.444848, val_ndcg: 0.432468, val_hit_rate: 0.837799, train_loss: 4.029623
2022-06-09 22:34:45,874 - train.py[line:106] - INFO: lowerboundary:-1.6703306436538696  upperboundary:2.5734262466430664 stddev:0.6944769620895386
2022-06-09 22:34:53,905 - train.py[line:96] - INFO: step:24500
2022-06-09 22:35:00,552 - train.py[line:105] - INFO: val_recall: 0.445425, val_ndcg: 0.432861, val_hit_rate: 0.838483, train_loss: 4.016718
2022-06-09 22:35:00,553 - train.py[line:106] - INFO: lowerboundary:-1.6707451343536377  upperboundary:2.5734262466430664 stddev:0.6944769620895386
2022-06-09 22:35:07,266 - train.py[line:96] - INFO: step:25000
2022-06-09 22:35:12,750 - train.py[line:105] - INFO: val_recall: 0.446746, val_ndcg: 0.435503, val_hit_rate: 0.840602, train_loss: 4.001445
2022-06-09 22:35:12,753 - train.py[line:106] - INFO: lowerboundary:-1.6717064380645752  upperboundary:2.574233055114746 stddev:0.6975231170654297
2022-06-09 22:35:20,951 - train.py[line:96] - INFO: step:25500
2022-06-09 22:35:28,997 - train.py[line:105] - INFO: val_recall: 0.449537, val_ndcg: 0.440066, val_hit_rate: 0.845044, train_loss: 3.995994
2022-06-09 22:35:28,998 - train.py[line:106] - INFO: lowerboundary:-1.6717270612716675  upperboundary:2.574233055114746 stddev:0.6992380619049072
2022-06-09 22:35:35,855 - train.py[line:96] - INFO: step:26000
2022-06-09 22:35:40,872 - train.py[line:105] - INFO: val_recall: 0.450232, val_ndcg: 0.443873, val_hit_rate: 0.846480, train_loss: 3.991783
2022-06-09 22:35:40,872 - train.py[line:106] - INFO: lowerboundary:-1.6721627712249756  upperboundary:2.574233055114746 stddev:0.6996676325798035
2022-06-09 22:35:49,326 - train.py[line:96] - INFO: step:26500
2022-06-09 22:35:57,868 - train.py[line:105] - INFO: val_recall: 0.450307, val_ndcg: 0.444812, val_hit_rate: 0.846753, train_loss: 3.971290
2022-06-09 22:35:57,869 - train.py[line:106] - INFO: lowerboundary:-1.6721644401550293  upperboundary:2.574233055114746 stddev:0.6998832821846008
2022-06-09 22:36:05,824 - train.py[line:96] - INFO: step:27000
2022-06-09 22:36:12,022 - train.py[line:105] - INFO: val_recall: 0.451305, val_ndcg: 0.441970, val_hit_rate: 0.848120, train_loss: 3.947139
2022-06-09 22:36:12,022 - train.py[line:106] - INFO: lowerboundary:-1.6727555990219116  upperboundary:2.574233055114746 stddev:0.7005897164344788
2022-06-09 22:36:20,216 - train.py[line:96] - INFO: step:27500
2022-06-09 22:36:27,199 - train.py[line:105] - INFO: val_recall: 0.452259, val_ndcg: 0.450109, val_hit_rate: 0.851265, train_loss: 3.925456
2022-06-09 22:36:27,199 - train.py[line:106] - INFO: lowerboundary:-1.673338770866394  upperboundary:2.574233055114746 stddev:0.7009995579719543
2022-06-09 22:36:34,679 - train.py[line:96] - INFO: step:28000
2022-06-09 22:36:41,303 - train.py[line:105] - INFO: val_recall: 0.451987, val_ndcg: 0.448059, val_hit_rate: 0.849897, train_loss: 3.921369
2022-06-09 22:36:41,304 - train.py[line:106] - INFO: lowerboundary:-1.6800994873046875  upperboundary:2.574233055114746 stddev:0.7034111022949219
2022-06-09 22:36:47,803 - train.py[line:96] - INFO: step:28500
2022-06-09 22:36:54,288 - train.py[line:105] - INFO: val_recall: 0.453535, val_ndcg: 0.451831, val_hit_rate: 0.853247, train_loss: 3.917067
2022-06-09 22:36:54,289 - train.py[line:106] - INFO: lowerboundary:-1.7146588563919067  upperboundary:2.574233055114746 stddev:0.7052753567695618
2022-06-09 22:37:02,402 - train.py[line:96] - INFO: step:29000
2022-06-09 22:37:08,957 - train.py[line:105] - INFO: val_recall: 0.453896, val_ndcg: 0.455791, val_hit_rate: 0.855366, train_loss: 3.881817
2022-06-09 22:37:08,957 - train.py[line:106] - INFO: lowerboundary:-1.7419114112854004  upperboundary:2.574233055114746 stddev:0.7052753567695618
2022-06-09 22:37:16,600 - train.py[line:96] - INFO: step:29500
2022-06-09 22:37:24,137 - train.py[line:105] - INFO: val_recall: 0.456290, val_ndcg: 0.459254, val_hit_rate: 0.857553, train_loss: 3.897396
2022-06-09 22:37:24,137 - train.py[line:106] - INFO: lowerboundary:-1.7971551418304443  upperboundary:2.574233055114746 stddev:0.7052753567695618
2022-06-09 22:37:32,840 - train.py[line:96] - INFO: step:30000
2022-06-09 22:37:38,405 - train.py[line:105] - INFO: val_recall: 0.456713, val_ndcg: 0.459668, val_hit_rate: 0.856733, train_loss: 3.855464
2022-06-09 22:37:38,406 - train.py[line:106] - INFO: lowerboundary:-1.7971551418304443  upperboundary:2.574233055114746 stddev:0.7052753567695618
2022-06-09 22:37:46,281 - train.py[line:96] - INFO: step:30500
2022-06-09 22:37:54,753 - train.py[line:105] - INFO: val_recall: 0.457688, val_ndcg: 0.458953, val_hit_rate: 0.859057, train_loss: 3.860409
2022-06-09 22:37:54,753 - train.py[line:106] - INFO: lowerboundary:-1.7980725765228271  upperboundary:2.574233055114746 stddev:0.7052753567695618
2022-06-09 22:38:03,238 - train.py[line:96] - INFO: step:31000
2022-06-09 22:38:08,245 - train.py[line:105] - INFO: val_recall: 0.458054, val_ndcg: 0.460227, val_hit_rate: 0.860971, train_loss: 3.852757
2022-06-09 22:38:08,245 - train.py[line:106] - INFO: lowerboundary:-1.7980725765228271  upperboundary:2.574233055114746 stddev:0.7103064656257629
2022-06-09 22:38:15,255 - train.py[line:96] - INFO: step:31500
2022-06-09 22:38:22,574 - train.py[line:105] - INFO: val_recall: 0.457666, val_ndcg: 0.461469, val_hit_rate: 0.859262, train_loss: 3.855797
2022-06-09 22:38:22,574 - train.py[line:106] - INFO: lowerboundary:-1.7980725765228271  upperboundary:2.574233055114746 stddev:0.7103064656257629
2022-06-09 22:38:30,158 - train.py[line:96] - INFO: step:32000
2022-06-09 22:38:36,739 - train.py[line:105] - INFO: val_recall: 0.458530, val_ndcg: 0.465876, val_hit_rate: 0.862201, train_loss: 3.829051
2022-06-09 22:38:36,740 - train.py[line:106] - INFO: lowerboundary:-1.8047558069229126  upperboundary:2.574233055114746 stddev:0.7103064656257629
2022-06-09 22:38:43,708 - train.py[line:96] - INFO: step:32500
2022-06-09 22:38:50,035 - train.py[line:105] - INFO: val_recall: 0.459914, val_ndcg: 0.466030, val_hit_rate: 0.863431, train_loss: 3.821064
2022-06-09 22:38:50,037 - train.py[line:106] - INFO: lowerboundary:-1.842186689376831  upperboundary:2.574233055114746 stddev:0.7103064656257629
2022-06-09 22:38:57,885 - train.py[line:96] - INFO: step:33000
2022-06-09 22:39:06,205 - train.py[line:105] - INFO: val_recall: 0.460733, val_ndcg: 0.465864, val_hit_rate: 0.865824, train_loss: 3.802897
2022-06-09 22:39:06,205 - train.py[line:106] - INFO: lowerboundary:-1.842186689376831  upperboundary:2.574233055114746 stddev:0.7103064656257629
2022-06-09 22:39:13,073 - train.py[line:96] - INFO: step:33500
2022-06-09 22:39:17,962 - train.py[line:105] - INFO: val_recall: 0.460014, val_ndcg: 0.467558, val_hit_rate: 0.863090, train_loss: 3.800295
2022-06-09 22:39:17,962 - train.py[line:106] - INFO: lowerboundary:-1.842186689376831  upperboundary:2.574233055114746 stddev:0.7113471627235413
2022-06-09 22:39:26,250 - train.py[line:96] - INFO: step:34000
2022-06-09 22:39:34,850 - train.py[line:105] - INFO: val_recall: 0.458923, val_ndcg: 0.470707, val_hit_rate: 0.864593, train_loss: 3.790061
2022-06-09 22:39:34,855 - train.py[line:106] - INFO: lowerboundary:-1.8513741493225098  upperboundary:2.574233055114746 stddev:0.7113471627235413
2022-06-09 22:39:42,705 - train.py[line:96] - INFO: step:34500
2022-06-09 22:39:47,590 - train.py[line:105] - INFO: val_recall: 0.460974, val_ndcg: 0.473137, val_hit_rate: 0.866439, train_loss: 3.792673
2022-06-09 22:39:47,590 - train.py[line:106] - INFO: lowerboundary:-1.8694283962249756  upperboundary:2.574233055114746 stddev:0.7113471627235413
2022-06-09 22:39:55,185 - train.py[line:96] - INFO: step:35000
2022-06-09 22:40:03,451 - train.py[line:105] - INFO: val_recall: 0.461674, val_ndcg: 0.474326, val_hit_rate: 0.866986, train_loss: 3.772517
2022-06-09 22:40:03,451 - train.py[line:106] - INFO: lowerboundary:-1.9283984899520874  upperboundary:2.574233055114746 stddev:0.7113471627235413
2022-06-09 22:40:11,397 - train.py[line:96] - INFO: step:35500
2022-06-09 22:40:18,050 - train.py[line:105] - INFO: val_recall: 0.461879, val_ndcg: 0.476063, val_hit_rate: 0.867874, train_loss: 3.752147
2022-06-09 22:40:18,051 - train.py[line:106] - INFO: lowerboundary:-1.9727169275283813  upperboundary:2.574233055114746 stddev:0.711510181427002
2022-06-09 22:40:24,942 - train.py[line:96] - INFO: step:36000
2022-06-09 22:40:31,588 - train.py[line:105] - INFO: val_recall: 0.463148, val_ndcg: 0.477273, val_hit_rate: 0.869241, train_loss: 3.750830
2022-06-09 22:40:31,589 - train.py[line:106] - INFO: lowerboundary:-1.9727169275283813  upperboundary:2.574233055114746 stddev:0.711510181427002
2022-06-09 22:40:39,867 - train.py[line:96] - INFO: step:36500
2022-06-09 22:40:46,411 - train.py[line:105] - INFO: val_recall: 0.463499, val_ndcg: 0.477152, val_hit_rate: 0.869720, train_loss: 3.720169
2022-06-09 22:40:46,412 - train.py[line:106] - INFO: lowerboundary:-1.996324896812439  upperboundary:2.574233055114746 stddev:0.7115685939788818
2022-06-09 22:40:53,570 - train.py[line:96] - INFO: step:37000
2022-06-09 22:41:00,291 - train.py[line:105] - INFO: val_recall: 0.464641, val_ndcg: 0.480488, val_hit_rate: 0.872386, train_loss: 3.713074
2022-06-09 22:41:00,292 - train.py[line:106] - INFO: lowerboundary:-1.996324896812439  upperboundary:2.574233055114746 stddev:0.7115685939788818
2022-06-09 22:41:09,359 - train.py[line:96] - INFO: step:37500
2022-06-09 22:41:15,589 - train.py[line:105] - INFO: val_recall: 0.463991, val_ndcg: 0.482321, val_hit_rate: 0.872454, train_loss: 3.728507
2022-06-09 22:41:15,590 - train.py[line:106] - INFO: lowerboundary:-2.0144810676574707  upperboundary:2.574233055114746 stddev:0.7118184566497803
2022-06-09 22:41:22,951 - train.py[line:96] - INFO: step:38000
2022-06-09 22:41:30,706 - train.py[line:105] - INFO: val_recall: 0.465818, val_ndcg: 0.482878, val_hit_rate: 0.874368, train_loss: 3.699529
2022-06-09 22:41:30,707 - train.py[line:106] - INFO: lowerboundary:-2.0144810676574707  upperboundary:2.574233055114746 stddev:0.7123486995697021
2022-06-09 22:41:39,578 - train.py[line:96] - INFO: step:38500
2022-06-09 22:41:45,213 - train.py[line:105] - INFO: val_recall: 0.465517, val_ndcg: 0.484715, val_hit_rate: 0.872796, train_loss: 3.700225
2022-06-09 22:41:45,213 - train.py[line:106] - INFO: lowerboundary:-2.0144810676574707  upperboundary:2.574233055114746 stddev:0.7131368517875671
2022-06-09 22:41:52,177 - train.py[line:96] - INFO: step:39000
2022-06-09 22:41:59,046 - train.py[line:105] - INFO: val_recall: 0.465613, val_ndcg: 0.481458, val_hit_rate: 0.872659, train_loss: 3.692088
2022-06-09 22:41:59,047 - train.py[line:106] - INFO: lowerboundary:-2.015657424926758  upperboundary:2.574233055114746 stddev:0.7147597670555115
2022-06-09 22:42:07,010 - train.py[line:96] - INFO: step:39500
2022-06-09 22:42:13,429 - train.py[line:105] - INFO: val_recall: 0.467261, val_ndcg: 0.488519, val_hit_rate: 0.875393, train_loss: 3.678211
2022-06-09 22:42:13,429 - train.py[line:106] - INFO: lowerboundary:-2.015657424926758  upperboundary:2.574233055114746 stddev:0.7147597670555115
2022-06-09 22:42:20,284 - train.py[line:96] - INFO: step:40000
2022-06-09 22:42:26,910 - train.py[line:105] - INFO: val_recall: 0.465762, val_ndcg: 0.485630, val_hit_rate: 0.874368, train_loss: 3.683224
2022-06-09 22:42:26,911 - train.py[line:106] - INFO: lowerboundary:-2.015657424926758  upperboundary:2.574233055114746 stddev:0.7147597670555115
2022-06-09 22:42:34,681 - train.py[line:96] - INFO: step:40500
2022-06-09 22:42:43,180 - train.py[line:105] - INFO: val_recall: 0.466267, val_ndcg: 0.489755, val_hit_rate: 0.875325, train_loss: 3.686207
2022-06-09 22:42:43,181 - train.py[line:106] - INFO: lowerboundary:-2.015657424926758  upperboundary:2.574233055114746 stddev:0.7147597670555115
2022-06-09 22:42:50,094 - train.py[line:96] - INFO: step:41000
2022-06-09 22:42:55,079 - train.py[line:105] - INFO: val_recall: 0.469240, val_ndcg: 0.487193, val_hit_rate: 0.877649, train_loss: 3.672089
2022-06-09 22:42:55,079 - train.py[line:106] - INFO: lowerboundary:-2.0415749549865723  upperboundary:2.574233055114746 stddev:0.7148423194885254
2022-06-09 22:43:03,459 - train.py[line:96] - INFO: step:41500
2022-06-09 22:43:12,153 - train.py[line:105] - INFO: val_recall: 0.468801, val_ndcg: 0.491141, val_hit_rate: 0.877239, train_loss: 3.665276
2022-06-09 22:43:12,153 - train.py[line:106] - INFO: lowerboundary:-2.045132875442505  upperboundary:2.574233055114746 stddev:0.7149837613105774
2022-06-09 22:43:19,724 - train.py[line:96] - INFO: step:42000
2022-06-09 22:43:24,567 - train.py[line:105] - INFO: val_recall: 0.469682, val_ndcg: 0.493797, val_hit_rate: 0.879699, train_loss: 3.652474
2022-06-09 22:43:24,568 - train.py[line:106] - INFO: lowerboundary:-2.056455612182617  upperboundary:2.574233055114746 stddev:0.7162548303604126
2022-06-09 22:43:31,629 - train.py[line:96] - INFO: step:42500
2022-06-09 22:43:40,223 - train.py[line:105] - INFO: val_recall: 0.469428, val_ndcg: 0.495589, val_hit_rate: 0.879836, train_loss: 3.654875
2022-06-09 22:43:40,223 - train.py[line:106] - INFO: lowerboundary:-2.060276746749878  upperboundary:2.574233055114746 stddev:0.7180607914924622
2022-06-09 22:43:47,758 - train.py[line:96] - INFO: step:43000
2022-06-09 22:43:54,203 - train.py[line:105] - INFO: val_recall: 0.469813, val_ndcg: 0.493685, val_hit_rate: 0.879563, train_loss: 3.645269
2022-06-09 22:43:54,203 - train.py[line:106] - INFO: lowerboundary:-2.0751092433929443  upperboundary:2.574233055114746 stddev:0.7180607914924622
2022-06-09 22:44:00,937 - train.py[line:96] - INFO: step:43500
2022-06-09 22:44:07,069 - train.py[line:105] - INFO: val_recall: 0.470712, val_ndcg: 0.496975, val_hit_rate: 0.881887, train_loss: 3.630853
2022-06-09 22:44:07,069 - train.py[line:106] - INFO: lowerboundary:-2.0751092433929443  upperboundary:2.574233055114746 stddev:0.7180607914924622
2022-06-09 22:44:15,466 - train.py[line:96] - INFO: step:44000
2022-06-09 22:44:22,678 - train.py[line:105] - INFO: val_recall: 0.471605, val_ndcg: 0.496869, val_hit_rate: 0.883459, train_loss: 3.629273
2022-06-09 22:44:22,678 - train.py[line:106] - INFO: lowerboundary:-2.0751092433929443  upperboundary:2.574233055114746 stddev:0.7180607914924622
2022-06-09 22:44:30,275 - train.py[line:96] - INFO: step:44500
2022-06-09 22:44:36,332 - train.py[line:105] - INFO: val_recall: 0.470942, val_ndcg: 0.499193, val_hit_rate: 0.882707, train_loss: 3.630791
2022-06-09 22:44:36,332 - train.py[line:106] - INFO: lowerboundary:-2.0751092433929443  upperboundary:2.574233055114746 stddev:0.7180607914924622
2022-06-09 22:44:44,692 - train.py[line:96] - INFO: step:45000
2022-06-09 22:44:52,277 - train.py[line:105] - INFO: val_recall: 0.471600, val_ndcg: 0.497957, val_hit_rate: 0.881750, train_loss: 3.611470
2022-06-09 22:44:52,277 - train.py[line:106] - INFO: lowerboundary:-2.080221652984619  upperboundary:2.574233055114746 stddev:0.7180607914924622
2022-06-09 22:44:59,919 - train.py[line:96] - INFO: step:45500
2022-06-09 22:45:06,845 - train.py[line:105] - INFO: val_recall: 0.472052, val_ndcg: 0.497852, val_hit_rate: 0.884005, train_loss: 3.617653
2022-06-09 22:45:06,847 - train.py[line:106] - INFO: lowerboundary:-2.080221652984619  upperboundary:2.574233055114746 stddev:0.7180607914924622
2022-06-09 22:45:15,778 - train.py[line:96] - INFO: step:46000
2022-06-09 22:45:22,087 - train.py[line:105] - INFO: val_recall: 0.472259, val_ndcg: 0.497538, val_hit_rate: 0.882638, train_loss: 3.608799
2022-06-09 22:45:22,087 - train.py[line:106] - INFO: lowerboundary:-2.080221652984619  upperboundary:2.574233055114746 stddev:0.7180607914924622
2022-06-09 22:45:29,684 - train.py[line:96] - INFO: step:46500
2022-06-09 22:45:36,236 - train.py[line:105] - INFO: val_recall: 0.472913, val_ndcg: 0.499099, val_hit_rate: 0.882297, train_loss: 3.607954
2022-06-09 22:45:36,236 - train.py[line:106] - INFO: lowerboundary:-2.0855629444122314  upperboundary:2.574233055114746 stddev:0.7180607914924622
2022-06-09 22:45:44,414 - train.py[line:96] - INFO: step:47000
2022-06-09 22:45:51,119 - train.py[line:105] - INFO: val_recall: 0.471805, val_ndcg: 0.502629, val_hit_rate: 0.883117, train_loss: 3.589404
2022-06-09 22:45:51,119 - train.py[line:106] - INFO: lowerboundary:-2.091909646987915  upperboundary:2.574233055114746 stddev:0.7180607914924622
2022-06-09 22:45:57,773 - train.py[line:96] - INFO: step:47500
2022-06-09 22:46:04,173 - train.py[line:105] - INFO: val_recall: 0.474005, val_ndcg: 0.503412, val_hit_rate: 0.885783, train_loss: 3.587743
2022-06-09 22:46:04,173 - train.py[line:106] - INFO: lowerboundary:-2.120504856109619  upperboundary:2.574233055114746 stddev:0.7180607914924622
2022-06-09 22:46:12,404 - train.py[line:96] - INFO: step:48000
2022-06-09 22:46:21,049 - train.py[line:105] - INFO: val_recall: 0.473657, val_ndcg: 0.500760, val_hit_rate: 0.885031, train_loss: 3.588956
2022-06-09 22:46:21,050 - train.py[line:106] - INFO: lowerboundary:-2.122779607772827  upperboundary:2.574233055114746 stddev:0.7180607914924622
2022-06-09 22:46:28,201 - train.py[line:96] - INFO: step:48500
2022-06-09 22:46:32,959 - train.py[line:105] - INFO: val_recall: 0.472875, val_ndcg: 0.501624, val_hit_rate: 0.882570, train_loss: 3.591744
2022-06-09 22:46:32,960 - train.py[line:106] - INFO: lowerboundary:-2.122779607772827  upperboundary:2.574233055114746 stddev:0.7180607914924622
2022-06-09 22:46:40,511 - train.py[line:96] - INFO: step:49000
2022-06-09 22:46:49,095 - train.py[line:105] - INFO: val_recall: 0.475496, val_ndcg: 0.505735, val_hit_rate: 0.887560, train_loss: 3.578939
2022-06-09 22:46:49,096 - train.py[line:106] - INFO: lowerboundary:-2.122779607772827  upperboundary:2.574233055114746 stddev:0.7184212803840637
2022-06-09 22:46:57,627 - train.py[line:96] - INFO: step:49500
2022-06-09 22:47:02,613 - train.py[line:105] - INFO: val_recall: 0.475042, val_ndcg: 0.508686, val_hit_rate: 0.887765, train_loss: 3.574999
2022-06-09 22:47:02,614 - train.py[line:106] - INFO: lowerboundary:-2.1268680095672607  upperboundary:2.574233055114746 stddev:0.7184212803840637
2022-06-09 22:47:08,962 - train.py[line:96] - INFO: step:50000
2022-06-09 22:47:17,125 - train.py[line:105] - INFO: val_recall: 0.475895, val_ndcg: 0.504770, val_hit_rate: 0.889064, train_loss: 3.565325
2022-06-09 22:47:17,125 - train.py[line:106] - INFO: lowerboundary:-2.1268680095672607  upperboundary:2.574233055114746 stddev:0.7184212803840637
2022-06-09 22:47:25,382 - train.py[line:96] - INFO: step:50500
2022-06-09 22:47:32,037 - train.py[line:105] - INFO: val_recall: 0.474843, val_ndcg: 0.507796, val_hit_rate: 0.888517, train_loss: 3.555640
2022-06-09 22:47:32,037 - train.py[line:106] - INFO: lowerboundary:-2.1625263690948486  upperboundary:2.574233055114746 stddev:0.7204868197441101
2022-06-09 22:47:38,575 - train.py[line:96] - INFO: step:51000
2022-06-09 22:47:44,382 - train.py[line:105] - INFO: val_recall: 0.476055, val_ndcg: 0.509656, val_hit_rate: 0.890294, train_loss: 3.554410
2022-06-09 22:47:44,382 - train.py[line:106] - INFO: lowerboundary:-2.162994146347046  upperboundary:2.574233055114746 stddev:0.7204868197441101
2022-06-09 22:47:53,005 - train.py[line:96] - INFO: step:51500
2022-06-09 22:48:00,330 - train.py[line:105] - INFO: val_recall: 0.475083, val_ndcg: 0.507795, val_hit_rate: 0.888927, train_loss: 3.547430
2022-06-09 22:48:00,330 - train.py[line:106] - INFO: lowerboundary:-2.162994146347046  upperboundary:2.574233055114746 stddev:0.7204868197441101
2022-06-09 22:48:07,442 - train.py[line:96] - INFO: step:52000
2022-06-09 22:48:13,095 - train.py[line:105] - INFO: val_recall: 0.475165, val_ndcg: 0.509940, val_hit_rate: 0.888790, train_loss: 3.549992
2022-06-09 22:48:13,095 - train.py[line:106] - INFO: lowerboundary:-2.162994146347046  upperboundary:2.574233055114746 stddev:0.7204868197441101
2022-06-09 22:48:21,794 - train.py[line:96] - INFO: step:52500
2022-06-09 22:48:29,830 - train.py[line:105] - INFO: val_recall: 0.475428, val_ndcg: 0.511647, val_hit_rate: 0.889679, train_loss: 3.535429
2022-06-09 22:48:29,831 - train.py[line:106] - INFO: lowerboundary:-2.162994146347046  upperboundary:2.574233055114746 stddev:0.7204868197441101
2022-06-09 22:48:37,213 - train.py[line:96] - INFO: step:53000
2022-06-09 22:48:43,699 - train.py[line:105] - INFO: val_recall: 0.476172, val_ndcg: 0.513561, val_hit_rate: 0.890909, train_loss: 3.525769
2022-06-09 22:48:43,699 - train.py[line:106] - INFO: lowerboundary:-2.162994146347046  upperboundary:2.574233055114746 stddev:0.7212260961532593
2022-06-09 22:48:52,663 - train.py[line:96] - INFO: step:53500
2022-06-09 22:48:59,208 - train.py[line:105] - INFO: val_recall: 0.476152, val_ndcg: 0.509643, val_hit_rate: 0.888995, train_loss: 3.531894
2022-06-09 22:48:59,209 - train.py[line:106] - INFO: lowerboundary:-2.162994146347046  upperboundary:2.574233055114746 stddev:0.7212260961532593
2022-06-09 22:49:06,446 - train.py[line:96] - INFO: step:54000
2022-06-09 22:49:13,078 - train.py[line:105] - INFO: val_recall: 0.476258, val_ndcg: 0.513227, val_hit_rate: 0.889337, train_loss: 3.548473
2022-06-09 22:49:13,078 - train.py[line:106] - INFO: lowerboundary:-2.1758575439453125  upperboundary:2.574233055114746 stddev:0.7212260961532593
2022-06-09 22:49:21,188 - train.py[line:96] - INFO: step:54500
2022-06-09 22:49:28,431 - train.py[line:105] - INFO: val_recall: 0.476823, val_ndcg: 0.511514, val_hit_rate: 0.890977, train_loss: 3.537412
2022-06-09 22:49:28,431 - train.py[line:106] - INFO: lowerboundary:-2.1758575439453125  upperboundary:2.574233055114746 stddev:0.7212260961532593
2022-06-09 22:49:35,658 - train.py[line:96] - INFO: step:55000
2022-06-09 22:49:41,468 - train.py[line:105] - INFO: val_recall: 0.479371, val_ndcg: 0.514265, val_hit_rate: 0.894532, train_loss: 3.529227
2022-06-09 22:49:41,469 - train.py[line:106] - INFO: lowerboundary:-2.1758575439453125  upperboundary:2.574233055114746 stddev:0.7212260961532593
2022-06-09 22:49:49,582 - train.py[line:96] - INFO: step:55500
2022-06-09 22:49:58,047 - train.py[line:105] - INFO: val_recall: 0.478527, val_ndcg: 0.515187, val_hit_rate: 0.893301, train_loss: 3.508343
2022-06-09 22:49:58,047 - train.py[line:106] - INFO: lowerboundary:-2.1856870651245117  upperboundary:2.574233055114746 stddev:0.7212260961532593
2022-06-09 22:50:05,295 - train.py[line:96] - INFO: step:56000
2022-06-09 22:50:10,201 - train.py[line:105] - INFO: val_recall: 0.479482, val_ndcg: 0.516597, val_hit_rate: 0.894532, train_loss: 3.512727
2022-06-09 22:50:10,201 - train.py[line:106] - INFO: lowerboundary:-2.185838222503662  upperboundary:2.574233055114746 stddev:0.7221106290817261
2022-06-09 22:50:18,147 - train.py[line:96] - INFO: step:56500
2022-06-09 22:50:26,812 - train.py[line:105] - INFO: val_recall: 0.479053, val_ndcg: 0.516855, val_hit_rate: 0.893233, train_loss: 3.509835
2022-06-09 22:50:26,812 - train.py[line:106] - INFO: lowerboundary:-2.194697141647339  upperboundary:2.574233055114746 stddev:0.7221106290817261
2022-06-09 22:50:34,587 - train.py[line:96] - INFO: step:57000
2022-06-09 22:50:39,500 - train.py[line:105] - INFO: val_recall: 0.477165, val_ndcg: 0.515789, val_hit_rate: 0.890909, train_loss: 3.500673
2022-06-09 22:50:39,501 - train.py[line:106] - INFO: lowerboundary:-2.1961753368377686  upperboundary:2.574233055114746 stddev:0.7221106290817261
2022-06-09 22:50:45,986 - train.py[line:96] - INFO: step:57500
2022-06-09 22:50:53,764 - train.py[line:105] - INFO: val_recall: 0.478719, val_ndcg: 0.519284, val_hit_rate: 0.893165, train_loss: 3.514569
2022-06-09 22:50:53,764 - train.py[line:106] - INFO: lowerboundary:-2.2080371379852295  upperboundary:2.574233055114746 stddev:0.7226977348327637
2022-06-09 22:51:01,266 - train.py[line:96] - INFO: step:58000
2022-06-09 22:51:07,652 - train.py[line:105] - INFO: val_recall: 0.477355, val_ndcg: 0.519523, val_hit_rate: 0.892344, train_loss: 3.496580
2022-06-09 22:51:07,652 - train.py[line:106] - INFO: lowerboundary:-2.228076457977295  upperboundary:2.574233055114746 stddev:0.7226977348327637
2022-06-09 22:51:07,654 - train.py[line:138] - INFO: testing!
2022-06-09 22:51:14,348 - train.py[line:144] - INFO: test_num: 14630.000000, test_recall: 0.479482, test_ndcg: 0.516597, test_hit_rate: 0.894532
