2022-06-13 15:15:56,052 - train.py[line:205] - INFO: max_iter: 300000
2022-06-13 15:15:56,053 - train.py[line:208] - INFO: {'ISCS': False,
 'batch_size': 128,
 'begin_time': '2022-06-13_15:15:55',
 'best_recall': 0.0,
 'coef': 0.0,
 'data_path': 'data',
 'dataset': 'ml_nf',
 'domain_index': 1,
 'domain_num': 1,
 'dropout': 0.3,
 'embedding_dim': 64,
 'embedding_num': 64,
 'exp_name': 'vqvae_DNN-ml_nf-1',
 'item_count': 5579,
 'lower_boundary': -1,
 'lr': 0.001,
 'max_len': 20,
 'max_step': 300000,
 'model': 'DNN',
 'only_test_last_one': False,
 'patience': 3,
 'restore_path': 'save_bias_false/vqvae_DNN-ml_nf-0/model.ckpt',
 'save_path': 'save_bias_false/vqvae_DNN-ml_nf-1',
 'seed': 19,
 'stddev': 0.1,
 'test_iter': 500,
 'topN': 50,
 'upper_boundary': 1,
 'vqvae': True}
2022-06-13 15:15:58,016 - train.py[line:249] - INFO: train begin
2022-06-13 15:15:58,016 - train.py[line:253] - INFO: restore model from save_bias_false/vqvae_DNN-ml_nf-0/model.ckpt
2022-06-13 15:16:06,590 - train.py[line:95] - INFO: step:500
2022-06-13 15:16:11,031 - train.py[line:106] - INFO: val_recall: 0.347203, val_ndcg: 0.283183, val_hit_rate: 0.656323, train_loss: 5.842364, ce_loss: 0.000000, vqvae_loss: 0.000000
2022-06-13 15:16:11,031 - train.py[line:107] - INFO: lowerboundary:-1  upperboundary:1 stddev:0.32358258962631226
2022-06-13 15:16:18,259 - train.py[line:95] - INFO: step:1000
2022-06-13 15:16:22,690 - train.py[line:106] - INFO: val_recall: 0.364694, val_ndcg: 0.305233, val_hit_rate: 0.684621, train_loss: 5.353515, ce_loss: 0.000000, vqvae_loss: 0.000000
2022-06-13 15:16:22,690 - train.py[line:107] - INFO: lowerboundary:-1  upperboundary:1 stddev:0.37895041704177856
2022-06-13 15:16:29,967 - train.py[line:95] - INFO: step:1500
2022-06-13 15:16:34,374 - train.py[line:106] - INFO: val_recall: 0.376375, val_ndcg: 0.322338, val_hit_rate: 0.706835, train_loss: 5.182643, ce_loss: 0.000000, vqvae_loss: 0.000000
2022-06-13 15:16:34,374 - train.py[line:107] - INFO: lowerboundary:-1  upperboundary:1.06816828250885 stddev:0.40965819358825684
2022-06-13 15:16:41,666 - train.py[line:95] - INFO: step:2000
2022-06-13 15:16:46,029 - train.py[line:106] - INFO: val_recall: 0.379719, val_ndcg: 0.328667, val_hit_rate: 0.714354, train_loss: 5.080296, ce_loss: 0.000000, vqvae_loss: 0.000000
2022-06-13 15:16:46,029 - train.py[line:107] - INFO: lowerboundary:-1  upperboundary:1.1892763376235962 stddev:0.4411250352859497
2022-06-13 15:16:53,287 - train.py[line:95] - INFO: step:2500
2022-06-13 15:16:57,493 - train.py[line:106] - INFO: val_recall: 0.387624, val_ndcg: 0.340529, val_hit_rate: 0.726179, train_loss: 4.985042, ce_loss: 0.000000, vqvae_loss: 0.000000
2022-06-13 15:16:57,494 - train.py[line:107] - INFO: lowerboundary:-1  upperboundary:1.2647068500518799 stddev:0.46357640624046326
2022-06-13 15:17:04,754 - train.py[line:95] - INFO: step:3000
2022-06-13 15:17:09,422 - train.py[line:106] - INFO: val_recall: 0.391660, val_ndcg: 0.349561, val_hit_rate: 0.734586, train_loss: 4.887256, ce_loss: 0.000000, vqvae_loss: 0.000000
2022-06-13 15:17:09,422 - train.py[line:107] - INFO: lowerboundary:-1.0586224794387817  upperboundary:1.3208361864089966 stddev:0.48701921105384827
2022-06-13 15:17:16,732 - train.py[line:95] - INFO: step:3500
2022-06-13 15:17:21,254 - train.py[line:106] - INFO: val_recall: 0.396606, val_ndcg: 0.351667, val_hit_rate: 0.743609, train_loss: 4.837846, ce_loss: 0.000000, vqvae_loss: 0.000000
2022-06-13 15:17:21,254 - train.py[line:107] - INFO: lowerboundary:-1.098831295967102  upperboundary:1.3712427616119385 stddev:0.5015485882759094
2022-06-13 15:17:28,584 - train.py[line:95] - INFO: step:4000
2022-06-13 15:17:32,916 - train.py[line:106] - INFO: val_recall: 0.399606, val_ndcg: 0.357553, val_hit_rate: 0.748052, train_loss: 4.751476, ce_loss: 0.000000, vqvae_loss: 0.000000
2022-06-13 15:17:32,917 - train.py[line:107] - INFO: lowerboundary:-1.1303638219833374  upperboundary:1.4233272075653076 stddev:0.5223072171211243
2022-06-13 15:17:40,172 - train.py[line:95] - INFO: step:4500
2022-06-13 15:17:44,404 - train.py[line:106] - INFO: val_recall: 0.402752, val_ndcg: 0.364251, val_hit_rate: 0.756869, train_loss: 4.696897, ce_loss: 0.000000, vqvae_loss: 0.000000
2022-06-13 15:17:44,404 - train.py[line:107] - INFO: lowerboundary:-1.1539957523345947  upperboundary:1.4711683988571167 stddev:0.5407674908638
2022-06-13 15:17:51,643 - train.py[line:95] - INFO: step:5000
2022-06-13 15:17:55,909 - train.py[line:106] - INFO: val_recall: 0.406776, val_ndcg: 0.371747, val_hit_rate: 0.765140, train_loss: 4.633182, ce_loss: 0.000000, vqvae_loss: 0.000000
2022-06-13 15:17:55,909 - train.py[line:107] - INFO: lowerboundary:-1.198452353477478  upperboundary:1.5016834735870361 stddev:0.5510618686676025
2022-06-13 15:18:03,120 - train.py[line:95] - INFO: step:5500
2022-06-13 15:18:07,404 - train.py[line:106] - INFO: val_recall: 0.411849, val_ndcg: 0.377485, val_hit_rate: 0.774231, train_loss: 4.589025, ce_loss: 0.000000, vqvae_loss: 0.000000
2022-06-13 15:18:07,404 - train.py[line:107] - INFO: lowerboundary:-1.2532281875610352  upperboundary:1.5223466157913208 stddev:0.5651743412017822
2022-06-13 15:18:14,672 - train.py[line:95] - INFO: step:6000
2022-06-13 15:18:19,009 - train.py[line:106] - INFO: val_recall: 0.413436, val_ndcg: 0.383982, val_hit_rate: 0.776692, train_loss: 4.535254, ce_loss: 0.000000, vqvae_loss: 0.000000
2022-06-13 15:18:19,009 - train.py[line:107] - INFO: lowerboundary:-1.2980281114578247  upperboundary:1.5417474508285522 stddev:0.5783198475837708
2022-06-13 15:18:26,279 - train.py[line:95] - INFO: step:6500
2022-06-13 15:18:30,685 - train.py[line:106] - INFO: val_recall: 0.416506, val_ndcg: 0.383083, val_hit_rate: 0.782707, train_loss: 4.498862, ce_loss: 0.000000, vqvae_loss: 0.000000
2022-06-13 15:18:30,685 - train.py[line:107] - INFO: lowerboundary:-1.3286069631576538  upperboundary:1.5454686880111694 stddev:0.5898949503898621
2022-06-13 15:18:38,049 - train.py[line:95] - INFO: step:7000
2022-06-13 15:18:42,320 - train.py[line:106] - INFO: val_recall: 0.417883, val_ndcg: 0.389555, val_hit_rate: 0.785714, train_loss: 4.456813, ce_loss: 0.000000, vqvae_loss: 0.000000
2022-06-13 15:18:42,321 - train.py[line:107] - INFO: lowerboundary:-1.3660598993301392  upperboundary:1.546116590499878 stddev:0.6018902063369751
2022-06-13 15:18:49,692 - train.py[line:95] - INFO: step:7500
2022-06-13 15:18:54,086 - train.py[line:106] - INFO: val_recall: 0.421705, val_ndcg: 0.393104, val_hit_rate: 0.792481, train_loss: 4.410904, ce_loss: 0.000000, vqvae_loss: 0.000000
2022-06-13 15:18:54,086 - train.py[line:107] - INFO: lowerboundary:-1.398636817932129  upperboundary:1.546116590499878 stddev:0.6170070767402649
2022-06-13 15:19:01,367 - train.py[line:95] - INFO: step:8000
2022-06-13 15:19:05,758 - train.py[line:106] - INFO: val_recall: 0.422246, val_ndcg: 0.397427, val_hit_rate: 0.795694, train_loss: 4.370686, ce_loss: 0.000000, vqvae_loss: 0.000000
2022-06-13 15:19:05,759 - train.py[line:107] - INFO: lowerboundary:-1.444783091545105  upperboundary:1.546116590499878 stddev:0.6279326677322388
2022-06-13 15:19:13,031 - train.py[line:95] - INFO: step:8500
2022-06-13 15:19:17,339 - train.py[line:106] - INFO: val_recall: 0.426210, val_ndcg: 0.400346, val_hit_rate: 0.800889, train_loss: 4.348829, ce_loss: 0.000000, vqvae_loss: 0.000000
2022-06-13 15:19:17,339 - train.py[line:107] - INFO: lowerboundary:-1.5000771284103394  upperboundary:1.546116590499878 stddev:0.6427884101867676
2022-06-13 15:19:24,469 - train.py[line:95] - INFO: step:9000
2022-06-13 15:19:28,777 - train.py[line:106] - INFO: val_recall: 0.429871, val_ndcg: 0.406028, val_hit_rate: 0.807861, train_loss: 4.315040, ce_loss: 0.000000, vqvae_loss: 0.000000
2022-06-13 15:19:28,777 - train.py[line:107] - INFO: lowerboundary:-1.535138726234436  upperboundary:1.546116590499878 stddev:0.6512807011604309
2022-06-13 15:19:36,292 - train.py[line:95] - INFO: step:9500
2022-06-13 15:19:40,623 - train.py[line:106] - INFO: val_recall: 0.429270, val_ndcg: 0.407884, val_hit_rate: 0.805742, train_loss: 4.275331, ce_loss: 0.000000, vqvae_loss: 0.000000
2022-06-13 15:19:40,623 - train.py[line:107] - INFO: lowerboundary:-1.5829732418060303  upperboundary:1.546116590499878 stddev:0.6617048978805542
2022-06-13 15:19:46,759 - train.py[line:95] - INFO: step:10000
2022-06-13 15:19:51,770 - train.py[line:106] - INFO: val_recall: 0.432168, val_ndcg: 0.409369, val_hit_rate: 0.811073, train_loss: 4.250158, ce_loss: 0.000000, vqvae_loss: 0.000000
2022-06-13 15:19:51,771 - train.py[line:107] - INFO: lowerboundary:-1.5978059768676758  upperboundary:1.546116590499878 stddev:0.6775169372558594
2022-06-13 15:19:59,143 - train.py[line:95] - INFO: step:10500
2022-06-13 15:20:03,844 - train.py[line:106] - INFO: val_recall: 0.434463, val_ndcg: 0.412337, val_hit_rate: 0.814149, train_loss: 4.224741, ce_loss: 0.000000, vqvae_loss: 0.000000
2022-06-13 15:20:03,844 - train.py[line:107] - INFO: lowerboundary:-1.6120368242263794  upperboundary:1.546116590499878 stddev:0.6809824705123901
2022-06-13 15:20:11,024 - train.py[line:95] - INFO: step:11000
2022-06-13 15:20:15,513 - train.py[line:106] - INFO: val_recall: 0.436386, val_ndcg: 0.417115, val_hit_rate: 0.819070, train_loss: 4.201749, ce_loss: 0.000000, vqvae_loss: 0.000000
2022-06-13 15:20:15,513 - train.py[line:107] - INFO: lowerboundary:-1.6260429620742798  upperboundary:1.546116590499878 stddev:0.6906147599220276
2022-06-13 15:20:22,647 - train.py[line:95] - INFO: step:11500
2022-06-13 15:20:26,909 - train.py[line:106] - INFO: val_recall: 0.438499, val_ndcg: 0.418065, val_hit_rate: 0.822693, train_loss: 4.166167, ce_loss: 0.000000, vqvae_loss: 0.000000
2022-06-13 15:20:26,910 - train.py[line:107] - INFO: lowerboundary:-1.653055191040039  upperboundary:1.546116590499878 stddev:0.7008071541786194
2022-06-13 15:20:33,865 - train.py[line:95] - INFO: step:12000
2022-06-13 15:20:38,351 - train.py[line:106] - INFO: val_recall: 0.439970, val_ndcg: 0.424620, val_hit_rate: 0.826521, train_loss: 4.150570, ce_loss: 0.000000, vqvae_loss: 0.000000
2022-06-13 15:20:38,352 - train.py[line:107] - INFO: lowerboundary:-1.6718605756759644  upperboundary:1.546116590499878 stddev:0.7090821266174316
2022-06-13 15:20:44,991 - train.py[line:95] - INFO: step:12500
2022-06-13 15:20:51,162 - train.py[line:106] - INFO: val_recall: 0.442001, val_ndcg: 0.428443, val_hit_rate: 0.831716, train_loss: 4.113916, ce_loss: 0.000000, vqvae_loss: 0.000000
2022-06-13 15:20:51,163 - train.py[line:107] - INFO: lowerboundary:-1.694451093673706  upperboundary:1.546116590499878 stddev:0.7119548916816711
2022-06-13 15:20:57,303 - train.py[line:95] - INFO: step:13000
2022-06-13 15:21:01,759 - train.py[line:106] - INFO: val_recall: 0.442488, val_ndcg: 0.431051, val_hit_rate: 0.832057, train_loss: 4.091453, ce_loss: 0.000000, vqvae_loss: 0.000000
2022-06-13 15:21:01,760 - train.py[line:107] - INFO: lowerboundary:-1.705191731452942  upperboundary:1.546116590499878 stddev:0.721303403377533
2022-06-13 15:21:07,812 - train.py[line:95] - INFO: step:13500
2022-06-13 15:21:13,883 - train.py[line:106] - INFO: val_recall: 0.444982, val_ndcg: 0.433547, val_hit_rate: 0.835954, train_loss: 4.090902, ce_loss: 0.000000, vqvae_loss: 0.000000
2022-06-13 15:21:13,883 - train.py[line:107] - INFO: lowerboundary:-1.7247871160507202  upperboundary:1.546116590499878 stddev:0.7278454899787903
2022-06-13 15:21:21,136 - train.py[line:95] - INFO: step:14000
2022-06-13 15:21:27,057 - train.py[line:106] - INFO: val_recall: 0.448228, val_ndcg: 0.437686, val_hit_rate: 0.840123, train_loss: 4.066311, ce_loss: 0.000000, vqvae_loss: 0.000000
2022-06-13 15:21:27,057 - train.py[line:107] - INFO: lowerboundary:-1.7514972686767578  upperboundary:1.546116590499878 stddev:0.7344827651977539
2022-06-13 15:21:32,958 - train.py[line:95] - INFO: step:14500
2022-06-13 15:21:37,326 - train.py[line:106] - INFO: val_recall: 0.448982, val_ndcg: 0.438065, val_hit_rate: 0.842584, train_loss: 4.050870, ce_loss: 0.000000, vqvae_loss: 0.000000
2022-06-13 15:21:37,326 - train.py[line:107] - INFO: lowerboundary:-1.7550631761550903  upperboundary:1.546116590499878 stddev:0.737734854221344
2022-06-13 15:21:43,458 - train.py[line:95] - INFO: step:15000
2022-06-13 15:21:49,551 - train.py[line:106] - INFO: val_recall: 0.450531, val_ndcg: 0.440618, val_hit_rate: 0.844976, train_loss: 4.033916, ce_loss: 0.000000, vqvae_loss: 0.000000
2022-06-13 15:21:49,551 - train.py[line:107] - INFO: lowerboundary:-1.7589799165725708  upperboundary:1.546116590499878 stddev:0.7410842776298523
2022-06-13 15:21:56,393 - train.py[line:95] - INFO: step:15500
2022-06-13 15:22:01,926 - train.py[line:106] - INFO: val_recall: 0.451142, val_ndcg: 0.439341, val_hit_rate: 0.845523, train_loss: 3.997901, ce_loss: 0.000000, vqvae_loss: 0.000000
2022-06-13 15:22:01,926 - train.py[line:107] - INFO: lowerboundary:-1.766937017440796  upperboundary:1.546116590499878 stddev:0.7437088489532471
2022-06-13 15:22:07,907 - train.py[line:95] - INFO: step:16000
2022-06-13 15:22:12,685 - train.py[line:106] - INFO: val_recall: 0.452782, val_ndcg: 0.448079, val_hit_rate: 0.848189, train_loss: 3.972551, ce_loss: 0.000000, vqvae_loss: 0.000000
2022-06-13 15:22:12,685 - train.py[line:107] - INFO: lowerboundary:-1.7780007123947144  upperboundary:1.546116590499878 stddev:0.7485247254371643
2022-06-13 15:22:18,993 - train.py[line:95] - INFO: step:16500
2022-06-13 15:22:24,987 - train.py[line:106] - INFO: val_recall: 0.452149, val_ndcg: 0.445385, val_hit_rate: 0.847642, train_loss: 3.969137, ce_loss: 0.000000, vqvae_loss: 0.000000
2022-06-13 15:22:24,987 - train.py[line:107] - INFO: lowerboundary:-1.7831681966781616  upperboundary:1.546116590499878 stddev:0.753092885017395
2022-06-13 15:22:31,048 - train.py[line:95] - INFO: step:17000
2022-06-13 15:22:36,341 - train.py[line:106] - INFO: val_recall: 0.453946, val_ndcg: 0.448664, val_hit_rate: 0.850649, train_loss: 3.940289, ce_loss: 0.000000, vqvae_loss: 0.000000
2022-06-13 15:22:36,341 - train.py[line:107] - INFO: lowerboundary:-1.7889583110809326  upperboundary:1.546116590499878 stddev:0.7567675113677979
2022-06-13 15:22:42,448 - train.py[line:95] - INFO: step:17500
2022-06-13 15:22:47,415 - train.py[line:106] - INFO: val_recall: 0.454242, val_ndcg: 0.453888, val_hit_rate: 0.852563, train_loss: 3.930690, ce_loss: 0.000000, vqvae_loss: 0.000000
2022-06-13 15:22:47,415 - train.py[line:107] - INFO: lowerboundary:-1.7958709001541138  upperboundary:1.546116590499878 stddev:0.7569485902786255
2022-06-13 15:22:53,631 - train.py[line:95] - INFO: step:18000
2022-06-13 15:22:59,742 - train.py[line:106] - INFO: val_recall: 0.455623, val_ndcg: 0.453699, val_hit_rate: 0.854204, train_loss: 3.910427, ce_loss: 0.000000, vqvae_loss: 0.000000
2022-06-13 15:22:59,742 - train.py[line:107] - INFO: lowerboundary:-1.8021284341812134  upperboundary:1.546116590499878 stddev:0.761650562286377
2022-06-13 15:23:06,512 - train.py[line:95] - INFO: step:18500
2022-06-13 15:23:11,607 - train.py[line:106] - INFO: val_recall: 0.457631, val_ndcg: 0.457295, val_hit_rate: 0.856391, train_loss: 3.895059, ce_loss: 0.000000, vqvae_loss: 0.000000
2022-06-13 15:23:11,607 - train.py[line:107] - INFO: lowerboundary:-1.8129091262817383  upperboundary:1.546116590499878 stddev:0.764039158821106
2022-06-13 15:23:17,587 - train.py[line:95] - INFO: step:19000
2022-06-13 15:23:22,802 - train.py[line:106] - INFO: val_recall: 0.459765, val_ndcg: 0.463323, val_hit_rate: 0.860560, train_loss: 3.881965, ce_loss: 0.000000, vqvae_loss: 0.000000
2022-06-13 15:23:22,802 - train.py[line:107] - INFO: lowerboundary:-1.8222177028656006  upperboundary:1.5494072437286377 stddev:0.7679654359817505
2022-06-13 15:23:29,548 - train.py[line:95] - INFO: step:19500
2022-06-13 15:23:35,608 - train.py[line:106] - INFO: val_recall: 0.458505, val_ndcg: 0.457863, val_hit_rate: 0.857826, train_loss: 3.858935, ce_loss: 0.000000, vqvae_loss: 0.000000
2022-06-13 15:23:35,608 - train.py[line:107] - INFO: lowerboundary:-1.8238272666931152  upperboundary:1.5692640542984009 stddev:0.7692844867706299
2022-06-13 15:23:41,674 - train.py[line:95] - INFO: step:20000
2022-06-13 15:23:46,438 - train.py[line:106] - INFO: val_recall: 0.459362, val_ndcg: 0.462648, val_hit_rate: 0.860219, train_loss: 3.853719, ce_loss: 0.000000, vqvae_loss: 0.000000
2022-06-13 15:23:46,438 - train.py[line:107] - INFO: lowerboundary:-1.8309316635131836  upperboundary:1.6041725873947144 stddev:0.7723046541213989
2022-06-13 15:23:52,184 - train.py[line:95] - INFO: step:20500
2022-06-13 15:23:57,829 - train.py[line:106] - INFO: val_recall: 0.462359, val_ndcg: 0.467263, val_hit_rate: 0.865208, train_loss: 3.848860, ce_loss: 0.000000, vqvae_loss: 0.000000
2022-06-13 15:23:57,830 - train.py[line:107] - INFO: lowerboundary:-1.8327769041061401  upperboundary:1.625090479850769 stddev:0.7723046541213989
2022-06-13 15:24:04,707 - train.py[line:95] - INFO: step:21000
2022-06-13 15:24:10,870 - train.py[line:106] - INFO: val_recall: 0.462174, val_ndcg: 0.467014, val_hit_rate: 0.865687, train_loss: 3.840562, ce_loss: 0.000000, vqvae_loss: 0.000000
2022-06-13 15:24:10,870 - train.py[line:107] - INFO: lowerboundary:-1.833732008934021  upperboundary:1.6335645914077759 stddev:0.7725949883460999
2022-06-13 15:24:17,010 - train.py[line:95] - INFO: step:21500
2022-06-13 15:24:21,540 - train.py[line:106] - INFO: val_recall: 0.463209, val_ndcg: 0.467346, val_hit_rate: 0.866917, train_loss: 3.813788, ce_loss: 0.000000, vqvae_loss: 0.000000
2022-06-13 15:24:21,540 - train.py[line:107] - INFO: lowerboundary:-1.8357007503509521  upperboundary:1.6483120918273926 stddev:0.7734612226486206
2022-06-13 15:24:27,626 - train.py[line:95] - INFO: step:22000
2022-06-13 15:24:33,522 - train.py[line:106] - INFO: val_recall: 0.464429, val_ndcg: 0.473579, val_hit_rate: 0.869173, train_loss: 3.808837, ce_loss: 0.000000, vqvae_loss: 0.000000
2022-06-13 15:24:33,523 - train.py[line:107] - INFO: lowerboundary:-1.8369622230529785  upperboundary:1.6957659721374512 stddev:0.7789514660835266
2022-06-13 15:24:40,053 - train.py[line:95] - INFO: step:22500
2022-06-13 15:24:46,209 - train.py[line:106] - INFO: val_recall: 0.465104, val_ndcg: 0.476376, val_hit_rate: 0.869378, train_loss: 3.790259, ce_loss: 0.000000, vqvae_loss: 0.000000
2022-06-13 15:24:46,210 - train.py[line:107] - INFO: lowerboundary:-1.8391211032867432  upperboundary:1.6992117166519165 stddev:0.7789514660835266
2022-06-13 15:24:52,464 - train.py[line:95] - INFO: step:23000
2022-06-13 15:24:57,015 - train.py[line:106] - INFO: val_recall: 0.465016, val_ndcg: 0.473150, val_hit_rate: 0.870267, train_loss: 3.781113, ce_loss: 0.000000, vqvae_loss: 0.000000
2022-06-13 15:24:57,016 - train.py[line:107] - INFO: lowerboundary:-1.8483482599258423  upperboundary:1.6992117166519165 stddev:0.7789514660835266
2022-06-13 15:25:02,903 - train.py[line:95] - INFO: step:23500
2022-06-13 15:25:08,883 - train.py[line:106] - INFO: val_recall: 0.466984, val_ndcg: 0.479714, val_hit_rate: 0.874026, train_loss: 3.781556, ce_loss: 0.000000, vqvae_loss: 0.000000
2022-06-13 15:25:08,883 - train.py[line:107] - INFO: lowerboundary:-1.8515046834945679  upperboundary:1.7300609350204468 stddev:0.7806583642959595
2022-06-13 15:25:15,165 - train.py[line:95] - INFO: step:24000
2022-06-13 15:25:21,267 - train.py[line:106] - INFO: val_recall: 0.466992, val_ndcg: 0.477572, val_hit_rate: 0.872864, train_loss: 3.762941, ce_loss: 0.000000, vqvae_loss: 0.000000
2022-06-13 15:25:21,267 - train.py[line:107] - INFO: lowerboundary:-1.8624184131622314  upperboundary:1.759189248085022 stddev:0.7824451923370361
2022-06-13 15:25:27,580 - train.py[line:95] - INFO: step:24500
2022-06-13 15:25:32,138 - train.py[line:106] - INFO: val_recall: 0.466200, val_ndcg: 0.479868, val_hit_rate: 0.872932, train_loss: 3.750672, ce_loss: 0.000000, vqvae_loss: 0.000000
2022-06-13 15:25:32,138 - train.py[line:107] - INFO: lowerboundary:-1.86332106590271  upperboundary:1.759189248085022 stddev:0.7824451923370361
2022-06-13 15:25:38,242 - train.py[line:95] - INFO: step:25000
2022-06-13 15:25:44,281 - train.py[line:106] - INFO: val_recall: 0.468239, val_ndcg: 0.478924, val_hit_rate: 0.874641, train_loss: 3.740788, ce_loss: 0.000000, vqvae_loss: 0.000000
2022-06-13 15:25:44,281 - train.py[line:107] - INFO: lowerboundary:-1.86466646194458  upperboundary:1.7796672582626343 stddev:0.7851818799972534
2022-06-13 15:25:50,822 - train.py[line:95] - INFO: step:25500
2022-06-13 15:25:57,056 - train.py[line:106] - INFO: val_recall: 0.468202, val_ndcg: 0.482022, val_hit_rate: 0.875188, train_loss: 3.749822, ce_loss: 0.000000, vqvae_loss: 0.000000
2022-06-13 15:25:57,056 - train.py[line:107] - INFO: lowerboundary:-1.868408203125  upperboundary:1.828864574432373 stddev:0.7868819236755371
2022-06-13 15:26:02,861 - train.py[line:95] - INFO: step:26000
2022-06-13 15:26:07,426 - train.py[line:106] - INFO: val_recall: 0.469295, val_ndcg: 0.484793, val_hit_rate: 0.877033, train_loss: 3.743516, ce_loss: 0.000000, vqvae_loss: 0.000000
2022-06-13 15:26:07,427 - train.py[line:107] - INFO: lowerboundary:-1.869430661201477  upperboundary:1.8319239616394043 stddev:0.7869895100593567
2022-06-13 15:26:13,800 - train.py[line:95] - INFO: step:26500
2022-06-13 15:26:19,904 - train.py[line:106] - INFO: val_recall: 0.469927, val_ndcg: 0.486368, val_hit_rate: 0.878127, train_loss: 3.732327, ce_loss: 0.000000, vqvae_loss: 0.000000
2022-06-13 15:26:19,904 - train.py[line:107] - INFO: lowerboundary:-1.8707059621810913  upperboundary:1.8585569858551025 stddev:0.7871748208999634
2022-06-13 15:26:26,249 - train.py[line:95] - INFO: step:27000
2022-06-13 15:26:32,375 - train.py[line:106] - INFO: val_recall: 0.469945, val_ndcg: 0.484751, val_hit_rate: 0.877307, train_loss: 3.712976, ce_loss: 0.000000, vqvae_loss: 0.000000
2022-06-13 15:26:32,376 - train.py[line:107] - INFO: lowerboundary:-1.8724247217178345  upperboundary:1.8695961236953735 stddev:0.7878186702728271
2022-06-13 15:26:38,450 - train.py[line:95] - INFO: step:27500
2022-06-13 15:26:42,967 - train.py[line:106] - INFO: val_recall: 0.470629, val_ndcg: 0.489397, val_hit_rate: 0.879357, train_loss: 3.696887, ce_loss: 0.000000, vqvae_loss: 0.000000
2022-06-13 15:26:42,967 - train.py[line:107] - INFO: lowerboundary:-1.873298168182373  upperboundary:1.897675633430481 stddev:0.7878919243812561
2022-06-13 15:26:49,201 - train.py[line:95] - INFO: step:28000
2022-06-13 15:26:55,300 - train.py[line:106] - INFO: val_recall: 0.471439, val_ndcg: 0.486735, val_hit_rate: 0.880451, train_loss: 3.699507, ce_loss: 0.000000, vqvae_loss: 0.000000
2022-06-13 15:26:55,300 - train.py[line:107] - INFO: lowerboundary:-1.8744820356369019  upperboundary:1.9164583683013916 stddev:0.7906348705291748
2022-06-13 15:27:02,034 - train.py[line:95] - INFO: step:28500
2022-06-13 15:27:08,096 - train.py[line:106] - INFO: val_recall: 0.471949, val_ndcg: 0.490649, val_hit_rate: 0.881818, train_loss: 3.690944, ce_loss: 0.000000, vqvae_loss: 0.000000
2022-06-13 15:27:08,097 - train.py[line:107] - INFO: lowerboundary:-1.8753803968429565  upperboundary:1.9523848295211792 stddev:0.7929009199142456
2022-06-13 15:27:14,239 - train.py[line:95] - INFO: step:29000
2022-06-13 15:27:18,748 - train.py[line:106] - INFO: val_recall: 0.472552, val_ndcg: 0.493770, val_hit_rate: 0.883595, train_loss: 3.664079, ce_loss: 0.000000, vqvae_loss: 0.000000
2022-06-13 15:27:18,748 - train.py[line:107] - INFO: lowerboundary:-1.8764688968658447  upperboundary:1.9629427194595337 stddev:0.7929009199142456
2022-06-13 15:27:24,927 - train.py[line:95] - INFO: step:29500
2022-06-13 15:27:31,049 - train.py[line:106] - INFO: val_recall: 0.473585, val_ndcg: 0.497831, val_hit_rate: 0.884484, train_loss: 3.684292, ce_loss: 0.000000, vqvae_loss: 0.000000
2022-06-13 15:27:31,050 - train.py[line:107] - INFO: lowerboundary:-1.877585530281067  upperboundary:1.987524390220642 stddev:0.7929009199142456
2022-06-13 15:27:37,465 - train.py[line:95] - INFO: step:30000
2022-06-13 15:27:43,572 - train.py[line:106] - INFO: val_recall: 0.473290, val_ndcg: 0.495614, val_hit_rate: 0.884416, train_loss: 3.652316, ce_loss: 0.000000, vqvae_loss: 0.000000
2022-06-13 15:27:43,573 - train.py[line:107] - INFO: lowerboundary:-1.8780908584594727  upperboundary:1.987524390220642 stddev:0.7929009199142456
2022-06-13 15:27:49,439 - train.py[line:95] - INFO: step:30500
2022-06-13 15:27:53,888 - train.py[line:106] - INFO: val_recall: 0.474378, val_ndcg: 0.496938, val_hit_rate: 0.884757, train_loss: 3.657121, ce_loss: 0.000000, vqvae_loss: 0.000000
2022-06-13 15:27:53,888 - train.py[line:107] - INFO: lowerboundary:-1.8785985708236694  upperboundary:1.9951156377792358 stddev:0.7929009199142456
2022-06-13 15:28:00,154 - train.py[line:95] - INFO: step:31000
2022-06-13 15:28:06,244 - train.py[line:106] - INFO: val_recall: 0.474527, val_ndcg: 0.496975, val_hit_rate: 0.886466, train_loss: 3.658196, ce_loss: 0.000000, vqvae_loss: 0.000000
2022-06-13 15:28:06,245 - train.py[line:107] - INFO: lowerboundary:-1.8795956373214722  upperboundary:2.0338213443756104 stddev:0.7979245781898499
2022-06-13 15:28:12,922 - train.py[line:95] - INFO: step:31500
2022-06-13 15:28:18,759 - train.py[line:106] - INFO: val_recall: 0.474732, val_ndcg: 0.498323, val_hit_rate: 0.887423, train_loss: 3.660719, ce_loss: 0.000000, vqvae_loss: 0.000000
2022-06-13 15:28:18,759 - train.py[line:107] - INFO: lowerboundary:-1.8796374797821045  upperboundary:2.0338213443756104 stddev:0.7979245781898499
2022-06-13 15:28:24,923 - train.py[line:95] - INFO: step:32000
2022-06-13 15:28:29,619 - train.py[line:106] - INFO: val_recall: 0.475038, val_ndcg: 0.501717, val_hit_rate: 0.887218, train_loss: 3.634209, ce_loss: 0.000000, vqvae_loss: 0.000000
2022-06-13 15:28:29,619 - train.py[line:107] - INFO: lowerboundary:-1.8801288604736328  upperboundary:2.0338213443756104 stddev:0.7979245781898499
2022-06-13 15:28:35,985 - train.py[line:95] - INFO: step:32500
2022-06-13 15:28:42,016 - train.py[line:106] - INFO: val_recall: 0.475970, val_ndcg: 0.501428, val_hit_rate: 0.888175, train_loss: 3.633829, ce_loss: 0.000000, vqvae_loss: 0.000000
2022-06-13 15:28:42,016 - train.py[line:107] - INFO: lowerboundary:-1.8801288604736328  upperboundary:2.0338213443756104 stddev:0.7979245781898499
2022-06-13 15:28:48,912 - train.py[line:95] - INFO: step:33000
2022-06-13 15:28:54,844 - train.py[line:106] - INFO: val_recall: 0.476675, val_ndcg: 0.500850, val_hit_rate: 0.889337, train_loss: 3.623346, ce_loss: 0.000000, vqvae_loss: 0.000000
2022-06-13 15:28:54,844 - train.py[line:107] - INFO: lowerboundary:-1.8801288604736328  upperboundary:2.0338213443756104 stddev:0.7979245781898499
2022-06-13 15:29:01,001 - train.py[line:95] - INFO: step:33500
2022-06-13 15:29:05,510 - train.py[line:106] - INFO: val_recall: 0.476217, val_ndcg: 0.501842, val_hit_rate: 0.889269, train_loss: 3.624893, ce_loss: 0.000000, vqvae_loss: 0.000000
2022-06-13 15:29:05,510 - train.py[line:107] - INFO: lowerboundary:-1.8801288604736328  upperboundary:2.0351271629333496 stddev:0.7979245781898499
2022-06-13 15:29:11,637 - train.py[line:95] - INFO: step:34000
2022-06-13 15:29:17,833 - train.py[line:106] - INFO: val_recall: 0.476746, val_ndcg: 0.503256, val_hit_rate: 0.890841, train_loss: 3.603902, ce_loss: 0.000000, vqvae_loss: 0.000000
2022-06-13 15:29:17,833 - train.py[line:107] - INFO: lowerboundary:-1.8802374601364136  upperboundary:2.05037260055542 stddev:0.7979245781898499
2022-06-13 15:29:24,491 - train.py[line:95] - INFO: step:34500
2022-06-13 15:29:30,351 - train.py[line:106] - INFO: val_recall: 0.476998, val_ndcg: 0.502819, val_hit_rate: 0.890909, train_loss: 3.633261, ce_loss: 0.000000, vqvae_loss: 0.000000
2022-06-13 15:29:30,351 - train.py[line:107] - INFO: lowerboundary:-1.8807004690170288  upperboundary:2.068061351776123 stddev:0.7979245781898499
2022-06-13 15:29:36,576 - train.py[line:95] - INFO: step:35000
2022-06-13 15:29:41,002 - train.py[line:106] - INFO: val_recall: 0.476495, val_ndcg: 0.507198, val_hit_rate: 0.891319, train_loss: 3.604977, ce_loss: 0.000000, vqvae_loss: 0.000000
2022-06-13 15:29:41,003 - train.py[line:107] - INFO: lowerboundary:-1.8811231851577759  upperboundary:2.0941884517669678 stddev:0.7979245781898499
2022-06-13 15:29:47,504 - train.py[line:95] - INFO: step:35500
2022-06-13 15:29:53,531 - train.py[line:106] - INFO: val_recall: 0.477634, val_ndcg: 0.510516, val_hit_rate: 0.891729, train_loss: 3.587931, ce_loss: 0.000000, vqvae_loss: 0.000000
2022-06-13 15:29:53,531 - train.py[line:107] - INFO: lowerboundary:-1.883758544921875  upperboundary:2.100726366043091 stddev:0.7979245781898499
2022-06-13 15:30:00,652 - train.py[line:95] - INFO: step:36000
2022-06-13 15:30:06,416 - train.py[line:106] - INFO: val_recall: 0.478680, val_ndcg: 0.508502, val_hit_rate: 0.892755, train_loss: 3.582995, ce_loss: 0.000000, vqvae_loss: 0.000000
2022-06-13 15:30:06,416 - train.py[line:107] - INFO: lowerboundary:-1.8850892782211304  upperboundary:2.100726366043091 stddev:0.7979245781898499
2022-06-13 15:30:12,596 - train.py[line:95] - INFO: step:36500
2022-06-13 15:30:17,212 - train.py[line:106] - INFO: val_recall: 0.479469, val_ndcg: 0.508954, val_hit_rate: 0.894053, train_loss: 3.566692, ce_loss: 0.000000, vqvae_loss: 0.000000
2022-06-13 15:30:17,213 - train.py[line:107] - INFO: lowerboundary:-1.8858956098556519  upperboundary:2.1231470108032227 stddev:0.7979245781898499
2022-06-13 15:30:23,671 - train.py[line:95] - INFO: step:37000
2022-06-13 15:30:29,744 - train.py[line:106] - INFO: val_recall: 0.479255, val_ndcg: 0.509373, val_hit_rate: 0.895147, train_loss: 3.557781, ce_loss: 0.000000, vqvae_loss: 0.000000
2022-06-13 15:30:29,744 - train.py[line:107] - INFO: lowerboundary:-1.8901022672653198  upperboundary:2.1413371562957764 stddev:0.7979245781898499
2022-06-13 15:30:36,623 - train.py[line:95] - INFO: step:37500
2022-06-13 15:30:42,339 - train.py[line:106] - INFO: val_recall: 0.478388, val_ndcg: 0.512484, val_hit_rate: 0.893575, train_loss: 3.581293, ce_loss: 0.000000, vqvae_loss: 0.000000
2022-06-13 15:30:42,340 - train.py[line:107] - INFO: lowerboundary:-1.890769600868225  upperboundary:2.1479289531707764 stddev:0.7979245781898499
2022-06-13 15:30:48,305 - train.py[line:95] - INFO: step:38000
2022-06-13 15:30:53,112 - train.py[line:106] - INFO: val_recall: 0.480204, val_ndcg: 0.513078, val_hit_rate: 0.896719, train_loss: 3.558264, ce_loss: 0.000000, vqvae_loss: 0.000000
2022-06-13 15:30:53,112 - train.py[line:107] - INFO: lowerboundary:-1.8991584777832031  upperboundary:2.190962076187134 stddev:0.7979245781898499
2022-06-13 15:30:59,572 - train.py[line:95] - INFO: step:38500
2022-06-13 15:31:05,709 - train.py[line:106] - INFO: val_recall: 0.479617, val_ndcg: 0.512184, val_hit_rate: 0.894805, train_loss: 3.549587, ce_loss: 0.000000, vqvae_loss: 0.000000
2022-06-13 15:31:05,709 - train.py[line:107] - INFO: lowerboundary:-1.9132843017578125  upperboundary:2.190962076187134 stddev:0.7983281016349792
2022-06-13 15:31:11,645 - train.py[line:95] - INFO: step:39000
2022-06-13 15:31:17,120 - train.py[line:106] - INFO: val_recall: 0.479005, val_ndcg: 0.511443, val_hit_rate: 0.893506, train_loss: 3.546712, ce_loss: 0.000000, vqvae_loss: 0.000000
2022-06-13 15:31:17,120 - train.py[line:107] - INFO: lowerboundary:-1.9132843017578125  upperboundary:2.20125150680542 stddev:0.8000256419181824
2022-06-13 15:31:23,138 - train.py[line:95] - INFO: step:39500
2022-06-13 15:31:28,129 - train.py[line:106] - INFO: val_recall: 0.481305, val_ndcg: 0.517236, val_hit_rate: 0.897198, train_loss: 3.544218, ce_loss: 0.000000, vqvae_loss: 0.000000
2022-06-13 15:31:28,129 - train.py[line:107] - INFO: lowerboundary:-1.9132843017578125  upperboundary:2.2022900581359863 stddev:0.8000256419181824
2022-06-13 15:31:34,646 - train.py[line:95] - INFO: step:40000
2022-06-13 15:31:40,726 - train.py[line:106] - INFO: val_recall: 0.480355, val_ndcg: 0.514361, val_hit_rate: 0.896856, train_loss: 3.541127, ce_loss: 0.000000, vqvae_loss: 0.000000
2022-06-13 15:31:40,726 - train.py[line:107] - INFO: lowerboundary:-1.93024742603302  upperboundary:2.2390029430389404 stddev:0.8000256419181824
2022-06-13 15:31:47,119 - train.py[line:95] - INFO: step:40500
2022-06-13 15:31:52,442 - train.py[line:106] - INFO: val_recall: 0.480212, val_ndcg: 0.517500, val_hit_rate: 0.896787, train_loss: 3.546030, ce_loss: 0.000000, vqvae_loss: 0.000000
2022-06-13 15:31:52,442 - train.py[line:107] - INFO: lowerboundary:-1.93024742603302  upperboundary:2.2559702396392822 stddev:0.8000256419181824
2022-06-13 15:31:58,418 - train.py[line:95] - INFO: step:41000
2022-06-13 15:32:03,651 - train.py[line:106] - INFO: val_recall: 0.481796, val_ndcg: 0.515338, val_hit_rate: 0.897813, train_loss: 3.541828, ce_loss: 0.000000, vqvae_loss: 0.000000
2022-06-13 15:32:03,652 - train.py[line:107] - INFO: lowerboundary:-1.9471409320831299  upperboundary:2.265263795852661 stddev:0.8001815676689148
2022-06-13 15:32:10,416 - train.py[line:95] - INFO: step:41500
2022-06-13 15:32:16,411 - train.py[line:106] - INFO: val_recall: 0.481139, val_ndcg: 0.517953, val_hit_rate: 0.897608, train_loss: 3.537536, ce_loss: 0.000000, vqvae_loss: 0.000000
2022-06-13 15:32:16,411 - train.py[line:107] - INFO: lowerboundary:-1.9594511985778809  upperboundary:2.265263795852661 stddev:0.8001815676689148
2022-06-13 15:32:22,589 - train.py[line:95] - INFO: step:42000
2022-06-13 15:32:27,534 - train.py[line:106] - INFO: val_recall: 0.480625, val_ndcg: 0.517926, val_hit_rate: 0.896241, train_loss: 3.534471, ce_loss: 0.000000, vqvae_loss: 0.000000
2022-06-13 15:32:27,535 - train.py[line:107] - INFO: lowerboundary:-1.971025824546814  upperboundary:2.265263795852661 stddev:0.8013396263122559
2022-06-13 15:32:33,498 - train.py[line:95] - INFO: step:42500
2022-06-13 15:32:38,994 - train.py[line:106] - INFO: val_recall: 0.481834, val_ndcg: 0.521439, val_hit_rate: 0.898428, train_loss: 3.535213, ce_loss: 0.000000, vqvae_loss: 0.000000
2022-06-13 15:32:38,994 - train.py[line:107] - INFO: lowerboundary:-1.971025824546814  upperboundary:2.2691423892974854 stddev:0.8031676411628723
2022-06-13 15:32:46,109 - train.py[line:95] - INFO: step:43000
2022-06-13 15:32:52,212 - train.py[line:106] - INFO: val_recall: 0.482676, val_ndcg: 0.519004, val_hit_rate: 0.900068, train_loss: 3.514773, ce_loss: 0.000000, vqvae_loss: 0.000000
2022-06-13 15:32:52,213 - train.py[line:107] - INFO: lowerboundary:-1.971025824546814  upperboundary:2.2889044284820557 stddev:0.8031676411628723
2022-06-13 15:32:59,163 - train.py[line:95] - INFO: step:43500
2022-06-13 15:33:04,295 - train.py[line:106] - INFO: val_recall: 0.483069, val_ndcg: 0.520853, val_hit_rate: 0.900889, train_loss: 3.516189, ce_loss: 0.000000, vqvae_loss: 0.000000
2022-06-13 15:33:04,295 - train.py[line:107] - INFO: lowerboundary:-1.971025824546814  upperboundary:2.305614948272705 stddev:0.8031676411628723
2022-06-13 15:33:10,582 - train.py[line:95] - INFO: step:44000
2022-06-13 15:33:15,889 - train.py[line:106] - INFO: val_recall: 0.482830, val_ndcg: 0.521307, val_hit_rate: 0.900410, train_loss: 3.518322, ce_loss: 0.000000, vqvae_loss: 0.000000
2022-06-13 15:33:15,890 - train.py[line:107] - INFO: lowerboundary:-1.971025824546814  upperboundary:2.3205409049987793 stddev:0.8031676411628723
2022-06-13 15:33:22,040 - train.py[line:95] - INFO: step:44500
2022-06-13 15:33:28,299 - train.py[line:106] - INFO: val_recall: 0.483930, val_ndcg: 0.524941, val_hit_rate: 0.901846, train_loss: 3.517220, ce_loss: 0.000000, vqvae_loss: 0.000000
2022-06-13 15:33:28,299 - train.py[line:107] - INFO: lowerboundary:-1.971025824546814  upperboundary:2.3354849815368652 stddev:0.8031676411628723
2022-06-13 15:33:34,678 - train.py[line:95] - INFO: step:45000
2022-06-13 15:33:39,710 - train.py[line:106] - INFO: val_recall: 0.482566, val_ndcg: 0.523253, val_hit_rate: 0.899453, train_loss: 3.498655, ce_loss: 0.000000, vqvae_loss: 0.000000
2022-06-13 15:33:39,710 - train.py[line:107] - INFO: lowerboundary:-1.971025824546814  upperboundary:2.3354849815368652 stddev:0.8031676411628723
2022-06-13 15:33:45,659 - train.py[line:95] - INFO: step:45500
2022-06-13 15:33:51,191 - train.py[line:106] - INFO: val_recall: 0.483507, val_ndcg: 0.522563, val_hit_rate: 0.900957, train_loss: 3.500837, ce_loss: 0.000000, vqvae_loss: 0.000000
2022-06-13 15:33:51,192 - train.py[line:107] - INFO: lowerboundary:-1.9745656251907349  upperboundary:2.3488571643829346 stddev:0.8031676411628723
2022-06-13 15:33:57,959 - train.py[line:95] - INFO: step:46000
2022-06-13 15:34:04,071 - train.py[line:106] - INFO: val_recall: 0.483197, val_ndcg: 0.521873, val_hit_rate: 0.900615, train_loss: 3.498188, ce_loss: 0.000000, vqvae_loss: 0.000000
2022-06-13 15:34:04,071 - train.py[line:107] - INFO: lowerboundary:-1.9874732494354248  upperboundary:2.3593151569366455 stddev:0.8031676411628723
2022-06-13 15:34:10,118 - train.py[line:95] - INFO: step:46500
2022-06-13 15:34:14,668 - train.py[line:106] - INFO: val_recall: 0.485425, val_ndcg: 0.523340, val_hit_rate: 0.901914, train_loss: 3.498195, ce_loss: 0.000000, vqvae_loss: 0.000000
2022-06-13 15:34:14,669 - train.py[line:107] - INFO: lowerboundary:-1.9874732494354248  upperboundary:2.37404203414917 stddev:0.8031676411628723
2022-06-13 15:34:21,020 - train.py[line:95] - INFO: step:47000
2022-06-13 15:34:26,815 - train.py[line:106] - INFO: val_recall: 0.484243, val_ndcg: 0.528053, val_hit_rate: 0.902461, train_loss: 3.474445, ce_loss: 0.000000, vqvae_loss: 0.000000
2022-06-13 15:34:26,815 - train.py[line:107] - INFO: lowerboundary:-1.9905627965927124  upperboundary:2.3851256370544434 stddev:0.8031676411628723
2022-06-13 15:34:33,564 - train.py[line:95] - INFO: step:47500
2022-06-13 15:34:39,742 - train.py[line:106] - INFO: val_recall: 0.484827, val_ndcg: 0.527348, val_hit_rate: 0.902734, train_loss: 3.480136, ce_loss: 0.000000, vqvae_loss: 0.000000
2022-06-13 15:34:39,743 - train.py[line:107] - INFO: lowerboundary:-2.01680326461792  upperboundary:2.3851256370544434 stddev:0.8031676411628723
2022-06-13 15:34:45,844 - train.py[line:95] - INFO: step:48000
2022-06-13 15:34:50,344 - train.py[line:106] - INFO: val_recall: 0.484189, val_ndcg: 0.523392, val_hit_rate: 0.901640, train_loss: 3.487834, ce_loss: 0.000000, vqvae_loss: 0.000000
2022-06-13 15:34:50,344 - train.py[line:107] - INFO: lowerboundary:-2.0217931270599365  upperboundary:2.3867027759552 stddev:0.8031676411628723
2022-06-13 15:34:56,387 - train.py[line:95] - INFO: step:48500
2022-06-13 15:35:02,386 - train.py[line:106] - INFO: val_recall: 0.485497, val_ndcg: 0.528254, val_hit_rate: 0.903486, train_loss: 3.489276, ce_loss: 0.000000, vqvae_loss: 0.000000
2022-06-13 15:35:02,386 - train.py[line:107] - INFO: lowerboundary:-2.0217931270599365  upperboundary:2.3897364139556885 stddev:0.8031676411628723
2022-06-13 15:35:09,963 - train.py[line:95] - INFO: step:49000
2022-06-13 15:35:16,119 - train.py[line:106] - INFO: val_recall: 0.486554, val_ndcg: 0.527863, val_hit_rate: 0.905263, train_loss: 3.481457, ce_loss: 0.000000, vqvae_loss: 0.000000
2022-06-13 15:35:16,119 - train.py[line:107] - INFO: lowerboundary:-2.0217931270599365  upperboundary:2.3966169357299805 stddev:0.8031676411628723
2022-06-13 15:35:22,475 - train.py[line:95] - INFO: step:49500
2022-06-13 15:35:27,004 - train.py[line:106] - INFO: val_recall: 0.485864, val_ndcg: 0.531754, val_hit_rate: 0.904375, train_loss: 3.473625, ce_loss: 0.000000, vqvae_loss: 0.000000
2022-06-13 15:35:27,004 - train.py[line:107] - INFO: lowerboundary:-2.0217931270599365  upperboundary:2.41717791557312 stddev:0.8031676411628723
2022-06-13 15:35:32,921 - train.py[line:95] - INFO: step:50000
2022-06-13 15:35:39,004 - train.py[line:106] - INFO: val_recall: 0.485620, val_ndcg: 0.527375, val_hit_rate: 0.902597, train_loss: 3.476782, ce_loss: 0.000000, vqvae_loss: 0.000000
2022-06-13 15:35:39,004 - train.py[line:107] - INFO: lowerboundary:-2.0217931270599365  upperboundary:2.4358513355255127 stddev:0.8031676411628723
2022-06-13 15:35:45,380 - train.py[line:95] - INFO: step:50500
2022-06-13 15:35:51,525 - train.py[line:106] - INFO: val_recall: 0.485138, val_ndcg: 0.531077, val_hit_rate: 0.904443, train_loss: 3.461796, ce_loss: 0.000000, vqvae_loss: 0.000000
2022-06-13 15:35:51,525 - train.py[line:107] - INFO: lowerboundary:-2.0217931270599365  upperboundary:2.44538950920105 stddev:0.805664598941803
2022-06-13 15:35:57,439 - train.py[line:95] - INFO: step:51000
2022-06-13 15:36:01,987 - train.py[line:106] - INFO: val_recall: 0.485966, val_ndcg: 0.530837, val_hit_rate: 0.904716, train_loss: 3.467138, ce_loss: 0.000000, vqvae_loss: 0.000000
2022-06-13 15:36:01,987 - train.py[line:107] - INFO: lowerboundary:-2.0217931270599365  upperboundary:2.486501932144165 stddev:0.805664598941803
2022-06-13 15:36:01,988 - train.py[line:132] - INFO: testing!
2022-06-13 15:36:07,879 - train.py[line:138] - INFO: test_num: 14630.000000, test_recall: 0.486554, test_ndcg: 0.527863, test_hit_rate: 0.905263
