2022-06-13 15:38:22,487 - train.py[line:205] - INFO: max_iter: 300000
2022-06-13 15:38:22,487 - train.py[line:208] - INFO: {'ISCS': True,
 'batch_size': 128,
 'begin_time': '2022-06-13_15:38:20',
 'best_recall': 0.0,
 'coef': 0.0,
 'data_path': 'data',
 'dataset': 'ml_nf',
 'domain_index': 0,
 'domain_num': 1,
 'dropout': 0.3,
 'embedding_dim': 64,
 'embedding_num': 64,
 'exp_name': 'ISCS-vqvae_DNN-ml_nf-0',
 'item_count': 5579,
 'lower_boundary': -1,
 'lr': 0.001,
 'max_len': 20,
 'max_step': 300000,
 'model': 'DNN',
 'only_test_last_one': False,
 'patience': 3,
 'restore_path': '',
 'save_path': 'save_bias_false/ISCS-vqvae_DNN-ml_nf-0',
 'seed': 19,
 'stddev': 0.1,
 'test_iter': 500,
 'topN': 50,
 'upper_boundary': 1,
 'vqvae': True}
2022-06-13 15:38:24,645 - train.py[line:249] - INFO: train begin
2022-06-13 15:38:33,029 - train.py[line:95] - INFO: step:500
2022-06-13 15:38:45,458 - train.py[line:106] - INFO: val_recall: 0.211513, val_ndcg: 0.233432, val_hit_rate: 0.660320, train_loss: 7.104727, ce_loss: 0.000000, vqvae_loss: 0.000000
2022-06-13 15:38:45,459 - train.py[line:107] - INFO: lowerboundary:-1  upperboundary:1 stddev:0.11888507008552551
2022-06-13 15:38:54,492 - train.py[line:95] - INFO: step:1000
2022-06-13 15:39:07,710 - train.py[line:106] - INFO: val_recall: 0.256951, val_ndcg: 0.263924, val_hit_rate: 0.732038, train_loss: 6.368580, ce_loss: 0.000000, vqvae_loss: 0.000000
2022-06-13 15:39:07,710 - train.py[line:107] - INFO: lowerboundary:-1  upperboundary:1 stddev:0.13549992442131042
2022-06-13 15:39:16,804 - train.py[line:95] - INFO: step:1500
2022-06-13 15:39:30,740 - train.py[line:106] - INFO: val_recall: 0.264412, val_ndcg: 0.273458, val_hit_rate: 0.745506, train_loss: 6.138490, ce_loss: 0.000000, vqvae_loss: 0.000000
2022-06-13 15:39:30,740 - train.py[line:107] - INFO: lowerboundary:-1  upperboundary:1 stddev:0.14822380244731903
2022-06-13 15:39:40,088 - train.py[line:95] - INFO: step:2000
2022-06-13 15:39:53,615 - train.py[line:106] - INFO: val_recall: 0.272609, val_ndcg: 0.277574, val_hit_rate: 0.753915, train_loss: 6.042454, ce_loss: 0.000000, vqvae_loss: 0.000000
2022-06-13 15:39:53,615 - train.py[line:107] - INFO: lowerboundary:-1  upperboundary:1 stddev:0.16300655901432037
2022-06-13 15:40:02,668 - train.py[line:95] - INFO: step:2500
2022-06-13 15:40:15,238 - train.py[line:106] - INFO: val_recall: 0.281971, val_ndcg: 0.283750, val_hit_rate: 0.762904, train_loss: 5.999884, ce_loss: 0.000000, vqvae_loss: 0.000000
2022-06-13 15:40:15,238 - train.py[line:107] - INFO: lowerboundary:-1  upperboundary:1 stddev:0.17699269950389862
2022-06-13 15:40:23,502 - train.py[line:95] - INFO: step:3000
2022-06-13 15:40:35,798 - train.py[line:106] - INFO: val_recall: 0.289764, val_ndcg: 0.290318, val_hit_rate: 0.769347, train_loss: 5.953795, ce_loss: 0.000000, vqvae_loss: 0.000000
2022-06-13 15:40:35,799 - train.py[line:107] - INFO: lowerboundary:-1  upperboundary:1 stddev:0.1866081804037094
2022-06-13 15:40:44,152 - train.py[line:95] - INFO: step:3500
2022-06-13 15:40:57,269 - train.py[line:106] - INFO: val_recall: 0.293503, val_ndcg: 0.295530, val_hit_rate: 0.780302, train_loss: 5.890751, ce_loss: 0.000000, vqvae_loss: 0.000000
2022-06-13 15:40:57,269 - train.py[line:107] - INFO: lowerboundary:-1  upperboundary:1 stddev:0.19541922211647034
2022-06-13 15:41:05,524 - train.py[line:95] - INFO: step:4000
2022-06-13 15:41:18,963 - train.py[line:106] - INFO: val_recall: 0.296659, val_ndcg: 0.300280, val_hit_rate: 0.786842, train_loss: 5.854718, ce_loss: 0.000000, vqvae_loss: 0.000000
2022-06-13 15:41:18,963 - train.py[line:107] - INFO: lowerboundary:-1  upperboundary:1.137892246246338 stddev:0.2102656364440918
2022-06-13 15:41:27,753 - train.py[line:95] - INFO: step:4500
2022-06-13 15:41:41,725 - train.py[line:106] - INFO: val_recall: 0.302633, val_ndcg: 0.304232, val_hit_rate: 0.793157, train_loss: 5.825590, ce_loss: 0.000000, vqvae_loss: 0.000000
2022-06-13 15:41:41,726 - train.py[line:107] - INFO: lowerboundary:-1  upperboundary:1.137892246246338 stddev:0.22339144349098206
2022-06-13 15:41:50,935 - train.py[line:95] - INFO: step:5000
2022-06-13 15:42:04,200 - train.py[line:106] - INFO: val_recall: 0.307449, val_ndcg: 0.309361, val_hit_rate: 0.800631, train_loss: 5.788053, ce_loss: 0.000000, vqvae_loss: 0.000000
2022-06-13 15:42:04,201 - train.py[line:107] - INFO: lowerboundary:-1  upperboundary:1.137892246246338 stddev:0.23266278207302094
2022-06-13 15:42:12,924 - train.py[line:95] - INFO: step:5500
2022-06-13 15:42:25,425 - train.py[line:106] - INFO: val_recall: 0.308801, val_ndcg: 0.311311, val_hit_rate: 0.801824, train_loss: 5.779900, ce_loss: 0.000000, vqvae_loss: 0.000000
2022-06-13 15:42:25,426 - train.py[line:107] - INFO: lowerboundary:-1  upperboundary:1.137892246246338 stddev:0.24240230023860931
2022-06-13 15:42:33,809 - train.py[line:95] - INFO: step:6000
2022-06-13 15:42:46,353 - train.py[line:106] - INFO: val_recall: 0.312137, val_ndcg: 0.313497, val_hit_rate: 0.807816, train_loss: 5.757600, ce_loss: 0.000000, vqvae_loss: 0.000000
2022-06-13 15:42:46,353 - train.py[line:107] - INFO: lowerboundary:-1  upperboundary:1.137892246246338 stddev:0.25766509771347046
2022-06-13 15:42:54,604 - train.py[line:95] - INFO: step:6500
2022-06-13 15:43:07,110 - train.py[line:106] - INFO: val_recall: 0.315233, val_ndcg: 0.317762, val_hit_rate: 0.808396, train_loss: 5.720870, ce_loss: 0.000000, vqvae_loss: 0.000000
2022-06-13 15:43:07,111 - train.py[line:107] - INFO: lowerboundary:-1  upperboundary:1.137892246246338 stddev:0.2683785855770111
2022-06-13 15:43:15,855 - train.py[line:95] - INFO: step:7000
2022-06-13 15:43:29,326 - train.py[line:106] - INFO: val_recall: 0.317470, val_ndcg: 0.319455, val_hit_rate: 0.814840, train_loss: 5.718123, ce_loss: 0.000000, vqvae_loss: 0.000000
2022-06-13 15:43:29,327 - train.py[line:107] - INFO: lowerboundary:-1.0643411874771118  upperboundary:1.137892246246338 stddev:0.2775392234325409
2022-06-13 15:43:38,538 - train.py[line:95] - INFO: step:7500
2022-06-13 15:43:52,769 - train.py[line:106] - INFO: val_recall: 0.322187, val_ndcg: 0.322362, val_hit_rate: 0.819286, train_loss: 5.677685, ce_loss: 0.000000, vqvae_loss: 0.000000
2022-06-13 15:43:52,769 - train.py[line:107] - INFO: lowerboundary:-1.0643411874771118  upperboundary:1.2176644802093506 stddev:0.2875727415084839
2022-06-13 15:44:01,989 - train.py[line:95] - INFO: step:8000
2022-06-13 15:44:16,120 - train.py[line:106] - INFO: val_recall: 0.325935, val_ndcg: 0.324718, val_hit_rate: 0.821928, train_loss: 5.666748, ce_loss: 0.000000, vqvae_loss: 0.000000
2022-06-13 15:44:16,121 - train.py[line:107] - INFO: lowerboundary:-1.0643411874771118  upperboundary:1.2176644802093506 stddev:0.2976817786693573
2022-06-13 15:44:24,322 - train.py[line:95] - INFO: step:8500
2022-06-13 15:44:35,620 - train.py[line:106] - INFO: val_recall: 0.327329, val_ndcg: 0.326368, val_hit_rate: 0.824634, train_loss: 5.646285, ce_loss: 0.000000, vqvae_loss: 0.000000
2022-06-13 15:44:35,620 - train.py[line:107] - INFO: lowerboundary:-1.0643411874771118  upperboundary:1.2857613563537598 stddev:0.31018319725990295
2022-06-13 15:44:45,272 - train.py[line:95] - INFO: step:9000
2022-06-13 15:44:56,920 - train.py[line:106] - INFO: val_recall: 0.329170, val_ndcg: 0.327622, val_hit_rate: 0.829564, train_loss: 5.647605, ce_loss: 0.000000, vqvae_loss: 0.000000
2022-06-13 15:44:56,920 - train.py[line:107] - INFO: lowerboundary:-1.0643411874771118  upperboundary:1.5937799215316772 stddev:0.3141991198062897
2022-06-13 15:45:06,483 - train.py[line:95] - INFO: step:9500
2022-06-13 15:45:17,792 - train.py[line:106] - INFO: val_recall: 0.329882, val_ndcg: 0.330829, val_hit_rate: 0.828565, train_loss: 5.615177, ce_loss: 0.000000, vqvae_loss: 0.000000
2022-06-13 15:45:17,792 - train.py[line:107] - INFO: lowerboundary:-1.4034082889556885  upperboundary:1.5937799215316772 stddev:0.3330687880516052
2022-06-13 15:45:27,381 - train.py[line:95] - INFO: step:10000
2022-06-13 15:45:38,857 - train.py[line:106] - INFO: val_recall: 0.334232, val_ndcg: 0.333964, val_hit_rate: 0.833333, train_loss: 5.599670, ce_loss: 0.000000, vqvae_loss: 0.000000
2022-06-13 15:45:38,857 - train.py[line:107] - INFO: lowerboundary:-1.4034082889556885  upperboundary:1.6063193082809448 stddev:0.34283915162086487
2022-06-13 15:45:48,071 - train.py[line:95] - INFO: step:10500
2022-06-13 15:46:00,692 - train.py[line:106] - INFO: val_recall: 0.333428, val_ndcg: 0.332840, val_hit_rate: 0.830853, train_loss: 5.595012, ce_loss: 0.000000, vqvae_loss: 0.000000
2022-06-13 15:46:00,692 - train.py[line:107] - INFO: lowerboundary:-1.4034082889556885  upperboundary:1.6237456798553467 stddev:0.3565741777420044
2022-06-13 15:46:09,431 - train.py[line:95] - INFO: step:11000
2022-06-13 15:46:22,148 - train.py[line:106] - INFO: val_recall: 0.335765, val_ndcg: 0.334131, val_hit_rate: 0.831594, train_loss: 5.575470, ce_loss: 0.000000, vqvae_loss: 0.000000
2022-06-13 15:46:22,148 - train.py[line:107] - INFO: lowerboundary:-1.4034082889556885  upperboundary:1.6237456798553467 stddev:0.37248364090919495
2022-06-13 15:46:30,831 - train.py[line:95] - INFO: step:11500
2022-06-13 15:46:43,515 - train.py[line:106] - INFO: val_recall: 0.336954, val_ndcg: 0.335790, val_hit_rate: 0.832625, train_loss: 5.564195, ce_loss: 0.000000, vqvae_loss: 0.000000
2022-06-13 15:46:43,516 - train.py[line:107] - INFO: lowerboundary:-1.4034082889556885  upperboundary:1.6237456798553467 stddev:0.38888201117515564
2022-06-13 15:46:52,212 - train.py[line:95] - INFO: step:12000
2022-06-13 15:47:04,845 - train.py[line:106] - INFO: val_recall: 0.339415, val_ndcg: 0.338678, val_hit_rate: 0.834719, train_loss: 5.553758, ce_loss: 0.000000, vqvae_loss: 0.000000
2022-06-13 15:47:04,845 - train.py[line:107] - INFO: lowerboundary:-1.4034082889556885  upperboundary:1.7846399545669556 stddev:0.3899247944355011
2022-06-13 15:47:13,250 - train.py[line:95] - INFO: step:12500
2022-06-13 15:47:26,444 - train.py[line:106] - INFO: val_recall: 0.339279, val_ndcg: 0.339164, val_hit_rate: 0.837812, train_loss: 5.557636, ce_loss: 0.000000, vqvae_loss: 0.000000
2022-06-13 15:47:26,444 - train.py[line:107] - INFO: lowerboundary:-1.4034082889556885  upperboundary:1.9905866384506226 stddev:0.3965797424316406
2022-06-13 15:47:34,750 - train.py[line:95] - INFO: step:13000
2022-06-13 15:47:47,653 - train.py[line:106] - INFO: val_recall: 0.341775, val_ndcg: 0.339966, val_hit_rate: 0.838649, train_loss: 5.532189, ce_loss: 0.000000, vqvae_loss: 0.000000
2022-06-13 15:47:47,653 - train.py[line:107] - INFO: lowerboundary:-1.4034082889556885  upperboundary:1.9905866384506226 stddev:0.4069434404373169
2022-06-13 15:47:56,793 - train.py[line:95] - INFO: step:13500
2022-06-13 15:48:09,812 - train.py[line:106] - INFO: val_recall: 0.343616, val_ndcg: 0.343073, val_hit_rate: 0.840647, train_loss: 5.524126, ce_loss: 0.000000, vqvae_loss: 0.000000
2022-06-13 15:48:09,812 - train.py[line:107] - INFO: lowerboundary:-1.4034082889556885  upperboundary:1.9905866384506226 stddev:0.4236563742160797
2022-06-13 15:48:18,953 - train.py[line:95] - INFO: step:14000
2022-06-13 15:48:31,593 - train.py[line:106] - INFO: val_recall: 0.342957, val_ndcg: 0.344827, val_hit_rate: 0.842097, train_loss: 5.520150, ce_loss: 0.000000, vqvae_loss: 0.000000
2022-06-13 15:48:31,593 - train.py[line:107] - INFO: lowerboundary:-1.4034082889556885  upperboundary:2.0016911029815674 stddev:0.4345073401927948
2022-06-13 15:48:39,765 - train.py[line:95] - INFO: step:14500
2022-06-13 15:48:52,558 - train.py[line:106] - INFO: val_recall: 0.345047, val_ndcg: 0.344667, val_hit_rate: 0.842483, train_loss: 5.512216, ce_loss: 0.000000, vqvae_loss: 0.000000
2022-06-13 15:48:52,559 - train.py[line:107] - INFO: lowerboundary:-1.4034082889556885  upperboundary:2.01053524017334 stddev:0.4412926137447357
2022-06-13 15:49:01,249 - train.py[line:95] - INFO: step:15000
2022-06-13 15:49:13,864 - train.py[line:106] - INFO: val_recall: 0.346408, val_ndcg: 0.346112, val_hit_rate: 0.844610, train_loss: 5.511073, ce_loss: 0.000000, vqvae_loss: 0.000000
2022-06-13 15:49:13,864 - train.py[line:107] - INFO: lowerboundary:-1.6658451557159424  upperboundary:2.0398950576782227 stddev:0.4457634389400482
2022-06-13 15:50:58,618 - train.py[line:205] - INFO: max_iter: 300000
2022-06-13 15:50:58,619 - train.py[line:208] - INFO: {'ISCS': True,
 'batch_size': 128,
 'begin_time': '2022-06-13_15:50:56',
 'best_recall': 0.0,
 'coef': 0.0,
 'data_path': 'data',
 'dataset': 'ml_nf',
 'domain_index': 0,
 'domain_num': 1,
 'dropout': 0.3,
 'embedding_dim': 64,
 'embedding_num': 64,
 'exp_name': 'ISCS-vqvae_DNN-ml_nf-0',
 'item_count': 5579,
 'lower_boundary': -1,
 'lr': 0.001,
 'max_len': 20,
 'max_step': 300000,
 'model': 'DNN',
 'only_test_last_one': False,
 'patience': 3,
 'restore_path': '',
 'save_path': 'save_bias_false/ISCS-vqvae_DNN-ml_nf-0',
 'seed': 19,
 'stddev': 0.1,
 'test_iter': 500,
 'topN': 50,
 'upper_boundary': 1,
 'vqvae': True}
2022-06-13 15:51:00,816 - train.py[line:249] - INFO: train begin
2022-06-13 15:51:09,432 - train.py[line:95] - INFO: step:500
2022-06-13 15:51:21,799 - train.py[line:106] - INFO: val_recall: 0.211513, val_ndcg: 0.233432, val_hit_rate: 0.660320, train_loss: 7.104727, ce_loss: 0.000000, vqvae_loss: 0.000000
2022-06-13 15:51:21,800 - train.py[line:107] - INFO: lowerboundary:-1  upperboundary:1 stddev:0.11888507008552551
2022-06-13 15:51:31,093 - train.py[line:95] - INFO: step:1000
2022-06-13 15:51:43,415 - train.py[line:106] - INFO: val_recall: 0.256951, val_ndcg: 0.263924, val_hit_rate: 0.732038, train_loss: 6.368580, ce_loss: 0.000000, vqvae_loss: 0.000000
2022-06-13 15:51:43,415 - train.py[line:107] - INFO: lowerboundary:-1  upperboundary:1 stddev:0.13549992442131042
2022-06-13 15:51:52,675 - train.py[line:95] - INFO: step:1500
2022-06-13 15:52:04,908 - train.py[line:106] - INFO: val_recall: 0.264412, val_ndcg: 0.273458, val_hit_rate: 0.745506, train_loss: 6.138490, ce_loss: 0.000000, vqvae_loss: 0.000000
2022-06-13 15:52:04,908 - train.py[line:107] - INFO: lowerboundary:-1  upperboundary:1 stddev:0.14822380244731903
2022-06-13 15:52:13,402 - train.py[line:95] - INFO: step:2000
2022-06-13 15:52:25,905 - train.py[line:106] - INFO: val_recall: 0.272609, val_ndcg: 0.277574, val_hit_rate: 0.753915, train_loss: 6.042454, ce_loss: 0.000000, vqvae_loss: 0.000000
2022-06-13 15:52:25,906 - train.py[line:107] - INFO: lowerboundary:-1  upperboundary:1 stddev:0.16300655901432037
2022-06-13 15:52:34,248 - train.py[line:95] - INFO: step:2500
2022-06-13 15:52:46,558 - train.py[line:106] - INFO: val_recall: 0.281971, val_ndcg: 0.283750, val_hit_rate: 0.762904, train_loss: 5.999884, ce_loss: 0.000000, vqvae_loss: 0.000000
2022-06-13 15:52:46,559 - train.py[line:107] - INFO: lowerboundary:-1  upperboundary:1 stddev:0.17699269950389862
2022-06-13 15:52:54,736 - train.py[line:95] - INFO: step:3000
2022-06-13 15:53:06,891 - train.py[line:106] - INFO: val_recall: 0.289764, val_ndcg: 0.290318, val_hit_rate: 0.769347, train_loss: 5.953795, ce_loss: 0.000000, vqvae_loss: 0.000000
2022-06-13 15:53:06,891 - train.py[line:107] - INFO: lowerboundary:-1  upperboundary:1 stddev:0.18660816550254822
2022-06-13 15:53:15,640 - train.py[line:95] - INFO: step:3500
2022-06-13 15:53:28,234 - train.py[line:106] - INFO: val_recall: 0.293503, val_ndcg: 0.295530, val_hit_rate: 0.780302, train_loss: 5.890751, ce_loss: 0.000000, vqvae_loss: 0.000000
2022-06-13 15:53:28,235 - train.py[line:107] - INFO: lowerboundary:-1  upperboundary:1 stddev:0.19541922211647034
2022-06-13 15:53:37,086 - train.py[line:95] - INFO: step:4000
2022-06-13 15:53:49,372 - train.py[line:106] - INFO: val_recall: 0.296659, val_ndcg: 0.300280, val_hit_rate: 0.786842, train_loss: 5.854718, ce_loss: 0.000000, vqvae_loss: 0.000000
2022-06-13 15:53:49,372 - train.py[line:107] - INFO: lowerboundary:-1  upperboundary:1.1378917694091797 stddev:0.2102656215429306
2022-06-13 15:53:57,586 - train.py[line:95] - INFO: step:4500
2022-06-13 15:54:09,876 - train.py[line:106] - INFO: val_recall: 0.302633, val_ndcg: 0.304232, val_hit_rate: 0.793157, train_loss: 5.825590, ce_loss: 0.000000, vqvae_loss: 0.000000
2022-06-13 15:54:09,876 - train.py[line:107] - INFO: lowerboundary:-1  upperboundary:1.1378917694091797 stddev:0.22339142858982086
2022-06-13 15:54:18,389 - train.py[line:95] - INFO: step:5000
2022-06-13 15:54:31,010 - train.py[line:106] - INFO: val_recall: 0.307449, val_ndcg: 0.309361, val_hit_rate: 0.800631, train_loss: 5.788053, ce_loss: 0.000000, vqvae_loss: 0.000000
2022-06-13 15:54:31,011 - train.py[line:107] - INFO: lowerboundary:-1  upperboundary:1.1378917694091797 stddev:0.23266276717185974
2022-06-13 15:54:39,588 - train.py[line:95] - INFO: step:5500
2022-06-13 15:54:52,196 - train.py[line:106] - INFO: val_recall: 0.308801, val_ndcg: 0.311311, val_hit_rate: 0.801824, train_loss: 5.779900, ce_loss: 0.000000, vqvae_loss: 0.000000
2022-06-13 15:54:52,196 - train.py[line:107] - INFO: lowerboundary:-1  upperboundary:1.1378917694091797 stddev:0.24240228533744812
2022-06-13 15:55:00,611 - train.py[line:95] - INFO: step:6000
2022-06-13 15:55:12,879 - train.py[line:106] - INFO: val_recall: 0.312137, val_ndcg: 0.313497, val_hit_rate: 0.807816, train_loss: 5.757600, ce_loss: 0.000000, vqvae_loss: 0.000000
2022-06-13 15:55:12,879 - train.py[line:107] - INFO: lowerboundary:-1  upperboundary:1.1378917694091797 stddev:0.25766509771347046
2022-06-13 15:55:21,464 - train.py[line:95] - INFO: step:6500
2022-06-13 15:55:33,832 - train.py[line:106] - INFO: val_recall: 0.315233, val_ndcg: 0.317762, val_hit_rate: 0.808396, train_loss: 5.720870, ce_loss: 0.000000, vqvae_loss: 0.000000
2022-06-13 15:55:33,832 - train.py[line:107] - INFO: lowerboundary:-1  upperboundary:1.1378917694091797 stddev:0.2683785855770111
2022-06-13 15:55:42,527 - train.py[line:95] - INFO: step:7000
2022-06-13 15:55:54,885 - train.py[line:106] - INFO: val_recall: 0.317470, val_ndcg: 0.319455, val_hit_rate: 0.814840, train_loss: 5.718123, ce_loss: 0.000000, vqvae_loss: 0.000000
2022-06-13 15:55:54,885 - train.py[line:107] - INFO: lowerboundary:-1.0643419027328491  upperboundary:1.1378917694091797 stddev:0.2775392234325409
2022-06-13 15:56:03,220 - train.py[line:95] - INFO: step:7500
2022-06-13 15:56:15,808 - train.py[line:106] - INFO: val_recall: 0.322187, val_ndcg: 0.322362, val_hit_rate: 0.819286, train_loss: 5.677685, ce_loss: 0.000000, vqvae_loss: 0.000000
2022-06-13 15:56:15,808 - train.py[line:107] - INFO: lowerboundary:-1.0643419027328491  upperboundary:1.2176648378372192 stddev:0.2875727415084839
2022-06-13 15:56:23,953 - train.py[line:95] - INFO: step:8000
2022-06-13 15:56:36,894 - train.py[line:106] - INFO: val_recall: 0.325935, val_ndcg: 0.324719, val_hit_rate: 0.821928, train_loss: 5.666748, ce_loss: 0.000000, vqvae_loss: 0.000000
2022-06-13 15:56:36,895 - train.py[line:107] - INFO: lowerboundary:-1.0643419027328491  upperboundary:1.2176648378372192 stddev:0.2976817786693573
2022-06-13 15:56:46,246 - train.py[line:95] - INFO: step:8500
2022-06-13 15:56:58,952 - train.py[line:106] - INFO: val_recall: 0.327329, val_ndcg: 0.326368, val_hit_rate: 0.824634, train_loss: 5.646285, ce_loss: 0.000000, vqvae_loss: 0.000000
2022-06-13 15:56:58,952 - train.py[line:107] - INFO: lowerboundary:-1.0643419027328491  upperboundary:1.2857613563537598 stddev:0.31018319725990295
2022-06-13 15:57:08,053 - train.py[line:95] - INFO: step:9000
2022-06-13 15:57:20,702 - train.py[line:106] - INFO: val_recall: 0.329170, val_ndcg: 0.327622, val_hit_rate: 0.829564, train_loss: 5.647605, ce_loss: 0.000000, vqvae_loss: 0.000000
2022-06-13 15:57:20,702 - train.py[line:107] - INFO: lowerboundary:-1.0643419027328491  upperboundary:1.5937793254852295 stddev:0.3141991198062897
2022-06-13 15:57:29,008 - train.py[line:95] - INFO: step:9500
2022-06-13 15:57:41,559 - train.py[line:106] - INFO: val_recall: 0.329882, val_ndcg: 0.330829, val_hit_rate: 0.828565, train_loss: 5.615177, ce_loss: 0.000000, vqvae_loss: 0.000000
2022-06-13 15:57:41,559 - train.py[line:107] - INFO: lowerboundary:-1.4034074544906616  upperboundary:1.5937793254852295 stddev:0.3330687880516052
2022-06-13 15:57:50,148 - train.py[line:95] - INFO: step:10000
2022-06-13 15:58:02,502 - train.py[line:106] - INFO: val_recall: 0.334233, val_ndcg: 0.333965, val_hit_rate: 0.833333, train_loss: 5.599670, ce_loss: 0.000000, vqvae_loss: 0.000000
2022-06-13 15:58:02,503 - train.py[line:107] - INFO: lowerboundary:-1.4034074544906616  upperboundary:1.6063188314437866 stddev:0.34283915162086487
2022-06-13 15:58:11,260 - train.py[line:95] - INFO: step:10500
2022-06-13 15:58:23,731 - train.py[line:106] - INFO: val_recall: 0.333428, val_ndcg: 0.332840, val_hit_rate: 0.830853, train_loss: 5.595012, ce_loss: 0.000000, vqvae_loss: 0.000000
2022-06-13 15:58:23,731 - train.py[line:107] - INFO: lowerboundary:-1.4034074544906616  upperboundary:1.623745322227478 stddev:0.356574147939682
2022-06-13 15:58:32,569 - train.py[line:95] - INFO: step:11000
2022-06-13 15:58:45,119 - train.py[line:106] - INFO: val_recall: 0.335765, val_ndcg: 0.334131, val_hit_rate: 0.831594, train_loss: 5.575470, ce_loss: 0.000000, vqvae_loss: 0.000000
2022-06-13 15:58:45,119 - train.py[line:107] - INFO: lowerboundary:-1.4034074544906616  upperboundary:1.623745322227478 stddev:0.37248361110687256
2022-06-13 15:58:54,121 - train.py[line:95] - INFO: step:11500
2022-06-13 15:59:06,568 - train.py[line:106] - INFO: val_recall: 0.336957, val_ndcg: 0.335790, val_hit_rate: 0.832625, train_loss: 5.564195, ce_loss: 0.000000, vqvae_loss: 0.000000
2022-06-13 15:59:06,568 - train.py[line:107] - INFO: lowerboundary:-1.4034074544906616  upperboundary:1.623745322227478 stddev:0.38888198137283325
2022-06-13 15:59:15,029 - train.py[line:95] - INFO: step:12000
2022-06-13 15:59:26,286 - train.py[line:106] - INFO: val_recall: 0.339415, val_ndcg: 0.338679, val_hit_rate: 0.834719, train_loss: 5.553758, ce_loss: 0.000000, vqvae_loss: 0.000000
2022-06-13 15:59:26,287 - train.py[line:107] - INFO: lowerboundary:-1.4034074544906616  upperboundary:1.784684419631958 stddev:0.3899248242378235
2022-06-13 15:59:36,077 - train.py[line:95] - INFO: step:12500
2022-06-13 15:59:46,656 - train.py[line:106] - INFO: val_recall: 0.339277, val_ndcg: 0.339163, val_hit_rate: 0.837812, train_loss: 5.557636, ce_loss: 0.000000, vqvae_loss: 0.000000
2022-06-13 15:59:46,656 - train.py[line:107] - INFO: lowerboundary:-1.4034074544906616  upperboundary:1.9905879497528076 stddev:0.396579772233963
2022-06-13 15:59:55,865 - train.py[line:95] - INFO: step:13000
2022-06-13 16:00:06,632 - train.py[line:106] - INFO: val_recall: 0.341774, val_ndcg: 0.339967, val_hit_rate: 0.838649, train_loss: 5.532189, ce_loss: 0.000000, vqvae_loss: 0.000000
2022-06-13 16:00:06,632 - train.py[line:107] - INFO: lowerboundary:-1.4034074544906616  upperboundary:1.9905879497528076 stddev:0.4069434404373169
2022-06-13 16:00:16,212 - train.py[line:95] - INFO: step:13500
2022-06-13 16:00:27,075 - train.py[line:106] - INFO: val_recall: 0.343616, val_ndcg: 0.343076, val_hit_rate: 0.840647, train_loss: 5.524125, ce_loss: 0.000000, vqvae_loss: 0.000000
2022-06-13 16:00:27,075 - train.py[line:107] - INFO: lowerboundary:-1.4034074544906616  upperboundary:1.9905879497528076 stddev:0.4236563742160797
2022-06-13 16:00:36,590 - train.py[line:95] - INFO: step:14000
2022-06-13 16:00:47,944 - train.py[line:106] - INFO: val_recall: 0.342950, val_ndcg: 0.344827, val_hit_rate: 0.842097, train_loss: 5.520150, ce_loss: 0.000000, vqvae_loss: 0.000000
2022-06-13 16:00:47,945 - train.py[line:107] - INFO: lowerboundary:-1.4034074544906616  upperboundary:2.001681089401245 stddev:0.4345073401927948
2022-06-13 16:00:57,098 - train.py[line:95] - INFO: step:14500
2022-06-13 16:01:08,065 - train.py[line:106] - INFO: val_recall: 0.345047, val_ndcg: 0.344667, val_hit_rate: 0.842483, train_loss: 5.512216, ce_loss: 0.000000, vqvae_loss: 0.000000
2022-06-13 16:01:08,065 - train.py[line:107] - INFO: lowerboundary:-1.4034074544906616  upperboundary:2.0105347633361816 stddev:0.4412926435470581
2022-06-13 16:01:17,717 - train.py[line:95] - INFO: step:15000
2022-06-13 16:01:28,293 - train.py[line:106] - INFO: val_recall: 0.346408, val_ndcg: 0.346112, val_hit_rate: 0.844610, train_loss: 5.511073, ce_loss: 0.000000, vqvae_loss: 0.000000
2022-06-13 16:01:28,293 - train.py[line:107] - INFO: lowerboundary:-1.6658470630645752  upperboundary:2.0398848056793213 stddev:0.4457634687423706
2022-06-13 16:01:38,022 - train.py[line:95] - INFO: step:15500
2022-06-13 16:01:49,381 - train.py[line:106] - INFO: val_recall: 0.350149, val_ndcg: 0.348966, val_hit_rate: 0.848283, train_loss: 5.510392, ce_loss: 0.000000, vqvae_loss: 0.000000
2022-06-13 16:01:49,382 - train.py[line:107] - INFO: lowerboundary:-1.6658470630645752  upperboundary:2.0557761192321777 stddev:0.46247586607933044
2022-06-13 16:01:59,098 - train.py[line:95] - INFO: step:16000
2022-06-13 16:02:10,445 - train.py[line:106] - INFO: val_recall: 0.349288, val_ndcg: 0.349531, val_hit_rate: 0.847832, train_loss: 5.479078, ce_loss: 0.000000, vqvae_loss: 0.000000
2022-06-13 16:02:10,445 - train.py[line:107] - INFO: lowerboundary:-1.6658470630645752  upperboundary:2.2237792015075684 stddev:0.46414628624916077
2022-06-13 16:02:19,848 - train.py[line:95] - INFO: step:16500
2022-06-13 16:02:30,481 - train.py[line:106] - INFO: val_recall: 0.349638, val_ndcg: 0.349517, val_hit_rate: 0.847832, train_loss: 5.481338, ce_loss: 0.000000, vqvae_loss: 0.000000
2022-06-13 16:02:30,481 - train.py[line:107] - INFO: lowerboundary:-1.6658470630645752  upperboundary:2.2237792015075684 stddev:0.47704535722732544
2022-06-13 16:02:39,710 - train.py[line:95] - INFO: step:17000
2022-06-13 16:02:50,917 - train.py[line:106] - INFO: val_recall: 0.350920, val_ndcg: 0.352069, val_hit_rate: 0.849990, train_loss: 5.479925, ce_loss: 0.000000, vqvae_loss: 0.000000
2022-06-13 16:02:50,917 - train.py[line:107] - INFO: lowerboundary:-2.058429718017578  upperboundary:2.2237792015075684 stddev:0.49065515398979187
2022-06-13 16:03:00,665 - train.py[line:95] - INFO: step:17500
2022-06-13 16:03:11,335 - train.py[line:106] - INFO: val_recall: 0.351849, val_ndcg: 0.352217, val_hit_rate: 0.848347, train_loss: 5.475318, ce_loss: 0.000000, vqvae_loss: 0.000000
2022-06-13 16:03:11,335 - train.py[line:107] - INFO: lowerboundary:-2.058429718017578  upperboundary:2.2237792015075684 stddev:0.49065515398979187
2022-06-13 16:03:21,073 - train.py[line:95] - INFO: step:18000
2022-06-13 16:03:32,329 - train.py[line:106] - INFO: val_recall: 0.351742, val_ndcg: 0.354034, val_hit_rate: 0.848057, train_loss: 5.462308, ce_loss: 0.000000, vqvae_loss: 0.000000
2022-06-13 16:03:32,329 - train.py[line:107] - INFO: lowerboundary:-2.1864378452301025  upperboundary:2.5564329624176025 stddev:0.49336108565330505
2022-06-13 16:03:41,679 - train.py[line:95] - INFO: step:18500
2022-06-13 16:03:52,957 - train.py[line:106] - INFO: val_recall: 0.353271, val_ndcg: 0.354591, val_hit_rate: 0.850699, train_loss: 5.460890, ce_loss: 0.000000, vqvae_loss: 0.000000
2022-06-13 16:03:52,958 - train.py[line:107] - INFO: lowerboundary:-2.1864378452301025  upperboundary:2.5564329624176025 stddev:0.5030704736709595
2022-06-13 16:04:02,580 - train.py[line:95] - INFO: step:19000
2022-06-13 16:04:13,660 - train.py[line:106] - INFO: val_recall: 0.353831, val_ndcg: 0.355295, val_hit_rate: 0.851859, train_loss: 5.451330, ce_loss: 0.000000, vqvae_loss: 0.000000
2022-06-13 16:04:13,660 - train.py[line:107] - INFO: lowerboundary:-2.1864378452301025  upperboundary:2.5564329624176025 stddev:0.5159527659416199
2022-06-13 16:04:23,301 - train.py[line:95] - INFO: step:19500
2022-06-13 16:04:34,332 - train.py[line:106] - INFO: val_recall: 0.354447, val_ndcg: 0.355922, val_hit_rate: 0.852664, train_loss: 5.430465, ce_loss: 0.000000, vqvae_loss: 0.000000
2022-06-13 16:04:34,332 - train.py[line:107] - INFO: lowerboundary:-2.1864378452301025  upperboundary:2.5564329624176025 stddev:0.5159527659416199
2022-06-13 16:04:43,942 - train.py[line:95] - INFO: step:20000
2022-06-13 16:04:54,497 - train.py[line:106] - INFO: val_recall: 0.357567, val_ndcg: 0.357504, val_hit_rate: 0.855306, train_loss: 5.439370, ce_loss: 0.000000, vqvae_loss: 0.000000
2022-06-13 16:04:54,497 - train.py[line:107] - INFO: lowerboundary:-2.1864378452301025  upperboundary:2.593599796295166 stddev:0.5232939720153809
2022-06-13 16:05:04,406 - train.py[line:95] - INFO: step:20500
2022-06-13 16:05:15,636 - train.py[line:106] - INFO: val_recall: 0.357189, val_ndcg: 0.360681, val_hit_rate: 0.856692, train_loss: 5.433261, ce_loss: 0.000000, vqvae_loss: 0.000000
2022-06-13 16:05:15,636 - train.py[line:107] - INFO: lowerboundary:-2.1864378452301025  upperboundary:2.7873122692108154 stddev:0.5247255563735962
2022-06-13 16:05:25,092 - train.py[line:95] - INFO: step:21000
2022-06-13 16:05:35,953 - train.py[line:106] - INFO: val_recall: 0.357628, val_ndcg: 0.359506, val_hit_rate: 0.857497, train_loss: 5.433471, ce_loss: 0.000000, vqvae_loss: 0.000000
2022-06-13 16:05:35,953 - train.py[line:107] - INFO: lowerboundary:-2.1864378452301025  upperboundary:2.7873122692108154 stddev:0.548970103263855
2022-06-13 16:05:45,669 - train.py[line:95] - INFO: step:21500
2022-06-13 16:05:56,435 - train.py[line:106] - INFO: val_recall: 0.357168, val_ndcg: 0.359560, val_hit_rate: 0.856176, train_loss: 5.428607, ce_loss: 0.000000, vqvae_loss: 0.000000
2022-06-13 16:05:56,435 - train.py[line:107] - INFO: lowerboundary:-2.1864378452301025  upperboundary:2.7873122692108154 stddev:0.548970103263855
2022-06-13 16:06:05,708 - train.py[line:95] - INFO: step:22000
2022-06-13 16:06:16,927 - train.py[line:106] - INFO: val_recall: 0.358493, val_ndcg: 0.361615, val_hit_rate: 0.858013, train_loss: 5.438276, ce_loss: 0.000000, vqvae_loss: 0.000000
2022-06-13 16:06:16,927 - train.py[line:107] - INFO: lowerboundary:-2.1864378452301025  upperboundary:2.7873122692108154 stddev:0.5518015623092651
2022-06-13 16:06:26,615 - train.py[line:95] - INFO: step:22500
2022-06-13 16:06:37,451 - train.py[line:106] - INFO: val_recall: 0.359356, val_ndcg: 0.359626, val_hit_rate: 0.856402, train_loss: 5.421481, ce_loss: 0.000000, vqvae_loss: 0.000000
2022-06-13 16:06:37,451 - train.py[line:107] - INFO: lowerboundary:-2.1864378452301025  upperboundary:2.7873122692108154 stddev:0.5518015623092651
2022-06-13 16:06:47,225 - train.py[line:95] - INFO: step:23000
2022-06-13 16:06:58,821 - train.py[line:106] - INFO: val_recall: 0.360408, val_ndcg: 0.362946, val_hit_rate: 0.858593, train_loss: 5.413628, ce_loss: 0.000000, vqvae_loss: 0.000000
2022-06-13 16:06:58,822 - train.py[line:107] - INFO: lowerboundary:-2.1864378452301025  upperboundary:2.7873122692108154 stddev:0.5620607137680054
2022-06-13 16:07:08,652 - train.py[line:95] - INFO: step:23500
2022-06-13 16:07:19,326 - train.py[line:106] - INFO: val_recall: 0.360968, val_ndcg: 0.362878, val_hit_rate: 0.858722, train_loss: 5.396861, ce_loss: 0.000000, vqvae_loss: 0.000000
2022-06-13 16:07:19,327 - train.py[line:107] - INFO: lowerboundary:-2.1864378452301025  upperboundary:2.7873122692108154 stddev:0.5620607137680054
2022-06-13 16:07:29,046 - train.py[line:95] - INFO: step:24000
2022-06-13 16:07:39,838 - train.py[line:106] - INFO: val_recall: 0.359603, val_ndcg: 0.362392, val_hit_rate: 0.857111, train_loss: 5.414041, ce_loss: 0.000000, vqvae_loss: 0.000000
2022-06-13 16:07:39,838 - train.py[line:107] - INFO: lowerboundary:-2.4009687900543213  upperboundary:2.7873122692108154 stddev:0.5620607137680054
2022-06-13 16:07:48,929 - train.py[line:95] - INFO: step:24500
2022-06-13 16:08:00,555 - train.py[line:106] - INFO: val_recall: 0.361952, val_ndcg: 0.364673, val_hit_rate: 0.858464, train_loss: 5.398266, ce_loss: 0.000000, vqvae_loss: 0.000000
2022-06-13 16:08:00,555 - train.py[line:107] - INFO: lowerboundary:-2.4009687900543213  upperboundary:2.84191632270813 stddev:0.5672861337661743
2022-06-13 16:08:10,365 - train.py[line:95] - INFO: step:25000
2022-06-13 16:08:21,540 - train.py[line:106] - INFO: val_recall: 0.363015, val_ndcg: 0.364266, val_hit_rate: 0.858496, train_loss: 5.390368, ce_loss: 0.000000, vqvae_loss: 0.000000
2022-06-13 16:08:21,541 - train.py[line:107] - INFO: lowerboundary:-2.4009687900543213  upperboundary:2.84191632270813 stddev:0.5859290957450867
2022-06-13 16:08:31,304 - train.py[line:95] - INFO: step:25500
2022-06-13 16:08:42,592 - train.py[line:106] - INFO: val_recall: 0.364492, val_ndcg: 0.365868, val_hit_rate: 0.860655, train_loss: 5.381885, ce_loss: 0.000000, vqvae_loss: 0.000000
2022-06-13 16:08:42,592 - train.py[line:107] - INFO: lowerboundary:-2.4009687900543213  upperboundary:2.84191632270813 stddev:0.5859290957450867
2022-06-13 16:08:52,485 - train.py[line:95] - INFO: step:26000
2022-06-13 16:09:03,781 - train.py[line:106] - INFO: val_recall: 0.363725, val_ndcg: 0.366439, val_hit_rate: 0.861396, train_loss: 5.388552, ce_loss: 0.000000, vqvae_loss: 0.000000
2022-06-13 16:09:03,781 - train.py[line:107] - INFO: lowerboundary:-2.4009687900543213  upperboundary:2.84191632270813 stddev:0.5859290957450867
2022-06-13 16:09:12,933 - train.py[line:95] - INFO: step:26500
2022-06-13 16:09:23,311 - train.py[line:106] - INFO: val_recall: 0.367032, val_ndcg: 0.368003, val_hit_rate: 0.865745, train_loss: 5.375343, ce_loss: 0.000000, vqvae_loss: 0.000000
2022-06-13 16:09:23,311 - train.py[line:107] - INFO: lowerboundary:-2.4009687900543213  upperboundary:2.84191632270813 stddev:0.5948860049247742
2022-06-13 16:09:33,041 - train.py[line:95] - INFO: step:27000
2022-06-13 16:09:44,218 - train.py[line:106] - INFO: val_recall: 0.365835, val_ndcg: 0.367337, val_hit_rate: 0.863715, train_loss: 5.375041, ce_loss: 0.000000, vqvae_loss: 0.000000
2022-06-13 16:09:44,219 - train.py[line:107] - INFO: lowerboundary:-2.4009687900543213  upperboundary:3.2434020042419434 stddev:0.5948860049247742
2022-06-13 16:09:53,487 - train.py[line:95] - INFO: step:27500
2022-06-13 16:10:05,209 - train.py[line:106] - INFO: val_recall: 0.366599, val_ndcg: 0.367489, val_hit_rate: 0.864360, train_loss: 5.381324, ce_loss: 0.000000, vqvae_loss: 0.000000
2022-06-13 16:10:05,210 - train.py[line:107] - INFO: lowerboundary:-2.4009687900543213  upperboundary:3.2434020042419434 stddev:0.5950469374656677
2022-06-13 16:10:14,725 - train.py[line:95] - INFO: step:28000
2022-06-13 16:10:26,405 - train.py[line:106] - INFO: val_recall: 0.367886, val_ndcg: 0.369339, val_hit_rate: 0.867324, train_loss: 5.349106, ce_loss: 0.000000, vqvae_loss: 0.000000
2022-06-13 16:10:26,405 - train.py[line:107] - INFO: lowerboundary:-2.4009687900543213  upperboundary:3.2434020042419434 stddev:0.5950469374656677
2022-06-13 16:10:36,469 - train.py[line:95] - INFO: step:28500
2022-06-13 16:10:47,638 - train.py[line:106] - INFO: val_recall: 0.367617, val_ndcg: 0.370151, val_hit_rate: 0.868194, train_loss: 5.366193, ce_loss: 0.000000, vqvae_loss: 0.000000
2022-06-13 16:10:47,638 - train.py[line:107] - INFO: lowerboundary:-2.4009687900543213  upperboundary:3.2434020042419434 stddev:0.5965415835380554
2022-06-13 16:10:56,840 - train.py[line:95] - INFO: step:29000
2022-06-13 16:11:08,104 - train.py[line:106] - INFO: val_recall: 0.368327, val_ndcg: 0.371517, val_hit_rate: 0.866551, train_loss: 5.362626, ce_loss: 0.000000, vqvae_loss: 0.000000
2022-06-13 16:11:08,104 - train.py[line:107] - INFO: lowerboundary:-2.4009687900543213  upperboundary:3.2434020042419434 stddev:0.6173794865608215
2022-06-13 16:11:18,140 - train.py[line:95] - INFO: step:29500
2022-06-13 16:11:29,700 - train.py[line:106] - INFO: val_recall: 0.369197, val_ndcg: 0.370685, val_hit_rate: 0.866518, train_loss: 5.360510, ce_loss: 0.000000, vqvae_loss: 0.000000
2022-06-13 16:11:29,700 - train.py[line:107] - INFO: lowerboundary:-2.4009687900543213  upperboundary:3.2434020042419434 stddev:0.6173794865608215
2022-06-13 16:11:39,807 - train.py[line:95] - INFO: step:30000
2022-06-13 16:11:50,703 - train.py[line:106] - INFO: val_recall: 0.369076, val_ndcg: 0.370893, val_hit_rate: 0.866196, train_loss: 5.350128, ce_loss: 0.000000, vqvae_loss: 0.000000
2022-06-13 16:11:50,703 - train.py[line:107] - INFO: lowerboundary:-2.4009687900543213  upperboundary:3.2434020042419434 stddev:0.6173794865608215
2022-06-13 16:12:00,014 - train.py[line:95] - INFO: step:30500
2022-06-13 16:12:10,813 - train.py[line:106] - INFO: val_recall: 0.370139, val_ndcg: 0.372013, val_hit_rate: 0.868162, train_loss: 5.351361, ce_loss: 0.000000, vqvae_loss: 0.000000
2022-06-13 16:12:10,813 - train.py[line:107] - INFO: lowerboundary:-2.4009687900543213  upperboundary:3.2434020042419434 stddev:0.6173794865608215
2022-06-13 16:12:20,867 - train.py[line:95] - INFO: step:31000
2022-06-13 16:12:32,330 - train.py[line:106] - INFO: val_recall: 0.369512, val_ndcg: 0.372578, val_hit_rate: 0.868323, train_loss: 5.352142, ce_loss: 0.000000, vqvae_loss: 0.000000
2022-06-13 16:12:32,330 - train.py[line:107] - INFO: lowerboundary:-2.4010086059570312  upperboundary:3.2434020042419434 stddev:0.6357367038726807
2022-06-13 16:12:41,666 - train.py[line:95] - INFO: step:31500
2022-06-13 16:12:52,337 - train.py[line:106] - INFO: val_recall: 0.370515, val_ndcg: 0.372671, val_hit_rate: 0.869032, train_loss: 5.330066, ce_loss: 0.000000, vqvae_loss: 0.000000
2022-06-13 16:12:52,337 - train.py[line:107] - INFO: lowerboundary:-2.587756395339966  upperboundary:3.2434020042419434 stddev:0.6357367038726807
2022-06-13 16:13:02,113 - train.py[line:95] - INFO: step:32000
2022-06-13 16:13:12,927 - train.py[line:106] - INFO: val_recall: 0.371023, val_ndcg: 0.373906, val_hit_rate: 0.869869, train_loss: 5.340054, ce_loss: 0.000000, vqvae_loss: 0.000000
2022-06-13 16:13:12,927 - train.py[line:107] - INFO: lowerboundary:-2.588022232055664  upperboundary:3.2434020042419434 stddev:0.6357367038726807
2022-06-13 16:13:22,699 - train.py[line:95] - INFO: step:32500
2022-06-13 16:13:34,850 - train.py[line:106] - INFO: val_recall: 0.370988, val_ndcg: 0.372702, val_hit_rate: 0.868516, train_loss: 5.328131, ce_loss: 0.000000, vqvae_loss: 0.000000
2022-06-13 16:13:34,850 - train.py[line:107] - INFO: lowerboundary:-2.588022232055664  upperboundary:3.2434020042419434 stddev:0.6372690200805664
2022-06-13 16:13:44,255 - train.py[line:95] - INFO: step:33000
2022-06-13 16:13:55,066 - train.py[line:106] - INFO: val_recall: 0.371613, val_ndcg: 0.374290, val_hit_rate: 0.870932, train_loss: 5.339711, ce_loss: 0.000000, vqvae_loss: 0.000000
2022-06-13 16:13:55,066 - train.py[line:107] - INFO: lowerboundary:-2.588022232055664  upperboundary:3.2434020042419434 stddev:0.6515344977378845
2022-06-13 16:14:04,812 - train.py[line:95] - INFO: step:33500
2022-06-13 16:14:15,961 - train.py[line:106] - INFO: val_recall: 0.372271, val_ndcg: 0.374213, val_hit_rate: 0.869708, train_loss: 5.332894, ce_loss: 0.000000, vqvae_loss: 0.000000
2022-06-13 16:14:15,961 - train.py[line:107] - INFO: lowerboundary:-2.588022232055664  upperboundary:3.2758982181549072 stddev:0.6515344977378845
2022-06-13 16:14:26,002 - train.py[line:95] - INFO: step:34000
2022-06-13 16:14:37,384 - train.py[line:106] - INFO: val_recall: 0.373802, val_ndcg: 0.376017, val_hit_rate: 0.871093, train_loss: 5.327779, ce_loss: 0.000000, vqvae_loss: 0.000000
2022-06-13 16:14:37,384 - train.py[line:107] - INFO: lowerboundary:-2.588022232055664  upperboundary:3.2758982181549072 stddev:0.6551580429077148
2022-06-13 16:14:47,399 - train.py[line:95] - INFO: step:34500
2022-06-13 16:14:59,016 - train.py[line:106] - INFO: val_recall: 0.373938, val_ndcg: 0.376251, val_hit_rate: 0.871802, train_loss: 5.323682, ce_loss: 0.000000, vqvae_loss: 0.000000
2022-06-13 16:14:59,016 - train.py[line:107] - INFO: lowerboundary:-2.588022232055664  upperboundary:3.2758982181549072 stddev:0.6551580429077148
2022-06-13 16:15:08,912 - train.py[line:95] - INFO: step:35000
2022-06-13 16:15:20,025 - train.py[line:106] - INFO: val_recall: 0.373075, val_ndcg: 0.376270, val_hit_rate: 0.869934, train_loss: 5.319018, ce_loss: 0.000000, vqvae_loss: 0.000000
2022-06-13 16:15:20,025 - train.py[line:107] - INFO: lowerboundary:-2.588022232055664  upperboundary:3.2758982181549072 stddev:0.6551580429077148
2022-06-13 16:15:29,135 - train.py[line:95] - INFO: step:35500
2022-06-13 16:15:39,953 - train.py[line:106] - INFO: val_recall: 0.373766, val_ndcg: 0.376990, val_hit_rate: 0.872060, train_loss: 5.310740, ce_loss: 0.000000, vqvae_loss: 0.000000
2022-06-13 16:15:39,953 - train.py[line:107] - INFO: lowerboundary:-2.588022232055664  upperboundary:3.2758982181549072 stddev:0.6751896142959595
2022-06-13 16:15:49,154 - train.py[line:95] - INFO: step:36000
2022-06-13 16:15:59,863 - train.py[line:106] - INFO: val_recall: 0.373511, val_ndcg: 0.377446, val_hit_rate: 0.872801, train_loss: 5.317360, ce_loss: 0.000000, vqvae_loss: 0.000000
2022-06-13 16:15:59,863 - train.py[line:107] - INFO: lowerboundary:-2.588022232055664  upperboundary:3.2758982181549072 stddev:0.6751896142959595
2022-06-13 16:16:09,013 - train.py[line:95] - INFO: step:36500
2022-06-13 16:16:20,490 - train.py[line:106] - INFO: val_recall: 0.373122, val_ndcg: 0.376405, val_hit_rate: 0.871641, train_loss: 5.319123, ce_loss: 0.000000, vqvae_loss: 0.000000
2022-06-13 16:16:20,490 - train.py[line:107] - INFO: lowerboundary:-2.588022232055664  upperboundary:3.2758982181549072 stddev:0.6751896142959595
2022-06-13 16:16:20,491 - train.py[line:132] - INFO: testing!
2022-06-13 16:16:31,825 - train.py[line:138] - INFO: test_num: 31038.000000, test_recall: 0.373938, test_ndcg: 0.376251, test_hit_rate: 0.871802
